[0.025s] Invoking command in '/home/isci/ros2_ws/build/robot_control': CMAKE_PREFIX_PATH=/home/isci/ros2_ws/install/tm_msgs:/home/isci/ros2_ws/install/tm_kinematics:/home/isci/ros2_ws/install/ui_for_debug_and_demo:/home/isci/ros2_ws/install/tm_driver:/home/isci/ros2_ws/install/robot_control:/home/isci/ros2_ws/install/demo:/home/isci/ros2_ws/install/tm_moveit_cpp_demo:/home/isci/ros2_ws/install/tm_moveit_config_tm5-900:/home/isci/ros2_ws/install/tm_description:/home/isci/ros2_ws/install/custom_package:/home/isci/ros2_ws/install/techman_robot_msgs:/home/isci/ros2_ws/install/tm_mod_urdf:/home/isci/ros2_ws/install/tm_get_status:/opt/ros/foxy /usr/bin/cmake --build /home/isci/ros2_ws/build/robot_control -- -j12 -l12
[0.049s] -- Found ament_cmake: 0.9.12 (/opt/ros/foxy/share/ament_cmake/cmake)
[0.083s] -- Using PYTHON_EXECUTABLE: /usr/bin/python3
[0.308s] -- Found rclcpp: 2.4.3 (/opt/ros/foxy/share/rclcpp/cmake)
[0.348s] -- Using all available rosidl_typesupport_c: rosidl_typesupport_fastrtps_c;rosidl_typesupport_introspection_c
[0.352s] -- Found rosidl_adapter: 1.3.1 (/opt/ros/foxy/share/rosidl_adapter/cmake)
[0.467s] -- Using all available rosidl_typesupport_cpp: rosidl_typesupport_fastrtps_cpp;rosidl_typesupport_introspection_cpp
[0.515s] -- Found rmw_implementation_cmake: 1.0.4 (/opt/ros/foxy/share/rmw_implementation_cmake/cmake)
[0.518s] -- Using RMW implementation 'rmw_fastrtps_cpp' as default
[0.645s] -- Found geometry_msgs: 2.0.5 (/opt/ros/foxy/share/geometry_msgs/cmake)
[0.674s] -- Found sensor_msgs: 2.0.5 (/opt/ros/foxy/share/sensor_msgs/cmake)
[0.734s] -- Found tm_msgs: 1.1.1 (/home/isci/ros2_ws/install/tm_msgs/share/tm_msgs/cmake)
[0.761s] -- Found tm_kinematics: 0.1.0 (/home/isci/ros2_ws/install/tm_kinematics/share/tm_kinematics/cmake)
[0.764s] -- Found tf2: 0.13.14 (/opt/ros/foxy/share/tf2/cmake)
[0.773s] -- Found tf2_ros: 0.13.14 (/opt/ros/foxy/share/tf2_ros/cmake)
[1.105s] -- Configuring done
[1.118s] -- Generating done
[1.119s] -- Build files have been written to: /home/isci/ros2_ws/build/robot_control
[1.143s] [35m[1mScanning dependencies of target sim_arm_controller[0m
[1.163s] [ 25%] [32m[1mLinking CXX executable polish_controller[0m
[1.177s] [ 50%] [32mBuilding CXX object CMakeFiles/sim_arm_controller.dir/src/sim_arm_controller.cpp.o[0m
[1.391s] [ 75%] Built target polish_controller
[25.878s] [100%] [32m[1mLinking CXX executable sim_arm_controller[0m
[26.068s] [100%] Built target sim_arm_controller
[26.077s] Invoked command in '/home/isci/ros2_ws/build/robot_control' returned '0': CMAKE_PREFIX_PATH=/home/isci/ros2_ws/install/tm_msgs:/home/isci/ros2_ws/install/tm_kinematics:/home/isci/ros2_ws/install/ui_for_debug_and_demo:/home/isci/ros2_ws/install/tm_driver:/home/isci/ros2_ws/install/robot_control:/home/isci/ros2_ws/install/demo:/home/isci/ros2_ws/install/tm_moveit_cpp_demo:/home/isci/ros2_ws/install/tm_moveit_config_tm5-900:/home/isci/ros2_ws/install/tm_description:/home/isci/ros2_ws/install/custom_package:/home/isci/ros2_ws/install/techman_robot_msgs:/home/isci/ros2_ws/install/tm_mod_urdf:/home/isci/ros2_ws/install/tm_get_status:/opt/ros/foxy /usr/bin/cmake --build /home/isci/ros2_ws/build/robot_control -- -j12 -l12
[26.102s] Invoking command in '/home/isci/ros2_ws/build/robot_control': CMAKE_PREFIX_PATH=/home/isci/ros2_ws/install/tm_msgs:/home/isci/ros2_ws/install/tm_kinematics:/home/isci/ros2_ws/install/ui_for_debug_and_demo:/home/isci/ros2_ws/install/tm_driver:/home/isci/ros2_ws/install/robot_control:/home/isci/ros2_ws/install/demo:/home/isci/ros2_ws/install/tm_moveit_cpp_demo:/home/isci/ros2_ws/install/tm_moveit_config_tm5-900:/home/isci/ros2_ws/install/tm_description:/home/isci/ros2_ws/install/custom_package:/home/isci/ros2_ws/install/techman_robot_msgs:/home/isci/ros2_ws/install/tm_mod_urdf:/home/isci/ros2_ws/install/tm_get_status:/opt/ros/foxy /usr/bin/cmake --install /home/isci/ros2_ws/build/robot_control
[26.109s] -- Install configuration: ""
[26.109s] -- Installing: /home/isci/ros2_ws/install/robot_control/lib/robot_control/polish_controller
[26.111s] -- Set runtime path of "/home/isci/ros2_ws/install/robot_control/lib/robot_control/polish_controller" to ""
[26.112s] -- Installing: /home/isci/ros2_ws/install/robot_control/lib/robot_control/sim_arm_controller
[26.114s] -- Set runtime path of "/home/isci/ros2_ws/install/robot_control/lib/robot_control/sim_arm_controller" to ""
[26.114s] -- Up-to-date: /home/isci/ros2_ws/install/robot_control/share/ament_index/resource_index/package_run_dependencies/robot_control
[26.114s] -- Up-to-date: /home/isci/ros2_ws/install/robot_control/share/ament_index/resource_index/parent_prefix_path/robot_control
[26.114s] -- Up-to-date: /home/isci/ros2_ws/install/robot_control/share/robot_control/environment/ament_prefix_path.sh
[26.115s] -- Installing: /home/isci/ros2_ws/install/robot_control/share/robot_control/environment/ament_prefix_path.dsv
[26.115s] -- Up-to-date: /home/isci/ros2_ws/install/robot_control/share/robot_control/environment/path.sh
[26.115s] -- Installing: /home/isci/ros2_ws/install/robot_control/share/robot_control/environment/path.dsv
[26.115s] -- Up-to-date: /home/isci/ros2_ws/install/robot_control/share/robot_control/local_setup.bash
[26.115s] -- Up-to-date: /home/isci/ros2_ws/install/robot_control/share/robot_control/local_setup.sh
[26.115s] -- Up-to-date: /home/isci/ros2_ws/install/robot_control/share/robot_control/local_setup.zsh
[26.115s] -- Installing: /home/isci/ros2_ws/install/robot_control/share/robot_control/local_setup.dsv
[26.115s] -- Installing: /home/isci/ros2_ws/install/robot_control/share/robot_control/package.dsv
[26.115s] -- Up-to-date: /home/isci/ros2_ws/install/robot_control/share/ament_index/resource_index/packages/robot_control
[26.115s] -- Up-to-date: /home/isci/ros2_ws/install/robot_control/share/robot_control/cmake/robot_controlConfig.cmake
[26.115s] -- Up-to-date: /home/isci/ros2_ws/install/robot_control/share/robot_control/cmake/robot_controlConfig-version.cmake
[26.116s] -- Up-to-date: /home/isci/ros2_ws/install/robot_control/share/robot_control/package.xml
[26.118s] Invoked command in '/home/isci/ros2_ws/build/robot_control' returned '0': CMAKE_PREFIX_PATH=/home/isci/ros2_ws/install/tm_msgs:/home/isci/ros2_ws/install/tm_kinematics:/home/isci/ros2_ws/install/ui_for_debug_and_demo:/home/isci/ros2_ws/install/tm_driver:/home/isci/ros2_ws/install/robot_control:/home/isci/ros2_ws/install/demo:/home/isci/ros2_ws/install/tm_moveit_cpp_demo:/home/isci/ros2_ws/install/tm_moveit_config_tm5-900:/home/isci/ros2_ws/install/tm_description:/home/isci/ros2_ws/install/custom_package:/home/isci/ros2_ws/install/techman_robot_msgs:/home/isci/ros2_ws/install/tm_mod_urdf:/home/isci/ros2_ws/install/tm_get_status:/opt/ros/foxy /usr/bin/cmake --install /home/isci/ros2_ws/build/robot_control
