[0.017s] Invoking command in '/home/isci/ros2_ws/build/custom_package': CMAKE_PREFIX_PATH=/home/isci/ros2_ws/install/techman_robot_msgs:/home/isci/ros2_ws/install/ui_for_debug_and_demo:/home/isci/ros2_ws/install/tm_driver:/home/isci/ros2_ws/install/robot_control:/home/isci/ros2_ws/install/demo:/home/isci/ros2_ws/install/tm_msgs:/home/isci/ros2_ws/install/tm_moveit_cpp_demo:/home/isci/ros2_ws/install/tm_moveit_config_tm5-900:/home/isci/ros2_ws/install/tm_kinematics:/home/isci/ros2_ws/install/tm_description:/home/isci/ros2_ws/install/custom_package:/home/isci/ros2_ws/install/tm_mod_urdf:/home/isci/ros2_ws/install/tm_get_status:/opt/ros/foxy LD_LIBRARY_PATH=/home/isci/ros2_ws/install/techman_robot_msgs/lib:/home/isci/ros2_ws/install/tm_msgs/lib:/home/isci/ros2_ws/install/tm_kinematics/lib:/usr/lib/x86_64-linux-gnu/gazebo-11/plugins:/opt/ros/foxy/opt/yaml_cpp_vendor/lib:/opt/ros/foxy/opt/rviz_ogre_vendor/lib:/opt/ros/foxy/lib/x86_64-linux-gnu:/opt/ros/foxy/lib PYTHONPATH=/home/isci/ros2_ws/install/techman_robot_msgs/lib/python3.8/site-packages:/home/isci/ros2_ws/install/tm_msgs/lib/python3.8/site-packages:/home/isci/ros2_ws/install/tm_mod_urdf/lib/python3.8/site-packages:/home/isci/ros2_ws/install/tm_get_status/lib/python3.8/site-packages:/opt/ros/foxy/lib/python3.8/site-packages /usr/bin/cmake --build /home/isci/ros2_ws/build/custom_package -- -j12 -l12
[0.103s] [ 50%] Built target tm_send_command
[0.103s] [100%] Built target sub_img
[0.104s] Invoked command in '/home/isci/ros2_ws/build/custom_package' returned '0': CMAKE_PREFIX_PATH=/home/isci/ros2_ws/install/techman_robot_msgs:/home/isci/ros2_ws/install/ui_for_debug_and_demo:/home/isci/ros2_ws/install/tm_driver:/home/isci/ros2_ws/install/robot_control:/home/isci/ros2_ws/install/demo:/home/isci/ros2_ws/install/tm_msgs:/home/isci/ros2_ws/install/tm_moveit_cpp_demo:/home/isci/ros2_ws/install/tm_moveit_config_tm5-900:/home/isci/ros2_ws/install/tm_kinematics:/home/isci/ros2_ws/install/tm_description:/home/isci/ros2_ws/install/custom_package:/home/isci/ros2_ws/install/tm_mod_urdf:/home/isci/ros2_ws/install/tm_get_status:/opt/ros/foxy LD_LIBRARY_PATH=/home/isci/ros2_ws/install/techman_robot_msgs/lib:/home/isci/ros2_ws/install/tm_msgs/lib:/home/isci/ros2_ws/install/tm_kinematics/lib:/usr/lib/x86_64-linux-gnu/gazebo-11/plugins:/opt/ros/foxy/opt/yaml_cpp_vendor/lib:/opt/ros/foxy/opt/rviz_ogre_vendor/lib:/opt/ros/foxy/lib/x86_64-linux-gnu:/opt/ros/foxy/lib PYTHONPATH=/home/isci/ros2_ws/install/techman_robot_msgs/lib/python3.8/site-packages:/home/isci/ros2_ws/install/tm_msgs/lib/python3.8/site-packages:/home/isci/ros2_ws/install/tm_mod_urdf/lib/python3.8/site-packages:/home/isci/ros2_ws/install/tm_get_status/lib/python3.8/site-packages:/opt/ros/foxy/lib/python3.8/site-packages /usr/bin/cmake --build /home/isci/ros2_ws/build/custom_package -- -j12 -l12
[0.123s] Invoking command in '/home/isci/ros2_ws/build/custom_package': CMAKE_PREFIX_PATH=/home/isci/ros2_ws/install/techman_robot_msgs:/home/isci/ros2_ws/install/ui_for_debug_and_demo:/home/isci/ros2_ws/install/tm_driver:/home/isci/ros2_ws/install/robot_control:/home/isci/ros2_ws/install/demo:/home/isci/ros2_ws/install/tm_msgs:/home/isci/ros2_ws/install/tm_moveit_cpp_demo:/home/isci/ros2_ws/install/tm_moveit_config_tm5-900:/home/isci/ros2_ws/install/tm_kinematics:/home/isci/ros2_ws/install/tm_description:/home/isci/ros2_ws/install/custom_package:/home/isci/ros2_ws/install/tm_mod_urdf:/home/isci/ros2_ws/install/tm_get_status:/opt/ros/foxy LD_LIBRARY_PATH=/home/isci/ros2_ws/install/techman_robot_msgs/lib:/home/isci/ros2_ws/install/tm_msgs/lib:/home/isci/ros2_ws/install/tm_kinematics/lib:/usr/lib/x86_64-linux-gnu/gazebo-11/plugins:/opt/ros/foxy/opt/yaml_cpp_vendor/lib:/opt/ros/foxy/opt/rviz_ogre_vendor/lib:/opt/ros/foxy/lib/x86_64-linux-gnu:/opt/ros/foxy/lib PYTHONPATH=/home/isci/ros2_ws/install/techman_robot_msgs/lib/python3.8/site-packages:/home/isci/ros2_ws/install/tm_msgs/lib/python3.8/site-packages:/home/isci/ros2_ws/install/tm_mod_urdf/lib/python3.8/site-packages:/home/isci/ros2_ws/install/tm_get_status/lib/python3.8/site-packages:/opt/ros/foxy/lib/python3.8/site-packages /usr/bin/cmake --install /home/isci/ros2_ws/build/custom_package
[0.130s] -- Install configuration: ""
[0.130s] -- Up-to-date: /home/isci/ros2_ws/install/custom_package/lib/custom_package/tm_send_command
[0.130s] -- Up-to-date: /home/isci/ros2_ws/install/custom_package/lib/custom_package/sub_img
[0.131s] -- Up-to-date: /home/isci/ros2_ws/install/custom_package/share/custom_package/image
[0.131s] -- Up-to-date: /home/isci/ros2_ws/install/custom_package/share/custom_package/image/techman_robot.jpg
[0.131s] -- Up-to-date: /home/isci/ros2_ws/install/custom_package/share/ament_index/resource_index/package_run_dependencies/custom_package
[0.131s] -- Up-to-date: /home/isci/ros2_ws/install/custom_package/share/ament_index/resource_index/parent_prefix_path/custom_package
[0.131s] -- Up-to-date: /home/isci/ros2_ws/install/custom_package/share/custom_package/environment/ament_prefix_path.sh
[0.132s] -- Up-to-date: /home/isci/ros2_ws/install/custom_package/share/custom_package/environment/ament_prefix_path.dsv
[0.132s] -- Up-to-date: /home/isci/ros2_ws/install/custom_package/share/custom_package/environment/path.sh
[0.132s] -- Up-to-date: /home/isci/ros2_ws/install/custom_package/share/custom_package/environment/path.dsv
[0.132s] -- Up-to-date: /home/isci/ros2_ws/install/custom_package/share/custom_package/local_setup.bash
[0.132s] -- Up-to-date: /home/isci/ros2_ws/install/custom_package/share/custom_package/local_setup.sh
[0.132s] -- Up-to-date: /home/isci/ros2_ws/install/custom_package/share/custom_package/local_setup.zsh
[0.132s] -- Up-to-date: /home/isci/ros2_ws/install/custom_package/share/custom_package/local_setup.dsv
[0.132s] -- Installing: /home/isci/ros2_ws/install/custom_package/share/custom_package/package.dsv
[0.133s] -- Up-to-date: /home/isci/ros2_ws/install/custom_package/share/ament_index/resource_index/packages/custom_package
[0.133s] -- Up-to-date: /home/isci/ros2_ws/install/custom_package/share/custom_package/cmake/custom_packageConfig.cmake
[0.133s] -- Up-to-date: /home/isci/ros2_ws/install/custom_package/share/custom_package/cmake/custom_packageConfig-version.cmake
[0.133s] -- Up-to-date: /home/isci/ros2_ws/install/custom_package/share/custom_package/package.xml
[0.135s] Invoked command in '/home/isci/ros2_ws/build/custom_package' returned '0': CMAKE_PREFIX_PATH=/home/isci/ros2_ws/install/techman_robot_msgs:/home/isci/ros2_ws/install/ui_for_debug_and_demo:/home/isci/ros2_ws/install/tm_driver:/home/isci/ros2_ws/install/robot_control:/home/isci/ros2_ws/install/demo:/home/isci/ros2_ws/install/tm_msgs:/home/isci/ros2_ws/install/tm_moveit_cpp_demo:/home/isci/ros2_ws/install/tm_moveit_config_tm5-900:/home/isci/ros2_ws/install/tm_kinematics:/home/isci/ros2_ws/install/tm_description:/home/isci/ros2_ws/install/custom_package:/home/isci/ros2_ws/install/tm_mod_urdf:/home/isci/ros2_ws/install/tm_get_status:/opt/ros/foxy LD_LIBRARY_PATH=/home/isci/ros2_ws/install/techman_robot_msgs/lib:/home/isci/ros2_ws/install/tm_msgs/lib:/home/isci/ros2_ws/install/tm_kinematics/lib:/usr/lib/x86_64-linux-gnu/gazebo-11/plugins:/opt/ros/foxy/opt/yaml_cpp_vendor/lib:/opt/ros/foxy/opt/rviz_ogre_vendor/lib:/opt/ros/foxy/lib/x86_64-linux-gnu:/opt/ros/foxy/lib PYTHONPATH=/home/isci/ros2_ws/install/techman_robot_msgs/lib/python3.8/site-packages:/home/isci/ros2_ws/install/tm_msgs/lib/python3.8/site-packages:/home/isci/ros2_ws/install/tm_mod_urdf/lib/python3.8/site-packages:/home/isci/ros2_ws/install/tm_get_status/lib/python3.8/site-packages:/opt/ros/foxy/lib/python3.8/site-packages /usr/bin/cmake --install /home/isci/ros2_ws/build/custom_package
