[0.045s] Invoking command in '/home/isci/ros2_ws/build/techman_robot_msgs': CMAKE_PREFIX_PATH=${CMAKE_PREFIX_PATH}:/home/isci/ros2_ws/install/tm_mod_urdf:/home/isci/ros2_ws/install/tm_get_status:/opt/ros/foxy /usr/bin/cmake --build /home/isci/ros2_ws/build/techman_robot_msgs -- -j12 -l12
[0.460s] [  3%] Built target techman_robot_msgs__cpp
[0.461s] [ 12%] Built target techman_robot_msgs__rosidl_generator_c
[0.462s] [ 22%] Built target techman_robot_msgs__rosidl_typesupport_cpp
[0.463s] [ 32%] Built target techman_robot_msgs__rosidl_typesupport_introspection_cpp
[0.463s] [ 41%] Built target techman_robot_msgs__rosidl_typesupport_c
[0.463s] [ 51%] Built target techman_robot_msgs__rosidl_typesupport_fastrtps_cpp
[0.463s] [ 61%] Built target techman_robot_msgs__rosidl_typesupport_introspection_c
[0.463s] [ 70%] Built target techman_robot_msgs__rosidl_typesupport_fastrtps_c
[0.463s] [ 70%] Built target techman_robot_msgs
[0.463s] [ 74%] Built target techman_robot_msgs__py
[0.463s] [ 80%] Built target techman_robot_msgs__python
[0.463s] [100%] Built target techman_robot_msgs__rosidl_typesupport_c__pyext
[0.463s] [100%] Built target techman_robot_msgs__rosidl_typesupport_fastrtps_c__pyext
[0.463s] [100%] Built target techman_robot_msgs__rosidl_typesupport_introspection_c__pyext
[0.466s] Invoked command in '/home/isci/ros2_ws/build/techman_robot_msgs' returned '0': CMAKE_PREFIX_PATH=${CMAKE_PREFIX_PATH}:/home/isci/ros2_ws/install/tm_mod_urdf:/home/isci/ros2_ws/install/tm_get_status:/opt/ros/foxy /usr/bin/cmake --build /home/isci/ros2_ws/build/techman_robot_msgs -- -j12 -l12
[0.549s] Invoking command in '/home/isci/ros2_ws/build/techman_robot_msgs': CMAKE_PREFIX_PATH=${CMAKE_PREFIX_PATH}:/home/isci/ros2_ws/install/tm_mod_urdf:/home/isci/ros2_ws/install/tm_get_status:/opt/ros/foxy /usr/bin/cmake --install /home/isci/ros2_ws/build/techman_robot_msgs
[0.551s] -- Install configuration: ""
[0.551s] -- Up-to-date: /home/isci/ros2_ws/install/techman_robot_msgs/share/ament_index/resource_index/rosidl_interfaces/techman_robot_msgs
[0.551s] -- Up-to-date: /home/isci/ros2_ws/install/techman_robot_msgs/include/techman_robot_msgs
[0.552s] -- Up-to-date: /home/isci/ros2_ws/install/techman_robot_msgs/include/techman_robot_msgs/msg
[0.552s] -- Up-to-date: /home/isci/ros2_ws/install/techman_robot_msgs/include/techman_robot_msgs/msg/rosidl_generator_c__visibility_control.h
[0.553s] -- Up-to-date: /home/isci/ros2_ws/install/techman_robot_msgs/include/techman_robot_msgs/srv
[0.553s] -- Up-to-date: /home/isci/ros2_ws/install/techman_robot_msgs/include/techman_robot_msgs/srv/detail
[0.553s] -- Up-to-date: /home/isci/ros2_ws/install/techman_robot_msgs/include/techman_robot_msgs/srv/detail/techman_robot_command__type_support.h
[0.553s] -- Up-to-date: /home/isci/ros2_ws/install/techman_robot_msgs/include/techman_robot_msgs/srv/detail/techman_robot_command__functions.h
[0.554s] -- Up-to-date: /home/isci/ros2_ws/install/techman_robot_msgs/include/techman_robot_msgs/srv/detail/techman_robot_command__struct.h
[0.554s] -- Up-to-date: /home/isci/ros2_ws/install/techman_robot_msgs/include/techman_robot_msgs/srv/detail/techman_robot_command__functions.c
[0.554s] -- Up-to-date: /home/isci/ros2_ws/install/techman_robot_msgs/include/techman_robot_msgs/srv/techman_robot_command.h
[0.554s] -- Up-to-date: /home/isci/ros2_ws/install/techman_robot_msgs/share/techman_robot_msgs/environment/library_path.sh
[0.555s] -- Up-to-date: /home/isci/ros2_ws/install/techman_robot_msgs/share/techman_robot_msgs/environment/library_path.dsv
[0.555s] -- Up-to-date: /home/isci/ros2_ws/install/techman_robot_msgs/lib/libtechman_robot_msgs__rosidl_generator_c.so
[0.555s] -- Up-to-date: /home/isci/ros2_ws/install/techman_robot_msgs/include/techman_robot_msgs
[0.556s] -- Up-to-date: /home/isci/ros2_ws/install/techman_robot_msgs/include/techman_robot_msgs/msg
[0.556s] -- Up-to-date: /home/isci/ros2_ws/install/techman_robot_msgs/include/techman_robot_msgs/msg/rosidl_typesupport_fastrtps_c__visibility_control.h
[0.556s] -- Up-to-date: /home/isci/ros2_ws/install/techman_robot_msgs/include/techman_robot_msgs/srv
[0.556s] -- Up-to-date: /home/isci/ros2_ws/install/techman_robot_msgs/include/techman_robot_msgs/srv/detail
[0.557s] -- Up-to-date: /home/isci/ros2_ws/install/techman_robot_msgs/include/techman_robot_msgs/srv/detail/techman_robot_command__rosidl_typesupport_fastrtps_c.h
[0.558s] -- Up-to-date: /home/isci/ros2_ws/install/techman_robot_msgs/lib/libtechman_robot_msgs__rosidl_typesupport_fastrtps_c.so
[0.558s] -- Up-to-date: /home/isci/ros2_ws/install/techman_robot_msgs/include/techman_robot_msgs
[0.558s] -- Up-to-date: /home/isci/ros2_ws/install/techman_robot_msgs/include/techman_robot_msgs/msg
[0.558s] -- Up-to-date: /home/isci/ros2_ws/install/techman_robot_msgs/include/techman_robot_msgs/msg/rosidl_typesupport_fastrtps_cpp__visibility_control.h
[0.559s] -- Up-to-date: /home/isci/ros2_ws/install/techman_robot_msgs/include/techman_robot_msgs/srv
[0.559s] -- Up-to-date: /home/isci/ros2_ws/install/techman_robot_msgs/include/techman_robot_msgs/srv/detail
[0.559s] -- Up-to-date: /home/isci/ros2_ws/install/techman_robot_msgs/include/techman_robot_msgs/srv/detail/techman_robot_command__rosidl_typesupport_fastrtps_cpp.hpp
[0.559s] -- Up-to-date: /home/isci/ros2_ws/install/techman_robot_msgs/include/techman_robot_msgs/srv/detail/dds_fastrtps
[0.560s] -- Up-to-date: /home/isci/ros2_ws/install/techman_robot_msgs/lib/libtechman_robot_msgs__rosidl_typesupport_fastrtps_cpp.so
[0.560s] -- Up-to-date: /home/isci/ros2_ws/install/techman_robot_msgs/include/techman_robot_msgs
[0.560s] -- Up-to-date: /home/isci/ros2_ws/install/techman_robot_msgs/include/techman_robot_msgs/msg
[0.560s] -- Up-to-date: /home/isci/ros2_ws/install/techman_robot_msgs/include/techman_robot_msgs/msg/rosidl_typesupport_introspection_c__visibility_control.h
[0.562s] -- Up-to-date: /home/isci/ros2_ws/install/techman_robot_msgs/include/techman_robot_msgs/srv
[0.562s] -- Up-to-date: /home/isci/ros2_ws/install/techman_robot_msgs/include/techman_robot_msgs/srv/detail
[0.562s] -- Up-to-date: /home/isci/ros2_ws/install/techman_robot_msgs/include/techman_robot_msgs/srv/detail/techman_robot_command__type_support.c
[0.562s] -- Up-to-date: /home/isci/ros2_ws/install/techman_robot_msgs/include/techman_robot_msgs/srv/detail/techman_robot_command__rosidl_typesupport_introspection_c.h
[0.563s] -- Up-to-date: /home/isci/ros2_ws/install/techman_robot_msgs/lib/libtechman_robot_msgs__rosidl_typesupport_introspection_c.so
[0.564s] -- Up-to-date: /home/isci/ros2_ws/install/techman_robot_msgs/lib/libtechman_robot_msgs__rosidl_typesupport_c.so
[0.568s] -- Up-to-date: /home/isci/ros2_ws/install/techman_robot_msgs/include/techman_robot_msgs
[0.569s] -- Up-to-date: /home/isci/ros2_ws/install/techman_robot_msgs/include/techman_robot_msgs/msg
[0.569s] -- Up-to-date: /home/isci/ros2_ws/install/techman_robot_msgs/include/techman_robot_msgs/msg/rosidl_generator_cpp__visibility_control.hpp
[0.569s] -- Up-to-date: /home/isci/ros2_ws/install/techman_robot_msgs/include/techman_robot_msgs/srv
[0.569s] -- Up-to-date: /home/isci/ros2_ws/install/techman_robot_msgs/include/techman_robot_msgs/srv/detail
[0.569s] -- Up-to-date: /home/isci/ros2_ws/install/techman_robot_msgs/include/techman_robot_msgs/srv/detail/techman_robot_command__type_support.hpp
[0.569s] -- Up-to-date: /home/isci/ros2_ws/install/techman_robot_msgs/include/techman_robot_msgs/srv/detail/techman_robot_command__struct.hpp
[0.569s] -- Up-to-date: /home/isci/ros2_ws/install/techman_robot_msgs/include/techman_robot_msgs/srv/detail/techman_robot_command__traits.hpp
[0.570s] -- Up-to-date: /home/isci/ros2_ws/install/techman_robot_msgs/include/techman_robot_msgs/srv/detail/techman_robot_command__builder.hpp
[0.570s] -- Up-to-date: /home/isci/ros2_ws/install/techman_robot_msgs/include/techman_robot_msgs/srv/techman_robot_command.hpp
[0.570s] -- Up-to-date: /home/isci/ros2_ws/install/techman_robot_msgs/include/techman_robot_msgs
[0.570s] -- Up-to-date: /home/isci/ros2_ws/install/techman_robot_msgs/include/techman_robot_msgs/srv
[0.570s] -- Up-to-date: /home/isci/ros2_ws/install/techman_robot_msgs/include/techman_robot_msgs/srv/detail
[0.570s] -- Up-to-date: /home/isci/ros2_ws/install/techman_robot_msgs/include/techman_robot_msgs/srv/detail/techman_robot_command__type_support.cpp
[0.570s] -- Up-to-date: /home/isci/ros2_ws/install/techman_robot_msgs/include/techman_robot_msgs/srv/detail/techman_robot_command__rosidl_typesupport_introspection_cpp.hpp
[0.572s] -- Up-to-date: /home/isci/ros2_ws/install/techman_robot_msgs/lib/libtechman_robot_msgs__rosidl_typesupport_introspection_cpp.so
[0.574s] -- Up-to-date: /home/isci/ros2_ws/install/techman_robot_msgs/lib/libtechman_robot_msgs__rosidl_typesupport_cpp.so
[0.574s] -- Up-to-date: /home/isci/ros2_ws/install/techman_robot_msgs/share/techman_robot_msgs/environment/pythonpath.sh
[0.574s] -- Up-to-date: /home/isci/ros2_ws/install/techman_robot_msgs/share/techman_robot_msgs/environment/pythonpath.dsv
[0.574s] -- Up-to-date: /home/isci/ros2_ws/install/techman_robot_msgs/lib/python3.8/site-packages/techman_robot_msgs/__init__.py
[0.580s] -- Up-to-date: /home/isci/ros2_ws/install/techman_robot_msgs/lib/python3.8/site-packages/techman_robot_msgs/srv
[0.581s] -- Up-to-date: /home/isci/ros2_ws/install/techman_robot_msgs/lib/python3.8/site-packages/techman_robot_msgs/srv/_techman_robot_command.py
[0.581s] -- Up-to-date: /home/isci/ros2_ws/install/techman_robot_msgs/lib/python3.8/site-packages/techman_robot_msgs/srv/__init__.py
[0.581s] -- Up-to-date: /home/isci/ros2_ws/install/techman_robot_msgs/lib/python3.8/site-packages/techman_robot_msgs/srv/_techman_robot_command_s.c
[0.581s] -- Up-to-date: /home/isci/ros2_ws/install/techman_robot_msgs/lib/python3.8/site-packages/techman_robot_msgs/techman_robot_msgs_s__rosidl_typesupport_fastrtps_c.cpython-38-x86_64-linux-gnu.so
[0.581s] -- Up-to-date: /home/isci/ros2_ws/install/techman_robot_msgs/lib/python3.8/site-packages/techman_robot_msgs/techman_robot_msgs_s__rosidl_typesupport_introspection_c.cpython-38-x86_64-linux-gnu.so
[0.581s] -- Up-to-date: /home/isci/ros2_ws/install/techman_robot_msgs/lib/python3.8/site-packages/techman_robot_msgs/techman_robot_msgs_s__rosidl_typesupport_c.cpython-38-x86_64-linux-gnu.so
[0.582s] -- Up-to-date: /home/isci/ros2_ws/install/techman_robot_msgs/lib/libtechman_robot_msgs__python.so
[0.582s] -- Up-to-date: /home/isci/ros2_ws/install/techman_robot_msgs/share/techman_robot_msgs/srv/TechmanRobotCommand.idl
[0.582s] -- Up-to-date: /home/isci/ros2_ws/install/techman_robot_msgs/share/techman_robot_msgs/srv/TechmanRobotCommand.srv
[0.582s] -- Up-to-date: /home/isci/ros2_ws/install/techman_robot_msgs/share/techman_robot_msgs/srv/TechmanRobotCommand_Request.msg
[0.582s] -- Up-to-date: /home/isci/ros2_ws/install/techman_robot_msgs/share/techman_robot_msgs/srv/TechmanRobotCommand_Response.msg
[0.583s] -- Up-to-date: /home/isci/ros2_ws/install/techman_robot_msgs/share/ament_index/resource_index/package_run_dependencies/techman_robot_msgs
[0.583s] -- Up-to-date: /home/isci/ros2_ws/install/techman_robot_msgs/share/ament_index/resource_index/parent_prefix_path/techman_robot_msgs
[0.583s] -- Up-to-date: /home/isci/ros2_ws/install/techman_robot_msgs/share/techman_robot_msgs/environment/ament_prefix_path.sh
[0.583s] -- Up-to-date: /home/isci/ros2_ws/install/techman_robot_msgs/share/techman_robot_msgs/environment/ament_prefix_path.dsv
[0.583s] -- Up-to-date: /home/isci/ros2_ws/install/techman_robot_msgs/share/techman_robot_msgs/environment/path.sh
[0.583s] -- Up-to-date: /home/isci/ros2_ws/install/techman_robot_msgs/share/techman_robot_msgs/environment/path.dsv
[0.584s] -- Up-to-date: /home/isci/ros2_ws/install/techman_robot_msgs/share/techman_robot_msgs/local_setup.bash
[0.584s] -- Up-to-date: /home/isci/ros2_ws/install/techman_robot_msgs/share/techman_robot_msgs/local_setup.sh
[0.584s] -- Up-to-date: /home/isci/ros2_ws/install/techman_robot_msgs/share/techman_robot_msgs/local_setup.zsh
[0.584s] -- Up-to-date: /home/isci/ros2_ws/install/techman_robot_msgs/share/techman_robot_msgs/local_setup.dsv
[0.584s] -- Installing: /home/isci/ros2_ws/install/techman_robot_msgs/share/techman_robot_msgs/package.dsv
[0.585s] -- Up-to-date: /home/isci/ros2_ws/install/techman_robot_msgs/share/ament_index/resource_index/packages/techman_robot_msgs
[0.585s] -- Up-to-date: /home/isci/ros2_ws/install/techman_robot_msgs/share/techman_robot_msgs/cmake/techman_robot_msgs__rosidl_generator_cExport.cmake
[0.585s] -- Up-to-date: /home/isci/ros2_ws/install/techman_robot_msgs/share/techman_robot_msgs/cmake/techman_robot_msgs__rosidl_generator_cExport-noconfig.cmake
[0.586s] -- Up-to-date: /home/isci/ros2_ws/install/techman_robot_msgs/share/techman_robot_msgs/cmake/techman_robot_msgs__rosidl_typesupport_introspection_cExport.cmake
[0.586s] -- Up-to-date: /home/isci/ros2_ws/install/techman_robot_msgs/share/techman_robot_msgs/cmake/techman_robot_msgs__rosidl_typesupport_introspection_cExport-noconfig.cmake
[0.586s] -- Up-to-date: /home/isci/ros2_ws/install/techman_robot_msgs/share/techman_robot_msgs/cmake/techman_robot_msgs__rosidl_typesupport_cExport.cmake
[0.586s] -- Up-to-date: /home/isci/ros2_ws/install/techman_robot_msgs/share/techman_robot_msgs/cmake/techman_robot_msgs__rosidl_typesupport_cExport-noconfig.cmake
[0.586s] -- Up-to-date: /home/isci/ros2_ws/install/techman_robot_msgs/share/techman_robot_msgs/cmake/techman_robot_msgs__rosidl_generator_cppExport.cmake
[0.587s] -- Up-to-date: /home/isci/ros2_ws/install/techman_robot_msgs/share/techman_robot_msgs/cmake/techman_robot_msgs__rosidl_typesupport_introspection_cppExport.cmake
[0.587s] -- Up-to-date: /home/isci/ros2_ws/install/techman_robot_msgs/share/techman_robot_msgs/cmake/techman_robot_msgs__rosidl_typesupport_introspection_cppExport-noconfig.cmake
[0.587s] -- Up-to-date: /home/isci/ros2_ws/install/techman_robot_msgs/share/techman_robot_msgs/cmake/techman_robot_msgs__rosidl_typesupport_cppExport.cmake
[0.587s] -- Up-to-date: /home/isci/ros2_ws/install/techman_robot_msgs/share/techman_robot_msgs/cmake/techman_robot_msgs__rosidl_typesupport_cppExport-noconfig.cmake
[0.588s] -- Up-to-date: /home/isci/ros2_ws/install/techman_robot_msgs/share/techman_robot_msgs/cmake/rosidl_cmake-extras.cmake
[0.588s] -- Up-to-date: /home/isci/ros2_ws/install/techman_robot_msgs/share/techman_robot_msgs/cmake/ament_cmake_export_dependencies-extras.cmake
[0.588s] -- Up-to-date: /home/isci/ros2_ws/install/techman_robot_msgs/share/techman_robot_msgs/cmake/ament_cmake_export_libraries-extras.cmake
[0.588s] -- Up-to-date: /home/isci/ros2_ws/install/techman_robot_msgs/share/techman_robot_msgs/cmake/ament_cmake_export_targets-extras.cmake
[0.588s] -- Up-to-date: /home/isci/ros2_ws/install/techman_robot_msgs/share/techman_robot_msgs/cmake/ament_cmake_export_include_directories-extras.cmake
[0.588s] -- Up-to-date: /home/isci/ros2_ws/install/techman_robot_msgs/share/techman_robot_msgs/cmake/rosidl_cmake_export_typesupport_libraries-extras.cmake
[0.589s] -- Up-to-date: /home/isci/ros2_ws/install/techman_robot_msgs/share/techman_robot_msgs/cmake/rosidl_cmake_export_typesupport_targets-extras.cmake
[0.589s] -- Up-to-date: /home/isci/ros2_ws/install/techman_robot_msgs/share/techman_robot_msgs/cmake/techman_robot_msgsConfig.cmake
[0.589s] -- Up-to-date: /home/isci/ros2_ws/install/techman_robot_msgs/share/techman_robot_msgs/cmake/techman_robot_msgsConfig-version.cmake
[0.589s] -- Up-to-date: /home/isci/ros2_ws/install/techman_robot_msgs/share/techman_robot_msgs/package.xml
[0.608s] Invoked command in '/home/isci/ros2_ws/build/techman_robot_msgs' returned '0': CMAKE_PREFIX_PATH=${CMAKE_PREFIX_PATH}:/home/isci/ros2_ws/install/tm_mod_urdf:/home/isci/ros2_ws/install/tm_get_status:/opt/ros/foxy /usr/bin/cmake --install /home/isci/ros2_ws/build/techman_robot_msgs
