[0.423s] Invoking command in '/home/isci/ros2_ws/build/tm_moveit_cpp_demo': CMAKE_PREFIX_PATH=/opt/ros/foxy /usr/bin/cmake /home/isci/ros2_ws/src/tmr_ros2/tm_moveit_cpp_demo -DCMAKE_INSTALL_PREFIX=/home/isci/ros2_ws/install/tm_moveit_cpp_demo
[0.484s] -- The C compiler identification is GNU 9.4.0
[0.551s] -- The CXX compiler identification is GNU 9.4.0
[0.557s] -- Check for working C compiler: /usr/bin/cc
[0.618s] -- Check for working C compiler: /usr/bin/cc -- works
[0.619s] -- Detecting C compiler ABI info
[0.685s] -- Detecting C compiler ABI info - done
[0.704s] -- Detecting C compile features
[0.704s] -- Detecting C compile features - done
[0.707s] -- Check for working CXX compiler: /usr/bin/c++
[0.780s] -- Check for working CXX compiler: /usr/bin/c++ -- works
[0.781s] -- Detecting CXX compiler ABI info
[0.849s] -- Detecting CXX compiler ABI info - done
[0.860s] -- Detecting CXX compile features
[0.860s] -- Detecting CXX compile features - done
[0.861s] -- Found ament_cmake: 0.9.12 (/opt/ros/foxy/share/ament_cmake/cmake)
[0.882s] -- Found PythonInterp: /usr/bin/python3 (found suitable version "3.8.10", minimum required is "3") 
[0.882s] -- Using PYTHON_EXECUTABLE: /usr/bin/python3
[1.109s] -- Found rosidl_default_runtime: 1.0.1 (/opt/ros/foxy/share/rosidl_default_runtime/cmake)
[1.141s] -- Using all available rosidl_typesupport_c: rosidl_typesupport_fastrtps_c;rosidl_typesupport_introspection_c
[1.150s] -- Found rosidl_adapter: 1.3.1 (/opt/ros/foxy/share/rosidl_adapter/cmake)
[1.246s] -- Found OpenSSL: /usr/lib/x86_64-linux-gnu/libcrypto.so (found version "1.1.1f")  
[1.288s] -- Found FastRTPS: /opt/ros/foxy/include  
[1.357s] -- Using all available rosidl_typesupport_cpp: rosidl_typesupport_fastrtps_cpp;rosidl_typesupport_introspection_cpp
[1.379s] -- Found Boost: /usr/lib/x86_64-linux-gnu/cmake/Boost-1.71.0/BoostConfig.cmake (found version "1.71.0") found components: system 
[1.429s] -- Configuring done
[1.431s] -- Generating done
[1.432s] -- Build files have been written to: /home/isci/ros2_ws/build/tm_moveit_cpp_demo
[1.438s] Invoked command in '/home/isci/ros2_ws/build/tm_moveit_cpp_demo' returned '0': CMAKE_PREFIX_PATH=/opt/ros/foxy /usr/bin/cmake /home/isci/ros2_ws/src/tmr_ros2/tm_moveit_cpp_demo -DCMAKE_INSTALL_PREFIX=/home/isci/ros2_ws/install/tm_moveit_cpp_demo
[1.441s] Invoking command in '/home/isci/ros2_ws/build/tm_moveit_cpp_demo': CMAKE_PREFIX_PATH=/opt/ros/foxy /usr/bin/cmake --build /home/isci/ros2_ws/build/tm_moveit_cpp_demo -- -j12 -l12
[1.475s] Invoked command in '/home/isci/ros2_ws/build/tm_moveit_cpp_demo' returned '0': CMAKE_PREFIX_PATH=/opt/ros/foxy /usr/bin/cmake --build /home/isci/ros2_ws/build/tm_moveit_cpp_demo -- -j12 -l12
[1.495s] Invoking command in '/home/isci/ros2_ws/build/tm_moveit_cpp_demo': CMAKE_PREFIX_PATH=/opt/ros/foxy /usr/bin/cmake --install /home/isci/ros2_ws/build/tm_moveit_cpp_demo
[1.502s] -- Install configuration: ""
[1.502s] -- Installing: /home/isci/ros2_ws/install/tm_moveit_cpp_demo/share/tm_moveit_cpp_demo/launch
[1.502s] -- Installing: /home/isci/ros2_ws/install/tm_moveit_cpp_demo/share/tm_moveit_cpp_demo/launch/tm5x-900_run_moveit_cpp.launch.py
[1.502s] -- Installing: /home/isci/ros2_ws/install/tm_moveit_cpp_demo/share/tm_moveit_cpp_demo/launch/tm5x-700_run_moveit_cpp.launch.py
[1.502s] -- Installing: /home/isci/ros2_ws/install/tm_moveit_cpp_demo/share/tm_moveit_cpp_demo/launch/tm12x_run_moveit_cpp.launch.py
[1.502s] -- Installing: /home/isci/ros2_ws/install/tm_moveit_cpp_demo/share/tm_moveit_cpp_demo/launch/tm14_run_moveit_cpp.launch.py
[1.502s] -- Installing: /home/isci/ros2_ws/install/tm_moveit_cpp_demo/share/tm_moveit_cpp_demo/launch/tm12_run_moveit_cpp.launch.py
[1.502s] -- Installing: /home/isci/ros2_ws/install/tm_moveit_cpp_demo/share/tm_moveit_cpp_demo/launch/run_moveit_cpp.rviz
[1.502s] -- Installing: /home/isci/ros2_ws/install/tm_moveit_cpp_demo/share/tm_moveit_cpp_demo/launch/tm5-900_run_moveit_cpp.launch.py
[1.502s] -- Installing: /home/isci/ros2_ws/install/tm_moveit_cpp_demo/share/tm_moveit_cpp_demo/launch/run_moveit_cpp.launch.py
[1.503s] -- Installing: /home/isci/ros2_ws/install/tm_moveit_cpp_demo/share/tm_moveit_cpp_demo/launch/tm5-700_run_moveit_cpp.launch.py
[1.503s] -- Installing: /home/isci/ros2_ws/install/tm_moveit_cpp_demo/share/tm_moveit_cpp_demo/launch/tm14x_run_moveit_cpp.launch.py
[1.503s] -- Installing: /home/isci/ros2_ws/install/tm_moveit_cpp_demo/share/tm_moveit_cpp_demo/config
[1.503s] -- Installing: /home/isci/ros2_ws/install/tm_moveit_cpp_demo/share/tm_moveit_cpp_demo/config/controllers.yaml
[1.503s] -- Installing: /home/isci/ros2_ws/install/tm_moveit_cpp_demo/share/tm_moveit_cpp_demo/config/moveit_cpp.yaml
[1.503s] -- Installing: /home/isci/ros2_ws/install/tm_moveit_cpp_demo/share/ament_index/resource_index/package_run_dependencies/tm_moveit_cpp_demo
[1.503s] -- Installing: /home/isci/ros2_ws/install/tm_moveit_cpp_demo/share/ament_index/resource_index/parent_prefix_path/tm_moveit_cpp_demo
[1.503s] -- Installing: /home/isci/ros2_ws/install/tm_moveit_cpp_demo/share/tm_moveit_cpp_demo/environment/ament_prefix_path.sh
[1.503s] -- Installing: /home/isci/ros2_ws/install/tm_moveit_cpp_demo/share/tm_moveit_cpp_demo/environment/ament_prefix_path.dsv
[1.503s] -- Installing: /home/isci/ros2_ws/install/tm_moveit_cpp_demo/share/tm_moveit_cpp_demo/environment/path.sh
[1.503s] -- Installing: /home/isci/ros2_ws/install/tm_moveit_cpp_demo/share/tm_moveit_cpp_demo/environment/path.dsv
[1.504s] -- Installing: /home/isci/ros2_ws/install/tm_moveit_cpp_demo/share/tm_moveit_cpp_demo/local_setup.bash
[1.504s] -- Installing: /home/isci/ros2_ws/install/tm_moveit_cpp_demo/share/tm_moveit_cpp_demo/local_setup.sh
[1.504s] -- Installing: /home/isci/ros2_ws/install/tm_moveit_cpp_demo/share/tm_moveit_cpp_demo/local_setup.zsh
[1.504s] -- Installing: /home/isci/ros2_ws/install/tm_moveit_cpp_demo/share/tm_moveit_cpp_demo/local_setup.dsv
[1.504s] -- Installing: /home/isci/ros2_ws/install/tm_moveit_cpp_demo/share/tm_moveit_cpp_demo/package.dsv
[1.504s] -- Installing: /home/isci/ros2_ws/install/tm_moveit_cpp_demo/share/ament_index/resource_index/packages/tm_moveit_cpp_demo
[1.504s] -- Installing: /home/isci/ros2_ws/install/tm_moveit_cpp_demo/share/tm_moveit_cpp_demo/cmake/tm_moveit_cpp_demoConfig.cmake
[1.504s] -- Installing: /home/isci/ros2_ws/install/tm_moveit_cpp_demo/share/tm_moveit_cpp_demo/cmake/tm_moveit_cpp_demoConfig-version.cmake
[1.505s] -- Installing: /home/isci/ros2_ws/install/tm_moveit_cpp_demo/share/tm_moveit_cpp_demo/package.xml
[1.507s] Invoked command in '/home/isci/ros2_ws/build/tm_moveit_cpp_demo' returned '0': CMAKE_PREFIX_PATH=/opt/ros/foxy /usr/bin/cmake --install /home/isci/ros2_ws/build/tm_moveit_cpp_demo
