[0.047s] Invoking command in '/home/isci/ros2_ws/build/tm_msgs': CMAKE_PREFIX_PATH=${CMAKE_PREFIX_PATH}:/home/isci/ros2_ws/install/tm_mod_urdf:/home/isci/ros2_ws/install/tm_get_status:/opt/ros/foxy /usr/bin/cmake --build /home/isci/ros2_ws/build/tm_msgs -- -j12 -l12
[0.521s] [  0%] Built target tm_msgs__cpp
[0.521s] [ 12%] Built target tm_msgs__rosidl_generator_c
[0.521s] [ 24%] Built target tm_msgs__rosidl_typesupport_cpp
[0.521s] [ 36%] Built target tm_msgs__rosidl_typesupport_introspection_cpp
[0.521s] [ 48%] Built target tm_msgs__rosidl_typesupport_c
[0.522s] [ 60%] Built target tm_msgs__rosidl_typesupport_introspection_c
[0.522s] [ 72%] Built target tm_msgs__rosidl_typesupport_fastrtps_cpp
[0.523s] [ 84%] Built target tm_msgs__rosidl_typesupport_fastrtps_c
[0.523s] [ 84%] Built target tm_msgs
[0.525s] [ 85%] Built target tm_msgs__py
[0.525s] [ 96%] Built target tm_msgs__python
[0.525s] [100%] Built target tm_msgs__rosidl_typesupport_introspection_c__pyext
[0.525s] [100%] Built target tm_msgs__rosidl_typesupport_fastrtps_c__pyext
[0.526s] [100%] Built target tm_msgs__rosidl_typesupport_c__pyext
[0.538s] Invoked command in '/home/isci/ros2_ws/build/tm_msgs' returned '0': CMAKE_PREFIX_PATH=${CMAKE_PREFIX_PATH}:/home/isci/ros2_ws/install/tm_mod_urdf:/home/isci/ros2_ws/install/tm_get_status:/opt/ros/foxy /usr/bin/cmake --build /home/isci/ros2_ws/build/tm_msgs -- -j12 -l12
[0.771s] Invoking command in '/home/isci/ros2_ws/build/tm_msgs': CMAKE_PREFIX_PATH=${CMAKE_PREFIX_PATH}:/home/isci/ros2_ws/install/tm_mod_urdf:/home/isci/ros2_ws/install/tm_get_status:/opt/ros/foxy /usr/bin/cmake --install /home/isci/ros2_ws/build/tm_msgs
[0.781s] -- Install configuration: ""
[0.782s] -- Up-to-date: /home/isci/ros2_ws/install/tm_msgs/share/ament_index/resource_index/rosidl_interfaces/tm_msgs
[0.782s] -- Up-to-date: /home/isci/ros2_ws/install/tm_msgs/include/tm_msgs
[0.782s] -- Up-to-date: /home/isci/ros2_ws/install/tm_msgs/include/tm_msgs/msg
[0.783s] -- Up-to-date: /home/isci/ros2_ws/install/tm_msgs/include/tm_msgs/msg/feedback_state.h
[0.785s] -- Up-to-date: /home/isci/ros2_ws/install/tm_msgs/include/tm_msgs/msg/detail
[0.785s] -- Up-to-date: /home/isci/ros2_ws/install/tm_msgs/include/tm_msgs/msg/detail/feedback_state__functions.c
[0.785s] -- Up-to-date: /home/isci/ros2_ws/install/tm_msgs/include/tm_msgs/msg/detail/sta_response__struct.h
[0.785s] -- Up-to-date: /home/isci/ros2_ws/install/tm_msgs/include/tm_msgs/msg/detail/feedback_state__functions.h
[0.785s] -- Up-to-date: /home/isci/ros2_ws/install/tm_msgs/include/tm_msgs/msg/detail/feedback_state__struct.h
[0.785s] -- Up-to-date: /home/isci/ros2_ws/install/tm_msgs/include/tm_msgs/msg/detail/sct_response__functions.h
[0.786s] -- Up-to-date: /home/isci/ros2_ws/install/tm_msgs/include/tm_msgs/msg/detail/svr_response__functions.h
[0.786s] -- Up-to-date: /home/isci/ros2_ws/install/tm_msgs/include/tm_msgs/msg/detail/svr_response__struct.h
[0.786s] -- Up-to-date: /home/isci/ros2_ws/install/tm_msgs/include/tm_msgs/msg/detail/sta_response__functions.h
[0.786s] -- Up-to-date: /home/isci/ros2_ws/install/tm_msgs/include/tm_msgs/msg/detail/svr_response__type_support.h
[0.786s] -- Up-to-date: /home/isci/ros2_ws/install/tm_msgs/include/tm_msgs/msg/detail/sct_response__functions.c
[0.786s] -- Up-to-date: /home/isci/ros2_ws/install/tm_msgs/include/tm_msgs/msg/detail/sta_response__type_support.h
[0.786s] -- Up-to-date: /home/isci/ros2_ws/install/tm_msgs/include/tm_msgs/msg/detail/svr_response__functions.c
[0.787s] -- Up-to-date: /home/isci/ros2_ws/install/tm_msgs/include/tm_msgs/msg/detail/sct_response__struct.h
[0.787s] -- Up-to-date: /home/isci/ros2_ws/install/tm_msgs/include/tm_msgs/msg/detail/sct_response__type_support.h
[0.787s] -- Up-to-date: /home/isci/ros2_ws/install/tm_msgs/include/tm_msgs/msg/detail/sta_response__functions.c
[0.787s] -- Up-to-date: /home/isci/ros2_ws/install/tm_msgs/include/tm_msgs/msg/detail/feedback_state__type_support.h
[0.787s] -- Up-to-date: /home/isci/ros2_ws/install/tm_msgs/include/tm_msgs/msg/svr_response.h
[0.787s] -- Up-to-date: /home/isci/ros2_ws/install/tm_msgs/include/tm_msgs/msg/sct_response.h
[0.787s] -- Up-to-date: /home/isci/ros2_ws/install/tm_msgs/include/tm_msgs/msg/rosidl_generator_c__visibility_control.h
[0.787s] -- Up-to-date: /home/isci/ros2_ws/install/tm_msgs/include/tm_msgs/msg/sta_response.h
[0.787s] -- Up-to-date: /home/isci/ros2_ws/install/tm_msgs/include/tm_msgs/srv
[0.787s] -- Up-to-date: /home/isci/ros2_ws/install/tm_msgs/include/tm_msgs/srv/detail
[0.787s] -- Up-to-date: /home/isci/ros2_ws/install/tm_msgs/include/tm_msgs/srv/detail/set_io__functions.h
[0.787s] -- Up-to-date: /home/isci/ros2_ws/install/tm_msgs/include/tm_msgs/srv/detail/ask_item__struct.h
[0.787s] -- Up-to-date: /home/isci/ros2_ws/install/tm_msgs/include/tm_msgs/srv/detail/ask_item__functions.c
[0.787s] -- Up-to-date: /home/isci/ros2_ws/install/tm_msgs/include/tm_msgs/srv/detail/set_io__struct.h
[0.788s] -- Up-to-date: /home/isci/ros2_ws/install/tm_msgs/include/tm_msgs/srv/detail/write_item__functions.c
[0.788s] -- Up-to-date: /home/isci/ros2_ws/install/tm_msgs/include/tm_msgs/srv/detail/set_positions__type_support.h
[0.788s] -- Up-to-date: /home/isci/ros2_ws/install/tm_msgs/include/tm_msgs/srv/detail/connect_tm__functions.h
[0.788s] -- Up-to-date: /home/isci/ros2_ws/install/tm_msgs/include/tm_msgs/srv/detail/send_script__functions.c
[0.788s] -- Up-to-date: /home/isci/ros2_ws/install/tm_msgs/include/tm_msgs/srv/detail/set_positions__functions.c
[0.788s] -- Up-to-date: /home/isci/ros2_ws/install/tm_msgs/include/tm_msgs/srv/detail/set_event__type_support.h
[0.788s] -- Up-to-date: /home/isci/ros2_ws/install/tm_msgs/include/tm_msgs/srv/detail/ask_item__type_support.h
[0.789s] -- Up-to-date: /home/isci/ros2_ws/install/tm_msgs/include/tm_msgs/srv/detail/set_velocity__struct.h
[0.789s] -- Up-to-date: /home/isci/ros2_ws/install/tm_msgs/include/tm_msgs/srv/detail/set_event__functions.c
[0.789s] -- Up-to-date: /home/isci/ros2_ws/install/tm_msgs/include/tm_msgs/srv/detail/send_script__functions.h
[0.789s] -- Up-to-date: /home/isci/ros2_ws/install/tm_msgs/include/tm_msgs/srv/detail/write_item__type_support.h
[0.789s] -- Up-to-date: /home/isci/ros2_ws/install/tm_msgs/include/tm_msgs/srv/detail/set_velocity__functions.c
[0.789s] -- Up-to-date: /home/isci/ros2_ws/install/tm_msgs/include/tm_msgs/srv/detail/connect_tm__struct.h
[0.789s] -- Up-to-date: /home/isci/ros2_ws/install/tm_msgs/include/tm_msgs/srv/detail/ask_sta__type_support.h
[0.789s] -- Up-to-date: /home/isci/ros2_ws/install/tm_msgs/include/tm_msgs/srv/detail/set_positions__functions.h
[0.789s] -- Up-to-date: /home/isci/ros2_ws/install/tm_msgs/include/tm_msgs/srv/detail/set_io__type_support.h
[0.789s] -- Up-to-date: /home/isci/ros2_ws/install/tm_msgs/include/tm_msgs/srv/detail/ask_item__functions.h
[0.789s] -- Up-to-date: /home/isci/ros2_ws/install/tm_msgs/include/tm_msgs/srv/detail/send_script__struct.h
[0.789s] -- Up-to-date: /home/isci/ros2_ws/install/tm_msgs/include/tm_msgs/srv/detail/ask_sta__functions.c
[0.789s] -- Up-to-date: /home/isci/ros2_ws/install/tm_msgs/include/tm_msgs/srv/detail/write_item__functions.h
[0.789s] -- Up-to-date: /home/isci/ros2_ws/install/tm_msgs/include/tm_msgs/srv/detail/connect_tm__functions.c
[0.789s] -- Up-to-date: /home/isci/ros2_ws/install/tm_msgs/include/tm_msgs/srv/detail/connect_tm__type_support.h
[0.790s] -- Up-to-date: /home/isci/ros2_ws/install/tm_msgs/include/tm_msgs/srv/detail/write_item__struct.h
[0.790s] -- Up-to-date: /home/isci/ros2_ws/install/tm_msgs/include/tm_msgs/srv/detail/set_io__functions.c
[0.790s] -- Up-to-date: /home/isci/ros2_ws/install/tm_msgs/include/tm_msgs/srv/detail/set_velocity__type_support.h
[0.790s] -- Up-to-date: /home/isci/ros2_ws/install/tm_msgs/include/tm_msgs/srv/detail/set_event__struct.h
[0.790s] -- Up-to-date: /home/isci/ros2_ws/install/tm_msgs/include/tm_msgs/srv/detail/set_event__functions.h
[0.790s] -- Up-to-date: /home/isci/ros2_ws/install/tm_msgs/include/tm_msgs/srv/detail/set_positions__struct.h
[0.790s] -- Up-to-date: /home/isci/ros2_ws/install/tm_msgs/include/tm_msgs/srv/detail/ask_sta__struct.h
[0.790s] -- Up-to-date: /home/isci/ros2_ws/install/tm_msgs/include/tm_msgs/srv/detail/ask_sta__functions.h
[0.790s] -- Up-to-date: /home/isci/ros2_ws/install/tm_msgs/include/tm_msgs/srv/detail/send_script__type_support.h
[0.790s] -- Up-to-date: /home/isci/ros2_ws/install/tm_msgs/include/tm_msgs/srv/detail/set_velocity__functions.h
[0.790s] -- Up-to-date: /home/isci/ros2_ws/install/tm_msgs/include/tm_msgs/srv/ask_sta.h
[0.790s] -- Up-to-date: /home/isci/ros2_ws/install/tm_msgs/include/tm_msgs/srv/set_event.h
[0.791s] -- Up-to-date: /home/isci/ros2_ws/install/tm_msgs/include/tm_msgs/srv/set_io.h
[0.791s] -- Up-to-date: /home/isci/ros2_ws/install/tm_msgs/include/tm_msgs/srv/write_item.h
[0.791s] -- Up-to-date: /home/isci/ros2_ws/install/tm_msgs/include/tm_msgs/srv/ask_item.h
[0.791s] -- Up-to-date: /home/isci/ros2_ws/install/tm_msgs/include/tm_msgs/srv/set_positions.h
[0.791s] -- Up-to-date: /home/isci/ros2_ws/install/tm_msgs/include/tm_msgs/srv/connect_tm.h
[0.791s] -- Up-to-date: /home/isci/ros2_ws/install/tm_msgs/include/tm_msgs/srv/send_script.h
[0.791s] -- Up-to-date: /home/isci/ros2_ws/install/tm_msgs/include/tm_msgs/srv/set_velocity.h
[0.791s] -- Up-to-date: /home/isci/ros2_ws/install/tm_msgs/share/tm_msgs/environment/library_path.sh
[0.792s] -- Up-to-date: /home/isci/ros2_ws/install/tm_msgs/share/tm_msgs/environment/library_path.dsv
[0.792s] -- Up-to-date: /home/isci/ros2_ws/install/tm_msgs/lib/libtm_msgs__rosidl_generator_c.so
[0.792s] -- Up-to-date: /home/isci/ros2_ws/install/tm_msgs/include/tm_msgs
[0.792s] -- Up-to-date: /home/isci/ros2_ws/install/tm_msgs/include/tm_msgs/msg
[0.792s] -- Up-to-date: /home/isci/ros2_ws/install/tm_msgs/include/tm_msgs/msg/detail
[0.792s] -- Up-to-date: /home/isci/ros2_ws/install/tm_msgs/include/tm_msgs/msg/detail/sct_response__rosidl_typesupport_fastrtps_c.h
[0.792s] -- Up-to-date: /home/isci/ros2_ws/install/tm_msgs/include/tm_msgs/msg/detail/feedback_state__rosidl_typesupport_fastrtps_c.h
[0.792s] -- Up-to-date: /home/isci/ros2_ws/install/tm_msgs/include/tm_msgs/msg/detail/svr_response__rosidl_typesupport_fastrtps_c.h
[0.793s] -- Up-to-date: /home/isci/ros2_ws/install/tm_msgs/include/tm_msgs/msg/detail/sta_response__rosidl_typesupport_fastrtps_c.h
[0.793s] -- Up-to-date: /home/isci/ros2_ws/install/tm_msgs/include/tm_msgs/msg/rosidl_typesupport_fastrtps_c__visibility_control.h
[0.793s] -- Up-to-date: /home/isci/ros2_ws/install/tm_msgs/include/tm_msgs/srv
[0.793s] -- Up-to-date: /home/isci/ros2_ws/install/tm_msgs/include/tm_msgs/srv/detail
[0.793s] -- Up-to-date: /home/isci/ros2_ws/install/tm_msgs/include/tm_msgs/srv/detail/ask_sta__rosidl_typesupport_fastrtps_c.h
[0.793s] -- Up-to-date: /home/isci/ros2_ws/install/tm_msgs/include/tm_msgs/srv/detail/send_script__rosidl_typesupport_fastrtps_c.h
[0.793s] -- Up-to-date: /home/isci/ros2_ws/install/tm_msgs/include/tm_msgs/srv/detail/set_positions__rosidl_typesupport_fastrtps_c.h
[0.793s] -- Up-to-date: /home/isci/ros2_ws/install/tm_msgs/include/tm_msgs/srv/detail/set_event__rosidl_typesupport_fastrtps_c.h
[0.794s] -- Up-to-date: /home/isci/ros2_ws/install/tm_msgs/include/tm_msgs/srv/detail/set_io__rosidl_typesupport_fastrtps_c.h
[0.794s] -- Up-to-date: /home/isci/ros2_ws/install/tm_msgs/include/tm_msgs/srv/detail/ask_item__rosidl_typesupport_fastrtps_c.h
[0.794s] -- Up-to-date: /home/isci/ros2_ws/install/tm_msgs/include/tm_msgs/srv/detail/connect_tm__rosidl_typesupport_fastrtps_c.h
[0.794s] -- Up-to-date: /home/isci/ros2_ws/install/tm_msgs/include/tm_msgs/srv/detail/set_velocity__rosidl_typesupport_fastrtps_c.h
[0.794s] -- Up-to-date: /home/isci/ros2_ws/install/tm_msgs/include/tm_msgs/srv/detail/write_item__rosidl_typesupport_fastrtps_c.h
[0.794s] -- Up-to-date: /home/isci/ros2_ws/install/tm_msgs/lib/libtm_msgs__rosidl_typesupport_fastrtps_c.so
[0.794s] -- Up-to-date: /home/isci/ros2_ws/install/tm_msgs/include/tm_msgs
[0.794s] -- Up-to-date: /home/isci/ros2_ws/install/tm_msgs/include/tm_msgs/msg
[0.794s] -- Up-to-date: /home/isci/ros2_ws/install/tm_msgs/include/tm_msgs/msg/detail
[0.794s] -- Up-to-date: /home/isci/ros2_ws/install/tm_msgs/include/tm_msgs/msg/detail/feedback_state__rosidl_typesupport_fastrtps_cpp.hpp
[0.795s] -- Up-to-date: /home/isci/ros2_ws/install/tm_msgs/include/tm_msgs/msg/detail/svr_response__rosidl_typesupport_fastrtps_cpp.hpp
[0.795s] -- Up-to-date: /home/isci/ros2_ws/install/tm_msgs/include/tm_msgs/msg/detail/sta_response__rosidl_typesupport_fastrtps_cpp.hpp
[0.795s] -- Up-to-date: /home/isci/ros2_ws/install/tm_msgs/include/tm_msgs/msg/detail/dds_fastrtps
[0.795s] -- Up-to-date: /home/isci/ros2_ws/install/tm_msgs/include/tm_msgs/msg/detail/sct_response__rosidl_typesupport_fastrtps_cpp.hpp
[0.795s] -- Up-to-date: /home/isci/ros2_ws/install/tm_msgs/include/tm_msgs/msg/rosidl_typesupport_fastrtps_cpp__visibility_control.h
[0.795s] -- Up-to-date: /home/isci/ros2_ws/install/tm_msgs/include/tm_msgs/srv
[0.795s] -- Up-to-date: /home/isci/ros2_ws/install/tm_msgs/include/tm_msgs/srv/detail
[0.795s] -- Up-to-date: /home/isci/ros2_ws/install/tm_msgs/include/tm_msgs/srv/detail/set_io__rosidl_typesupport_fastrtps_cpp.hpp
[0.796s] -- Up-to-date: /home/isci/ros2_ws/install/tm_msgs/include/tm_msgs/srv/detail/connect_tm__rosidl_typesupport_fastrtps_cpp.hpp
[0.796s] -- Up-to-date: /home/isci/ros2_ws/install/tm_msgs/include/tm_msgs/srv/detail/set_event__rosidl_typesupport_fastrtps_cpp.hpp
[0.796s] -- Up-to-date: /home/isci/ros2_ws/install/tm_msgs/include/tm_msgs/srv/detail/ask_sta__rosidl_typesupport_fastrtps_cpp.hpp
[0.796s] -- Up-to-date: /home/isci/ros2_ws/install/tm_msgs/include/tm_msgs/srv/detail/set_positions__rosidl_typesupport_fastrtps_cpp.hpp
[0.796s] -- Up-to-date: /home/isci/ros2_ws/install/tm_msgs/include/tm_msgs/srv/detail/send_script__rosidl_typesupport_fastrtps_cpp.hpp
[0.796s] -- Up-to-date: /home/isci/ros2_ws/install/tm_msgs/include/tm_msgs/srv/detail/write_item__rosidl_typesupport_fastrtps_cpp.hpp
[0.796s] -- Up-to-date: /home/isci/ros2_ws/install/tm_msgs/include/tm_msgs/srv/detail/dds_fastrtps
[0.796s] -- Up-to-date: /home/isci/ros2_ws/install/tm_msgs/include/tm_msgs/srv/detail/ask_item__rosidl_typesupport_fastrtps_cpp.hpp
[0.796s] -- Up-to-date: /home/isci/ros2_ws/install/tm_msgs/include/tm_msgs/srv/detail/set_velocity__rosidl_typesupport_fastrtps_cpp.hpp
[0.797s] -- Up-to-date: /home/isci/ros2_ws/install/tm_msgs/lib/libtm_msgs__rosidl_typesupport_fastrtps_cpp.so
[0.797s] -- Up-to-date: /home/isci/ros2_ws/install/tm_msgs/include/tm_msgs
[0.797s] -- Up-to-date: /home/isci/ros2_ws/install/tm_msgs/include/tm_msgs/msg
[0.797s] -- Up-to-date: /home/isci/ros2_ws/install/tm_msgs/include/tm_msgs/msg/detail
[0.797s] -- Up-to-date: /home/isci/ros2_ws/install/tm_msgs/include/tm_msgs/msg/detail/sta_response__type_support.c
[0.797s] -- Up-to-date: /home/isci/ros2_ws/install/tm_msgs/include/tm_msgs/msg/detail/sta_response__rosidl_typesupport_introspection_c.h
[0.797s] -- Up-to-date: /home/isci/ros2_ws/install/tm_msgs/include/tm_msgs/msg/detail/svr_response__type_support.c
[0.797s] -- Up-to-date: /home/isci/ros2_ws/install/tm_msgs/include/tm_msgs/msg/detail/feedback_state__type_support.c
[0.797s] -- Up-to-date: /home/isci/ros2_ws/install/tm_msgs/include/tm_msgs/msg/detail/feedback_state__rosidl_typesupport_introspection_c.h
[0.797s] -- Up-to-date: /home/isci/ros2_ws/install/tm_msgs/include/tm_msgs/msg/detail/sct_response__rosidl_typesupport_introspection_c.h
[0.797s] -- Up-to-date: /home/isci/ros2_ws/install/tm_msgs/include/tm_msgs/msg/detail/svr_response__rosidl_typesupport_introspection_c.h
[0.797s] -- Up-to-date: /home/isci/ros2_ws/install/tm_msgs/include/tm_msgs/msg/detail/sct_response__type_support.c
[0.797s] -- Up-to-date: /home/isci/ros2_ws/install/tm_msgs/include/tm_msgs/msg/rosidl_typesupport_introspection_c__visibility_control.h
[0.797s] -- Up-to-date: /home/isci/ros2_ws/install/tm_msgs/include/tm_msgs/srv
[0.797s] -- Up-to-date: /home/isci/ros2_ws/install/tm_msgs/include/tm_msgs/srv/detail
[0.797s] -- Up-to-date: /home/isci/ros2_ws/install/tm_msgs/include/tm_msgs/srv/detail/set_io__rosidl_typesupport_introspection_c.h
[0.798s] -- Up-to-date: /home/isci/ros2_ws/install/tm_msgs/include/tm_msgs/srv/detail/set_positions__type_support.c
[0.798s] -- Up-to-date: /home/isci/ros2_ws/install/tm_msgs/include/tm_msgs/srv/detail/set_velocity__type_support.c
[0.798s] -- Up-to-date: /home/isci/ros2_ws/install/tm_msgs/include/tm_msgs/srv/detail/write_item__type_support.c
[0.798s] -- Up-to-date: /home/isci/ros2_ws/install/tm_msgs/include/tm_msgs/srv/detail/connect_tm__type_support.c
[0.798s] -- Up-to-date: /home/isci/ros2_ws/install/tm_msgs/include/tm_msgs/srv/detail/send_script__type_support.c
[0.798s] -- Up-to-date: /home/isci/ros2_ws/install/tm_msgs/include/tm_msgs/srv/detail/write_item__rosidl_typesupport_introspection_c.h
[0.798s] -- Up-to-date: /home/isci/ros2_ws/install/tm_msgs/include/tm_msgs/srv/detail/set_velocity__rosidl_typesupport_introspection_c.h
[0.798s] -- Up-to-date: /home/isci/ros2_ws/install/tm_msgs/include/tm_msgs/srv/detail/set_positions__rosidl_typesupport_introspection_c.h
[0.798s] -- Up-to-date: /home/isci/ros2_ws/install/tm_msgs/include/tm_msgs/srv/detail/ask_sta__type_support.c
[0.798s] -- Up-to-date: /home/isci/ros2_ws/install/tm_msgs/include/tm_msgs/srv/detail/set_event__type_support.c
[0.798s] -- Up-to-date: /home/isci/ros2_ws/install/tm_msgs/include/tm_msgs/srv/detail/send_script__rosidl_typesupport_introspection_c.h
[0.798s] -- Up-to-date: /home/isci/ros2_ws/install/tm_msgs/include/tm_msgs/srv/detail/set_io__type_support.c
[0.798s] -- Up-to-date: /home/isci/ros2_ws/install/tm_msgs/include/tm_msgs/srv/detail/set_event__rosidl_typesupport_introspection_c.h
[0.799s] -- Up-to-date: /home/isci/ros2_ws/install/tm_msgs/include/tm_msgs/srv/detail/ask_item__rosidl_typesupport_introspection_c.h
[0.799s] -- Up-to-date: /home/isci/ros2_ws/install/tm_msgs/include/tm_msgs/srv/detail/ask_sta__rosidl_typesupport_introspection_c.h
[0.799s] -- Up-to-date: /home/isci/ros2_ws/install/tm_msgs/include/tm_msgs/srv/detail/ask_item__type_support.c
[0.799s] -- Up-to-date: /home/isci/ros2_ws/install/tm_msgs/include/tm_msgs/srv/detail/connect_tm__rosidl_typesupport_introspection_c.h
[0.799s] -- Up-to-date: /home/isci/ros2_ws/install/tm_msgs/lib/libtm_msgs__rosidl_typesupport_introspection_c.so
[0.799s] -- Up-to-date: /home/isci/ros2_ws/install/tm_msgs/lib/libtm_msgs__rosidl_typesupport_c.so
[0.799s] -- Up-to-date: /home/isci/ros2_ws/install/tm_msgs/include/tm_msgs
[0.799s] -- Up-to-date: /home/isci/ros2_ws/install/tm_msgs/include/tm_msgs/msg
[0.799s] -- Up-to-date: /home/isci/ros2_ws/install/tm_msgs/include/tm_msgs/msg/svr_response.hpp
[0.799s] -- Up-to-date: /home/isci/ros2_ws/install/tm_msgs/include/tm_msgs/msg/feedback_state.hpp
[0.799s] -- Up-to-date: /home/isci/ros2_ws/install/tm_msgs/include/tm_msgs/msg/detail
[0.799s] -- Up-to-date: /home/isci/ros2_ws/install/tm_msgs/include/tm_msgs/msg/detail/svr_response__builder.hpp
[0.799s] -- Up-to-date: /home/isci/ros2_ws/install/tm_msgs/include/tm_msgs/msg/detail/sct_response__traits.hpp
[0.799s] -- Up-to-date: /home/isci/ros2_ws/install/tm_msgs/include/tm_msgs/msg/detail/svr_response__struct.hpp
[0.800s] -- Up-to-date: /home/isci/ros2_ws/install/tm_msgs/include/tm_msgs/msg/detail/sta_response__type_support.hpp
[0.800s] -- Up-to-date: /home/isci/ros2_ws/install/tm_msgs/include/tm_msgs/msg/detail/sta_response__struct.hpp
[0.800s] -- Up-to-date: /home/isci/ros2_ws/install/tm_msgs/include/tm_msgs/msg/detail/svr_response__type_support.hpp
[0.800s] -- Up-to-date: /home/isci/ros2_ws/install/tm_msgs/include/tm_msgs/msg/detail/svr_response__traits.hpp
[0.800s] -- Up-to-date: /home/isci/ros2_ws/install/tm_msgs/include/tm_msgs/msg/detail/sct_response__struct.hpp
[0.800s] -- Up-to-date: /home/isci/ros2_ws/install/tm_msgs/include/tm_msgs/msg/detail/sct_response__builder.hpp
[0.800s] -- Up-to-date: /home/isci/ros2_ws/install/tm_msgs/include/tm_msgs/msg/detail/feedback_state__builder.hpp
[0.800s] -- Up-to-date: /home/isci/ros2_ws/install/tm_msgs/include/tm_msgs/msg/detail/feedback_state__struct.hpp
[0.800s] -- Up-to-date: /home/isci/ros2_ws/install/tm_msgs/include/tm_msgs/msg/detail/sct_response__type_support.hpp
[0.800s] -- Up-to-date: /home/isci/ros2_ws/install/tm_msgs/include/tm_msgs/msg/detail/feedback_state__traits.hpp
[0.800s] -- Up-to-date: /home/isci/ros2_ws/install/tm_msgs/include/tm_msgs/msg/detail/feedback_state__type_support.hpp
[0.801s] -- Up-to-date: /home/isci/ros2_ws/install/tm_msgs/include/tm_msgs/msg/detail/sta_response__traits.hpp
[0.801s] -- Up-to-date: /home/isci/ros2_ws/install/tm_msgs/include/tm_msgs/msg/detail/sta_response__builder.hpp
[0.801s] -- Up-to-date: /home/isci/ros2_ws/install/tm_msgs/include/tm_msgs/msg/sct_response.hpp
[0.801s] -- Up-to-date: /home/isci/ros2_ws/install/tm_msgs/include/tm_msgs/msg/rosidl_generator_cpp__visibility_control.hpp
[0.801s] -- Up-to-date: /home/isci/ros2_ws/install/tm_msgs/include/tm_msgs/msg/sta_response.hpp
[0.801s] -- Up-to-date: /home/isci/ros2_ws/install/tm_msgs/include/tm_msgs/srv
[0.801s] -- Up-to-date: /home/isci/ros2_ws/install/tm_msgs/include/tm_msgs/srv/detail
[0.801s] -- Up-to-date: /home/isci/ros2_ws/install/tm_msgs/include/tm_msgs/srv/detail/write_item__builder.hpp
[0.801s] -- Up-to-date: /home/isci/ros2_ws/install/tm_msgs/include/tm_msgs/srv/detail/connect_tm__type_support.hpp
[0.801s] -- Up-to-date: /home/isci/ros2_ws/install/tm_msgs/include/tm_msgs/srv/detail/set_io__type_support.hpp
[0.801s] -- Up-to-date: /home/isci/ros2_ws/install/tm_msgs/include/tm_msgs/srv/detail/connect_tm__traits.hpp
[0.801s] -- Up-to-date: /home/isci/ros2_ws/install/tm_msgs/include/tm_msgs/srv/detail/set_io__struct.hpp
[0.802s] -- Up-to-date: /home/isci/ros2_ws/install/tm_msgs/include/tm_msgs/srv/detail/ask_sta__builder.hpp
[0.802s] -- Up-to-date: /home/isci/ros2_ws/install/tm_msgs/include/tm_msgs/srv/detail/connect_tm__builder.hpp
[0.802s] -- Up-to-date: /home/isci/ros2_ws/install/tm_msgs/include/tm_msgs/srv/detail/set_event__type_support.hpp
[0.802s] -- Up-to-date: /home/isci/ros2_ws/install/tm_msgs/include/tm_msgs/srv/detail/set_event__traits.hpp
[0.802s] -- Up-to-date: /home/isci/ros2_ws/install/tm_msgs/include/tm_msgs/srv/detail/ask_item__struct.hpp
[0.802s] -- Up-to-date: /home/isci/ros2_ws/install/tm_msgs/include/tm_msgs/srv/detail/ask_sta__struct.hpp
[0.802s] -- Up-to-date: /home/isci/ros2_ws/install/tm_msgs/include/tm_msgs/srv/detail/send_script__struct.hpp
[0.802s] -- Up-to-date: /home/isci/ros2_ws/install/tm_msgs/include/tm_msgs/srv/detail/write_item__struct.hpp
[0.802s] -- Up-to-date: /home/isci/ros2_ws/install/tm_msgs/include/tm_msgs/srv/detail/set_io__builder.hpp
[0.802s] -- Up-to-date: /home/isci/ros2_ws/install/tm_msgs/include/tm_msgs/srv/detail/set_positions__builder.hpp
[0.802s] -- Up-to-date: /home/isci/ros2_ws/install/tm_msgs/include/tm_msgs/srv/detail/write_item__traits.hpp
[0.803s] -- Up-to-date: /home/isci/ros2_ws/install/tm_msgs/include/tm_msgs/srv/detail/set_velocity__type_support.hpp
[0.803s] -- Up-to-date: /home/isci/ros2_ws/install/tm_msgs/include/tm_msgs/srv/detail/ask_sta__type_support.hpp
[0.803s] -- Up-to-date: /home/isci/ros2_ws/install/tm_msgs/include/tm_msgs/srv/detail/set_event__struct.hpp
[0.803s] -- Up-to-date: /home/isci/ros2_ws/install/tm_msgs/include/tm_msgs/srv/detail/set_velocity__traits.hpp
[0.803s] -- Up-to-date: /home/isci/ros2_ws/install/tm_msgs/include/tm_msgs/srv/detail/ask_item__builder.hpp
[0.803s] -- Up-to-date: /home/isci/ros2_ws/install/tm_msgs/include/tm_msgs/srv/detail/set_velocity__builder.hpp
[0.803s] -- Up-to-date: /home/isci/ros2_ws/install/tm_msgs/include/tm_msgs/srv/detail/write_item__type_support.hpp
[0.803s] -- Up-to-date: /home/isci/ros2_ws/install/tm_msgs/include/tm_msgs/srv/detail/connect_tm__struct.hpp
[0.803s] -- Up-to-date: /home/isci/ros2_ws/install/tm_msgs/include/tm_msgs/srv/detail/set_positions__struct.hpp
[0.803s] -- Up-to-date: /home/isci/ros2_ws/install/tm_msgs/include/tm_msgs/srv/detail/set_positions__type_support.hpp
[0.804s] -- Up-to-date: /home/isci/ros2_ws/install/tm_msgs/include/tm_msgs/srv/detail/set_event__builder.hpp
[0.804s] -- Up-to-date: /home/isci/ros2_ws/install/tm_msgs/include/tm_msgs/srv/detail/send_script__type_support.hpp
[0.804s] -- Up-to-date: /home/isci/ros2_ws/install/tm_msgs/include/tm_msgs/srv/detail/set_positions__traits.hpp
[0.804s] -- Up-to-date: /home/isci/ros2_ws/install/tm_msgs/include/tm_msgs/srv/detail/send_script__builder.hpp
[0.804s] -- Up-to-date: /home/isci/ros2_ws/install/tm_msgs/include/tm_msgs/srv/detail/ask_item__traits.hpp
[0.804s] -- Up-to-date: /home/isci/ros2_ws/install/tm_msgs/include/tm_msgs/srv/detail/ask_sta__traits.hpp
[0.804s] -- Up-to-date: /home/isci/ros2_ws/install/tm_msgs/include/tm_msgs/srv/detail/send_script__traits.hpp
[0.804s] -- Up-to-date: /home/isci/ros2_ws/install/tm_msgs/include/tm_msgs/srv/detail/ask_item__type_support.hpp
[0.804s] -- Up-to-date: /home/isci/ros2_ws/install/tm_msgs/include/tm_msgs/srv/detail/set_velocity__struct.hpp
[0.804s] -- Up-to-date: /home/isci/ros2_ws/install/tm_msgs/include/tm_msgs/srv/detail/set_io__traits.hpp
[0.804s] -- Up-to-date: /home/isci/ros2_ws/install/tm_msgs/include/tm_msgs/srv/set_io.hpp
[0.805s] -- Up-to-date: /home/isci/ros2_ws/install/tm_msgs/include/tm_msgs/srv/set_event.hpp
[0.805s] -- Up-to-date: /home/isci/ros2_ws/install/tm_msgs/include/tm_msgs/srv/set_positions.hpp
[0.807s] -- Up-to-date: /home/isci/ros2_ws/install/tm_msgs/include/tm_msgs/srv/ask_item.hpp
[0.807s] -- Up-to-date: /home/isci/ros2_ws/install/tm_msgs/include/tm_msgs/srv/send_script.hpp
[0.807s] -- Up-to-date: /home/isci/ros2_ws/install/tm_msgs/include/tm_msgs/srv/connect_tm.hpp
[0.808s] -- Up-to-date: /home/isci/ros2_ws/install/tm_msgs/include/tm_msgs/srv/ask_sta.hpp
[0.808s] -- Up-to-date: /home/isci/ros2_ws/install/tm_msgs/include/tm_msgs/srv/set_velocity.hpp
[0.808s] -- Up-to-date: /home/isci/ros2_ws/install/tm_msgs/include/tm_msgs/srv/write_item.hpp
[0.809s] -- Up-to-date: /home/isci/ros2_ws/install/tm_msgs/include/tm_msgs
[0.809s] -- Up-to-date: /home/isci/ros2_ws/install/tm_msgs/include/tm_msgs/msg
[0.809s] -- Up-to-date: /home/isci/ros2_ws/install/tm_msgs/include/tm_msgs/msg/detail
[0.809s] -- Up-to-date: /home/isci/ros2_ws/install/tm_msgs/include/tm_msgs/msg/detail/svr_response__rosidl_typesupport_introspection_cpp.hpp
[0.809s] -- Up-to-date: /home/isci/ros2_ws/install/tm_msgs/include/tm_msgs/msg/detail/sct_response__type_support.cpp
[0.809s] -- Up-to-date: /home/isci/ros2_ws/install/tm_msgs/include/tm_msgs/msg/detail/sta_response__rosidl_typesupport_introspection_cpp.hpp
[0.809s] -- Up-to-date: /home/isci/ros2_ws/install/tm_msgs/include/tm_msgs/msg/detail/feedback_state__type_support.cpp
[0.810s] -- Up-to-date: /home/isci/ros2_ws/install/tm_msgs/include/tm_msgs/msg/detail/svr_response__type_support.cpp
[0.810s] -- Up-to-date: /home/isci/ros2_ws/install/tm_msgs/include/tm_msgs/msg/detail/sta_response__type_support.cpp
[0.810s] -- Up-to-date: /home/isci/ros2_ws/install/tm_msgs/include/tm_msgs/msg/detail/feedback_state__rosidl_typesupport_introspection_cpp.hpp
[0.810s] -- Up-to-date: /home/isci/ros2_ws/install/tm_msgs/include/tm_msgs/msg/detail/sct_response__rosidl_typesupport_introspection_cpp.hpp
[0.810s] -- Up-to-date: /home/isci/ros2_ws/install/tm_msgs/include/tm_msgs/srv
[0.810s] -- Up-to-date: /home/isci/ros2_ws/install/tm_msgs/include/tm_msgs/srv/detail
[0.810s] -- Up-to-date: /home/isci/ros2_ws/install/tm_msgs/include/tm_msgs/srv/detail/set_io__type_support.cpp
[0.810s] -- Up-to-date: /home/isci/ros2_ws/install/tm_msgs/include/tm_msgs/srv/detail/write_item__type_support.cpp
[0.810s] -- Up-to-date: /home/isci/ros2_ws/install/tm_msgs/include/tm_msgs/srv/detail/send_script__rosidl_typesupport_introspection_cpp.hpp
[0.811s] -- Up-to-date: /home/isci/ros2_ws/install/tm_msgs/include/tm_msgs/srv/detail/ask_sta__rosidl_typesupport_introspection_cpp.hpp
[0.811s] -- Up-to-date: /home/isci/ros2_ws/install/tm_msgs/include/tm_msgs/srv/detail/set_velocity__rosidl_typesupport_introspection_cpp.hpp
[0.811s] -- Up-to-date: /home/isci/ros2_ws/install/tm_msgs/include/tm_msgs/srv/detail/ask_sta__type_support.cpp
[0.811s] -- Up-to-date: /home/isci/ros2_ws/install/tm_msgs/include/tm_msgs/srv/detail/set_positions__type_support.cpp
[0.811s] -- Up-to-date: /home/isci/ros2_ws/install/tm_msgs/include/tm_msgs/srv/detail/set_velocity__type_support.cpp
[0.811s] -- Up-to-date: /home/isci/ros2_ws/install/tm_msgs/include/tm_msgs/srv/detail/connect_tm__type_support.cpp
[0.811s] -- Up-to-date: /home/isci/ros2_ws/install/tm_msgs/include/tm_msgs/srv/detail/connect_tm__rosidl_typesupport_introspection_cpp.hpp
[0.811s] -- Up-to-date: /home/isci/ros2_ws/install/tm_msgs/include/tm_msgs/srv/detail/set_event__type_support.cpp
[0.811s] -- Up-to-date: /home/isci/ros2_ws/install/tm_msgs/include/tm_msgs/srv/detail/set_positions__rosidl_typesupport_introspection_cpp.hpp
[0.811s] -- Up-to-date: /home/isci/ros2_ws/install/tm_msgs/include/tm_msgs/srv/detail/set_event__rosidl_typesupport_introspection_cpp.hpp
[0.812s] -- Up-to-date: /home/isci/ros2_ws/install/tm_msgs/include/tm_msgs/srv/detail/write_item__rosidl_typesupport_introspection_cpp.hpp
[0.812s] -- Up-to-date: /home/isci/ros2_ws/install/tm_msgs/include/tm_msgs/srv/detail/ask_item__rosidl_typesupport_introspection_cpp.hpp
[0.812s] -- Up-to-date: /home/isci/ros2_ws/install/tm_msgs/include/tm_msgs/srv/detail/set_io__rosidl_typesupport_introspection_cpp.hpp
[0.812s] -- Up-to-date: /home/isci/ros2_ws/install/tm_msgs/include/tm_msgs/srv/detail/send_script__type_support.cpp
[0.812s] -- Up-to-date: /home/isci/ros2_ws/install/tm_msgs/include/tm_msgs/srv/detail/ask_item__type_support.cpp
[0.812s] -- Up-to-date: /home/isci/ros2_ws/install/tm_msgs/lib/libtm_msgs__rosidl_typesupport_introspection_cpp.so
[0.812s] -- Up-to-date: /home/isci/ros2_ws/install/tm_msgs/lib/libtm_msgs__rosidl_typesupport_cpp.so
[0.812s] -- Up-to-date: /home/isci/ros2_ws/install/tm_msgs/share/tm_msgs/environment/pythonpath.sh
[0.812s] -- Up-to-date: /home/isci/ros2_ws/install/tm_msgs/share/tm_msgs/environment/pythonpath.dsv
[0.813s] -- Up-to-date: /home/isci/ros2_ws/install/tm_msgs/lib/python3.8/site-packages/tm_msgs/__init__.py
[0.826s] -- Up-to-date: /home/isci/ros2_ws/install/tm_msgs/lib/python3.8/site-packages/tm_msgs/msg
[0.826s] -- Up-to-date: /home/isci/ros2_ws/install/tm_msgs/lib/python3.8/site-packages/tm_msgs/msg/_svr_response.py
[0.826s] -- Up-to-date: /home/isci/ros2_ws/install/tm_msgs/lib/python3.8/site-packages/tm_msgs/msg/_sct_response.py
[0.826s] -- Up-to-date: /home/isci/ros2_ws/install/tm_msgs/lib/python3.8/site-packages/tm_msgs/msg/_sta_response_s.c
[0.827s] -- Up-to-date: /home/isci/ros2_ws/install/tm_msgs/lib/python3.8/site-packages/tm_msgs/msg/_sct_response_s.c
[0.827s] -- Up-to-date: /home/isci/ros2_ws/install/tm_msgs/lib/python3.8/site-packages/tm_msgs/msg/_svr_response_s.c
[0.827s] -- Up-to-date: /home/isci/ros2_ws/install/tm_msgs/lib/python3.8/site-packages/tm_msgs/msg/_feedback_state_s.c
[0.827s] -- Up-to-date: /home/isci/ros2_ws/install/tm_msgs/lib/python3.8/site-packages/tm_msgs/msg/_feedback_state.py
[0.827s] -- Up-to-date: /home/isci/ros2_ws/install/tm_msgs/lib/python3.8/site-packages/tm_msgs/msg/__init__.py
[0.827s] -- Up-to-date: /home/isci/ros2_ws/install/tm_msgs/lib/python3.8/site-packages/tm_msgs/msg/_sta_response.py
[0.827s] -- Up-to-date: /home/isci/ros2_ws/install/tm_msgs/lib/python3.8/site-packages/tm_msgs/srv
[0.827s] -- Up-to-date: /home/isci/ros2_ws/install/tm_msgs/lib/python3.8/site-packages/tm_msgs/srv/_connect_tm_s.c
[0.827s] -- Up-to-date: /home/isci/ros2_ws/install/tm_msgs/lib/python3.8/site-packages/tm_msgs/srv/_set_io_s.c
[0.827s] -- Up-to-date: /home/isci/ros2_ws/install/tm_msgs/lib/python3.8/site-packages/tm_msgs/srv/_set_velocity.py
[0.827s] -- Up-to-date: /home/isci/ros2_ws/install/tm_msgs/lib/python3.8/site-packages/tm_msgs/srv/_set_positions.py
[0.827s] -- Up-to-date: /home/isci/ros2_ws/install/tm_msgs/lib/python3.8/site-packages/tm_msgs/srv/_write_item.py
[0.827s] -- Up-to-date: /home/isci/ros2_ws/install/tm_msgs/lib/python3.8/site-packages/tm_msgs/srv/_write_item_s.c
[0.828s] -- Up-to-date: /home/isci/ros2_ws/install/tm_msgs/lib/python3.8/site-packages/tm_msgs/srv/_set_positions_s.c
[0.828s] -- Up-to-date: /home/isci/ros2_ws/install/tm_msgs/lib/python3.8/site-packages/tm_msgs/srv/_set_event.py
[0.828s] -- Up-to-date: /home/isci/ros2_ws/install/tm_msgs/lib/python3.8/site-packages/tm_msgs/srv/_set_event_s.c
[0.828s] -- Up-to-date: /home/isci/ros2_ws/install/tm_msgs/lib/python3.8/site-packages/tm_msgs/srv/_ask_sta.py
[0.828s] -- Up-to-date: /home/isci/ros2_ws/install/tm_msgs/lib/python3.8/site-packages/tm_msgs/srv/_send_script.py
[0.828s] -- Up-to-date: /home/isci/ros2_ws/install/tm_msgs/lib/python3.8/site-packages/tm_msgs/srv/_ask_sta_s.c
[0.828s] -- Up-to-date: /home/isci/ros2_ws/install/tm_msgs/lib/python3.8/site-packages/tm_msgs/srv/__init__.py
[0.828s] -- Up-to-date: /home/isci/ros2_ws/install/tm_msgs/lib/python3.8/site-packages/tm_msgs/srv/_ask_item_s.c
[0.828s] -- Up-to-date: /home/isci/ros2_ws/install/tm_msgs/lib/python3.8/site-packages/tm_msgs/srv/_connect_tm.py
[0.828s] -- Up-to-date: /home/isci/ros2_ws/install/tm_msgs/lib/python3.8/site-packages/tm_msgs/srv/_set_velocity_s.c
[0.828s] -- Up-to-date: /home/isci/ros2_ws/install/tm_msgs/lib/python3.8/site-packages/tm_msgs/srv/_set_io.py
[0.828s] -- Up-to-date: /home/isci/ros2_ws/install/tm_msgs/lib/python3.8/site-packages/tm_msgs/srv/_ask_item.py
[0.829s] -- Up-to-date: /home/isci/ros2_ws/install/tm_msgs/lib/python3.8/site-packages/tm_msgs/srv/_send_script_s.c
[0.829s] -- Up-to-date: /home/isci/ros2_ws/install/tm_msgs/lib/python3.8/site-packages/tm_msgs/tm_msgs_s__rosidl_typesupport_fastrtps_c.cpython-38-x86_64-linux-gnu.so
[0.829s] -- Up-to-date: /home/isci/ros2_ws/install/tm_msgs/lib/python3.8/site-packages/tm_msgs/tm_msgs_s__rosidl_typesupport_introspection_c.cpython-38-x86_64-linux-gnu.so
[0.829s] -- Up-to-date: /home/isci/ros2_ws/install/tm_msgs/lib/python3.8/site-packages/tm_msgs/tm_msgs_s__rosidl_typesupport_c.cpython-38-x86_64-linux-gnu.so
[0.829s] -- Up-to-date: /home/isci/ros2_ws/install/tm_msgs/lib/libtm_msgs__python.so
[0.829s] -- Up-to-date: /home/isci/ros2_ws/install/tm_msgs/share/tm_msgs/msg/FeedbackState.idl
[0.829s] -- Up-to-date: /home/isci/ros2_ws/install/tm_msgs/share/tm_msgs/msg/SvrResponse.idl
[0.830s] -- Up-to-date: /home/isci/ros2_ws/install/tm_msgs/share/tm_msgs/msg/SctResponse.idl
[0.830s] -- Up-to-date: /home/isci/ros2_ws/install/tm_msgs/share/tm_msgs/msg/StaResponse.idl
[0.830s] -- Up-to-date: /home/isci/ros2_ws/install/tm_msgs/share/tm_msgs/srv/ConnectTM.idl
[0.830s] -- Up-to-date: /home/isci/ros2_ws/install/tm_msgs/share/tm_msgs/srv/WriteItem.idl
[0.830s] -- Up-to-date: /home/isci/ros2_ws/install/tm_msgs/share/tm_msgs/srv/AskItem.idl
[0.831s] -- Up-to-date: /home/isci/ros2_ws/install/tm_msgs/share/tm_msgs/srv/SendScript.idl
[0.831s] -- Up-to-date: /home/isci/ros2_ws/install/tm_msgs/share/tm_msgs/srv/SetEvent.idl
[0.831s] -- Up-to-date: /home/isci/ros2_ws/install/tm_msgs/share/tm_msgs/srv/SetIO.idl
[0.831s] -- Up-to-date: /home/isci/ros2_ws/install/tm_msgs/share/tm_msgs/srv/SetPositions.idl
[0.831s] -- Up-to-date: /home/isci/ros2_ws/install/tm_msgs/share/tm_msgs/srv/SetVelocity.idl
[0.831s] -- Up-to-date: /home/isci/ros2_ws/install/tm_msgs/share/tm_msgs/srv/AskSta.idl
[0.831s] -- Up-to-date: /home/isci/ros2_ws/install/tm_msgs/share/tm_msgs/msg/FeedbackState.msg
[0.831s] -- Up-to-date: /home/isci/ros2_ws/install/tm_msgs/share/tm_msgs/msg/SvrResponse.msg
[0.832s] -- Up-to-date: /home/isci/ros2_ws/install/tm_msgs/share/tm_msgs/msg/SctResponse.msg
[0.832s] -- Up-to-date: /home/isci/ros2_ws/install/tm_msgs/share/tm_msgs/msg/StaResponse.msg
[0.832s] -- Up-to-date: /home/isci/ros2_ws/install/tm_msgs/share/tm_msgs/srv/ConnectTM.srv
[0.832s] -- Up-to-date: /home/isci/ros2_ws/install/tm_msgs/share/tm_msgs/srv/ConnectTM_Request.msg
[0.832s] -- Up-to-date: /home/isci/ros2_ws/install/tm_msgs/share/tm_msgs/srv/ConnectTM_Response.msg
[0.832s] -- Up-to-date: /home/isci/ros2_ws/install/tm_msgs/share/tm_msgs/srv/WriteItem.srv
[0.832s] -- Up-to-date: /home/isci/ros2_ws/install/tm_msgs/share/tm_msgs/srv/WriteItem_Request.msg
[0.832s] -- Up-to-date: /home/isci/ros2_ws/install/tm_msgs/share/tm_msgs/srv/WriteItem_Response.msg
[0.832s] -- Up-to-date: /home/isci/ros2_ws/install/tm_msgs/share/tm_msgs/srv/AskItem.srv
[0.833s] -- Up-to-date: /home/isci/ros2_ws/install/tm_msgs/share/tm_msgs/srv/AskItem_Request.msg
[0.834s] -- Up-to-date: /home/isci/ros2_ws/install/tm_msgs/share/tm_msgs/srv/AskItem_Response.msg
[0.834s] -- Up-to-date: /home/isci/ros2_ws/install/tm_msgs/share/tm_msgs/srv/SendScript.srv
[0.834s] -- Up-to-date: /home/isci/ros2_ws/install/tm_msgs/share/tm_msgs/srv/SendScript_Request.msg
[0.835s] -- Up-to-date: /home/isci/ros2_ws/install/tm_msgs/share/tm_msgs/srv/SendScript_Response.msg
[0.835s] -- Up-to-date: /home/isci/ros2_ws/install/tm_msgs/share/tm_msgs/srv/SetEvent.srv
[0.835s] -- Up-to-date: /home/isci/ros2_ws/install/tm_msgs/share/tm_msgs/srv/SetEvent_Request.msg
[0.836s] -- Up-to-date: /home/isci/ros2_ws/install/tm_msgs/share/tm_msgs/srv/SetEvent_Response.msg
[0.836s] -- Up-to-date: /home/isci/ros2_ws/install/tm_msgs/share/tm_msgs/srv/SetIO.srv
[0.836s] -- Up-to-date: /home/isci/ros2_ws/install/tm_msgs/share/tm_msgs/srv/SetIO_Request.msg
[0.836s] -- Up-to-date: /home/isci/ros2_ws/install/tm_msgs/share/tm_msgs/srv/SetIO_Response.msg
[0.837s] -- Up-to-date: /home/isci/ros2_ws/install/tm_msgs/share/tm_msgs/srv/SetPositions.srv
[0.837s] -- Up-to-date: /home/isci/ros2_ws/install/tm_msgs/share/tm_msgs/srv/SetPositions_Request.msg
[0.837s] -- Up-to-date: /home/isci/ros2_ws/install/tm_msgs/share/tm_msgs/srv/SetPositions_Response.msg
[0.838s] -- Up-to-date: /home/isci/ros2_ws/install/tm_msgs/share/tm_msgs/srv/SetVelocity.srv
[0.838s] -- Up-to-date: /home/isci/ros2_ws/install/tm_msgs/share/tm_msgs/srv/SetVelocity_Request.msg
[0.839s] -- Up-to-date: /home/isci/ros2_ws/install/tm_msgs/share/tm_msgs/srv/SetVelocity_Response.msg
[0.839s] -- Up-to-date: /home/isci/ros2_ws/install/tm_msgs/share/tm_msgs/srv/AskSta.srv
[0.840s] -- Up-to-date: /home/isci/ros2_ws/install/tm_msgs/share/tm_msgs/srv/AskSta_Request.msg
[0.840s] -- Up-to-date: /home/isci/ros2_ws/install/tm_msgs/share/tm_msgs/srv/AskSta_Response.msg
[0.840s] -- Up-to-date: /home/isci/ros2_ws/install/tm_msgs/share/ament_index/resource_index/package_run_dependencies/tm_msgs
[0.841s] -- Up-to-date: /home/isci/ros2_ws/install/tm_msgs/share/ament_index/resource_index/parent_prefix_path/tm_msgs
[0.841s] -- Up-to-date: /home/isci/ros2_ws/install/tm_msgs/share/tm_msgs/environment/ament_prefix_path.sh
[0.841s] -- Up-to-date: /home/isci/ros2_ws/install/tm_msgs/share/tm_msgs/environment/ament_prefix_path.dsv
[0.841s] -- Up-to-date: /home/isci/ros2_ws/install/tm_msgs/share/tm_msgs/environment/path.sh
[0.842s] -- Up-to-date: /home/isci/ros2_ws/install/tm_msgs/share/tm_msgs/environment/path.dsv
[0.842s] -- Up-to-date: /home/isci/ros2_ws/install/tm_msgs/share/tm_msgs/local_setup.bash
[0.842s] -- Up-to-date: /home/isci/ros2_ws/install/tm_msgs/share/tm_msgs/local_setup.sh
[0.843s] -- Up-to-date: /home/isci/ros2_ws/install/tm_msgs/share/tm_msgs/local_setup.zsh
[0.843s] -- Up-to-date: /home/isci/ros2_ws/install/tm_msgs/share/tm_msgs/local_setup.dsv
[0.843s] -- Installing: /home/isci/ros2_ws/install/tm_msgs/share/tm_msgs/package.dsv
[0.843s] -- Up-to-date: /home/isci/ros2_ws/install/tm_msgs/share/ament_index/resource_index/packages/tm_msgs
[0.844s] -- Up-to-date: /home/isci/ros2_ws/install/tm_msgs/share/tm_msgs/cmake/tm_msgs__rosidl_generator_cExport.cmake
[0.844s] -- Up-to-date: /home/isci/ros2_ws/install/tm_msgs/share/tm_msgs/cmake/tm_msgs__rosidl_generator_cExport-noconfig.cmake
[0.844s] -- Up-to-date: /home/isci/ros2_ws/install/tm_msgs/share/tm_msgs/cmake/tm_msgs__rosidl_typesupport_introspection_cExport.cmake
[0.845s] -- Up-to-date: /home/isci/ros2_ws/install/tm_msgs/share/tm_msgs/cmake/tm_msgs__rosidl_typesupport_introspection_cExport-noconfig.cmake
[0.845s] -- Up-to-date: /home/isci/ros2_ws/install/tm_msgs/share/tm_msgs/cmake/tm_msgs__rosidl_typesupport_cExport.cmake
[0.845s] -- Up-to-date: /home/isci/ros2_ws/install/tm_msgs/share/tm_msgs/cmake/tm_msgs__rosidl_typesupport_cExport-noconfig.cmake
[0.847s] -- Up-to-date: /home/isci/ros2_ws/install/tm_msgs/share/tm_msgs/cmake/tm_msgs__rosidl_generator_cppExport.cmake
[0.848s] -- Up-to-date: /home/isci/ros2_ws/install/tm_msgs/share/tm_msgs/cmake/tm_msgs__rosidl_typesupport_introspection_cppExport.cmake
[0.848s] -- Up-to-date: /home/isci/ros2_ws/install/tm_msgs/share/tm_msgs/cmake/tm_msgs__rosidl_typesupport_introspection_cppExport-noconfig.cmake
[0.849s] -- Up-to-date: /home/isci/ros2_ws/install/tm_msgs/share/tm_msgs/cmake/tm_msgs__rosidl_typesupport_cppExport.cmake
[0.850s] -- Up-to-date: /home/isci/ros2_ws/install/tm_msgs/share/tm_msgs/cmake/tm_msgs__rosidl_typesupport_cppExport-noconfig.cmake
[0.850s] -- Up-to-date: /home/isci/ros2_ws/install/tm_msgs/share/tm_msgs/cmake/rosidl_cmake-extras.cmake
[0.852s] -- Up-to-date: /home/isci/ros2_ws/install/tm_msgs/share/tm_msgs/cmake/ament_cmake_export_dependencies-extras.cmake
[0.852s] -- Up-to-date: /home/isci/ros2_ws/install/tm_msgs/share/tm_msgs/cmake/ament_cmake_export_libraries-extras.cmake
[0.852s] -- Up-to-date: /home/isci/ros2_ws/install/tm_msgs/share/tm_msgs/cmake/ament_cmake_export_targets-extras.cmake
[0.853s] -- Up-to-date: /home/isci/ros2_ws/install/tm_msgs/share/tm_msgs/cmake/ament_cmake_export_include_directories-extras.cmake
[0.853s] -- Up-to-date: /home/isci/ros2_ws/install/tm_msgs/share/tm_msgs/cmake/rosidl_cmake_export_typesupport_libraries-extras.cmake
[0.853s] -- Up-to-date: /home/isci/ros2_ws/install/tm_msgs/share/tm_msgs/cmake/rosidl_cmake_export_typesupport_targets-extras.cmake
[0.853s] -- Up-to-date: /home/isci/ros2_ws/install/tm_msgs/share/tm_msgs/cmake/tm_msgsConfig.cmake
[0.853s] -- Up-to-date: /home/isci/ros2_ws/install/tm_msgs/share/tm_msgs/cmake/tm_msgsConfig-version.cmake
[0.854s] -- Up-to-date: /home/isci/ros2_ws/install/tm_msgs/share/tm_msgs/package.xml
[0.854s] Invoked command in '/home/isci/ros2_ws/build/tm_msgs' returned '0': CMAKE_PREFIX_PATH=${CMAKE_PREFIX_PATH}:/home/isci/ros2_ws/install/tm_mod_urdf:/home/isci/ros2_ws/install/tm_get_status:/opt/ros/foxy /usr/bin/cmake --install /home/isci/ros2_ws/build/tm_msgs
