[0.033s] Invoking command in '/home/isci/ros2_ws/build/tm_driver': CMAKE_PREFIX_PATH=/home/isci/ros2_ws/install/tm_msgs:/home/isci/ros2_ws/install/ui_for_debug_and_demo:/home/isci/ros2_ws/install/tm_driver:/home/isci/ros2_ws/install/robot_control:/home/isci/ros2_ws/install/demo:/home/isci/ros2_ws/install/tm_moveit_cpp_demo:/home/isci/ros2_ws/install/tm_moveit_config_tm5-900:/home/isci/ros2_ws/install/tm_kinematics:/home/isci/ros2_ws/install/tm_description:/home/isci/ros2_ws/install/custom_package:/home/isci/ros2_ws/install/techman_robot_msgs:/home/isci/ros2_ws/install/tm_mod_urdf:/home/isci/ros2_ws/install/tm_get_status:/opt/ros/foxy /usr/bin/cmake --build /home/isci/ros2_ws/build/tm_driver -- -j12 -l12
[0.146s] [100%] Built target tm_driver
[0.160s] Invoked command in '/home/isci/ros2_ws/build/tm_driver' returned '0': CMAKE_PREFIX_PATH=/home/isci/ros2_ws/install/tm_msgs:/home/isci/ros2_ws/install/ui_for_debug_and_demo:/home/isci/ros2_ws/install/tm_driver:/home/isci/ros2_ws/install/robot_control:/home/isci/ros2_ws/install/demo:/home/isci/ros2_ws/install/tm_moveit_cpp_demo:/home/isci/ros2_ws/install/tm_moveit_config_tm5-900:/home/isci/ros2_ws/install/tm_kinematics:/home/isci/ros2_ws/install/tm_description:/home/isci/ros2_ws/install/custom_package:/home/isci/ros2_ws/install/techman_robot_msgs:/home/isci/ros2_ws/install/tm_mod_urdf:/home/isci/ros2_ws/install/tm_get_status:/opt/ros/foxy /usr/bin/cmake --build /home/isci/ros2_ws/build/tm_driver -- -j12 -l12
[0.204s] Invoking command in '/home/isci/ros2_ws/build/tm_driver': CMAKE_PREFIX_PATH=/home/isci/ros2_ws/install/tm_msgs:/home/isci/ros2_ws/install/ui_for_debug_and_demo:/home/isci/ros2_ws/install/tm_driver:/home/isci/ros2_ws/install/robot_control:/home/isci/ros2_ws/install/demo:/home/isci/ros2_ws/install/tm_moveit_cpp_demo:/home/isci/ros2_ws/install/tm_moveit_config_tm5-900:/home/isci/ros2_ws/install/tm_kinematics:/home/isci/ros2_ws/install/tm_description:/home/isci/ros2_ws/install/custom_package:/home/isci/ros2_ws/install/techman_robot_msgs:/home/isci/ros2_ws/install/tm_mod_urdf:/home/isci/ros2_ws/install/tm_get_status:/opt/ros/foxy /usr/bin/cmake --install /home/isci/ros2_ws/build/tm_driver
[0.215s] -- Install configuration: ""
[0.215s] -- Up-to-date: /home/isci/ros2_ws/install/tm_driver/lib/tm_driver/tm_driver
[0.215s] -- Up-to-date: /home/isci/ros2_ws/install/tm_driver/share/tm_driver/launch
[0.215s] -- Up-to-date: /home/isci/ros2_ws/install/tm_driver/share/tm_driver/launch/tm5-900_bringup.launch.py
[0.216s] -- Up-to-date: /home/isci/ros2_ws/install/tm_driver/share/tm_driver/launch/tm_bringup.launch.py
[0.216s] -- Up-to-date: /home/isci/ros2_ws/install/tm_driver/share/tm_driver/rviz
[0.216s] -- Up-to-date: /home/isci/ros2_ws/install/tm_driver/share/tm_driver/rviz/bringup.rviz
[0.216s] -- Up-to-date: /home/isci/ros2_ws/install/tm_driver/share/ament_index/resource_index/package_run_dependencies/tm_driver
[0.216s] -- Up-to-date: /home/isci/ros2_ws/install/tm_driver/share/ament_index/resource_index/parent_prefix_path/tm_driver
[0.216s] -- Up-to-date: /home/isci/ros2_ws/install/tm_driver/share/tm_driver/environment/ament_prefix_path.sh
[0.217s] -- Up-to-date: /home/isci/ros2_ws/install/tm_driver/share/tm_driver/environment/ament_prefix_path.dsv
[0.217s] -- Up-to-date: /home/isci/ros2_ws/install/tm_driver/share/tm_driver/environment/path.sh
[0.217s] -- Up-to-date: /home/isci/ros2_ws/install/tm_driver/share/tm_driver/environment/path.dsv
[0.217s] -- Up-to-date: /home/isci/ros2_ws/install/tm_driver/share/tm_driver/local_setup.bash
[0.217s] -- Up-to-date: /home/isci/ros2_ws/install/tm_driver/share/tm_driver/local_setup.sh
[0.217s] -- Up-to-date: /home/isci/ros2_ws/install/tm_driver/share/tm_driver/local_setup.zsh
[0.218s] -- Up-to-date: /home/isci/ros2_ws/install/tm_driver/share/tm_driver/local_setup.dsv
[0.218s] -- Installing: /home/isci/ros2_ws/install/tm_driver/share/tm_driver/package.dsv
[0.219s] -- Up-to-date: /home/isci/ros2_ws/install/tm_driver/share/ament_index/resource_index/packages/tm_driver
[0.219s] -- Up-to-date: /home/isci/ros2_ws/install/tm_driver/share/tm_driver/cmake/tm_driverConfig.cmake
[0.219s] -- Up-to-date: /home/isci/ros2_ws/install/tm_driver/share/tm_driver/cmake/tm_driverConfig-version.cmake
[0.219s] -- Up-to-date: /home/isci/ros2_ws/install/tm_driver/share/tm_driver/package.xml
[0.220s] Invoked command in '/home/isci/ros2_ws/build/tm_driver' returned '0': CMAKE_PREFIX_PATH=/home/isci/ros2_ws/install/tm_msgs:/home/isci/ros2_ws/install/ui_for_debug_and_demo:/home/isci/ros2_ws/install/tm_driver:/home/isci/ros2_ws/install/robot_control:/home/isci/ros2_ws/install/demo:/home/isci/ros2_ws/install/tm_moveit_cpp_demo:/home/isci/ros2_ws/install/tm_moveit_config_tm5-900:/home/isci/ros2_ws/install/tm_kinematics:/home/isci/ros2_ws/install/tm_description:/home/isci/ros2_ws/install/custom_package:/home/isci/ros2_ws/install/techman_robot_msgs:/home/isci/ros2_ws/install/tm_mod_urdf:/home/isci/ros2_ws/install/tm_get_status:/opt/ros/foxy /usr/bin/cmake --install /home/isci/ros2_ws/build/tm_driver
