[0.926s] Invoking command in '/home/isci/ros2_ws/src/tmr_ros2/techman_robot_get_status': PYTHONPATH=/home/isci/ros2_ws/build/tm_get_status/prefix_override:/home/isci/ros2_ws/install/tm_get_status/lib/python3.8/site-packages:${PYTHONPATH} /usr/bin/python3 -W ignore:setup.py install is deprecated setup.py egg_info --egg-base ../../../build/tm_get_status build --build-base /home/isci/ros2_ws/build/tm_get_status/build install --record /home/isci/ros2_ws/build/tm_get_status/install.log --single-version-externally-managed install_data
[1.150s] running egg_info
[1.150s] creating ../../../build/tm_get_status/tm_get_status.egg-info
[1.151s] writing ../../../build/tm_get_status/tm_get_status.egg-info/PKG-INFO
[1.151s] writing dependency_links to ../../../build/tm_get_status/tm_get_status.egg-info/dependency_links.txt
[1.151s] writing entry points to ../../../build/tm_get_status/tm_get_status.egg-info/entry_points.txt
[1.151s] writing requirements to ../../../build/tm_get_status/tm_get_status.egg-info/requires.txt
[1.151s] writing top-level names to ../../../build/tm_get_status/tm_get_status.egg-info/top_level.txt
[1.153s] writing manifest file '../../../build/tm_get_status/tm_get_status.egg-info/SOURCES.txt'
[1.202s] reading manifest file '../../../build/tm_get_status/tm_get_status.egg-info/SOURCES.txt'
[1.203s] writing manifest file '../../../build/tm_get_status/tm_get_status.egg-info/SOURCES.txt'
[1.203s] running build
[1.203s] running build_py
[1.203s] creating /home/isci/ros2_ws/build/tm_get_status/build
[1.203s] creating /home/isci/ros2_ws/build/tm_get_status/build/lib
[1.204s] creating /home/isci/ros2_ws/build/tm_get_status/build/lib/tm_get_status
[1.204s] copying tm_get_status/get_status.py -> /home/isci/ros2_ws/build/tm_get_status/build/lib/tm_get_status
[1.204s] copying tm_get_status/image_pub.py -> /home/isci/ros2_ws/build/tm_get_status/build/lib/tm_get_status
[1.204s] copying tm_get_status/__init__.py -> /home/isci/ros2_ws/build/tm_get_status/build/lib/tm_get_status
[1.204s] copying tm_get_status/translate_jason_to_list.py -> /home/isci/ros2_ws/build/tm_get_status/build/lib/tm_get_status
[1.204s] running install
[1.205s] running install_lib
[1.206s] creating /home/isci/ros2_ws/install/tm_get_status/lib/python3.8/site-packages/tm_get_status
[1.206s] copying /home/isci/ros2_ws/build/tm_get_status/build/lib/tm_get_status/get_status.py -> /home/isci/ros2_ws/install/tm_get_status/lib/python3.8/site-packages/tm_get_status
[1.206s] copying /home/isci/ros2_ws/build/tm_get_status/build/lib/tm_get_status/image_pub.py -> /home/isci/ros2_ws/install/tm_get_status/lib/python3.8/site-packages/tm_get_status
[1.206s] copying /home/isci/ros2_ws/build/tm_get_status/build/lib/tm_get_status/__init__.py -> /home/isci/ros2_ws/install/tm_get_status/lib/python3.8/site-packages/tm_get_status
[1.206s] copying /home/isci/ros2_ws/build/tm_get_status/build/lib/tm_get_status/translate_jason_to_list.py -> /home/isci/ros2_ws/install/tm_get_status/lib/python3.8/site-packages/tm_get_status
[1.207s] byte-compiling /home/isci/ros2_ws/install/tm_get_status/lib/python3.8/site-packages/tm_get_status/get_status.py to get_status.cpython-38.pyc
[1.209s] byte-compiling /home/isci/ros2_ws/install/tm_get_status/lib/python3.8/site-packages/tm_get_status/image_pub.py to image_pub.cpython-38.pyc
[1.210s] byte-compiling /home/isci/ros2_ws/install/tm_get_status/lib/python3.8/site-packages/tm_get_status/__init__.py to __init__.cpython-38.pyc
[1.210s] byte-compiling /home/isci/ros2_ws/install/tm_get_status/lib/python3.8/site-packages/tm_get_status/translate_jason_to_list.py to translate_jason_to_list.cpython-38.pyc
[1.211s] running install_data
[1.211s] creating /home/isci/ros2_ws/install/tm_get_status/share/ament_index
[1.211s] creating /home/isci/ros2_ws/install/tm_get_status/share/ament_index/resource_index
[1.211s] creating /home/isci/ros2_ws/install/tm_get_status/share/ament_index/resource_index/packages
[1.212s] copying resource/tm_get_status -> /home/isci/ros2_ws/install/tm_get_status/share/ament_index/resource_index/packages
[1.212s] copying package.xml -> /home/isci/ros2_ws/install/tm_get_status/share/tm_get_status
[1.212s] running install_egg_info
[1.213s] Copying ../../../build/tm_get_status/tm_get_status.egg-info to /home/isci/ros2_ws/install/tm_get_status/lib/python3.8/site-packages/tm_get_status-1.0.0-py3.8.egg-info
[1.213s] running install_scripts
[1.230s] Installing image_talker script to /home/isci/ros2_ws/install/tm_get_status/lib/tm_get_status
[1.230s] Installing status_talker script to /home/isci/ros2_ws/install/tm_get_status/lib/tm_get_status
[1.230s] writing list of installed files to '/home/isci/ros2_ws/build/tm_get_status/install.log'
[1.254s] Invoked command in '/home/isci/ros2_ws/src/tmr_ros2/techman_robot_get_status' returned '0': PYTHONPATH=/home/isci/ros2_ws/build/tm_get_status/prefix_override:/home/isci/ros2_ws/install/tm_get_status/lib/python3.8/site-packages:${PYTHONPATH} /usr/bin/python3 -W ignore:setup.py install is deprecated setup.py egg_info --egg-base ../../../build/tm_get_status build --build-base /home/isci/ros2_ws/build/tm_get_status/build install --record /home/isci/ros2_ws/build/tm_get_status/install.log --single-version-externally-managed install_data
