[0.079s] Invoking command in '/home/isci/ros2_ws/build/techman_robot_msgs': CMAKE_PREFIX_PATH=${CMAKE_PREFIX_PATH}:/home/isci/ros2_ws/install/tm_mod_urdf:/home/isci/ros2_ws/install/tm_get_status:/opt/ros/foxy /usr/bin/cmake --build /home/isci/ros2_ws/build/techman_robot_msgs -- -j12 -l12
[0.699s] [  3%] Built target techman_robot_msgs__cpp
[0.699s] [ 12%] Built target techman_robot_msgs__rosidl_generator_c
[0.700s] [ 22%] Built target techman_robot_msgs__rosidl_typesupport_introspection_cpp
[0.700s] [ 32%] Built target techman_robot_msgs__rosidl_typesupport_cpp
[0.700s] [ 41%] Built target techman_robot_msgs__rosidl_typesupport_c
[0.702s] [ 51%] Built target techman_robot_msgs__rosidl_typesupport_introspection_c
[0.703s] [ 61%] Built target techman_robot_msgs__rosidl_typesupport_fastrtps_cpp
[0.703s] [ 70%] Built target techman_robot_msgs__rosidl_typesupport_fastrtps_c
[0.705s] [ 70%] Built target techman_robot_msgs
[0.706s] [ 74%] Built target techman_robot_msgs__py
[0.706s] [ 80%] Built target techman_robot_msgs__python
[0.706s] [ 87%] Built target techman_robot_msgs__rosidl_typesupport_c__pyext
[0.707s] [ 93%] Built target techman_robot_msgs__rosidl_typesupport_fastrtps_c__pyext
[0.707s] [100%] Built target techman_robot_msgs__rosidl_typesupport_introspection_c__pyext
[0.711s] Invoked command in '/home/isci/ros2_ws/build/techman_robot_msgs' returned '0': CMAKE_PREFIX_PATH=${CMAKE_PREFIX_PATH}:/home/isci/ros2_ws/install/tm_mod_urdf:/home/isci/ros2_ws/install/tm_get_status:/opt/ros/foxy /usr/bin/cmake --build /home/isci/ros2_ws/build/techman_robot_msgs -- -j12 -l12
[0.788s] Invoking command in '/home/isci/ros2_ws/build/techman_robot_msgs': CMAKE_PREFIX_PATH=${CMAKE_PREFIX_PATH}:/home/isci/ros2_ws/install/tm_mod_urdf:/home/isci/ros2_ws/install/tm_get_status:/opt/ros/foxy /usr/bin/cmake --install /home/isci/ros2_ws/build/techman_robot_msgs
[0.795s] -- Install configuration: ""
[0.795s] -- Up-to-date: /home/isci/ros2_ws/install/techman_robot_msgs/share/ament_index/resource_index/rosidl_interfaces/techman_robot_msgs
[0.795s] -- Up-to-date: /home/isci/ros2_ws/install/techman_robot_msgs/include/techman_robot_msgs
[0.795s] -- Up-to-date: /home/isci/ros2_ws/install/techman_robot_msgs/include/techman_robot_msgs/msg
[0.796s] -- Up-to-date: /home/isci/ros2_ws/install/techman_robot_msgs/include/techman_robot_msgs/msg/rosidl_generator_c__visibility_control.h
[0.796s] -- Up-to-date: /home/isci/ros2_ws/install/techman_robot_msgs/include/techman_robot_msgs/srv
[0.797s] -- Up-to-date: /home/isci/ros2_ws/install/techman_robot_msgs/include/techman_robot_msgs/srv/detail
[0.797s] -- Up-to-date: /home/isci/ros2_ws/install/techman_robot_msgs/include/techman_robot_msgs/srv/detail/techman_robot_command__type_support.h
[0.797s] -- Up-to-date: /home/isci/ros2_ws/install/techman_robot_msgs/include/techman_robot_msgs/srv/detail/techman_robot_command__functions.h
[0.797s] -- Up-to-date: /home/isci/ros2_ws/install/techman_robot_msgs/include/techman_robot_msgs/srv/detail/techman_robot_command__struct.h
[0.797s] -- Up-to-date: /home/isci/ros2_ws/install/techman_robot_msgs/include/techman_robot_msgs/srv/detail/techman_robot_command__functions.c
[0.797s] -- Up-to-date: /home/isci/ros2_ws/install/techman_robot_msgs/include/techman_robot_msgs/srv/techman_robot_command.h
[0.797s] -- Up-to-date: /home/isci/ros2_ws/install/techman_robot_msgs/share/techman_robot_msgs/environment/library_path.sh
[0.797s] -- Up-to-date: /home/isci/ros2_ws/install/techman_robot_msgs/share/techman_robot_msgs/environment/library_path.dsv
[0.797s] -- Up-to-date: /home/isci/ros2_ws/install/techman_robot_msgs/lib/libtechman_robot_msgs__rosidl_generator_c.so
[0.797s] -- Up-to-date: /home/isci/ros2_ws/install/techman_robot_msgs/include/techman_robot_msgs
[0.797s] -- Up-to-date: /home/isci/ros2_ws/install/techman_robot_msgs/include/techman_robot_msgs/msg
[0.798s] -- Up-to-date: /home/isci/ros2_ws/install/techman_robot_msgs/include/techman_robot_msgs/msg/rosidl_typesupport_fastrtps_c__visibility_control.h
[0.798s] -- Up-to-date: /home/isci/ros2_ws/install/techman_robot_msgs/include/techman_robot_msgs/srv
[0.798s] -- Up-to-date: /home/isci/ros2_ws/install/techman_robot_msgs/include/techman_robot_msgs/srv/detail
[0.798s] -- Up-to-date: /home/isci/ros2_ws/install/techman_robot_msgs/include/techman_robot_msgs/srv/detail/techman_robot_command__rosidl_typesupport_fastrtps_c.h
[0.798s] -- Up-to-date: /home/isci/ros2_ws/install/techman_robot_msgs/lib/libtechman_robot_msgs__rosidl_typesupport_fastrtps_c.so
[0.799s] -- Up-to-date: /home/isci/ros2_ws/install/techman_robot_msgs/include/techman_robot_msgs
[0.799s] -- Up-to-date: /home/isci/ros2_ws/install/techman_robot_msgs/include/techman_robot_msgs/msg
[0.799s] -- Up-to-date: /home/isci/ros2_ws/install/techman_robot_msgs/include/techman_robot_msgs/msg/rosidl_typesupport_fastrtps_cpp__visibility_control.h
[0.799s] -- Up-to-date: /home/isci/ros2_ws/install/techman_robot_msgs/include/techman_robot_msgs/srv
[0.799s] -- Up-to-date: /home/isci/ros2_ws/install/techman_robot_msgs/include/techman_robot_msgs/srv/detail
[0.799s] -- Up-to-date: /home/isci/ros2_ws/install/techman_robot_msgs/include/techman_robot_msgs/srv/detail/techman_robot_command__rosidl_typesupport_fastrtps_cpp.hpp
[0.799s] -- Up-to-date: /home/isci/ros2_ws/install/techman_robot_msgs/include/techman_robot_msgs/srv/detail/dds_fastrtps
[0.800s] -- Up-to-date: /home/isci/ros2_ws/install/techman_robot_msgs/lib/libtechman_robot_msgs__rosidl_typesupport_fastrtps_cpp.so
[0.800s] -- Up-to-date: /home/isci/ros2_ws/install/techman_robot_msgs/include/techman_robot_msgs
[0.800s] -- Up-to-date: /home/isci/ros2_ws/install/techman_robot_msgs/include/techman_robot_msgs/msg
[0.800s] -- Up-to-date: /home/isci/ros2_ws/install/techman_robot_msgs/include/techman_robot_msgs/msg/rosidl_typesupport_introspection_c__visibility_control.h
[0.800s] -- Up-to-date: /home/isci/ros2_ws/install/techman_robot_msgs/include/techman_robot_msgs/srv
[0.800s] -- Up-to-date: /home/isci/ros2_ws/install/techman_robot_msgs/include/techman_robot_msgs/srv/detail
[0.800s] -- Up-to-date: /home/isci/ros2_ws/install/techman_robot_msgs/include/techman_robot_msgs/srv/detail/techman_robot_command__type_support.c
[0.800s] -- Up-to-date: /home/isci/ros2_ws/install/techman_robot_msgs/include/techman_robot_msgs/srv/detail/techman_robot_command__rosidl_typesupport_introspection_c.h
[0.800s] -- Up-to-date: /home/isci/ros2_ws/install/techman_robot_msgs/lib/libtechman_robot_msgs__rosidl_typesupport_introspection_c.so
[0.800s] -- Up-to-date: /home/isci/ros2_ws/install/techman_robot_msgs/lib/libtechman_robot_msgs__rosidl_typesupport_c.so
[0.800s] -- Up-to-date: /home/isci/ros2_ws/install/techman_robot_msgs/include/techman_robot_msgs
[0.800s] -- Up-to-date: /home/isci/ros2_ws/install/techman_robot_msgs/include/techman_robot_msgs/msg
[0.800s] -- Up-to-date: /home/isci/ros2_ws/install/techman_robot_msgs/include/techman_robot_msgs/msg/rosidl_generator_cpp__visibility_control.hpp
[0.801s] -- Up-to-date: /home/isci/ros2_ws/install/techman_robot_msgs/include/techman_robot_msgs/srv
[0.801s] -- Up-to-date: /home/isci/ros2_ws/install/techman_robot_msgs/include/techman_robot_msgs/srv/detail
[0.801s] -- Up-to-date: /home/isci/ros2_ws/install/techman_robot_msgs/include/techman_robot_msgs/srv/detail/techman_robot_command__type_support.hpp
[0.801s] -- Up-to-date: /home/isci/ros2_ws/install/techman_robot_msgs/include/techman_robot_msgs/srv/detail/techman_robot_command__struct.hpp
[0.801s] -- Up-to-date: /home/isci/ros2_ws/install/techman_robot_msgs/include/techman_robot_msgs/srv/detail/techman_robot_command__traits.hpp
[0.801s] -- Up-to-date: /home/isci/ros2_ws/install/techman_robot_msgs/include/techman_robot_msgs/srv/detail/techman_robot_command__builder.hpp
[0.802s] -- Up-to-date: /home/isci/ros2_ws/install/techman_robot_msgs/include/techman_robot_msgs/srv/techman_robot_command.hpp
[0.802s] -- Up-to-date: /home/isci/ros2_ws/install/techman_robot_msgs/include/techman_robot_msgs
[0.802s] -- Up-to-date: /home/isci/ros2_ws/install/techman_robot_msgs/include/techman_robot_msgs/srv
[0.803s] -- Up-to-date: /home/isci/ros2_ws/install/techman_robot_msgs/include/techman_robot_msgs/srv/detail
[0.803s] -- Up-to-date: /home/isci/ros2_ws/install/techman_robot_msgs/include/techman_robot_msgs/srv/detail/techman_robot_command__type_support.cpp
[0.803s] -- Up-to-date: /home/isci/ros2_ws/install/techman_robot_msgs/include/techman_robot_msgs/srv/detail/techman_robot_command__rosidl_typesupport_introspection_cpp.hpp
[0.803s] -- Up-to-date: /home/isci/ros2_ws/install/techman_robot_msgs/lib/libtechman_robot_msgs__rosidl_typesupport_introspection_cpp.so
[0.803s] -- Up-to-date: /home/isci/ros2_ws/install/techman_robot_msgs/lib/libtechman_robot_msgs__rosidl_typesupport_cpp.so
[0.804s] -- Up-to-date: /home/isci/ros2_ws/install/techman_robot_msgs/share/techman_robot_msgs/environment/pythonpath.sh
[0.804s] -- Up-to-date: /home/isci/ros2_ws/install/techman_robot_msgs/share/techman_robot_msgs/environment/pythonpath.dsv
[0.804s] -- Up-to-date: /home/isci/ros2_ws/install/techman_robot_msgs/lib/python3.8/site-packages/techman_robot_msgs/__init__.py
[0.844s] -- Up-to-date: /home/isci/ros2_ws/install/techman_robot_msgs/lib/python3.8/site-packages/techman_robot_msgs/srv
[0.845s] -- Up-to-date: /home/isci/ros2_ws/install/techman_robot_msgs/lib/python3.8/site-packages/techman_robot_msgs/srv/_techman_robot_command.py
[0.845s] -- Up-to-date: /home/isci/ros2_ws/install/techman_robot_msgs/lib/python3.8/site-packages/techman_robot_msgs/srv/__init__.py
[0.845s] -- Up-to-date: /home/isci/ros2_ws/install/techman_robot_msgs/lib/python3.8/site-packages/techman_robot_msgs/srv/_techman_robot_command_s.c
[0.845s] -- Up-to-date: /home/isci/ros2_ws/install/techman_robot_msgs/lib/python3.8/site-packages/techman_robot_msgs/techman_robot_msgs_s__rosidl_typesupport_fastrtps_c.cpython-38-x86_64-linux-gnu.so
[0.845s] -- Up-to-date: /home/isci/ros2_ws/install/techman_robot_msgs/lib/python3.8/site-packages/techman_robot_msgs/techman_robot_msgs_s__rosidl_typesupport_introspection_c.cpython-38-x86_64-linux-gnu.so
[0.845s] -- Up-to-date: /home/isci/ros2_ws/install/techman_robot_msgs/lib/python3.8/site-packages/techman_robot_msgs/techman_robot_msgs_s__rosidl_typesupport_c.cpython-38-x86_64-linux-gnu.so
[0.846s] -- Up-to-date: /home/isci/ros2_ws/install/techman_robot_msgs/lib/libtechman_robot_msgs__python.so
[0.846s] -- Up-to-date: /home/isci/ros2_ws/install/techman_robot_msgs/share/techman_robot_msgs/srv/TechmanRobotCommand.idl
[0.846s] -- Up-to-date: /home/isci/ros2_ws/install/techman_robot_msgs/share/techman_robot_msgs/srv/TechmanRobotCommand.srv
[0.846s] -- Up-to-date: /home/isci/ros2_ws/install/techman_robot_msgs/share/techman_robot_msgs/srv/TechmanRobotCommand_Request.msg
[0.846s] -- Up-to-date: /home/isci/ros2_ws/install/techman_robot_msgs/share/techman_robot_msgs/srv/TechmanRobotCommand_Response.msg
[0.847s] -- Up-to-date: /home/isci/ros2_ws/install/techman_robot_msgs/share/ament_index/resource_index/package_run_dependencies/techman_robot_msgs
[0.847s] -- Up-to-date: /home/isci/ros2_ws/install/techman_robot_msgs/share/ament_index/resource_index/parent_prefix_path/techman_robot_msgs
[0.847s] -- Up-to-date: /home/isci/ros2_ws/install/techman_robot_msgs/share/techman_robot_msgs/environment/ament_prefix_path.sh
[0.847s] -- Up-to-date: /home/isci/ros2_ws/install/techman_robot_msgs/share/techman_robot_msgs/environment/ament_prefix_path.dsv
[0.847s] -- Up-to-date: /home/isci/ros2_ws/install/techman_robot_msgs/share/techman_robot_msgs/environment/path.sh
[0.847s] -- Up-to-date: /home/isci/ros2_ws/install/techman_robot_msgs/share/techman_robot_msgs/environment/path.dsv
[0.848s] -- Up-to-date: /home/isci/ros2_ws/install/techman_robot_msgs/share/techman_robot_msgs/local_setup.bash
[0.848s] -- Up-to-date: /home/isci/ros2_ws/install/techman_robot_msgs/share/techman_robot_msgs/local_setup.sh
[0.848s] -- Up-to-date: /home/isci/ros2_ws/install/techman_robot_msgs/share/techman_robot_msgs/local_setup.zsh
[0.848s] -- Up-to-date: /home/isci/ros2_ws/install/techman_robot_msgs/share/techman_robot_msgs/local_setup.dsv
[0.848s] -- Installing: /home/isci/ros2_ws/install/techman_robot_msgs/share/techman_robot_msgs/package.dsv
[0.848s] -- Up-to-date: /home/isci/ros2_ws/install/techman_robot_msgs/share/ament_index/resource_index/packages/techman_robot_msgs
[0.849s] -- Up-to-date: /home/isci/ros2_ws/install/techman_robot_msgs/share/techman_robot_msgs/cmake/techman_robot_msgs__rosidl_generator_cExport.cmake
[0.849s] -- Up-to-date: /home/isci/ros2_ws/install/techman_robot_msgs/share/techman_robot_msgs/cmake/techman_robot_msgs__rosidl_generator_cExport-noconfig.cmake
[0.849s] -- Up-to-date: /home/isci/ros2_ws/install/techman_robot_msgs/share/techman_robot_msgs/cmake/techman_robot_msgs__rosidl_typesupport_introspection_cExport.cmake
[0.849s] -- Up-to-date: /home/isci/ros2_ws/install/techman_robot_msgs/share/techman_robot_msgs/cmake/techman_robot_msgs__rosidl_typesupport_introspection_cExport-noconfig.cmake
[0.850s] -- Up-to-date: /home/isci/ros2_ws/install/techman_robot_msgs/share/techman_robot_msgs/cmake/techman_robot_msgs__rosidl_typesupport_cExport.cmake
[0.850s] -- Up-to-date: /home/isci/ros2_ws/install/techman_robot_msgs/share/techman_robot_msgs/cmake/techman_robot_msgs__rosidl_typesupport_cExport-noconfig.cmake
[0.850s] -- Up-to-date: /home/isci/ros2_ws/install/techman_robot_msgs/share/techman_robot_msgs/cmake/techman_robot_msgs__rosidl_generator_cppExport.cmake
[0.850s] -- Up-to-date: /home/isci/ros2_ws/install/techman_robot_msgs/share/techman_robot_msgs/cmake/techman_robot_msgs__rosidl_typesupport_introspection_cppExport.cmake
[0.850s] -- Up-to-date: /home/isci/ros2_ws/install/techman_robot_msgs/share/techman_robot_msgs/cmake/techman_robot_msgs__rosidl_typesupport_introspection_cppExport-noconfig.cmake
[0.850s] -- Up-to-date: /home/isci/ros2_ws/install/techman_robot_msgs/share/techman_robot_msgs/cmake/techman_robot_msgs__rosidl_typesupport_cppExport.cmake
[0.850s] -- Up-to-date: /home/isci/ros2_ws/install/techman_robot_msgs/share/techman_robot_msgs/cmake/techman_robot_msgs__rosidl_typesupport_cppExport-noconfig.cmake
[0.850s] -- Up-to-date: /home/isci/ros2_ws/install/techman_robot_msgs/share/techman_robot_msgs/cmake/rosidl_cmake-extras.cmake
[0.851s] -- Up-to-date: /home/isci/ros2_ws/install/techman_robot_msgs/share/techman_robot_msgs/cmake/ament_cmake_export_dependencies-extras.cmake
[0.851s] -- Up-to-date: /home/isci/ros2_ws/install/techman_robot_msgs/share/techman_robot_msgs/cmake/ament_cmake_export_libraries-extras.cmake
[0.851s] -- Up-to-date: /home/isci/ros2_ws/install/techman_robot_msgs/share/techman_robot_msgs/cmake/ament_cmake_export_targets-extras.cmake
[0.851s] -- Up-to-date: /home/isci/ros2_ws/install/techman_robot_msgs/share/techman_robot_msgs/cmake/ament_cmake_export_include_directories-extras.cmake
[0.852s] -- Up-to-date: /home/isci/ros2_ws/install/techman_robot_msgs/share/techman_robot_msgs/cmake/rosidl_cmake_export_typesupport_libraries-extras.cmake
[0.853s] -- Up-to-date: /home/isci/ros2_ws/install/techman_robot_msgs/share/techman_robot_msgs/cmake/rosidl_cmake_export_typesupport_targets-extras.cmake
[0.853s] -- Up-to-date: /home/isci/ros2_ws/install/techman_robot_msgs/share/techman_robot_msgs/cmake/techman_robot_msgsConfig.cmake
[0.853s] -- Up-to-date: /home/isci/ros2_ws/install/techman_robot_msgs/share/techman_robot_msgs/cmake/techman_robot_msgsConfig-version.cmake
[0.853s] -- Up-to-date: /home/isci/ros2_ws/install/techman_robot_msgs/share/techman_robot_msgs/package.xml
[0.878s] Invoked command in '/home/isci/ros2_ws/build/techman_robot_msgs' returned '0': CMAKE_PREFIX_PATH=${CMAKE_PREFIX_PATH}:/home/isci/ros2_ws/install/tm_mod_urdf:/home/isci/ros2_ws/install/tm_get_status:/opt/ros/foxy /usr/bin/cmake --install /home/isci/ros2_ws/build/techman_robot_msgs
