[0.258s] Invoking command in '/home/isci/ros2_ws/build/tm_msgs': CMAKE_PREFIX_PATH=${CMAKE_PREFIX_PATH}:/home/isci/ros2_ws/install/tm_mod_urdf:/home/isci/ros2_ws/install/tm_get_status:/opt/ros/foxy /usr/bin/cmake --build /home/isci/ros2_ws/build/tm_msgs -- -j12 -l12
[2.892s] [  0%] Built target tm_msgs__cpp
[2.894s] [ 12%] Built target tm_msgs__rosidl_generator_c
[2.896s] [ 24%] Built target tm_msgs__rosidl_typesupport_introspection_cpp
[2.898s] [ 36%] Built target tm_msgs__rosidl_typesupport_cpp
[2.900s] [ 48%] Built target tm_msgs__rosidl_typesupport_fastrtps_cpp
[2.904s] [ 60%] Built target tm_msgs__rosidl_typesupport_c
[2.905s] [ 72%] Built target tm_msgs__rosidl_typesupport_introspection_c
[2.908s] [ 84%] Built target tm_msgs__rosidl_typesupport_fastrtps_c
[2.910s] [ 84%] Built target tm_msgs
[2.912s] [ 85%] Built target tm_msgs__py
[2.918s] [ 96%] Built target tm_msgs__python
[2.921s] [ 97%] Built target tm_msgs__rosidl_typesupport_c__pyext
[2.923s] [ 99%] Built target tm_msgs__rosidl_typesupport_introspection_c__pyext
[2.924s] [100%] Built target tm_msgs__rosidl_typesupport_fastrtps_c__pyext
[2.985s] Invoked command in '/home/isci/ros2_ws/build/tm_msgs' returned '0': CMAKE_PREFIX_PATH=${CMAKE_PREFIX_PATH}:/home/isci/ros2_ws/install/tm_mod_urdf:/home/isci/ros2_ws/install/tm_get_status:/opt/ros/foxy /usr/bin/cmake --build /home/isci/ros2_ws/build/tm_msgs -- -j12 -l12
[4.408s] Invoking command in '/home/isci/ros2_ws/build/tm_msgs': CMAKE_PREFIX_PATH=${CMAKE_PREFIX_PATH}:/home/isci/ros2_ws/install/tm_mod_urdf:/home/isci/ros2_ws/install/tm_get_status:/opt/ros/foxy /usr/bin/cmake --install /home/isci/ros2_ws/build/tm_msgs
[4.459s] -- Install configuration: ""
[4.460s] -- Up-to-date: /home/isci/ros2_ws/install/tm_msgs/share/ament_index/resource_index/rosidl_interfaces/tm_msgs
[4.461s] -- Up-to-date: /home/isci/ros2_ws/install/tm_msgs/include/tm_msgs
[4.464s] -- Up-to-date: /home/isci/ros2_ws/install/tm_msgs/include/tm_msgs/msg
[4.472s] -- Up-to-date: /home/isci/ros2_ws/install/tm_msgs/include/tm_msgs/msg/feedback_state.h
[4.473s] -- Up-to-date: /home/isci/ros2_ws/install/tm_msgs/include/tm_msgs/msg/detail
[4.475s] -- Up-to-date: /home/isci/ros2_ws/install/tm_msgs/include/tm_msgs/msg/detail/feedback_state__functions.c
[4.476s] -- Up-to-date: /home/isci/ros2_ws/install/tm_msgs/include/tm_msgs/msg/detail/sta_response__struct.h
[4.477s] -- Up-to-date: /home/isci/ros2_ws/install/tm_msgs/include/tm_msgs/msg/detail/feedback_state__functions.h
[4.479s] -- Up-to-date: /home/isci/ros2_ws/install/tm_msgs/include/tm_msgs/msg/detail/feedback_state__struct.h
[4.480s] -- Up-to-date: /home/isci/ros2_ws/install/tm_msgs/include/tm_msgs/msg/detail/sct_response__functions.h
[4.481s] -- Up-to-date: /home/isci/ros2_ws/install/tm_msgs/include/tm_msgs/msg/detail/svr_response__functions.h
[4.482s] -- Up-to-date: /home/isci/ros2_ws/install/tm_msgs/include/tm_msgs/msg/detail/svr_response__struct.h
[4.483s] -- Up-to-date: /home/isci/ros2_ws/install/tm_msgs/include/tm_msgs/msg/detail/sta_response__functions.h
[4.484s] -- Up-to-date: /home/isci/ros2_ws/install/tm_msgs/include/tm_msgs/msg/detail/svr_response__type_support.h
[4.486s] -- Up-to-date: /home/isci/ros2_ws/install/tm_msgs/include/tm_msgs/msg/detail/sct_response__functions.c
[4.492s] -- Up-to-date: /home/isci/ros2_ws/install/tm_msgs/include/tm_msgs/msg/detail/sta_response__type_support.h
[4.496s] -- Up-to-date: /home/isci/ros2_ws/install/tm_msgs/include/tm_msgs/msg/detail/svr_response__functions.c
[4.500s] -- Up-to-date: /home/isci/ros2_ws/install/tm_msgs/include/tm_msgs/msg/detail/sct_response__struct.h
[4.501s] -- Up-to-date: /home/isci/ros2_ws/install/tm_msgs/include/tm_msgs/msg/detail/sct_response__type_support.h
[4.509s] -- Up-to-date: /home/isci/ros2_ws/install/tm_msgs/include/tm_msgs/msg/detail/sta_response__functions.c
[4.510s] -- Up-to-date: /home/isci/ros2_ws/install/tm_msgs/include/tm_msgs/msg/detail/feedback_state__type_support.h
[4.511s] -- Up-to-date: /home/isci/ros2_ws/install/tm_msgs/include/tm_msgs/msg/svr_response.h
[4.512s] -- Up-to-date: /home/isci/ros2_ws/install/tm_msgs/include/tm_msgs/msg/sct_response.h
[4.513s] -- Up-to-date: /home/isci/ros2_ws/install/tm_msgs/include/tm_msgs/msg/rosidl_generator_c__visibility_control.h
[4.514s] -- Up-to-date: /home/isci/ros2_ws/install/tm_msgs/include/tm_msgs/msg/sta_response.h
[4.514s] -- Up-to-date: /home/isci/ros2_ws/install/tm_msgs/include/tm_msgs/srv
[4.515s] -- Up-to-date: /home/isci/ros2_ws/install/tm_msgs/include/tm_msgs/srv/detail
[4.515s] -- Up-to-date: /home/isci/ros2_ws/install/tm_msgs/include/tm_msgs/srv/detail/set_io__functions.h
[4.516s] -- Up-to-date: /home/isci/ros2_ws/install/tm_msgs/include/tm_msgs/srv/detail/ask_item__struct.h
[4.516s] -- Up-to-date: /home/isci/ros2_ws/install/tm_msgs/include/tm_msgs/srv/detail/ask_item__functions.c
[4.517s] -- Up-to-date: /home/isci/ros2_ws/install/tm_msgs/include/tm_msgs/srv/detail/set_io__struct.h
[4.517s] -- Up-to-date: /home/isci/ros2_ws/install/tm_msgs/include/tm_msgs/srv/detail/write_item__functions.c
[4.518s] -- Up-to-date: /home/isci/ros2_ws/install/tm_msgs/include/tm_msgs/srv/detail/set_positions__type_support.h
[4.518s] -- Up-to-date: /home/isci/ros2_ws/install/tm_msgs/include/tm_msgs/srv/detail/connect_tm__functions.h
[4.518s] -- Up-to-date: /home/isci/ros2_ws/install/tm_msgs/include/tm_msgs/srv/detail/send_script__functions.c
[4.519s] -- Up-to-date: /home/isci/ros2_ws/install/tm_msgs/include/tm_msgs/srv/detail/set_positions__functions.c
[4.519s] -- Up-to-date: /home/isci/ros2_ws/install/tm_msgs/include/tm_msgs/srv/detail/set_event__type_support.h
[4.521s] -- Up-to-date: /home/isci/ros2_ws/install/tm_msgs/include/tm_msgs/srv/detail/ask_item__type_support.h
[4.522s] -- Up-to-date: /home/isci/ros2_ws/install/tm_msgs/include/tm_msgs/srv/detail/set_velocity__struct.h
[4.523s] -- Up-to-date: /home/isci/ros2_ws/install/tm_msgs/include/tm_msgs/srv/detail/set_event__functions.c
[4.524s] -- Up-to-date: /home/isci/ros2_ws/install/tm_msgs/include/tm_msgs/srv/detail/send_script__functions.h
[4.525s] -- Up-to-date: /home/isci/ros2_ws/install/tm_msgs/include/tm_msgs/srv/detail/write_item__type_support.h
[4.526s] -- Up-to-date: /home/isci/ros2_ws/install/tm_msgs/include/tm_msgs/srv/detail/set_velocity__functions.c
[4.526s] -- Up-to-date: /home/isci/ros2_ws/install/tm_msgs/include/tm_msgs/srv/detail/connect_tm__struct.h
[4.527s] -- Up-to-date: /home/isci/ros2_ws/install/tm_msgs/include/tm_msgs/srv/detail/ask_sta__type_support.h
[4.528s] -- Up-to-date: /home/isci/ros2_ws/install/tm_msgs/include/tm_msgs/srv/detail/set_positions__functions.h
[4.529s] -- Up-to-date: /home/isci/ros2_ws/install/tm_msgs/include/tm_msgs/srv/detail/set_io__type_support.h
[4.530s] -- Up-to-date: /home/isci/ros2_ws/install/tm_msgs/include/tm_msgs/srv/detail/ask_item__functions.h
[4.530s] -- Up-to-date: /home/isci/ros2_ws/install/tm_msgs/include/tm_msgs/srv/detail/send_script__struct.h
[4.531s] -- Up-to-date: /home/isci/ros2_ws/install/tm_msgs/include/tm_msgs/srv/detail/ask_sta__functions.c
[4.532s] -- Up-to-date: /home/isci/ros2_ws/install/tm_msgs/include/tm_msgs/srv/detail/write_item__functions.h
[4.535s] -- Up-to-date: /home/isci/ros2_ws/install/tm_msgs/include/tm_msgs/srv/detail/connect_tm__functions.c
[4.536s] -- Up-to-date: /home/isci/ros2_ws/install/tm_msgs/include/tm_msgs/srv/detail/connect_tm__type_support.h
[4.537s] -- Up-to-date: /home/isci/ros2_ws/install/tm_msgs/include/tm_msgs/srv/detail/write_item__struct.h
[4.539s] -- Up-to-date: /home/isci/ros2_ws/install/tm_msgs/include/tm_msgs/srv/detail/set_io__functions.c
[4.540s] -- Up-to-date: /home/isci/ros2_ws/install/tm_msgs/include/tm_msgs/srv/detail/set_velocity__type_support.h
[4.541s] -- Up-to-date: /home/isci/ros2_ws/install/tm_msgs/include/tm_msgs/srv/detail/set_event__struct.h
[4.543s] -- Up-to-date: /home/isci/ros2_ws/install/tm_msgs/include/tm_msgs/srv/detail/set_event__functions.h
[4.544s] -- Up-to-date: /home/isci/ros2_ws/install/tm_msgs/include/tm_msgs/srv/detail/set_positions__struct.h
[4.546s] -- Up-to-date: /home/isci/ros2_ws/install/tm_msgs/include/tm_msgs/srv/detail/ask_sta__struct.h
[4.548s] -- Up-to-date: /home/isci/ros2_ws/install/tm_msgs/include/tm_msgs/srv/detail/ask_sta__functions.h
[4.550s] -- Up-to-date: /home/isci/ros2_ws/install/tm_msgs/include/tm_msgs/srv/detail/send_script__type_support.h
[4.553s] -- Up-to-date: /home/isci/ros2_ws/install/tm_msgs/include/tm_msgs/srv/detail/set_velocity__functions.h
[4.558s] -- Up-to-date: /home/isci/ros2_ws/install/tm_msgs/include/tm_msgs/srv/ask_sta.h
[4.563s] -- Up-to-date: /home/isci/ros2_ws/install/tm_msgs/include/tm_msgs/srv/set_event.h
[4.575s] -- Up-to-date: /home/isci/ros2_ws/install/tm_msgs/include/tm_msgs/srv/set_io.h
[4.576s] -- Up-to-date: /home/isci/ros2_ws/install/tm_msgs/include/tm_msgs/srv/write_item.h
[4.576s] -- Up-to-date: /home/isci/ros2_ws/install/tm_msgs/include/tm_msgs/srv/ask_item.h
[4.577s] -- Up-to-date: /home/isci/ros2_ws/install/tm_msgs/include/tm_msgs/srv/set_positions.h
[4.577s] -- Up-to-date: /home/isci/ros2_ws/install/tm_msgs/include/tm_msgs/srv/connect_tm.h
[4.578s] -- Up-to-date: /home/isci/ros2_ws/install/tm_msgs/include/tm_msgs/srv/send_script.h
[4.578s] -- Up-to-date: /home/isci/ros2_ws/install/tm_msgs/include/tm_msgs/srv/set_velocity.h
[4.579s] -- Up-to-date: /home/isci/ros2_ws/install/tm_msgs/share/tm_msgs/environment/library_path.sh
[4.579s] -- Up-to-date: /home/isci/ros2_ws/install/tm_msgs/share/tm_msgs/environment/library_path.dsv
[4.580s] -- Up-to-date: /home/isci/ros2_ws/install/tm_msgs/lib/libtm_msgs__rosidl_generator_c.so
[4.580s] -- Up-to-date: /home/isci/ros2_ws/install/tm_msgs/include/tm_msgs
[4.581s] -- Up-to-date: /home/isci/ros2_ws/install/tm_msgs/include/tm_msgs/msg
[4.581s] -- Up-to-date: /home/isci/ros2_ws/install/tm_msgs/include/tm_msgs/msg/detail
[4.582s] -- Up-to-date: /home/isci/ros2_ws/install/tm_msgs/include/tm_msgs/msg/detail/sct_response__rosidl_typesupport_fastrtps_c.h
[4.582s] -- Up-to-date: /home/isci/ros2_ws/install/tm_msgs/include/tm_msgs/msg/detail/feedback_state__rosidl_typesupport_fastrtps_c.h
[4.583s] -- Up-to-date: /home/isci/ros2_ws/install/tm_msgs/include/tm_msgs/msg/detail/svr_response__rosidl_typesupport_fastrtps_c.h
[4.583s] -- Up-to-date: /home/isci/ros2_ws/install/tm_msgs/include/tm_msgs/msg/detail/sta_response__rosidl_typesupport_fastrtps_c.h
[4.584s] -- Up-to-date: /home/isci/ros2_ws/install/tm_msgs/include/tm_msgs/msg/rosidl_typesupport_fastrtps_c__visibility_control.h
[4.584s] -- Up-to-date: /home/isci/ros2_ws/install/tm_msgs/include/tm_msgs/srv
[4.585s] -- Up-to-date: /home/isci/ros2_ws/install/tm_msgs/include/tm_msgs/srv/detail
[4.585s] -- Up-to-date: /home/isci/ros2_ws/install/tm_msgs/include/tm_msgs/srv/detail/ask_sta__rosidl_typesupport_fastrtps_c.h
[4.586s] -- Up-to-date: /home/isci/ros2_ws/install/tm_msgs/include/tm_msgs/srv/detail/send_script__rosidl_typesupport_fastrtps_c.h
[4.586s] -- Up-to-date: /home/isci/ros2_ws/install/tm_msgs/include/tm_msgs/srv/detail/set_positions__rosidl_typesupport_fastrtps_c.h
[4.587s] -- Up-to-date: /home/isci/ros2_ws/install/tm_msgs/include/tm_msgs/srv/detail/set_event__rosidl_typesupport_fastrtps_c.h
[4.587s] -- Up-to-date: /home/isci/ros2_ws/install/tm_msgs/include/tm_msgs/srv/detail/set_io__rosidl_typesupport_fastrtps_c.h
[4.588s] -- Up-to-date: /home/isci/ros2_ws/install/tm_msgs/include/tm_msgs/srv/detail/ask_item__rosidl_typesupport_fastrtps_c.h
[4.588s] -- Up-to-date: /home/isci/ros2_ws/install/tm_msgs/include/tm_msgs/srv/detail/connect_tm__rosidl_typesupport_fastrtps_c.h
[4.589s] -- Up-to-date: /home/isci/ros2_ws/install/tm_msgs/include/tm_msgs/srv/detail/set_velocity__rosidl_typesupport_fastrtps_c.h
[4.589s] -- Up-to-date: /home/isci/ros2_ws/install/tm_msgs/include/tm_msgs/srv/detail/write_item__rosidl_typesupport_fastrtps_c.h
[4.590s] -- Up-to-date: /home/isci/ros2_ws/install/tm_msgs/lib/libtm_msgs__rosidl_typesupport_fastrtps_c.so
[4.590s] -- Up-to-date: /home/isci/ros2_ws/install/tm_msgs/include/tm_msgs
[4.591s] -- Up-to-date: /home/isci/ros2_ws/install/tm_msgs/include/tm_msgs/msg
[4.591s] -- Up-to-date: /home/isci/ros2_ws/install/tm_msgs/include/tm_msgs/msg/detail
[4.592s] -- Up-to-date: /home/isci/ros2_ws/install/tm_msgs/include/tm_msgs/msg/detail/feedback_state__rosidl_typesupport_fastrtps_cpp.hpp
[4.592s] -- Up-to-date: /home/isci/ros2_ws/install/tm_msgs/include/tm_msgs/msg/detail/svr_response__rosidl_typesupport_fastrtps_cpp.hpp
[4.593s] -- Up-to-date: /home/isci/ros2_ws/install/tm_msgs/include/tm_msgs/msg/detail/sta_response__rosidl_typesupport_fastrtps_cpp.hpp
[4.593s] -- Up-to-date: /home/isci/ros2_ws/install/tm_msgs/include/tm_msgs/msg/detail/dds_fastrtps
[4.594s] -- Up-to-date: /home/isci/ros2_ws/install/tm_msgs/include/tm_msgs/msg/detail/sct_response__rosidl_typesupport_fastrtps_cpp.hpp
[4.594s] -- Up-to-date: /home/isci/ros2_ws/install/tm_msgs/include/tm_msgs/msg/rosidl_typesupport_fastrtps_cpp__visibility_control.h
[4.595s] -- Up-to-date: /home/isci/ros2_ws/install/tm_msgs/include/tm_msgs/srv
[4.595s] -- Up-to-date: /home/isci/ros2_ws/install/tm_msgs/include/tm_msgs/srv/detail
[4.596s] -- Up-to-date: /home/isci/ros2_ws/install/tm_msgs/include/tm_msgs/srv/detail/set_io__rosidl_typesupport_fastrtps_cpp.hpp
[4.596s] -- Up-to-date: /home/isci/ros2_ws/install/tm_msgs/include/tm_msgs/srv/detail/connect_tm__rosidl_typesupport_fastrtps_cpp.hpp
[4.597s] -- Up-to-date: /home/isci/ros2_ws/install/tm_msgs/include/tm_msgs/srv/detail/set_event__rosidl_typesupport_fastrtps_cpp.hpp
[4.597s] -- Up-to-date: /home/isci/ros2_ws/install/tm_msgs/include/tm_msgs/srv/detail/ask_sta__rosidl_typesupport_fastrtps_cpp.hpp
[4.598s] -- Up-to-date: /home/isci/ros2_ws/install/tm_msgs/include/tm_msgs/srv/detail/set_positions__rosidl_typesupport_fastrtps_cpp.hpp
[4.598s] -- Up-to-date: /home/isci/ros2_ws/install/tm_msgs/include/tm_msgs/srv/detail/send_script__rosidl_typesupport_fastrtps_cpp.hpp
[4.599s] -- Up-to-date: /home/isci/ros2_ws/install/tm_msgs/include/tm_msgs/srv/detail/write_item__rosidl_typesupport_fastrtps_cpp.hpp
[4.599s] -- Up-to-date: /home/isci/ros2_ws/install/tm_msgs/include/tm_msgs/srv/detail/dds_fastrtps
[4.600s] -- Up-to-date: /home/isci/ros2_ws/install/tm_msgs/include/tm_msgs/srv/detail/ask_item__rosidl_typesupport_fastrtps_cpp.hpp
[4.600s] -- Up-to-date: /home/isci/ros2_ws/install/tm_msgs/include/tm_msgs/srv/detail/set_velocity__rosidl_typesupport_fastrtps_cpp.hpp
[4.601s] -- Up-to-date: /home/isci/ros2_ws/install/tm_msgs/lib/libtm_msgs__rosidl_typesupport_fastrtps_cpp.so
[4.601s] -- Up-to-date: /home/isci/ros2_ws/install/tm_msgs/include/tm_msgs
[4.602s] -- Up-to-date: /home/isci/ros2_ws/install/tm_msgs/include/tm_msgs/msg
[4.602s] -- Up-to-date: /home/isci/ros2_ws/install/tm_msgs/include/tm_msgs/msg/detail
[4.603s] -- Up-to-date: /home/isci/ros2_ws/install/tm_msgs/include/tm_msgs/msg/detail/sta_response__type_support.c
[4.603s] -- Up-to-date: /home/isci/ros2_ws/install/tm_msgs/include/tm_msgs/msg/detail/sta_response__rosidl_typesupport_introspection_c.h
[4.604s] -- Up-to-date: /home/isci/ros2_ws/install/tm_msgs/include/tm_msgs/msg/detail/svr_response__type_support.c
[4.604s] -- Up-to-date: /home/isci/ros2_ws/install/tm_msgs/include/tm_msgs/msg/detail/feedback_state__type_support.c
[4.605s] -- Up-to-date: /home/isci/ros2_ws/install/tm_msgs/include/tm_msgs/msg/detail/feedback_state__rosidl_typesupport_introspection_c.h
[4.605s] -- Up-to-date: /home/isci/ros2_ws/install/tm_msgs/include/tm_msgs/msg/detail/sct_response__rosidl_typesupport_introspection_c.h
[4.605s] -- Up-to-date: /home/isci/ros2_ws/install/tm_msgs/include/tm_msgs/msg/detail/svr_response__rosidl_typesupport_introspection_c.h
[4.606s] -- Up-to-date: /home/isci/ros2_ws/install/tm_msgs/include/tm_msgs/msg/detail/sct_response__type_support.c
[4.606s] -- Up-to-date: /home/isci/ros2_ws/install/tm_msgs/include/tm_msgs/msg/rosidl_typesupport_introspection_c__visibility_control.h
[4.607s] -- Up-to-date: /home/isci/ros2_ws/install/tm_msgs/include/tm_msgs/srv
[4.608s] -- Up-to-date: /home/isci/ros2_ws/install/tm_msgs/include/tm_msgs/srv/detail
[4.608s] -- Up-to-date: /home/isci/ros2_ws/install/tm_msgs/include/tm_msgs/srv/detail/set_io__rosidl_typesupport_introspection_c.h
[4.608s] -- Up-to-date: /home/isci/ros2_ws/install/tm_msgs/include/tm_msgs/srv/detail/set_positions__type_support.c
[4.609s] -- Up-to-date: /home/isci/ros2_ws/install/tm_msgs/include/tm_msgs/srv/detail/set_velocity__type_support.c
[4.609s] -- Up-to-date: /home/isci/ros2_ws/install/tm_msgs/include/tm_msgs/srv/detail/write_item__type_support.c
[4.610s] -- Up-to-date: /home/isci/ros2_ws/install/tm_msgs/include/tm_msgs/srv/detail/connect_tm__type_support.c
[4.610s] -- Up-to-date: /home/isci/ros2_ws/install/tm_msgs/include/tm_msgs/srv/detail/send_script__type_support.c
[4.611s] -- Up-to-date: /home/isci/ros2_ws/install/tm_msgs/include/tm_msgs/srv/detail/write_item__rosidl_typesupport_introspection_c.h
[4.611s] -- Up-to-date: /home/isci/ros2_ws/install/tm_msgs/include/tm_msgs/srv/detail/set_velocity__rosidl_typesupport_introspection_c.h
[4.612s] -- Up-to-date: /home/isci/ros2_ws/install/tm_msgs/include/tm_msgs/srv/detail/set_positions__rosidl_typesupport_introspection_c.h
[4.612s] -- Up-to-date: /home/isci/ros2_ws/install/tm_msgs/include/tm_msgs/srv/detail/ask_sta__type_support.c
[4.613s] -- Up-to-date: /home/isci/ros2_ws/install/tm_msgs/include/tm_msgs/srv/detail/set_event__type_support.c
[4.613s] -- Up-to-date: /home/isci/ros2_ws/install/tm_msgs/include/tm_msgs/srv/detail/send_script__rosidl_typesupport_introspection_c.h
[4.614s] -- Up-to-date: /home/isci/ros2_ws/install/tm_msgs/include/tm_msgs/srv/detail/set_io__type_support.c
[4.614s] -- Up-to-date: /home/isci/ros2_ws/install/tm_msgs/include/tm_msgs/srv/detail/set_event__rosidl_typesupport_introspection_c.h
[4.615s] -- Up-to-date: /home/isci/ros2_ws/install/tm_msgs/include/tm_msgs/srv/detail/ask_item__rosidl_typesupport_introspection_c.h
[4.615s] -- Up-to-date: /home/isci/ros2_ws/install/tm_msgs/include/tm_msgs/srv/detail/ask_sta__rosidl_typesupport_introspection_c.h
[4.616s] -- Up-to-date: /home/isci/ros2_ws/install/tm_msgs/include/tm_msgs/srv/detail/ask_item__type_support.c
[4.616s] -- Up-to-date: /home/isci/ros2_ws/install/tm_msgs/include/tm_msgs/srv/detail/connect_tm__rosidl_typesupport_introspection_c.h
[4.617s] -- Up-to-date: /home/isci/ros2_ws/install/tm_msgs/lib/libtm_msgs__rosidl_typesupport_introspection_c.so
[4.617s] -- Up-to-date: /home/isci/ros2_ws/install/tm_msgs/lib/libtm_msgs__rosidl_typesupport_c.so
[4.618s] -- Up-to-date: /home/isci/ros2_ws/install/tm_msgs/include/tm_msgs
[4.618s] -- Up-to-date: /home/isci/ros2_ws/install/tm_msgs/include/tm_msgs/msg
[4.619s] -- Up-to-date: /home/isci/ros2_ws/install/tm_msgs/include/tm_msgs/msg/svr_response.hpp
[4.620s] -- Up-to-date: /home/isci/ros2_ws/install/tm_msgs/include/tm_msgs/msg/feedback_state.hpp
[4.621s] -- Up-to-date: /home/isci/ros2_ws/install/tm_msgs/include/tm_msgs/msg/detail
[4.621s] -- Up-to-date: /home/isci/ros2_ws/install/tm_msgs/include/tm_msgs/msg/detail/svr_response__builder.hpp
[4.622s] -- Up-to-date: /home/isci/ros2_ws/install/tm_msgs/include/tm_msgs/msg/detail/sct_response__traits.hpp
[4.622s] -- Up-to-date: /home/isci/ros2_ws/install/tm_msgs/include/tm_msgs/msg/detail/svr_response__struct.hpp
[4.623s] -- Up-to-date: /home/isci/ros2_ws/install/tm_msgs/include/tm_msgs/msg/detail/sta_response__type_support.hpp
[4.624s] -- Up-to-date: /home/isci/ros2_ws/install/tm_msgs/include/tm_msgs/msg/detail/sta_response__struct.hpp
[4.624s] -- Up-to-date: /home/isci/ros2_ws/install/tm_msgs/include/tm_msgs/msg/detail/svr_response__type_support.hpp
[4.625s] -- Up-to-date: /home/isci/ros2_ws/install/tm_msgs/include/tm_msgs/msg/detail/svr_response__traits.hpp
[4.625s] -- Up-to-date: /home/isci/ros2_ws/install/tm_msgs/include/tm_msgs/msg/detail/sct_response__struct.hpp
[4.626s] -- Up-to-date: /home/isci/ros2_ws/install/tm_msgs/include/tm_msgs/msg/detail/sct_response__builder.hpp
[4.626s] -- Up-to-date: /home/isci/ros2_ws/install/tm_msgs/include/tm_msgs/msg/detail/feedback_state__builder.hpp
[4.627s] -- Up-to-date: /home/isci/ros2_ws/install/tm_msgs/include/tm_msgs/msg/detail/feedback_state__struct.hpp
[4.628s] -- Up-to-date: /home/isci/ros2_ws/install/tm_msgs/include/tm_msgs/msg/detail/sct_response__type_support.hpp
[4.628s] -- Up-to-date: /home/isci/ros2_ws/install/tm_msgs/include/tm_msgs/msg/detail/feedback_state__traits.hpp
[4.629s] -- Up-to-date: /home/isci/ros2_ws/install/tm_msgs/include/tm_msgs/msg/detail/feedback_state__type_support.hpp
[4.629s] -- Up-to-date: /home/isci/ros2_ws/install/tm_msgs/include/tm_msgs/msg/detail/sta_response__traits.hpp
[4.630s] -- Up-to-date: /home/isci/ros2_ws/install/tm_msgs/include/tm_msgs/msg/detail/sta_response__builder.hpp
[4.630s] -- Up-to-date: /home/isci/ros2_ws/install/tm_msgs/include/tm_msgs/msg/sct_response.hpp
[4.631s] -- Up-to-date: /home/isci/ros2_ws/install/tm_msgs/include/tm_msgs/msg/rosidl_generator_cpp__visibility_control.hpp
[4.632s] -- Up-to-date: /home/isci/ros2_ws/install/tm_msgs/include/tm_msgs/msg/sta_response.hpp
[4.632s] -- Up-to-date: /home/isci/ros2_ws/install/tm_msgs/include/tm_msgs/srv
[4.633s] -- Up-to-date: /home/isci/ros2_ws/install/tm_msgs/include/tm_msgs/srv/detail
[4.633s] -- Up-to-date: /home/isci/ros2_ws/install/tm_msgs/include/tm_msgs/srv/detail/write_item__builder.hpp
[4.634s] -- Up-to-date: /home/isci/ros2_ws/install/tm_msgs/include/tm_msgs/srv/detail/connect_tm__type_support.hpp
[4.635s] -- Up-to-date: /home/isci/ros2_ws/install/tm_msgs/include/tm_msgs/srv/detail/set_io__type_support.hpp
[4.635s] -- Up-to-date: /home/isci/ros2_ws/install/tm_msgs/include/tm_msgs/srv/detail/connect_tm__traits.hpp
[4.636s] -- Up-to-date: /home/isci/ros2_ws/install/tm_msgs/include/tm_msgs/srv/detail/set_io__struct.hpp
[4.636s] -- Up-to-date: /home/isci/ros2_ws/install/tm_msgs/include/tm_msgs/srv/detail/ask_sta__builder.hpp
[4.637s] -- Up-to-date: /home/isci/ros2_ws/install/tm_msgs/include/tm_msgs/srv/detail/connect_tm__builder.hpp
[4.637s] -- Up-to-date: /home/isci/ros2_ws/install/tm_msgs/include/tm_msgs/srv/detail/set_event__type_support.hpp
[4.638s] -- Up-to-date: /home/isci/ros2_ws/install/tm_msgs/include/tm_msgs/srv/detail/set_event__traits.hpp
[4.639s] -- Up-to-date: /home/isci/ros2_ws/install/tm_msgs/include/tm_msgs/srv/detail/ask_item__struct.hpp
[4.639s] -- Up-to-date: /home/isci/ros2_ws/install/tm_msgs/include/tm_msgs/srv/detail/ask_sta__struct.hpp
[4.640s] -- Up-to-date: /home/isci/ros2_ws/install/tm_msgs/include/tm_msgs/srv/detail/send_script__struct.hpp
[4.640s] -- Up-to-date: /home/isci/ros2_ws/install/tm_msgs/include/tm_msgs/srv/detail/write_item__struct.hpp
[4.641s] -- Up-to-date: /home/isci/ros2_ws/install/tm_msgs/include/tm_msgs/srv/detail/set_io__builder.hpp
[4.641s] -- Up-to-date: /home/isci/ros2_ws/install/tm_msgs/include/tm_msgs/srv/detail/set_positions__builder.hpp
[4.642s] -- Up-to-date: /home/isci/ros2_ws/install/tm_msgs/include/tm_msgs/srv/detail/write_item__traits.hpp
[4.642s] -- Up-to-date: /home/isci/ros2_ws/install/tm_msgs/include/tm_msgs/srv/detail/set_velocity__type_support.hpp
[4.643s] -- Up-to-date: /home/isci/ros2_ws/install/tm_msgs/include/tm_msgs/srv/detail/ask_sta__type_support.hpp
[4.644s] -- Up-to-date: /home/isci/ros2_ws/install/tm_msgs/include/tm_msgs/srv/detail/set_event__struct.hpp
[4.644s] -- Up-to-date: /home/isci/ros2_ws/install/tm_msgs/include/tm_msgs/srv/detail/set_velocity__traits.hpp
[4.645s] -- Up-to-date: /home/isci/ros2_ws/install/tm_msgs/include/tm_msgs/srv/detail/ask_item__builder.hpp
[4.646s] -- Up-to-date: /home/isci/ros2_ws/install/tm_msgs/include/tm_msgs/srv/detail/set_velocity__builder.hpp
[4.646s] -- Up-to-date: /home/isci/ros2_ws/install/tm_msgs/include/tm_msgs/srv/detail/write_item__type_support.hpp
[4.647s] -- Up-to-date: /home/isci/ros2_ws/install/tm_msgs/include/tm_msgs/srv/detail/connect_tm__struct.hpp
[4.647s] -- Up-to-date: /home/isci/ros2_ws/install/tm_msgs/include/tm_msgs/srv/detail/set_positions__struct.hpp
[4.648s] -- Up-to-date: /home/isci/ros2_ws/install/tm_msgs/include/tm_msgs/srv/detail/set_positions__type_support.hpp
[4.649s] -- Up-to-date: /home/isci/ros2_ws/install/tm_msgs/include/tm_msgs/srv/detail/set_event__builder.hpp
[4.649s] -- Up-to-date: /home/isci/ros2_ws/install/tm_msgs/include/tm_msgs/srv/detail/send_script__type_support.hpp
[4.650s] -- Up-to-date: /home/isci/ros2_ws/install/tm_msgs/include/tm_msgs/srv/detail/set_positions__traits.hpp
[4.650s] -- Up-to-date: /home/isci/ros2_ws/install/tm_msgs/include/tm_msgs/srv/detail/send_script__builder.hpp
[4.651s] -- Up-to-date: /home/isci/ros2_ws/install/tm_msgs/include/tm_msgs/srv/detail/ask_item__traits.hpp
[4.652s] -- Up-to-date: /home/isci/ros2_ws/install/tm_msgs/include/tm_msgs/srv/detail/ask_sta__traits.hpp
[4.652s] -- Up-to-date: /home/isci/ros2_ws/install/tm_msgs/include/tm_msgs/srv/detail/send_script__traits.hpp
[4.653s] -- Up-to-date: /home/isci/ros2_ws/install/tm_msgs/include/tm_msgs/srv/detail/ask_item__type_support.hpp
[4.653s] -- Up-to-date: /home/isci/ros2_ws/install/tm_msgs/include/tm_msgs/srv/detail/set_velocity__struct.hpp
[4.654s] -- Up-to-date: /home/isci/ros2_ws/install/tm_msgs/include/tm_msgs/srv/detail/set_io__traits.hpp
[4.655s] -- Up-to-date: /home/isci/ros2_ws/install/tm_msgs/include/tm_msgs/srv/set_io.hpp
[4.655s] -- Up-to-date: /home/isci/ros2_ws/install/tm_msgs/include/tm_msgs/srv/set_event.hpp
[4.656s] -- Up-to-date: /home/isci/ros2_ws/install/tm_msgs/include/tm_msgs/srv/set_positions.hpp
[4.656s] -- Up-to-date: /home/isci/ros2_ws/install/tm_msgs/include/tm_msgs/srv/ask_item.hpp
[4.657s] -- Up-to-date: /home/isci/ros2_ws/install/tm_msgs/include/tm_msgs/srv/send_script.hpp
[4.658s] -- Up-to-date: /home/isci/ros2_ws/install/tm_msgs/include/tm_msgs/srv/connect_tm.hpp
[4.658s] -- Up-to-date: /home/isci/ros2_ws/install/tm_msgs/include/tm_msgs/srv/ask_sta.hpp
[4.659s] -- Up-to-date: /home/isci/ros2_ws/install/tm_msgs/include/tm_msgs/srv/set_velocity.hpp
[4.660s] -- Up-to-date: /home/isci/ros2_ws/install/tm_msgs/include/tm_msgs/srv/write_item.hpp
[4.661s] -- Up-to-date: /home/isci/ros2_ws/install/tm_msgs/include/tm_msgs
[4.661s] -- Up-to-date: /home/isci/ros2_ws/install/tm_msgs/include/tm_msgs/msg
[4.661s] -- Up-to-date: /home/isci/ros2_ws/install/tm_msgs/include/tm_msgs/msg/detail
[4.661s] -- Up-to-date: /home/isci/ros2_ws/install/tm_msgs/include/tm_msgs/msg/detail/svr_response__rosidl_typesupport_introspection_cpp.hpp
[4.662s] -- Up-to-date: /home/isci/ros2_ws/install/tm_msgs/include/tm_msgs/msg/detail/sct_response__type_support.cpp
[4.662s] -- Up-to-date: /home/isci/ros2_ws/install/tm_msgs/include/tm_msgs/msg/detail/sta_response__rosidl_typesupport_introspection_cpp.hpp
[4.662s] -- Up-to-date: /home/isci/ros2_ws/install/tm_msgs/include/tm_msgs/msg/detail/feedback_state__type_support.cpp
[4.663s] -- Up-to-date: /home/isci/ros2_ws/install/tm_msgs/include/tm_msgs/msg/detail/svr_response__type_support.cpp
[4.663s] -- Up-to-date: /home/isci/ros2_ws/install/tm_msgs/include/tm_msgs/msg/detail/sta_response__type_support.cpp
[4.664s] -- Up-to-date: /home/isci/ros2_ws/install/tm_msgs/include/tm_msgs/msg/detail/feedback_state__rosidl_typesupport_introspection_cpp.hpp
[4.664s] -- Up-to-date: /home/isci/ros2_ws/install/tm_msgs/include/tm_msgs/msg/detail/sct_response__rosidl_typesupport_introspection_cpp.hpp
[4.665s] -- Up-to-date: /home/isci/ros2_ws/install/tm_msgs/include/tm_msgs/srv
[4.665s] -- Up-to-date: /home/isci/ros2_ws/install/tm_msgs/include/tm_msgs/srv/detail
[4.665s] -- Up-to-date: /home/isci/ros2_ws/install/tm_msgs/include/tm_msgs/srv/detail/set_io__type_support.cpp
[4.666s] -- Up-to-date: /home/isci/ros2_ws/install/tm_msgs/include/tm_msgs/srv/detail/write_item__type_support.cpp
[4.666s] -- Up-to-date: /home/isci/ros2_ws/install/tm_msgs/include/tm_msgs/srv/detail/send_script__rosidl_typesupport_introspection_cpp.hpp
[4.666s] -- Up-to-date: /home/isci/ros2_ws/install/tm_msgs/include/tm_msgs/srv/detail/ask_sta__rosidl_typesupport_introspection_cpp.hpp
[4.667s] -- Up-to-date: /home/isci/ros2_ws/install/tm_msgs/include/tm_msgs/srv/detail/set_velocity__rosidl_typesupport_introspection_cpp.hpp
[4.667s] -- Up-to-date: /home/isci/ros2_ws/install/tm_msgs/include/tm_msgs/srv/detail/ask_sta__type_support.cpp
[4.668s] -- Up-to-date: /home/isci/ros2_ws/install/tm_msgs/include/tm_msgs/srv/detail/set_positions__type_support.cpp
[4.668s] -- Up-to-date: /home/isci/ros2_ws/install/tm_msgs/include/tm_msgs/srv/detail/set_velocity__type_support.cpp
[4.669s] -- Up-to-date: /home/isci/ros2_ws/install/tm_msgs/include/tm_msgs/srv/detail/connect_tm__type_support.cpp
[4.669s] -- Up-to-date: /home/isci/ros2_ws/install/tm_msgs/include/tm_msgs/srv/detail/connect_tm__rosidl_typesupport_introspection_cpp.hpp
[4.670s] -- Up-to-date: /home/isci/ros2_ws/install/tm_msgs/include/tm_msgs/srv/detail/set_event__type_support.cpp
[4.670s] -- Up-to-date: /home/isci/ros2_ws/install/tm_msgs/include/tm_msgs/srv/detail/set_positions__rosidl_typesupport_introspection_cpp.hpp
[4.671s] -- Up-to-date: /home/isci/ros2_ws/install/tm_msgs/include/tm_msgs/srv/detail/set_event__rosidl_typesupport_introspection_cpp.hpp
[4.671s] -- Up-to-date: /home/isci/ros2_ws/install/tm_msgs/include/tm_msgs/srv/detail/write_item__rosidl_typesupport_introspection_cpp.hpp
[4.671s] -- Up-to-date: /home/isci/ros2_ws/install/tm_msgs/include/tm_msgs/srv/detail/ask_item__rosidl_typesupport_introspection_cpp.hpp
[4.672s] -- Up-to-date: /home/isci/ros2_ws/install/tm_msgs/include/tm_msgs/srv/detail/set_io__rosidl_typesupport_introspection_cpp.hpp
[4.672s] -- Up-to-date: /home/isci/ros2_ws/install/tm_msgs/include/tm_msgs/srv/detail/send_script__type_support.cpp
[4.672s] -- Up-to-date: /home/isci/ros2_ws/install/tm_msgs/include/tm_msgs/srv/detail/ask_item__type_support.cpp
[4.672s] -- Up-to-date: /home/isci/ros2_ws/install/tm_msgs/lib/libtm_msgs__rosidl_typesupport_introspection_cpp.so
[4.673s] -- Up-to-date: /home/isci/ros2_ws/install/tm_msgs/lib/libtm_msgs__rosidl_typesupport_cpp.so
[4.673s] -- Up-to-date: /home/isci/ros2_ws/install/tm_msgs/share/tm_msgs/environment/pythonpath.sh
[4.673s] -- Up-to-date: /home/isci/ros2_ws/install/tm_msgs/share/tm_msgs/environment/pythonpath.dsv
[4.674s] -- Up-to-date: /home/isci/ros2_ws/install/tm_msgs/lib/python3.8/site-packages/tm_msgs/__init__.py
[4.705s] -- Up-to-date: /home/isci/ros2_ws/install/tm_msgs/lib/python3.8/site-packages/tm_msgs/msg
[4.706s] -- Up-to-date: /home/isci/ros2_ws/install/tm_msgs/lib/python3.8/site-packages/tm_msgs/msg/_svr_response.py
[4.707s] -- Up-to-date: /home/isci/ros2_ws/install/tm_msgs/lib/python3.8/site-packages/tm_msgs/msg/_sct_response.py
[4.708s] -- Up-to-date: /home/isci/ros2_ws/install/tm_msgs/lib/python3.8/site-packages/tm_msgs/msg/_sta_response_s.c
[4.709s] -- Up-to-date: /home/isci/ros2_ws/install/tm_msgs/lib/python3.8/site-packages/tm_msgs/msg/_sct_response_s.c
[4.709s] -- Up-to-date: /home/isci/ros2_ws/install/tm_msgs/lib/python3.8/site-packages/tm_msgs/msg/_svr_response_s.c
[4.710s] -- Up-to-date: /home/isci/ros2_ws/install/tm_msgs/lib/python3.8/site-packages/tm_msgs/msg/_feedback_state_s.c
[4.710s] -- Up-to-date: /home/isci/ros2_ws/install/tm_msgs/lib/python3.8/site-packages/tm_msgs/msg/_feedback_state.py
[4.710s] -- Up-to-date: /home/isci/ros2_ws/install/tm_msgs/lib/python3.8/site-packages/tm_msgs/msg/__init__.py
[4.711s] -- Up-to-date: /home/isci/ros2_ws/install/tm_msgs/lib/python3.8/site-packages/tm_msgs/msg/_sta_response.py
[4.711s] -- Up-to-date: /home/isci/ros2_ws/install/tm_msgs/lib/python3.8/site-packages/tm_msgs/srv
[4.712s] -- Up-to-date: /home/isci/ros2_ws/install/tm_msgs/lib/python3.8/site-packages/tm_msgs/srv/_connect_tm_s.c
[4.712s] -- Up-to-date: /home/isci/ros2_ws/install/tm_msgs/lib/python3.8/site-packages/tm_msgs/srv/_set_io_s.c
[4.713s] -- Up-to-date: /home/isci/ros2_ws/install/tm_msgs/lib/python3.8/site-packages/tm_msgs/srv/_set_velocity.py
[4.713s] -- Up-to-date: /home/isci/ros2_ws/install/tm_msgs/lib/python3.8/site-packages/tm_msgs/srv/_set_positions.py
[4.714s] -- Up-to-date: /home/isci/ros2_ws/install/tm_msgs/lib/python3.8/site-packages/tm_msgs/srv/_write_item.py
[4.714s] -- Up-to-date: /home/isci/ros2_ws/install/tm_msgs/lib/python3.8/site-packages/tm_msgs/srv/_write_item_s.c
[4.714s] -- Up-to-date: /home/isci/ros2_ws/install/tm_msgs/lib/python3.8/site-packages/tm_msgs/srv/_set_positions_s.c
[4.715s] -- Up-to-date: /home/isci/ros2_ws/install/tm_msgs/lib/python3.8/site-packages/tm_msgs/srv/_set_event.py
[4.715s] -- Up-to-date: /home/isci/ros2_ws/install/tm_msgs/lib/python3.8/site-packages/tm_msgs/srv/_set_event_s.c
[4.716s] -- Up-to-date: /home/isci/ros2_ws/install/tm_msgs/lib/python3.8/site-packages/tm_msgs/srv/_ask_sta.py
[4.716s] -- Up-to-date: /home/isci/ros2_ws/install/tm_msgs/lib/python3.8/site-packages/tm_msgs/srv/_send_script.py
[4.717s] -- Up-to-date: /home/isci/ros2_ws/install/tm_msgs/lib/python3.8/site-packages/tm_msgs/srv/_ask_sta_s.c
[4.717s] -- Up-to-date: /home/isci/ros2_ws/install/tm_msgs/lib/python3.8/site-packages/tm_msgs/srv/__init__.py
[4.718s] -- Up-to-date: /home/isci/ros2_ws/install/tm_msgs/lib/python3.8/site-packages/tm_msgs/srv/_ask_item_s.c
[4.718s] -- Up-to-date: /home/isci/ros2_ws/install/tm_msgs/lib/python3.8/site-packages/tm_msgs/srv/_connect_tm.py
[4.719s] -- Up-to-date: /home/isci/ros2_ws/install/tm_msgs/lib/python3.8/site-packages/tm_msgs/srv/_set_velocity_s.c
[4.719s] -- Up-to-date: /home/isci/ros2_ws/install/tm_msgs/lib/python3.8/site-packages/tm_msgs/srv/_set_io.py
[4.720s] -- Up-to-date: /home/isci/ros2_ws/install/tm_msgs/lib/python3.8/site-packages/tm_msgs/srv/_ask_item.py
[4.720s] -- Up-to-date: /home/isci/ros2_ws/install/tm_msgs/lib/python3.8/site-packages/tm_msgs/srv/_send_script_s.c
[4.721s] -- Up-to-date: /home/isci/ros2_ws/install/tm_msgs/lib/python3.8/site-packages/tm_msgs/tm_msgs_s__rosidl_typesupport_fastrtps_c.cpython-38-x86_64-linux-gnu.so
[4.724s] -- Up-to-date: /home/isci/ros2_ws/install/tm_msgs/lib/python3.8/site-packages/tm_msgs/tm_msgs_s__rosidl_typesupport_introspection_c.cpython-38-x86_64-linux-gnu.so
[4.724s] -- Up-to-date: /home/isci/ros2_ws/install/tm_msgs/lib/python3.8/site-packages/tm_msgs/tm_msgs_s__rosidl_typesupport_c.cpython-38-x86_64-linux-gnu.so
[4.725s] -- Up-to-date: /home/isci/ros2_ws/install/tm_msgs/lib/libtm_msgs__python.so
[4.726s] -- Up-to-date: /home/isci/ros2_ws/install/tm_msgs/share/tm_msgs/msg/FeedbackState.idl
[4.728s] -- Up-to-date: /home/isci/ros2_ws/install/tm_msgs/share/tm_msgs/msg/SvrResponse.idl
[4.729s] -- Up-to-date: /home/isci/ros2_ws/install/tm_msgs/share/tm_msgs/msg/SctResponse.idl
[4.729s] -- Up-to-date: /home/isci/ros2_ws/install/tm_msgs/share/tm_msgs/msg/StaResponse.idl
[4.730s] -- Up-to-date: /home/isci/ros2_ws/install/tm_msgs/share/tm_msgs/srv/ConnectTM.idl
[4.731s] -- Up-to-date: /home/isci/ros2_ws/install/tm_msgs/share/tm_msgs/srv/WriteItem.idl
[4.732s] -- Up-to-date: /home/isci/ros2_ws/install/tm_msgs/share/tm_msgs/srv/AskItem.idl
[4.733s] -- Up-to-date: /home/isci/ros2_ws/install/tm_msgs/share/tm_msgs/srv/SendScript.idl
[4.734s] -- Up-to-date: /home/isci/ros2_ws/install/tm_msgs/share/tm_msgs/srv/SetEvent.idl
[4.734s] -- Up-to-date: /home/isci/ros2_ws/install/tm_msgs/share/tm_msgs/srv/SetIO.idl
[4.735s] -- Up-to-date: /home/isci/ros2_ws/install/tm_msgs/share/tm_msgs/srv/SetPositions.idl
[4.736s] -- Up-to-date: /home/isci/ros2_ws/install/tm_msgs/share/tm_msgs/srv/SetVelocity.idl
[4.737s] -- Up-to-date: /home/isci/ros2_ws/install/tm_msgs/share/tm_msgs/srv/AskSta.idl
[4.738s] -- Up-to-date: /home/isci/ros2_ws/install/tm_msgs/share/tm_msgs/msg/FeedbackState.msg
[4.738s] -- Up-to-date: /home/isci/ros2_ws/install/tm_msgs/share/tm_msgs/msg/SvrResponse.msg
[4.739s] -- Up-to-date: /home/isci/ros2_ws/install/tm_msgs/share/tm_msgs/msg/SctResponse.msg
[4.740s] -- Up-to-date: /home/isci/ros2_ws/install/tm_msgs/share/tm_msgs/msg/StaResponse.msg
[4.741s] -- Up-to-date: /home/isci/ros2_ws/install/tm_msgs/share/tm_msgs/srv/ConnectTM.srv
[4.742s] -- Up-to-date: /home/isci/ros2_ws/install/tm_msgs/share/tm_msgs/srv/ConnectTM_Request.msg
[4.745s] -- Up-to-date: /home/isci/ros2_ws/install/tm_msgs/share/tm_msgs/srv/ConnectTM_Response.msg
[4.745s] -- Up-to-date: /home/isci/ros2_ws/install/tm_msgs/share/tm_msgs/srv/WriteItem.srv
[4.746s] -- Up-to-date: /home/isci/ros2_ws/install/tm_msgs/share/tm_msgs/srv/WriteItem_Request.msg
[4.751s] -- Up-to-date: /home/isci/ros2_ws/install/tm_msgs/share/tm_msgs/srv/WriteItem_Response.msg
[4.752s] -- Up-to-date: /home/isci/ros2_ws/install/tm_msgs/share/tm_msgs/srv/AskItem.srv
[4.752s] -- Up-to-date: /home/isci/ros2_ws/install/tm_msgs/share/tm_msgs/srv/AskItem_Request.msg
[4.753s] -- Up-to-date: /home/isci/ros2_ws/install/tm_msgs/share/tm_msgs/srv/AskItem_Response.msg
[4.754s] -- Up-to-date: /home/isci/ros2_ws/install/tm_msgs/share/tm_msgs/srv/SendScript.srv
[4.755s] -- Up-to-date: /home/isci/ros2_ws/install/tm_msgs/share/tm_msgs/srv/SendScript_Request.msg
[4.755s] -- Up-to-date: /home/isci/ros2_ws/install/tm_msgs/share/tm_msgs/srv/SendScript_Response.msg
[4.756s] -- Up-to-date: /home/isci/ros2_ws/install/tm_msgs/share/tm_msgs/srv/SetEvent.srv
[4.757s] -- Up-to-date: /home/isci/ros2_ws/install/tm_msgs/share/tm_msgs/srv/SetEvent_Request.msg
[4.758s] -- Up-to-date: /home/isci/ros2_ws/install/tm_msgs/share/tm_msgs/srv/SetEvent_Response.msg
[4.758s] -- Up-to-date: /home/isci/ros2_ws/install/tm_msgs/share/tm_msgs/srv/SetIO.srv
[4.759s] -- Up-to-date: /home/isci/ros2_ws/install/tm_msgs/share/tm_msgs/srv/SetIO_Request.msg
[4.762s] -- Up-to-date: /home/isci/ros2_ws/install/tm_msgs/share/tm_msgs/srv/SetIO_Response.msg
[4.762s] -- Up-to-date: /home/isci/ros2_ws/install/tm_msgs/share/tm_msgs/srv/SetPositions.srv
[4.763s] -- Up-to-date: /home/isci/ros2_ws/install/tm_msgs/share/tm_msgs/srv/SetPositions_Request.msg
[4.764s] -- Up-to-date: /home/isci/ros2_ws/install/tm_msgs/share/tm_msgs/srv/SetPositions_Response.msg
[4.764s] -- Up-to-date: /home/isci/ros2_ws/install/tm_msgs/share/tm_msgs/srv/SetVelocity.srv
[4.765s] -- Up-to-date: /home/isci/ros2_ws/install/tm_msgs/share/tm_msgs/srv/SetVelocity_Request.msg
[4.765s] -- Up-to-date: /home/isci/ros2_ws/install/tm_msgs/share/tm_msgs/srv/SetVelocity_Response.msg
[4.765s] -- Up-to-date: /home/isci/ros2_ws/install/tm_msgs/share/tm_msgs/srv/AskSta.srv
[4.765s] -- Up-to-date: /home/isci/ros2_ws/install/tm_msgs/share/tm_msgs/srv/AskSta_Request.msg
[4.766s] -- Up-to-date: /home/isci/ros2_ws/install/tm_msgs/share/tm_msgs/srv/AskSta_Response.msg
[4.767s] -- Up-to-date: /home/isci/ros2_ws/install/tm_msgs/share/ament_index/resource_index/package_run_dependencies/tm_msgs
[4.767s] -- Up-to-date: /home/isci/ros2_ws/install/tm_msgs/share/ament_index/resource_index/parent_prefix_path/tm_msgs
[4.769s] -- Up-to-date: /home/isci/ros2_ws/install/tm_msgs/share/tm_msgs/environment/ament_prefix_path.sh
[4.775s] -- Up-to-date: /home/isci/ros2_ws/install/tm_msgs/share/tm_msgs/environment/ament_prefix_path.dsv
[4.776s] -- Up-to-date: /home/isci/ros2_ws/install/tm_msgs/share/tm_msgs/environment/path.sh
[4.777s] -- Up-to-date: /home/isci/ros2_ws/install/tm_msgs/share/tm_msgs/environment/path.dsv
[4.778s] -- Up-to-date: /home/isci/ros2_ws/install/tm_msgs/share/tm_msgs/local_setup.bash
[4.782s] -- Up-to-date: /home/isci/ros2_ws/install/tm_msgs/share/tm_msgs/local_setup.sh
[4.783s] -- Up-to-date: /home/isci/ros2_ws/install/tm_msgs/share/tm_msgs/local_setup.zsh
[4.785s] -- Up-to-date: /home/isci/ros2_ws/install/tm_msgs/share/tm_msgs/local_setup.dsv
[4.785s] -- Installing: /home/isci/ros2_ws/install/tm_msgs/share/tm_msgs/package.dsv
[4.786s] -- Up-to-date: /home/isci/ros2_ws/install/tm_msgs/share/ament_index/resource_index/packages/tm_msgs
[4.787s] -- Up-to-date: /home/isci/ros2_ws/install/tm_msgs/share/tm_msgs/cmake/tm_msgs__rosidl_generator_cExport.cmake
[4.788s] -- Up-to-date: /home/isci/ros2_ws/install/tm_msgs/share/tm_msgs/cmake/tm_msgs__rosidl_generator_cExport-noconfig.cmake
[4.789s] -- Up-to-date: /home/isci/ros2_ws/install/tm_msgs/share/tm_msgs/cmake/tm_msgs__rosidl_typesupport_introspection_cExport.cmake
[4.790s] -- Up-to-date: /home/isci/ros2_ws/install/tm_msgs/share/tm_msgs/cmake/tm_msgs__rosidl_typesupport_introspection_cExport-noconfig.cmake
[4.791s] -- Up-to-date: /home/isci/ros2_ws/install/tm_msgs/share/tm_msgs/cmake/tm_msgs__rosidl_typesupport_cExport.cmake
[4.791s] -- Up-to-date: /home/isci/ros2_ws/install/tm_msgs/share/tm_msgs/cmake/tm_msgs__rosidl_typesupport_cExport-noconfig.cmake
[4.792s] -- Up-to-date: /home/isci/ros2_ws/install/tm_msgs/share/tm_msgs/cmake/tm_msgs__rosidl_generator_cppExport.cmake
[4.793s] -- Up-to-date: /home/isci/ros2_ws/install/tm_msgs/share/tm_msgs/cmake/tm_msgs__rosidl_typesupport_introspection_cppExport.cmake
[4.793s] -- Up-to-date: /home/isci/ros2_ws/install/tm_msgs/share/tm_msgs/cmake/tm_msgs__rosidl_typesupport_introspection_cppExport-noconfig.cmake
[4.795s] -- Up-to-date: /home/isci/ros2_ws/install/tm_msgs/share/tm_msgs/cmake/tm_msgs__rosidl_typesupport_cppExport.cmake
[4.796s] -- Up-to-date: /home/isci/ros2_ws/install/tm_msgs/share/tm_msgs/cmake/tm_msgs__rosidl_typesupport_cppExport-noconfig.cmake
[4.797s] -- Up-to-date: /home/isci/ros2_ws/install/tm_msgs/share/tm_msgs/cmake/rosidl_cmake-extras.cmake
[4.797s] -- Up-to-date: /home/isci/ros2_ws/install/tm_msgs/share/tm_msgs/cmake/ament_cmake_export_dependencies-extras.cmake
[4.799s] -- Up-to-date: /home/isci/ros2_ws/install/tm_msgs/share/tm_msgs/cmake/ament_cmake_export_libraries-extras.cmake
[4.800s] -- Up-to-date: /home/isci/ros2_ws/install/tm_msgs/share/tm_msgs/cmake/ament_cmake_export_targets-extras.cmake
[4.800s] -- Up-to-date: /home/isci/ros2_ws/install/tm_msgs/share/tm_msgs/cmake/ament_cmake_export_include_directories-extras.cmake
[4.801s] -- Up-to-date: /home/isci/ros2_ws/install/tm_msgs/share/tm_msgs/cmake/rosidl_cmake_export_typesupport_libraries-extras.cmake
[4.802s] -- Up-to-date: /home/isci/ros2_ws/install/tm_msgs/share/tm_msgs/cmake/rosidl_cmake_export_typesupport_targets-extras.cmake
[4.804s] -- Up-to-date: /home/isci/ros2_ws/install/tm_msgs/share/tm_msgs/cmake/tm_msgsConfig.cmake
[4.805s] -- Up-to-date: /home/isci/ros2_ws/install/tm_msgs/share/tm_msgs/cmake/tm_msgsConfig-version.cmake
[4.806s] -- Up-to-date: /home/isci/ros2_ws/install/tm_msgs/share/tm_msgs/package.xml
[4.808s] Invoked command in '/home/isci/ros2_ws/build/tm_msgs' returned '0': CMAKE_PREFIX_PATH=${CMAKE_PREFIX_PATH}:/home/isci/ros2_ws/install/tm_mod_urdf:/home/isci/ros2_ws/install/tm_get_status:/opt/ros/foxy /usr/bin/cmake --install /home/isci/ros2_ws/build/tm_msgs
