-- The C compiler identification is GNU 9.4.0
-- The CXX compiler identification is GNU 9.4.0
-- Check for working C compiler: /usr/bin/cc
-- Check for working C compiler: /usr/bin/cc -- works
-- Detecting C compiler ABI info
-- Detecting C compiler ABI info - done
-- Detecting C compile features
-- Detecting C compile features - done
-- Check for working CXX compiler: /usr/bin/c++
-- Check for working CXX compiler: /usr/bin/c++ -- works
-- Detecting CXX compiler ABI info
-- Detecting CXX compiler ABI info - done
-- Detecting CXX compile features
-- Detecting CXX compile features - done
-- Found ament_cmake: 0.9.12 (/opt/ros/foxy/share/ament_cmake/cmake)
-- Found PythonInterp: /usr/bin/python3 (found suitable version "3.8.10", minimum required is "3") 
-- Using PYTHON_EXECUTABLE: /usr/bin/python3
-- Found rclcpp: 2.4.3 (/opt/ros/foxy/share/rclcpp/cmake)
-- Using all available rosidl_typesupport_c: rosidl_typesupport_fastrtps_c;rosidl_typesupport_introspection_c
-- Found rosidl_adapter: 1.3.1 (/opt/ros/foxy/share/rosidl_adapter/cmake)
-- Found OpenSSL: /usr/lib/x86_64-linux-gnu/libcrypto.so (found version "1.1.1f")  
-- Found FastRTPS: /opt/ros/foxy/include  
-- Using all available rosidl_typesupport_cpp: rosidl_typesupport_fastrtps_cpp;rosidl_typesupport_introspection_cpp
-- Found rmw_implementation_cmake: 1.0.4 (/opt/ros/foxy/share/rmw_implementation_cmake/cmake)
-- Using RMW implementation 'rmw_fastrtps_cpp' as default
-- Looking for pthread.h
-- Looking for pthread.h - found
-- Performing Test CMAKE_HAVE_LIBC_PTHREAD
-- Performing Test CMAKE_HAVE_LIBC_PTHREAD - Failed
-- Looking for pthread_create in pthreads
-- Looking for pthread_create in pthreads - not found
-- Looking for pthread_create in pthread
-- Looking for pthread_create in pthread - found
-- Found Threads: TRUE  
-- Found sensor_msgs: 2.0.5 (/opt/ros/foxy/share/sensor_msgs/cmake)
-- Found tm_msgs: 1.1.1 (/home/isci/ros2_ws/install/tm_msgs/share/tm_msgs/cmake)
-- Found ament_lint_auto: 0.9.8 (/opt/ros/foxy/share/ament_lint_auto/cmake)
-- Added test 'copyright' to check source files copyright and LICENSE
-- Added test 'cppcheck' to perform static code analysis on C / C++ code
-- Configured cppcheck include dirs: /home/isci/ros2_ws/src/tmr_ros2/demo/include
-- Configured cppcheck exclude dirs and/or files: 
-- Added test 'cpplint' to check C / C++ code against the Google style
-- Configured cpplint exclude dirs and/or files: 
-- Added test 'lint_cmake' to check CMake code style
-- Added test 'uncrustify' to check C / C++ code style
-- Configured uncrustify additional arguments: 
-- Added test 'xmllint' to check XML markup files
-- Configuring done
-- Generating done
-- Build files have been written to: /home/isci/ros2_ws/build/demo
[35m[1mScanning dependencies of target demo_get_sct_response[0m
[35m[1mScanning dependencies of target demo_get_svr_response[0m
[35m[1mScanning dependencies of target demo_send_script[0m
[35m[1mScanning dependencies of target demo_get_sta_response[0m
[35m[1mScanning dependencies of target demo_set_positions[0m
[35m[1mScanning dependencies of target demo_ask_sta[0m
[35m[1mScanning dependencies of target demo_set_io[0m
[35m[1mScanning dependencies of target demo_get_feedback[0m
[35m[1mScanning dependencies of target demo_ask_item[0m
[35m[1mScanning dependencies of target demo_connect_tm[0m
[35m[1mScanning dependencies of target demo_get_torque_feedback[0m
[35m[1mScanning dependencies of target demo_set_event[0m
[  3%] [32mBuilding CXX object CMakeFiles/demo_get_sta_response.dir/get_status_demo_src/demo_get_sta_response.cpp.o[0m
[  6%] [32mBuilding CXX object CMakeFiles/demo_get_svr_response.dir/get_status_demo_src/demo_get_svr_response.cpp.o[0m
[  9%] [32mBuilding CXX object CMakeFiles/demo_get_sct_response.dir/get_status_demo_src/demo_get_sct_response.cpp.o[0m
[ 12%] [32mBuilding CXX object CMakeFiles/demo_set_positions.dir/src/demo_set_positions.cpp.o[0m
[ 15%] [32mBuilding CXX object CMakeFiles/demo_send_script.dir/src/demo_send_script.cpp.o[0m
[ 18%] [32mBuilding CXX object CMakeFiles/demo_ask_sta.dir/src/demo_ask_sta.cpp.o[0m
[ 21%] [32mBuilding CXX object CMakeFiles/demo_set_io.dir/src/demo_set_io.cpp.o[0m
[ 25%] [32mBuilding CXX object CMakeFiles/demo_get_feedback.dir/get_status_demo_src/demo_get_feedback.cpp.o[0m
[ 28%] [32mBuilding CXX object CMakeFiles/demo_get_torque_feedback.dir/get_status_demo_src/demo_get_torque_feedback.cpp.o[0m
[ 31%] [32mBuilding CXX object CMakeFiles/demo_set_event.dir/src/demo_set_event.cpp.o[0m
[ 37%] [32mBuilding CXX object CMakeFiles/demo_ask_item.dir/src/demo_ask_item.cpp.o[0m
[ 37%] [32mBuilding CXX object CMakeFiles/demo_connect_tm.dir/src/demo_connect_tm.cpp.o[0m
[ 40%] [32m[1mLinking CXX executable demo_set_positions[0m
[ 40%] Built target demo_set_positions
[35m[1mScanning dependencies of target demo_set_positions_handeye[0m
[ 43%] [32mBuilding CXX object CMakeFiles/demo_set_positions_handeye.dir/src/demo_set_positions_handeye.cpp.o[0m
[ 46%] [32m[1mLinking CXX executable demo_send_script[0m
[ 46%] Built target demo_send_script
[ 50%] [32m[1mLinking CXX executable demo_ask_item[0m
[ 53%] [32m[1mLinking CXX executable demo_ask_sta[0m
[ 56%] [32m[1mLinking CXX executable demo_set_io[0m
[ 56%] Built target demo_ask_item
[ 56%] Built target demo_set_io
[ 56%] Built target demo_ask_sta
[ 59%] [32m[1mLinking CXX executable demo_set_event[0m
[ 62%] [32m[1mLinking CXX executable demo_connect_tm[0m
[ 62%] Built target demo_set_event
[ 62%] Built target demo_connect_tm
[ 65%] [32m[1mLinking CXX executable demo_get_svr_response[0m
[ 68%] [32m[1mLinking CXX executable demo_get_torque_feedback[0m
[ 71%] [32m[1mLinking CXX executable demo_get_sct_response[0m
[ 75%] [32m[1mLinking CXX executable demo_get_sta_response[0m
[ 75%] Built target demo_get_torque_feedback
[ 75%] Built target demo_get_svr_response
[ 75%] Built target demo_get_sct_response
[ 75%] Built target demo_get_sta_response
[ 78%] [32m[1mLinking CXX executable demo_set_positions_handeye[0m
[ 78%] Built target demo_set_positions_handeye
[ 81%] [32m[1mLinking CXX executable demo_get_feedback[0m
[ 81%] Built target demo_get_feedback
[35m[1mScanning dependencies of target demo_write_item[0m
[ 84%] [32mBuilding CXX object CMakeFiles/demo_write_item.dir/src/demo_write_item.cpp.o[0m
[ 87%] [32m[1mLinking CXX executable demo_write_item[0m
[ 87%] Built target demo_write_item
[35m[1mScanning dependencies of target demo_leave_listen_node[0m
[ 90%] [32mBuilding CXX object CMakeFiles/demo_leave_listen_node.dir/src/demo_leave_listen_node.cpp.o[0m
[ 93%] [32m[1mLinking CXX executable demo_leave_listen_node[0m
[ 93%] Built target demo_leave_listen_node
[35m[1mScanning dependencies of target demo_set_velocity[0m
[ 96%] [32mBuilding CXX object CMakeFiles/demo_set_velocity.dir/src/demo_set_velocity.cpp.o[0m
[100%] [32m[1mLinking CXX executable demo_set_velocity[0m
[100%] Built target demo_set_velocity
-- Install configuration: ""
-- Installing: /home/isci/ros2_ws/install/demo/lib/demo/demo_send_script
-- Set runtime path of "/home/isci/ros2_ws/install/demo/lib/demo/demo_send_script" to ""
-- Installing: /home/isci/ros2_ws/install/demo/lib/demo/demo_ask_sta
-- Set runtime path of "/home/isci/ros2_ws/install/demo/lib/demo/demo_ask_sta" to ""
-- Installing: /home/isci/ros2_ws/install/demo/lib/demo/demo_connect_tm
-- Set runtime path of "/home/isci/ros2_ws/install/demo/lib/demo/demo_connect_tm" to ""
-- Installing: /home/isci/ros2_ws/install/demo/lib/demo/demo_set_event
-- Set runtime path of "/home/isci/ros2_ws/install/demo/lib/demo/demo_set_event" to ""
-- Installing: /home/isci/ros2_ws/install/demo/lib/demo/demo_set_io
-- Set runtime path of "/home/isci/ros2_ws/install/demo/lib/demo/demo_set_io" to ""
-- Installing: /home/isci/ros2_ws/install/demo/lib/demo/demo_set_positions
-- Set runtime path of "/home/isci/ros2_ws/install/demo/lib/demo/demo_set_positions" to ""
-- Installing: /home/isci/ros2_ws/install/demo/lib/demo/demo_set_positions_handeye
-- Set runtime path of "/home/isci/ros2_ws/install/demo/lib/demo/demo_set_positions_handeye" to ""
-- Installing: /home/isci/ros2_ws/install/demo/lib/demo/demo_set_velocity
-- Set runtime path of "/home/isci/ros2_ws/install/demo/lib/demo/demo_set_velocity" to ""
-- Installing: /home/isci/ros2_ws/install/demo/lib/demo/demo_write_item
-- Set runtime path of "/home/isci/ros2_ws/install/demo/lib/demo/demo_write_item" to ""
-- Installing: /home/isci/ros2_ws/install/demo/lib/demo/demo_ask_item
-- Set runtime path of "/home/isci/ros2_ws/install/demo/lib/demo/demo_ask_item" to ""
-- Installing: /home/isci/ros2_ws/install/demo/lib/demo/demo_get_feedback
-- Set runtime path of "/home/isci/ros2_ws/install/demo/lib/demo/demo_get_feedback" to ""
-- Installing: /home/isci/ros2_ws/install/demo/lib/demo/demo_get_torque_feedback
-- Set runtime path of "/home/isci/ros2_ws/install/demo/lib/demo/demo_get_torque_feedback" to ""
-- Installing: /home/isci/ros2_ws/install/demo/lib/demo/demo_get_sct_response
-- Set runtime path of "/home/isci/ros2_ws/install/demo/lib/demo/demo_get_sct_response" to ""
-- Installing: /home/isci/ros2_ws/install/demo/lib/demo/demo_get_sta_response
-- Set runtime path of "/home/isci/ros2_ws/install/demo/lib/demo/demo_get_sta_response" to ""
-- Installing: /home/isci/ros2_ws/install/demo/lib/demo/demo_get_svr_response
-- Set runtime path of "/home/isci/ros2_ws/install/demo/lib/demo/demo_get_svr_response" to ""
-- Installing: /home/isci/ros2_ws/install/demo/lib/demo/demo_leave_listen_node
-- Set runtime path of "/home/isci/ros2_ws/install/demo/lib/demo/demo_leave_listen_node" to ""
-- Installing: /home/isci/ros2_ws/install/demo/share/ament_index/resource_index/package_run_dependencies/demo
-- Installing: /home/isci/ros2_ws/install/demo/share/ament_index/resource_index/parent_prefix_path/demo
-- Installing: /home/isci/ros2_ws/install/demo/share/demo/environment/ament_prefix_path.sh
-- Installing: /home/isci/ros2_ws/install/demo/share/demo/environment/ament_prefix_path.dsv
-- Installing: /home/isci/ros2_ws/install/demo/share/demo/environment/path.sh
-- Installing: /home/isci/ros2_ws/install/demo/share/demo/environment/path.dsv
-- Installing: /home/isci/ros2_ws/install/demo/share/demo/local_setup.bash
-- Installing: /home/isci/ros2_ws/install/demo/share/demo/local_setup.sh
-- Installing: /home/isci/ros2_ws/install/demo/share/demo/local_setup.zsh
-- Installing: /home/isci/ros2_ws/install/demo/share/demo/local_setup.dsv
-- Installing: /home/isci/ros2_ws/install/demo/share/demo/package.dsv
-- Installing: /home/isci/ros2_ws/install/demo/share/ament_index/resource_index/packages/demo
-- Installing: /home/isci/ros2_ws/install/demo/share/demo/cmake/demoConfig.cmake
-- Installing: /home/isci/ros2_ws/install/demo/share/demo/cmake/demoConfig-version.cmake
-- Installing: /home/isci/ros2_ws/install/demo/share/demo/package.xml
