[01m[K/home/isci/ros2_ws/src/tmr_ros2/tm_kinematics/src/tm_kin.cpp:42:[m[K [01;35m[Kwarning: [m[K"TM900_DH_PARAMS" redefined
   42 | #define TM900_DH_PARAMS
      | 
[01m[K<command-line>:[m[K [01;36m[Knote: [m[Kthis is the location of the previous definition
[01m[K/home/isci/ros2_ws/src/tmr_ros2/tm_kinematics/src/tm_kin.cpp:[m[K In function ‘[01m[Kint tm_kinematics::{anonymous}::inverse_q234(const double*, const double*, const double*, double, double*, double*, const double*, bool)[m[K’:
[01m[K/home/isci/ros2_ws/src/tmr_ros2/tm_kinematics/src/tm_kin.cpp:171:34:[m[K [01;35m[Kwarning: [m[Kunused parameter ‘[01m[KT[m[K’ [[01;35m[K-Wunused-parameter[m[K]
  171 |   int inverse_q234([01;35m[Kconst double* T[m[K, const double* L0J1J6, const double* R10, double qp, double* L1J1J5, double* q234, const double* q_ref, bool isRA) {
      |                    [01;35m[K~~~~~~~~~~~~~~^[m[K
[01m[K/home/isci/ros2_ws/src/tmr_ros2/tm_kinematics/src/tm_jacob.cpp:[m[K In function ‘[01m[KEigen::Matrix<double, 6, 6> tm_jacobian::Forward_Jacobian_gripper(Eigen::Matrix<float, 6, 1>)[m[K’:
[01m[K/home/isci/ros2_ws/src/tmr_ros2/tm_kinematics/src/tm_jacob.cpp:98:30:[m[K [01;35m[Kwarning: [m[Kvariable ‘[01m[Kc6[m[K’ set but not used [[01;35m[K-Wunused-but-set-variable[m[K]
   98 |   double c1, c2, c3, c4, c5, [01;35m[Kc6[m[K, s1, s2, s3, s4, s5, s6;
      |                              [01;35m[K^~[m[K
[01m[K/home/isci/ros2_ws/src/tmr_ros2/tm_kinematics/src/tm_jacob.cpp:98:54:[m[K [01;35m[Kwarning: [m[Kvariable ‘[01m[Ks6[m[K’ set but not used [[01;35m[K-Wunused-but-set-variable[m[K]
   98 |   double c1, c2, c3, c4, c5, c6, s1, s2, s3, s4, s5, [01;35m[Ks6[m[K;
      |                                                      [01;35m[K^~[m[K
[01m[K/home/isci/ros2_ws/src/tmr_ros2/tm_kinematics/src/tm_jacob.cpp:[m[K In function ‘[01m[KEigen::Matrix<double, 6, 6> tm_jacobian::Forward_Jacobian_gripper(Eigen::Matrix<float, 6, 1>, double)[m[K’:
[01m[K/home/isci/ros2_ws/src/tmr_ros2/tm_kinematics/src/tm_jacob.cpp:118:30:[m[K [01;35m[Kwarning: [m[Kvariable ‘[01m[Kc6[m[K’ set but not used [[01;35m[K-Wunused-but-set-variable[m[K]
  118 |   double c1, c2, c3, c4, c5, [01;35m[Kc6[m[K, s1, s2, s3, s4, s5, s6;
      |                              [01;35m[K^~[m[K
[01m[K/home/isci/ros2_ws/src/tmr_ros2/tm_kinematics/src/tm_jacob.cpp:118:54:[m[K [01;35m[Kwarning: [m[Kvariable ‘[01m[Ks6[m[K’ set but not used [[01;35m[K-Wunused-but-set-variable[m[K]
  118 |   double c1, c2, c3, c4, c5, c6, s1, s2, s3, s4, s5, [01;35m[Ks6[m[K;
      |                                                      [01;35m[K^~[m[K
[01m[K/home/isci/ros2_ws/src/tmr_ros2/tm_kinematics/src/tm_jacob.cpp:[m[K In function ‘[01m[KEigen::Matrix<double, 6, 6> tm_jacobian::Forward_Jacobian_tool(Eigen::Matrix<double, 6, 1>, double)[m[K’:
[01m[K/home/isci/ros2_ws/src/tmr_ros2/tm_kinematics/src/tm_jacob.cpp:137:30:[m[K [01;35m[Kwarning: [m[Kvariable ‘[01m[Kc6[m[K’ set but not used [[01;35m[K-Wunused-but-set-variable[m[K]
  137 |   double c1, c2, c3, c4, c5, [01;35m[Kc6[m[K, s1, s2, s3, s4, s5, s6;
      |                              [01;35m[K^~[m[K
[01m[K/home/isci/ros2_ws/src/tmr_ros2/tm_kinematics/src/tm_jacob.cpp:137:54:[m[K [01;35m[Kwarning: [m[Kvariable ‘[01m[Ks6[m[K’ set but not used [[01;35m[K-Wunused-but-set-variable[m[K]
  137 |   double c1, c2, c3, c4, c5, c6, s1, s2, s3, s4, s5, [01;35m[Ks6[m[K;
      |                                                      [01;35m[K^~[m[K
[01m[K/home/isci/ros2_ws/src/tmr_ros2/tm_kinematics/src/tm_jacob.cpp:[m[K In function ‘[01m[Kvoid tm_jacobian::Forward_Kinematics_3(const double*, double*)[m[K’:
[01m[K/home/isci/ros2_ws/src/tmr_ros2/tm_kinematics/src/tm_jacob.cpp:164:16:[m[K [01;35m[Kwarning: [m[Kunused variable ‘[01m[K_PI[m[K’ [[01;35m[K-Wunused-variable[m[K]
  164 |   const double [01;35m[K_PI[m[K = M_PI;
      |                [01;35m[K^~~[m[K
[01m[K/home/isci/ros2_ws/src/tmr_ros2/tm_kinematics/src/tm_jacob.cpp:166:16:[m[K [01;35m[Kwarning: [m[Kunused variable ‘[01m[K_2_PI[m[K’ [[01;35m[K-Wunused-variable[m[K]
  166 |   const double [01;35m[K_2_PI[m[K = 2.0 * M_PI;
      |                [01;35m[K^~~~~[m[K
[01m[K/home/isci/ros2_ws/src/tmr_ros2/tm_kinematics/src/tm_jacob.cpp:[m[K In function ‘[01m[Kvoid tm_jacobian::Forward_Kinematics_3(const double*, double*, double)[m[K’:
[01m[K/home/isci/ros2_ws/src/tmr_ros2/tm_kinematics/src/tm_jacob.cpp:191:16:[m[K [01;35m[Kwarning: [m[Kunused variable ‘[01m[K_PI[m[K’ [[01;35m[K-Wunused-variable[m[K]
  191 |   const double [01;35m[K_PI[m[K = M_PI;
      |                [01;35m[K^~~[m[K
[01m[K/home/isci/ros2_ws/src/tmr_ros2/tm_kinematics/src/tm_jacob.cpp:193:16:[m[K [01;35m[Kwarning: [m[Kunused variable ‘[01m[K_2_PI[m[K’ [[01;35m[K-Wunused-variable[m[K]
  193 |   const double [01;35m[K_2_PI[m[K = 2.0 * M_PI;
      |                [01;35m[K^~~~~[m[K
[01m[K/home/isci/ros2_ws/src/tmr_ros2/tm_kinematics/src/tm_jacob.cpp:[m[K In function ‘[01m[Kvoid tm_jacobian::Forward_Kinematics_4(const double*, double*)[m[K’:
[01m[K/home/isci/ros2_ws/src/tmr_ros2/tm_kinematics/src/tm_jacob.cpp:213:16:[m[K [01;35m[Kwarning: [m[Kunused variable ‘[01m[K_PI[m[K’ [[01;35m[K-Wunused-variable[m[K]
  213 |   const double [01;35m[K_PI[m[K = M_PI;
      |                [01;35m[K^~~[m[K
[01m[K/home/isci/ros2_ws/src/tmr_ros2/tm_kinematics/src/tm_jacob.cpp:215:16:[m[K [01;35m[Kwarning: [m[Kunused variable ‘[01m[K_2_PI[m[K’ [[01;35m[K-Wunused-variable[m[K]
  215 |   const double [01;35m[K_2_PI[m[K = 2.0 * M_PI;
      |                [01;35m[K^~~~~[m[K
[01m[K/home/isci/ros2_ws/src/tmr_ros2/tm_kinematics/src/tm_jacob.cpp:216:22:[m[K [01;35m[Kwarning: [m[Kunused variable ‘[01m[Kc4[m[K’ [[01;35m[K-Wunused-variable[m[K]
  216 |   double c1, c2, c3, [01;35m[Kc4[m[K, c5, c6, s1, s2, s3;
      |                      [01;35m[K^~[m[K
[01m[K/home/isci/ros2_ws/src/tmr_ros2/tm_kinematics/src/tm_jacob.cpp:216:26:[m[K [01;35m[Kwarning: [m[Kunused variable ‘[01m[Kc5[m[K’ [[01;35m[K-Wunused-variable[m[K]
  216 |   double c1, c2, c3, c4, [01;35m[Kc5[m[K, c6, s1, s2, s3;
      |                          [01;35m[K^~[m[K
[01m[K/home/isci/ros2_ws/src/tmr_ros2/tm_kinematics/src/tm_jacob.cpp:216:30:[m[K [01;35m[Kwarning: [m[Kunused variable ‘[01m[Kc6[m[K’ [[01;35m[K-Wunused-variable[m[K]
  216 |   double c1, c2, c3, c4, c5, [01;35m[Kc6[m[K, s1, s2, s3;
      |                              [01;35m[K^~[m[K
[01m[K/home/isci/ros2_ws/src/tmr_ros2/tm_kinematics/src/tm_jacob.cpp:217:10:[m[K [01;35m[Kwarning: [m[Kunused variable ‘[01m[Kcp[m[K’ [[01;35m[K-Wunused-variable[m[K]
  217 |   double [01;35m[Kcp[m[K, sp;
      |          [01;35m[K^~[m[K
[01m[K/home/isci/ros2_ws/src/tmr_ros2/tm_kinematics/src/tm_jacob.cpp:217:14:[m[K [01;35m[Kwarning: [m[Kunused variable ‘[01m[Ksp[m[K’ [[01;35m[K-Wunused-variable[m[K]
  217 |   double cp, [01;35m[Ksp[m[K;
      |              [01;35m[K^~[m[K
[01m[K/home/isci/ros2_ws/src/tmr_ros2/tm_kinematics/src/tm_jacob.cpp:[m[K In function ‘[01m[Kvoid tm_jacobian::Forward_Kinematics_gripper(const double*, double*, double)[m[K’:
[01m[K/home/isci/ros2_ws/src/tmr_ros2/tm_kinematics/src/tm_jacob.cpp:242:16:[m[K [01;35m[Kwarning: [m[Kunused variable ‘[01m[K_PI[m[K’ [[01;35m[K-Wunused-variable[m[K]
  242 |   const double [01;35m[K_PI[m[K = M_PI;
      |                [01;35m[K^~~[m[K
[01m[K/home/isci/ros2_ws/src/tmr_ros2/tm_kinematics/src/tm_jacob.cpp:244:16:[m[K [01;35m[Kwarning: [m[Kunused variable ‘[01m[K_2_PI[m[K’ [[01;35m[K-Wunused-variable[m[K]
  244 |   const double [01;35m[K_2_PI[m[K = 2.0 * M_PI;
      |                [01;35m[K^~~~~[m[K
[01m[K/home/isci/ros2_ws/src/tmr_ros2/tm_kinematics/src/tm_jacob.cpp:[m[K In function ‘[01m[Kvoid tm_jacobian::printMatrix(Eigen::MatrixXf)[m[K’:
[01m[K/home/isci/ros2_ws/src/tmr_ros2/tm_kinematics/src/tm_jacob.cpp:275:9:[m[K [01;35m[Kwarning: [m[Kunused variable ‘[01m[Kcount[m[K’ [[01;35m[K-Wunused-variable[m[K]
  275 |   short [01;35m[Kcount[m[K = 0;
      |         [01;35m[K^~~~~[m[K
[01m[K/home/isci/ros2_ws/src/tmr_ros2/tm_kinematics/src/tm_jacob.cpp:[m[K In function ‘[01m[Kvoid tm_jacobian::printMatrixd(Eigen::MatrixXd)[m[K’:
[01m[K/home/isci/ros2_ws/src/tmr_ros2/tm_kinematics/src/tm_jacob.cpp:291:9:[m[K [01;35m[Kwarning: [m[Kunused variable ‘[01m[Kcount[m[K’ [[01;35m[K-Wunused-variable[m[K]
  291 |   short [01;35m[Kcount[m[K = 0;
      |         [01;35m[K^~~~~[m[K
[01m[K/home/isci/ros2_ws/src/tmr_ros2/tm_kinematics/src/tm_jacob.cpp:[m[K In function ‘[01m[Kvoid tm_jacobian::printVector(std::vector<double, std::allocator<double> >)[m[K’:
[01m[K/home/isci/ros2_ws/src/tmr_ros2/tm_kinematics/src/tm_jacob.cpp:338:21:[m[K [01;35m[Kwarning: [m[Kcomparison of integer expressions of different signedness: ‘[01m[Kint[m[K’ and ‘[01m[Kstd::vector<double, std::allocator<double> >::size_type[m[K’ {aka ‘[01m[Klong unsigned int[m[K’} [[01;35m[K-Wsign-compare[m[K]
  338 |   for (int i = 0; [01;35m[Ki < vec.size()[m[K; ++i)
      |                   [01;35m[K~~^~~~~~~~~~~~[m[K
[01m[K/home/isci/ros2_ws/src/tmr_ros2/tm_kinematics/src/tm_jacob.cpp:[m[K In function ‘[01m[Kbool tm_jacobian::GetQfromInverseKinematics(std::vector<double, std::allocator<double> >, double*)[m[K’:
[01m[K/home/isci/ros2_ws/src/tmr_ros2/tm_kinematics/src/tm_jacob.cpp:474:10:[m[K [01;35m[Kwarning: [m[Kunused variable ‘[01m[Knum_sol[m[K’ [[01;35m[K-Wunused-variable[m[K]
  474 |      int [01;35m[Knum_sol[m[K =  tm_kinematics::inverse(T, q_inv);
      |          [01;35m[K^~~~~~~[m[K
[01m[K/home/isci/ros2_ws/src/tmr_ros2/tm_kinematics/src/main.cpp:41:[m[K [01;35m[Kwarning: [m[K"A2" redefined
   41 | #define A2 0.329
      | 
In file included from [01m[K/home/isci/ros2_ws/src/tmr_ros2/tm_kinematics/src/main.cpp:28[m[K:
[01m[K/home/isci/ros2_ws/src/tmr_ros2/tm_kinematics/include/tm_kinematics/tm_kin.hpp:78:[m[K [01;36m[Knote: [m[Kthis is the location of the previous definition
   78 | #define A2 0.4290
      | 
[01m[K/home/isci/ros2_ws/src/tmr_ros2/tm_kinematics/src/main.cpp:42:[m[K [01;35m[Kwarning: [m[K"A3" redefined
   42 | #define A3 0.3115
      | 
In file included from [01m[K/home/isci/ros2_ws/src/tmr_ros2/tm_kinematics/src/main.cpp:28[m[K:
[01m[K/home/isci/ros2_ws/src/tmr_ros2/tm_kinematics/include/tm_kinematics/tm_kin.hpp:79:[m[K [01;36m[Knote: [m[Kthis is the location of the previous definition
   79 | #define A3 0.4115
      | 
[01m[K/home/isci/ros2_ws/src/tmr_ros2/tm_kinematics/src/main.cpp:[m[K In function ‘[01m[Kint main(int, const char**)[m[K’:
[01m[K/home/isci/ros2_ws/src/tmr_ros2/tm_kinematics/src/main.cpp:81:14:[m[K [01;35m[Kwarning: [m[Kunused parameter ‘[01m[Kargc[m[K’ [[01;35m[K-Wunused-parameter[m[K]
   81 | int main([01;35m[Kint argc[m[K, char const *argv[])
      |          [01;35m[K~~~~^~~~[m[K
