[0.013s] Invoking command in '/home/isci/ros2_ws/build/custom_package': AMENT_PREFIX_PATH=/home/isci/ros2_ws/install/techman_robot_msgs:${AMENT_PREFIX_PATH} CMAKE_PREFIX_PATH=/home/isci/ros2_ws/install/techman_robot_msgs:/opt/ros/foxy LD_LIBRARY_PATH=/home/isci/ros2_ws/install/techman_robot_msgs/lib:${LD_LIBRARY_PATH} PYTHONPATH=/home/isci/ros2_ws/install/techman_robot_msgs/lib/python3.8/site-packages:${PYTHONPATH} /usr/bin/cmake /home/isci/ros2_ws/src/tmr_ros2/custom_package -DCMAKE_INSTALL_PREFIX=/home/isci/ros2_ws/install/custom_package
[0.083s] -- The C compiler identification is GNU 9.4.0
[0.142s] -- The CXX compiler identification is GNU 9.4.0
[0.148s] -- Check for working C compiler: /usr/bin/cc
[0.237s] -- Check for working C compiler: /usr/bin/cc -- works
[0.238s] -- Detecting C compiler ABI info
[0.325s] -- Detecting C compiler ABI info - done
[0.344s] -- Detecting C compile features
[0.345s] -- Detecting C compile features - done
[0.348s] -- Check for working CXX compiler: /usr/bin/c++
[0.451s] -- Check for working CXX compiler: /usr/bin/c++ -- works
[0.452s] -- Detecting CXX compiler ABI info
[0.555s] -- Detecting CXX compiler ABI info - done
[0.575s] -- Detecting CXX compile features
[0.575s] -- Detecting CXX compile features - done
[0.578s] -- Found ament_cmake: 0.9.12 (/opt/ros/foxy/share/ament_cmake/cmake)
[0.611s] -- Found PythonInterp: /usr/bin/python3 (found suitable version "3.8.10", minimum required is "3") 
[0.611s] -- Using PYTHON_EXECUTABLE: /usr/bin/python3
[0.927s] -- Found rclcpp: 2.4.3 (/opt/ros/foxy/share/rclcpp/cmake)
[0.993s] -- Using all available rosidl_typesupport_c: rosidl_typesupport_fastrtps_c;rosidl_typesupport_introspection_c
[1.003s] -- Found rosidl_adapter: 1.3.1 (/opt/ros/foxy/share/rosidl_adapter/cmake)
[1.242s] -- Found OpenSSL: /usr/lib/x86_64-linux-gnu/libcrypto.so (found version "1.1.1f")  
[1.327s] -- Found FastRTPS: /opt/ros/foxy/include  
[1.473s] -- Using all available rosidl_typesupport_cpp: rosidl_typesupport_fastrtps_cpp;rosidl_typesupport_introspection_cpp
[1.569s] -- Found rmw_implementation_cmake: 1.0.4 (/opt/ros/foxy/share/rmw_implementation_cmake/cmake)
[1.572s] -- Using RMW implementation 'rmw_fastrtps_cpp' as default
[1.574s] -- Looking for pthread.h
[1.846s] -- Looking for pthread.h - found
[1.846s] -- Performing Test CMAKE_HAVE_LIBC_PTHREAD
[2.029s] -- Performing Test CMAKE_HAVE_LIBC_PTHREAD - Failed
[2.029s] -- Looking for pthread_create in pthreads
[2.283s] -- Looking for pthread_create in pthreads - not found
[2.283s] -- Looking for pthread_create in pthread
[2.495s] -- Looking for pthread_create in pthread - found
[2.497s] -- Found Threads: TRUE  
[2.857s] -- Found rclcpp_components: 2.4.3 (/opt/ros/foxy/share/rclcpp_components/cmake)
[2.995s] -- Found sensor_msgs: 2.0.5 (/opt/ros/foxy/share/sensor_msgs/cmake)
[3.201s] -- Found OpenCV: /usr (found version "4.2.0") 
[3.202s] -- Found techman_robot_msgs: 1.0.0 (/home/isci/ros2_ws/install/techman_robot_msgs/share/techman_robot_msgs/cmake)
[3.212s] -- Found ament_lint_auto: 0.9.8 (/opt/ros/foxy/share/ament_lint_auto/cmake)
[3.285s] -- Added test 'copyright' to check source files copyright and LICENSE
[3.286s] -- Added test 'cppcheck' to perform static code analysis on C / C++ code
[3.286s] -- Configured cppcheck include dirs: 
[3.286s] -- Configured cppcheck exclude dirs and/or files: 
[3.287s] -- Added test 'cpplint' to check C / C++ code against the Google style
[3.287s] -- Configured cpplint exclude dirs and/or files: 
[3.288s] -- Added test 'lint_cmake' to check CMake code style
[3.288s] -- Added test 'uncrustify' to check C / C++ code style
[3.288s] -- Configured uncrustify additional arguments: 
[3.289s] -- Added test 'xmllint' to check XML markup files
[3.292s] -- Configuring done
[3.310s] -- Generating done
[3.312s] -- Build files have been written to: /home/isci/ros2_ws/build/custom_package
[3.320s] Invoked command in '/home/isci/ros2_ws/build/custom_package' returned '0': AMENT_PREFIX_PATH=/home/isci/ros2_ws/install/techman_robot_msgs:${AMENT_PREFIX_PATH} CMAKE_PREFIX_PATH=/home/isci/ros2_ws/install/techman_robot_msgs:/opt/ros/foxy LD_LIBRARY_PATH=/home/isci/ros2_ws/install/techman_robot_msgs/lib:${LD_LIBRARY_PATH} PYTHONPATH=/home/isci/ros2_ws/install/techman_robot_msgs/lib/python3.8/site-packages:${PYTHONPATH} /usr/bin/cmake /home/isci/ros2_ws/src/tmr_ros2/custom_package -DCMAKE_INSTALL_PREFIX=/home/isci/ros2_ws/install/custom_package
[3.323s] Invoking command in '/home/isci/ros2_ws/build/custom_package': AMENT_PREFIX_PATH=/home/isci/ros2_ws/install/techman_robot_msgs:${AMENT_PREFIX_PATH} CMAKE_PREFIX_PATH=/home/isci/ros2_ws/install/techman_robot_msgs:/opt/ros/foxy LD_LIBRARY_PATH=/home/isci/ros2_ws/install/techman_robot_msgs/lib:${LD_LIBRARY_PATH} PYTHONPATH=/home/isci/ros2_ws/install/techman_robot_msgs/lib/python3.8/site-packages:${PYTHONPATH} /usr/bin/cmake --build /home/isci/ros2_ws/build/custom_package -- -j12 -l12
[3.360s] [35m[1mScanning dependencies of target sub_img[0m
[3.360s] [35m[1mScanning dependencies of target tm_send_command[0m
[3.394s] [ 25%] [32mBuilding CXX object CMakeFiles/tm_send_command.dir/src/send_command.cpp.o[0m
[3.410s] [ 50%] [32mBuilding CXX object CMakeFiles/sub_img.dir/src/sub_img.cpp.o[0m
[5.898s] [ 75%] [32m[1mLinking CXX executable tm_send_command[0m
[6.054s] [ 75%] Built target tm_send_command
[8.568s] [100%] [32m[1mLinking CXX executable sub_img[0m
[9.139s] [100%] Built target sub_img
[9.151s] Invoked command in '/home/isci/ros2_ws/build/custom_package' returned '0': AMENT_PREFIX_PATH=/home/isci/ros2_ws/install/techman_robot_msgs:${AMENT_PREFIX_PATH} CMAKE_PREFIX_PATH=/home/isci/ros2_ws/install/techman_robot_msgs:/opt/ros/foxy LD_LIBRARY_PATH=/home/isci/ros2_ws/install/techman_robot_msgs/lib:${LD_LIBRARY_PATH} PYTHONPATH=/home/isci/ros2_ws/install/techman_robot_msgs/lib/python3.8/site-packages:${PYTHONPATH} /usr/bin/cmake --build /home/isci/ros2_ws/build/custom_package -- -j12 -l12
[9.182s] Invoking command in '/home/isci/ros2_ws/build/custom_package': AMENT_PREFIX_PATH=/home/isci/ros2_ws/install/techman_robot_msgs:${AMENT_PREFIX_PATH} CMAKE_PREFIX_PATH=/home/isci/ros2_ws/install/techman_robot_msgs:/opt/ros/foxy LD_LIBRARY_PATH=/home/isci/ros2_ws/install/techman_robot_msgs/lib:${LD_LIBRARY_PATH} PYTHONPATH=/home/isci/ros2_ws/install/techman_robot_msgs/lib/python3.8/site-packages:${PYTHONPATH} /usr/bin/cmake --install /home/isci/ros2_ws/build/custom_package
[9.191s] -- Install configuration: ""
[9.191s] -- Installing: /home/isci/ros2_ws/install/custom_package/lib/custom_package/tm_send_command
[9.192s] -- Set runtime path of "/home/isci/ros2_ws/install/custom_package/lib/custom_package/tm_send_command" to ""
[9.192s] -- Installing: /home/isci/ros2_ws/install/custom_package/lib/custom_package/sub_img
[9.194s] -- Set runtime path of "/home/isci/ros2_ws/install/custom_package/lib/custom_package/sub_img" to ""
[9.194s] -- Installing: /home/isci/ros2_ws/install/custom_package/share/custom_package/image
[9.194s] -- Installing: /home/isci/ros2_ws/install/custom_package/share/custom_package/image/techman_robot.jpg
[9.194s] -- Installing: /home/isci/ros2_ws/install/custom_package/share/ament_index/resource_index/package_run_dependencies/custom_package
[9.195s] -- Installing: /home/isci/ros2_ws/install/custom_package/share/ament_index/resource_index/parent_prefix_path/custom_package
[9.195s] -- Installing: /home/isci/ros2_ws/install/custom_package/share/custom_package/environment/ament_prefix_path.sh
[9.195s] -- Installing: /home/isci/ros2_ws/install/custom_package/share/custom_package/environment/ament_prefix_path.dsv
[9.195s] -- Installing: /home/isci/ros2_ws/install/custom_package/share/custom_package/environment/path.sh
[9.195s] -- Installing: /home/isci/ros2_ws/install/custom_package/share/custom_package/environment/path.dsv
[9.195s] -- Installing: /home/isci/ros2_ws/install/custom_package/share/custom_package/local_setup.bash
[9.195s] -- Installing: /home/isci/ros2_ws/install/custom_package/share/custom_package/local_setup.sh
[9.196s] -- Installing: /home/isci/ros2_ws/install/custom_package/share/custom_package/local_setup.zsh
[9.196s] -- Installing: /home/isci/ros2_ws/install/custom_package/share/custom_package/local_setup.dsv
[9.196s] -- Installing: /home/isci/ros2_ws/install/custom_package/share/custom_package/package.dsv
[9.196s] -- Installing: /home/isci/ros2_ws/install/custom_package/share/ament_index/resource_index/packages/custom_package
[9.196s] -- Installing: /home/isci/ros2_ws/install/custom_package/share/custom_package/cmake/custom_packageConfig.cmake
[9.196s] -- Installing: /home/isci/ros2_ws/install/custom_package/share/custom_package/cmake/custom_packageConfig-version.cmake
[9.197s] -- Installing: /home/isci/ros2_ws/install/custom_package/share/custom_package/package.xml
[9.199s] Invoked command in '/home/isci/ros2_ws/build/custom_package' returned '0': AMENT_PREFIX_PATH=/home/isci/ros2_ws/install/techman_robot_msgs:${AMENT_PREFIX_PATH} CMAKE_PREFIX_PATH=/home/isci/ros2_ws/install/techman_robot_msgs:/opt/ros/foxy LD_LIBRARY_PATH=/home/isci/ros2_ws/install/techman_robot_msgs/lib:${LD_LIBRARY_PATH} PYTHONPATH=/home/isci/ros2_ws/install/techman_robot_msgs/lib/python3.8/site-packages:${PYTHONPATH} /usr/bin/cmake --install /home/isci/ros2_ws/build/custom_package
