[1.361s] Invoking command in '/home/isci/ros2_ws/src/tmr_ros2/techman_robot_get_status': PYTHONPATH=/home/isci/ros2_ws/build/tm_get_status/prefix_override:/home/isci/ros2_ws/install/tm_get_status/lib/python3.8/site-packages:${PYTHONPATH} /usr/bin/python3 -W ignore:setup.py install is deprecated setup.py egg_info --egg-base ../../../build/tm_get_status build --build-base /home/isci/ros2_ws/build/tm_get_status/build install --record /home/isci/ros2_ws/build/tm_get_status/install.log --single-version-externally-managed install_data
[1.747s] running egg_info
[1.748s] writing ../../../build/tm_get_status/tm_get_status.egg-info/PKG-INFO
[1.749s] writing dependency_links to ../../../build/tm_get_status/tm_get_status.egg-info/dependency_links.txt
[1.749s] writing entry points to ../../../build/tm_get_status/tm_get_status.egg-info/entry_points.txt
[1.752s] writing requirements to ../../../build/tm_get_status/tm_get_status.egg-info/requires.txt
[1.754s] writing top-level names to ../../../build/tm_get_status/tm_get_status.egg-info/top_level.txt
[1.822s] reading manifest file '../../../build/tm_get_status/tm_get_status.egg-info/SOURCES.txt'
[1.825s] writing manifest file '../../../build/tm_get_status/tm_get_status.egg-info/SOURCES.txt'
[1.825s] running build
[1.826s] running build_py
[1.826s] running install
[1.826s] running install_lib
[1.831s] running install_data
[1.833s] running install_egg_info
[1.833s] removing '/home/isci/ros2_ws/install/tm_get_status/lib/python3.8/site-packages/tm_get_status-1.0.0-py3.8.egg-info' (and everything under it)
[1.833s] Copying ../../../build/tm_get_status/tm_get_status.egg-info to /home/isci/ros2_ws/install/tm_get_status/lib/python3.8/site-packages/tm_get_status-1.0.0-py3.8.egg-info
[1.835s] running install_scripts
[1.870s] Installing image_talker script to /home/isci/ros2_ws/install/tm_get_status/lib/tm_get_status
[1.870s] Installing status_talker script to /home/isci/ros2_ws/install/tm_get_status/lib/tm_get_status
[1.871s] writing list of installed files to '/home/isci/ros2_ws/build/tm_get_status/install.log'
[1.906s] Invoked command in '/home/isci/ros2_ws/src/tmr_ros2/techman_robot_get_status' returned '0': PYTHONPATH=/home/isci/ros2_ws/build/tm_get_status/prefix_override:/home/isci/ros2_ws/install/tm_get_status/lib/python3.8/site-packages:${PYTHONPATH} /usr/bin/python3 -W ignore:setup.py install is deprecated setup.py egg_info --egg-base ../../../build/tm_get_status build --build-base /home/isci/ros2_ws/build/tm_get_status/build install --record /home/isci/ros2_ws/build/tm_get_status/install.log --single-version-externally-managed install_data
