[0.158s] Invoking command in '/home/isci/ros2_ws/build/demo': CMAKE_PREFIX_PATH=/home/isci/ros2_ws/install/tm_msgs:/home/isci/ros2_ws/install/ui_for_debug_and_demo:/home/isci/ros2_ws/install/tm_driver:/home/isci/ros2_ws/install/robot_control:/home/isci/ros2_ws/install/demo:/home/isci/ros2_ws/install/tm_moveit_cpp_demo:/home/isci/ros2_ws/install/tm_moveit_config_tm5-900:/home/isci/ros2_ws/install/tm_kinematics:/home/isci/ros2_ws/install/tm_description:/home/isci/ros2_ws/install/custom_package:/home/isci/ros2_ws/install/techman_robot_msgs:/home/isci/ros2_ws/install/tm_mod_urdf:/home/isci/ros2_ws/install/tm_get_status:/opt/ros/foxy /usr/bin/cmake --build /home/isci/ros2_ws/build/demo -- -j12 -l12
[0.800s] [  6%] Built target demo_ask_item
[0.835s] [ 12%] Built target demo_get_sct_response
[0.836s] [ 18%] Built target demo_get_svr_response
[0.848s] [ 25%] Built target demo_set_positions
[0.859s] [ 31%] Built target demo_get_torque_feedback
[0.889s] [ 37%] Built target demo_ask_sta
[0.893s] [ 43%] Built target demo_send_script
[0.906s] [ 50%] Built target demo_set_io
[0.947s] [ 56%] Built target demo_get_sta_response
[0.957s] [ 62%] Built target demo_set_event
[0.969s] [ 68%] Built target demo_get_feedback
[0.977s] [ 75%] Built target demo_connect_tm
[1.165s] [ 81%] Built target demo_set_positions_handeye
[1.183s] [ 87%] Built target demo_set_velocity
[1.215s] [ 93%] Built target demo_write_item
[1.227s] [100%] Built target demo_leave_listen_node
[1.290s] Invoked command in '/home/isci/ros2_ws/build/demo' returned '0': CMAKE_PREFIX_PATH=/home/isci/ros2_ws/install/tm_msgs:/home/isci/ros2_ws/install/ui_for_debug_and_demo:/home/isci/ros2_ws/install/tm_driver:/home/isci/ros2_ws/install/robot_control:/home/isci/ros2_ws/install/demo:/home/isci/ros2_ws/install/tm_moveit_cpp_demo:/home/isci/ros2_ws/install/tm_moveit_config_tm5-900:/home/isci/ros2_ws/install/tm_kinematics:/home/isci/ros2_ws/install/tm_description:/home/isci/ros2_ws/install/custom_package:/home/isci/ros2_ws/install/techman_robot_msgs:/home/isci/ros2_ws/install/tm_mod_urdf:/home/isci/ros2_ws/install/tm_get_status:/opt/ros/foxy /usr/bin/cmake --build /home/isci/ros2_ws/build/demo -- -j12 -l12
[1.690s] Invoking command in '/home/isci/ros2_ws/build/demo': CMAKE_PREFIX_PATH=/home/isci/ros2_ws/install/tm_msgs:/home/isci/ros2_ws/install/ui_for_debug_and_demo:/home/isci/ros2_ws/install/tm_driver:/home/isci/ros2_ws/install/robot_control:/home/isci/ros2_ws/install/demo:/home/isci/ros2_ws/install/tm_moveit_cpp_demo:/home/isci/ros2_ws/install/tm_moveit_config_tm5-900:/home/isci/ros2_ws/install/tm_kinematics:/home/isci/ros2_ws/install/tm_description:/home/isci/ros2_ws/install/custom_package:/home/isci/ros2_ws/install/techman_robot_msgs:/home/isci/ros2_ws/install/tm_mod_urdf:/home/isci/ros2_ws/install/tm_get_status:/opt/ros/foxy /usr/bin/cmake --install /home/isci/ros2_ws/build/demo
[1.742s] -- Install configuration: ""
[1.744s] -- Up-to-date: /home/isci/ros2_ws/install/demo/lib/demo/demo_send_script
[1.747s] -- Up-to-date: /home/isci/ros2_ws/install/demo/lib/demo/demo_ask_sta
[1.749s] -- Up-to-date: /home/isci/ros2_ws/install/demo/lib/demo/demo_connect_tm
[1.753s] -- Up-to-date: /home/isci/ros2_ws/install/demo/lib/demo/demo_set_event
[1.755s] -- Up-to-date: /home/isci/ros2_ws/install/demo/lib/demo/demo_set_io
[1.758s] -- Up-to-date: /home/isci/ros2_ws/install/demo/lib/demo/demo_set_positions
[1.769s] -- Up-to-date: /home/isci/ros2_ws/install/demo/lib/demo/demo_set_positions_handeye
[1.777s] -- Up-to-date: /home/isci/ros2_ws/install/demo/lib/demo/demo_set_velocity
[1.779s] -- Up-to-date: /home/isci/ros2_ws/install/demo/lib/demo/demo_write_item
[1.780s] -- Up-to-date: /home/isci/ros2_ws/install/demo/lib/demo/demo_ask_item
[1.783s] -- Up-to-date: /home/isci/ros2_ws/install/demo/lib/demo/demo_get_feedback
[1.790s] -- Up-to-date: /home/isci/ros2_ws/install/demo/lib/demo/demo_get_torque_feedback
[1.791s] -- Up-to-date: /home/isci/ros2_ws/install/demo/lib/demo/demo_get_sct_response
[1.794s] -- Up-to-date: /home/isci/ros2_ws/install/demo/lib/demo/demo_get_sta_response
[1.795s] -- Up-to-date: /home/isci/ros2_ws/install/demo/lib/demo/demo_get_svr_response
[1.795s] -- Up-to-date: /home/isci/ros2_ws/install/demo/lib/demo/demo_leave_listen_node
[1.803s] -- Up-to-date: /home/isci/ros2_ws/install/demo/share/ament_index/resource_index/package_run_dependencies/demo
[1.805s] -- Up-to-date: /home/isci/ros2_ws/install/demo/share/ament_index/resource_index/parent_prefix_path/demo
[1.807s] -- Up-to-date: /home/isci/ros2_ws/install/demo/share/demo/environment/ament_prefix_path.sh
[1.808s] -- Up-to-date: /home/isci/ros2_ws/install/demo/share/demo/environment/ament_prefix_path.dsv
[1.810s] -- Up-to-date: /home/isci/ros2_ws/install/demo/share/demo/environment/path.sh
[1.811s] -- Up-to-date: /home/isci/ros2_ws/install/demo/share/demo/environment/path.dsv
[1.812s] -- Up-to-date: /home/isci/ros2_ws/install/demo/share/demo/local_setup.bash
[1.813s] -- Up-to-date: /home/isci/ros2_ws/install/demo/share/demo/local_setup.sh
[1.818s] -- Up-to-date: /home/isci/ros2_ws/install/demo/share/demo/local_setup.zsh
[1.819s] -- Up-to-date: /home/isci/ros2_ws/install/demo/share/demo/local_setup.dsv
[1.821s] -- Installing: /home/isci/ros2_ws/install/demo/share/demo/package.dsv
[1.823s] -- Up-to-date: /home/isci/ros2_ws/install/demo/share/ament_index/resource_index/packages/demo
[1.824s] -- Up-to-date: /home/isci/ros2_ws/install/demo/share/demo/cmake/demoConfig.cmake
[1.825s] -- Up-to-date: /home/isci/ros2_ws/install/demo/share/demo/cmake/demoConfig-version.cmake
[1.826s] -- Up-to-date: /home/isci/ros2_ws/install/demo/share/demo/package.xml
[1.881s] Invoked command in '/home/isci/ros2_ws/build/demo' returned '0': CMAKE_PREFIX_PATH=/home/isci/ros2_ws/install/tm_msgs:/home/isci/ros2_ws/install/ui_for_debug_and_demo:/home/isci/ros2_ws/install/tm_driver:/home/isci/ros2_ws/install/robot_control:/home/isci/ros2_ws/install/demo:/home/isci/ros2_ws/install/tm_moveit_cpp_demo:/home/isci/ros2_ws/install/tm_moveit_config_tm5-900:/home/isci/ros2_ws/install/tm_kinematics:/home/isci/ros2_ws/install/tm_description:/home/isci/ros2_ws/install/custom_package:/home/isci/ros2_ws/install/techman_robot_msgs:/home/isci/ros2_ws/install/tm_mod_urdf:/home/isci/ros2_ws/install/tm_get_status:/opt/ros/foxy /usr/bin/cmake --install /home/isci/ros2_ws/build/demo
