-- The C compiler identification is GNU 9.4.0
-- The CXX compiler identification is GNU 9.4.0
-- Check for working C compiler: /usr/bin/cc
-- Check for working C compiler: /usr/bin/cc -- works
-- Detecting C compiler ABI info
-- Detecting C compiler ABI info - done
-- Detecting C compile features
-- Detecting C compile features - done
-- Check for working CXX compiler: /usr/bin/c++
-- Check for working CXX compiler: /usr/bin/c++ -- works
-- Detecting CXX compiler ABI info
-- Detecting CXX compiler ABI info - done
-- Detecting CXX compile features
-- Detecting CXX compile features - done
-- Found ament_cmake: 0.9.12 (/opt/ros/foxy/share/ament_cmake/cmake)
-- Found PythonInterp: /usr/bin/python3 (found suitable version "3.8.10", minimum required is "3") 
-- Using PYTHON_EXECUTABLE: /usr/bin/python3
-- Found rclcpp: 2.4.3 (/opt/ros/foxy/share/rclcpp/cmake)
-- Using all available rosidl_typesupport_c: rosidl_typesupport_fastrtps_c;rosidl_typesupport_introspection_c
-- Found rosidl_adapter: 1.3.1 (/opt/ros/foxy/share/rosidl_adapter/cmake)
-- Found OpenSSL: /usr/lib/x86_64-linux-gnu/libcrypto.so (found version "1.1.1f")  
-- Found FastRTPS: /opt/ros/foxy/include  
-- Using all available rosidl_typesupport_cpp: rosidl_typesupport_fastrtps_cpp;rosidl_typesupport_introspection_cpp
-- Found rmw_implementation_cmake: 1.0.4 (/opt/ros/foxy/share/rmw_implementation_cmake/cmake)
-- Using RMW implementation 'rmw_fastrtps_cpp' as default
-- Looking for pthread.h
-- Looking for pthread.h - found
-- Performing Test CMAKE_HAVE_LIBC_PTHREAD
-- Performing Test CMAKE_HAVE_LIBC_PTHREAD - Failed
-- Looking for pthread_create in pthreads
-- Looking for pthread_create in pthreads - not found
-- Looking for pthread_create in pthread
-- Looking for pthread_create in pthread - found
-- Found Threads: TRUE  
-- Found sensor_msgs: 2.0.5 (/opt/ros/foxy/share/sensor_msgs/cmake)
-- Found tm_msgs: 1.1.1 (/home/isci/ros2_ws/install/tm_msgs/share/tm_msgs/cmake)
-- Found tf2_geometry_msgs: 0.13.14 (/opt/ros/foxy/share/tf2_geometry_msgs/cmake)
-- Found eigen3_cmake_module: 0.1.1 (/opt/ros/foxy/share/eigen3_cmake_module/cmake)
-- Found Eigen3: TRUE (found version "3.3.7") 
-- Found ament_lint_auto: 0.9.8 (/opt/ros/foxy/share/ament_lint_auto/cmake)
-- Added test 'copyright' to check source files copyright and LICENSE
-- Added test 'cppcheck' to perform static code analysis on C / C++ code
-- Configured cppcheck include dirs: /home/isci/ros2_ws/src/tmr_ros2/tm_driver/include
-- Configured cppcheck exclude dirs and/or files: 
-- Added test 'cpplint' to check C / C++ code against the Google style
-- Configured cpplint exclude dirs and/or files: 
-- Added test 'flake8' to check Python code syntax and style conventions
-- Added test 'lint_cmake' to check CMake code style
-- Added test 'pep257' to check Python code against some of the style conventions in PEP 257
-- Added test 'uncrustify' to check C / C++ code style
-- Configured uncrustify additional arguments: 
-- Added test 'xmllint' to check XML markup files
-- Configuring done
-- Generating done
-- Build files have been written to: /home/isci/ros2_ws/build/tm_driver
[35m[1mScanning dependencies of target tm_driver[0m
[  6%] [32mBuilding CXX object CMakeFiles/tm_driver.dir/src/tm_ros2_composition.cpp.o[0m
[ 13%] [32mBuilding CXX object CMakeFiles/tm_driver.dir/src/tm_ros2_svr.cpp.o[0m
[ 20%] [32mBuilding CXX object CMakeFiles/tm_driver.dir/src/tm_ros2_sct.cpp.o[0m
[ 26%] [32mBuilding CXX object CMakeFiles/tm_driver.dir/src/tm_driver.cpp.o[0m
[ 33%] [32mBuilding CXX object CMakeFiles/tm_driver.dir/src/tm_command.cpp.o[0m
[ 40%] [32mBuilding CXX object CMakeFiles/tm_driver.dir/src/tm_sct_communication.cpp.o[0m
[ 46%] [32mBuilding CXX object CMakeFiles/tm_driver.dir/src/tm_svr_communication.cpp.o[0m
[ 53%] [32mBuilding CXX object CMakeFiles/tm_driver.dir/src/tm_communication.cpp.o[0m
[ 60%] [32mBuilding CXX object CMakeFiles/tm_driver.dir/src/tm_robot_state.cpp.o[0m
[ 66%] [32mBuilding CXX object CMakeFiles/tm_driver.dir/src/tm_driver_utilities.cpp.o[0m
[ 73%] [32mBuilding CXX object CMakeFiles/tm_driver.dir/src/tm_packet.cpp.o[0m
[ 80%] [32mBuilding CXX object CMakeFiles/tm_driver.dir/src/tm_print.cpp.o[0m
[ 86%] [32mBuilding CXX object CMakeFiles/tm_driver.dir/src/tm_listen_node_connect.cpp.o[0m
[ 93%] [32mBuilding CXX object CMakeFiles/tm_driver.dir/src/tm_ethernet_slave_connect.cpp.o[0m
[100%] [32m[1mLinking CXX executable tm_driver[0m
[100%] Built target tm_driver
-- Install configuration: ""
-- Installing: /home/isci/ros2_ws/install/tm_driver/lib/tm_driver/tm_driver
-- Set runtime path of "/home/isci/ros2_ws/install/tm_driver/lib/tm_driver/tm_driver" to ""
-- Installing: /home/isci/ros2_ws/install/tm_driver/share/tm_driver/launch
-- Installing: /home/isci/ros2_ws/install/tm_driver/share/tm_driver/launch/tm5-900_bringup.launch.py
-- Installing: /home/isci/ros2_ws/install/tm_driver/share/tm_driver/launch/tm_bringup.launch.py
-- Installing: /home/isci/ros2_ws/install/tm_driver/share/tm_driver/rviz
-- Installing: /home/isci/ros2_ws/install/tm_driver/share/tm_driver/rviz/bringup.rviz
-- Installing: /home/isci/ros2_ws/install/tm_driver/share/ament_index/resource_index/package_run_dependencies/tm_driver
-- Installing: /home/isci/ros2_ws/install/tm_driver/share/ament_index/resource_index/parent_prefix_path/tm_driver
-- Installing: /home/isci/ros2_ws/install/tm_driver/share/tm_driver/environment/ament_prefix_path.sh
-- Installing: /home/isci/ros2_ws/install/tm_driver/share/tm_driver/environment/ament_prefix_path.dsv
-- Installing: /home/isci/ros2_ws/install/tm_driver/share/tm_driver/environment/path.sh
-- Installing: /home/isci/ros2_ws/install/tm_driver/share/tm_driver/environment/path.dsv
-- Installing: /home/isci/ros2_ws/install/tm_driver/share/tm_driver/local_setup.bash
-- Installing: /home/isci/ros2_ws/install/tm_driver/share/tm_driver/local_setup.sh
-- Installing: /home/isci/ros2_ws/install/tm_driver/share/tm_driver/local_setup.zsh
-- Installing: /home/isci/ros2_ws/install/tm_driver/share/tm_driver/local_setup.dsv
-- Installing: /home/isci/ros2_ws/install/tm_driver/share/tm_driver/package.dsv
-- Installing: /home/isci/ros2_ws/install/tm_driver/share/ament_index/resource_index/packages/tm_driver
-- Installing: /home/isci/ros2_ws/install/tm_driver/share/tm_driver/cmake/tm_driverConfig.cmake
-- Installing: /home/isci/ros2_ws/install/tm_driver/share/tm_driver/cmake/tm_driverConfig-version.cmake
-- Installing: /home/isci/ros2_ws/install/tm_driver/share/tm_driver/package.xml
