[0.023s] Invoking command in '/home/isci/ros2_ws/build/tm_driver': AMENT_PREFIX_PATH=/home/isci/ros2_ws/install/tm_msgs:${AMENT_PREFIX_PATH} CMAKE_PREFIX_PATH=/home/isci/ros2_ws/install/tm_msgs:/opt/ros/foxy LD_LIBRARY_PATH=/home/isci/ros2_ws/install/tm_msgs/lib:${LD_LIBRARY_PATH} PYTHONPATH=/home/isci/ros2_ws/install/tm_msgs/lib/python3.8/site-packages:${PYTHONPATH} /usr/bin/cmake /home/isci/ros2_ws/src/tmr_ros2/tm_driver -DCMAKE_INSTALL_PREFIX=/home/isci/ros2_ws/install/tm_driver
[0.072s] -- The C compiler identification is GNU 9.4.0
[0.130s] -- The CXX compiler identification is GNU 9.4.0
[0.135s] -- Check for working C compiler: /usr/bin/cc
[0.204s] -- Check for working C compiler: /usr/bin/cc -- works
[0.205s] -- Detecting C compiler ABI info
[0.277s] -- Detecting C compiler ABI info - done
[0.289s] -- Detecting C compile features
[0.290s] -- Detecting C compile features - done
[0.292s] -- Check for working CXX compiler: /usr/bin/c++
[0.378s] -- Check for working CXX compiler: /usr/bin/c++ -- works
[0.379s] -- Detecting CXX compiler ABI info
[0.465s] -- Detecting CXX compiler ABI info - done
[0.479s] -- Detecting CXX compile features
[0.480s] -- Detecting CXX compile features - done
[0.483s] -- Found ament_cmake: 0.9.12 (/opt/ros/foxy/share/ament_cmake/cmake)
[0.508s] -- Found PythonInterp: /usr/bin/python3 (found suitable version "3.8.10", minimum required is "3") 
[0.508s] -- Using PYTHON_EXECUTABLE: /usr/bin/python3
[0.731s] -- Found rclcpp: 2.4.3 (/opt/ros/foxy/share/rclcpp/cmake)
[0.784s] -- Using all available rosidl_typesupport_c: rosidl_typesupport_fastrtps_c;rosidl_typesupport_introspection_c
[0.792s] -- Found rosidl_adapter: 1.3.1 (/opt/ros/foxy/share/rosidl_adapter/cmake)
[0.883s] -- Found OpenSSL: /usr/lib/x86_64-linux-gnu/libcrypto.so (found version "1.1.1f")  
[0.919s] -- Found FastRTPS: /opt/ros/foxy/include  
[1.014s] -- Using all available rosidl_typesupport_cpp: rosidl_typesupport_fastrtps_cpp;rosidl_typesupport_introspection_cpp
[1.086s] -- Found rmw_implementation_cmake: 1.0.4 (/opt/ros/foxy/share/rmw_implementation_cmake/cmake)
[1.088s] -- Using RMW implementation 'rmw_fastrtps_cpp' as default
[1.089s] -- Looking for pthread.h
[1.167s] -- Looking for pthread.h - found
[1.167s] -- Performing Test CMAKE_HAVE_LIBC_PTHREAD
[1.246s] -- Performing Test CMAKE_HAVE_LIBC_PTHREAD - Failed
[1.247s] -- Looking for pthread_create in pthreads
[1.310s] -- Looking for pthread_create in pthreads - not found
[1.310s] -- Looking for pthread_create in pthread
[1.386s] -- Looking for pthread_create in pthread - found
[1.387s] -- Found Threads: TRUE  
[1.594s] -- Found sensor_msgs: 2.0.5 (/opt/ros/foxy/share/sensor_msgs/cmake)
[1.744s] -- Found tm_msgs: 1.1.1 (/home/isci/ros2_ws/install/tm_msgs/share/tm_msgs/cmake)
[1.786s] -- Found tf2_geometry_msgs: 0.13.14 (/opt/ros/foxy/share/tf2_geometry_msgs/cmake)
[1.795s] -- Found eigen3_cmake_module: 0.1.1 (/opt/ros/foxy/share/eigen3_cmake_module/cmake)
[1.798s] -- Found Eigen3: TRUE (found version "3.3.7") 
[2.883s] -- Found ament_lint_auto: 0.9.8 (/opt/ros/foxy/share/ament_lint_auto/cmake)
[3.112s] -- Added test 'copyright' to check source files copyright and LICENSE
[3.117s] -- Added test 'cppcheck' to perform static code analysis on C / C++ code
[3.117s] -- Configured cppcheck include dirs: /home/isci/ros2_ws/src/tmr_ros2/tm_driver/include
[3.118s] -- Configured cppcheck exclude dirs and/or files: 
[3.124s] -- Added test 'cpplint' to check C / C++ code against the Google style
[3.124s] -- Configured cpplint exclude dirs and/or files: 
[3.133s] -- Added test 'flake8' to check Python code syntax and style conventions
[3.135s] -- Added test 'lint_cmake' to check CMake code style
[3.137s] -- Added test 'pep257' to check Python code against some of the style conventions in PEP 257
[3.156s] -- Added test 'uncrustify' to check C / C++ code style
[3.156s] -- Configured uncrustify additional arguments: 
[3.158s] -- Added test 'xmllint' to check XML markup files
[3.166s] -- Configuring done
[3.240s] -- Generating done
[3.260s] -- Build files have been written to: /home/isci/ros2_ws/build/tm_driver
[3.291s] Invoked command in '/home/isci/ros2_ws/build/tm_driver' returned '0': AMENT_PREFIX_PATH=/home/isci/ros2_ws/install/tm_msgs:${AMENT_PREFIX_PATH} CMAKE_PREFIX_PATH=/home/isci/ros2_ws/install/tm_msgs:/opt/ros/foxy LD_LIBRARY_PATH=/home/isci/ros2_ws/install/tm_msgs/lib:${LD_LIBRARY_PATH} PYTHONPATH=/home/isci/ros2_ws/install/tm_msgs/lib/python3.8/site-packages:${PYTHONPATH} /usr/bin/cmake /home/isci/ros2_ws/src/tmr_ros2/tm_driver -DCMAKE_INSTALL_PREFIX=/home/isci/ros2_ws/install/tm_driver
[3.292s] Invoking command in '/home/isci/ros2_ws/build/tm_driver': AMENT_PREFIX_PATH=/home/isci/ros2_ws/install/tm_msgs:${AMENT_PREFIX_PATH} CMAKE_PREFIX_PATH=/home/isci/ros2_ws/install/tm_msgs:/opt/ros/foxy LD_LIBRARY_PATH=/home/isci/ros2_ws/install/tm_msgs/lib:${LD_LIBRARY_PATH} PYTHONPATH=/home/isci/ros2_ws/install/tm_msgs/lib/python3.8/site-packages:${PYTHONPATH} /usr/bin/cmake --build /home/isci/ros2_ws/build/tm_driver -- -j12 -l12
[3.541s] [35m[1mScanning dependencies of target tm_driver[0m
[4.039s] [  6%] [32mBuilding CXX object CMakeFiles/tm_driver.dir/src/tm_ros2_composition.cpp.o[0m
[4.094s] [ 13%] [32mBuilding CXX object CMakeFiles/tm_driver.dir/src/tm_ros2_svr.cpp.o[0m
[4.101s] [ 20%] [32mBuilding CXX object CMakeFiles/tm_driver.dir/src/tm_ros2_sct.cpp.o[0m
[4.181s] [ 26%] [32mBuilding CXX object CMakeFiles/tm_driver.dir/src/tm_driver.cpp.o[0m
[4.212s] [ 33%] [32mBuilding CXX object CMakeFiles/tm_driver.dir/src/tm_command.cpp.o[0m
[4.218s] [ 40%] [32mBuilding CXX object CMakeFiles/tm_driver.dir/src/tm_sct_communication.cpp.o[0m
[4.253s] [ 46%] [32mBuilding CXX object CMakeFiles/tm_driver.dir/src/tm_svr_communication.cpp.o[0m
[4.290s] [ 53%] [32mBuilding CXX object CMakeFiles/tm_driver.dir/src/tm_communication.cpp.o[0m
[4.396s] [ 60%] [32mBuilding CXX object CMakeFiles/tm_driver.dir/src/tm_robot_state.cpp.o[0m
[4.423s] [ 66%] [32mBuilding CXX object CMakeFiles/tm_driver.dir/src/tm_driver_utilities.cpp.o[0m
[4.425s] [ 73%] [32mBuilding CXX object CMakeFiles/tm_driver.dir/src/tm_packet.cpp.o[0m
[4.446s] [ 80%] [32mBuilding CXX object CMakeFiles/tm_driver.dir/src/tm_print.cpp.o[0m
[7.922s] [ 86%] [32mBuilding CXX object CMakeFiles/tm_driver.dir/src/tm_listen_node_connect.cpp.o[0m
[8.966s] [ 93%] [32mBuilding CXX object CMakeFiles/tm_driver.dir/src/tm_ethernet_slave_connect.cpp.o[0m
[46.961s] [100%] [32m[1mLinking CXX executable tm_driver[0m
[47.977s] [100%] Built target tm_driver
[48.009s] Invoked command in '/home/isci/ros2_ws/build/tm_driver' returned '0': AMENT_PREFIX_PATH=/home/isci/ros2_ws/install/tm_msgs:${AMENT_PREFIX_PATH} CMAKE_PREFIX_PATH=/home/isci/ros2_ws/install/tm_msgs:/opt/ros/foxy LD_LIBRARY_PATH=/home/isci/ros2_ws/install/tm_msgs/lib:${LD_LIBRARY_PATH} PYTHONPATH=/home/isci/ros2_ws/install/tm_msgs/lib/python3.8/site-packages:${PYTHONPATH} /usr/bin/cmake --build /home/isci/ros2_ws/build/tm_driver -- -j12 -l12
[48.133s] Invoking command in '/home/isci/ros2_ws/build/tm_driver': AMENT_PREFIX_PATH=/home/isci/ros2_ws/install/tm_msgs:${AMENT_PREFIX_PATH} CMAKE_PREFIX_PATH=/home/isci/ros2_ws/install/tm_msgs:/opt/ros/foxy LD_LIBRARY_PATH=/home/isci/ros2_ws/install/tm_msgs/lib:${LD_LIBRARY_PATH} PYTHONPATH=/home/isci/ros2_ws/install/tm_msgs/lib/python3.8/site-packages:${PYTHONPATH} /usr/bin/cmake --install /home/isci/ros2_ws/build/tm_driver
[48.163s] -- Install configuration: ""
[48.163s] -- Installing: /home/isci/ros2_ws/install/tm_driver/lib/tm_driver/tm_driver
[48.171s] -- Set runtime path of "/home/isci/ros2_ws/install/tm_driver/lib/tm_driver/tm_driver" to ""
[48.172s] -- Installing: /home/isci/ros2_ws/install/tm_driver/share/tm_driver/launch
[48.172s] -- Installing: /home/isci/ros2_ws/install/tm_driver/share/tm_driver/launch/tm5-900_bringup.launch.py
[48.172s] -- Installing: /home/isci/ros2_ws/install/tm_driver/share/tm_driver/launch/tm_bringup.launch.py
[48.172s] -- Installing: /home/isci/ros2_ws/install/tm_driver/share/tm_driver/rviz
[48.173s] -- Installing: /home/isci/ros2_ws/install/tm_driver/share/tm_driver/rviz/bringup.rviz
[48.173s] -- Installing: /home/isci/ros2_ws/install/tm_driver/share/ament_index/resource_index/package_run_dependencies/tm_driver
[48.173s] -- Installing: /home/isci/ros2_ws/install/tm_driver/share/ament_index/resource_index/parent_prefix_path/tm_driver
[48.173s] -- Installing: /home/isci/ros2_ws/install/tm_driver/share/tm_driver/environment/ament_prefix_path.sh
[48.174s] -- Installing: /home/isci/ros2_ws/install/tm_driver/share/tm_driver/environment/ament_prefix_path.dsv
[48.174s] -- Installing: /home/isci/ros2_ws/install/tm_driver/share/tm_driver/environment/path.sh
[48.174s] -- Installing: /home/isci/ros2_ws/install/tm_driver/share/tm_driver/environment/path.dsv
[48.175s] -- Installing: /home/isci/ros2_ws/install/tm_driver/share/tm_driver/local_setup.bash
[48.175s] -- Installing: /home/isci/ros2_ws/install/tm_driver/share/tm_driver/local_setup.sh
[48.176s] -- Installing: /home/isci/ros2_ws/install/tm_driver/share/tm_driver/local_setup.zsh
[48.176s] -- Installing: /home/isci/ros2_ws/install/tm_driver/share/tm_driver/local_setup.dsv
[48.176s] -- Installing: /home/isci/ros2_ws/install/tm_driver/share/tm_driver/package.dsv
[48.177s] -- Installing: /home/isci/ros2_ws/install/tm_driver/share/ament_index/resource_index/packages/tm_driver
[48.177s] -- Installing: /home/isci/ros2_ws/install/tm_driver/share/tm_driver/cmake/tm_driverConfig.cmake
[48.177s] -- Installing: /home/isci/ros2_ws/install/tm_driver/share/tm_driver/cmake/tm_driverConfig-version.cmake
[48.177s] -- Installing: /home/isci/ros2_ws/install/tm_driver/share/tm_driver/package.xml
[48.183s] Invoked command in '/home/isci/ros2_ws/build/tm_driver' returned '0': AMENT_PREFIX_PATH=/home/isci/ros2_ws/install/tm_msgs:${AMENT_PREFIX_PATH} CMAKE_PREFIX_PATH=/home/isci/ros2_ws/install/tm_msgs:/opt/ros/foxy LD_LIBRARY_PATH=/home/isci/ros2_ws/install/tm_msgs/lib:${LD_LIBRARY_PATH} PYTHONPATH=/home/isci/ros2_ws/install/tm_msgs/lib/python3.8/site-packages:${PYTHONPATH} /usr/bin/cmake --install /home/isci/ros2_ws/build/tm_driver
