-- Install configuration: ""
-- Up-to-date: /home/isci/ros2_ws/install/tm_moveit_config_tm5-900/share/ament_index/resource_index/package_run_dependencies/tm_moveit_config_tm5-900
-- Up-to-date: /home/isci/ros2_ws/install/tm_moveit_config_tm5-900/share/ament_index/resource_index/parent_prefix_path/tm_moveit_config_tm5-900
-- Up-to-date: /home/isci/ros2_ws/install/tm_moveit_config_tm5-900/share/tm_moveit_config_tm5-900/environment/ament_prefix_path.sh
-- Up-to-date: /home/isci/ros2_ws/install/tm_moveit_config_tm5-900/share/tm_moveit_config_tm5-900/environment/ament_prefix_path.dsv
-- Up-to-date: /home/isci/ros2_ws/install/tm_moveit_config_tm5-900/share/tm_moveit_config_tm5-900/environment/path.sh
-- Up-to-date: /home/isci/ros2_ws/install/tm_moveit_config_tm5-900/share/tm_moveit_config_tm5-900/environment/path.dsv
-- Up-to-date: /home/isci/ros2_ws/install/tm_moveit_config_tm5-900/share/tm_moveit_config_tm5-900/local_setup.bash
-- Up-to-date: /home/isci/ros2_ws/install/tm_moveit_config_tm5-900/share/tm_moveit_config_tm5-900/local_setup.sh
-- Up-to-date: /home/isci/ros2_ws/install/tm_moveit_config_tm5-900/share/tm_moveit_config_tm5-900/local_setup.zsh
-- Up-to-date: /home/isci/ros2_ws/install/tm_moveit_config_tm5-900/share/tm_moveit_config_tm5-900/local_setup.dsv
-- Up-to-date: /home/isci/ros2_ws/install/tm_moveit_config_tm5-900/share/tm_moveit_config_tm5-900/package.dsv
-- Up-to-date: /home/isci/ros2_ws/install/tm_moveit_config_tm5-900/share/ament_index/resource_index/packages/tm_moveit_config_tm5-900
-- Up-to-date: /home/isci/ros2_ws/install/tm_moveit_config_tm5-900/share/tm_moveit_config_tm5-900/cmake/tm_moveit_config_tm5-900Config.cmake
-- Up-to-date: /home/isci/ros2_ws/install/tm_moveit_config_tm5-900/share/tm_moveit_config_tm5-900/cmake/tm_moveit_config_tm5-900Config-version.cmake
-- Up-to-date: /home/isci/ros2_ws/install/tm_moveit_config_tm5-900/share/tm_moveit_config_tm5-900/package.xml
-- Up-to-date: /home/isci/ros2_ws/install/tm_moveit_config_tm5-900/share/tm_moveit_config_tm5-900/src
-- Up-to-date: /home/isci/ros2_ws/install/tm_moveit_config_tm5-900/share/tm_moveit_config_tm5-900/src/joint_points_act_service.py
-- Up-to-date: /home/isci/ros2_ws/install/tm_moveit_config_tm5-900/share/tm_moveit_config_tm5-900/src/joint_points_topic.py
-- Up-to-date: /home/isci/ros2_ws/install/tm_moveit_config_tm5-900/share/tm_moveit_config_tm5-900/src/__init__.py
-- Up-to-date: /home/isci/ros2_ws/install/tm_moveit_config_tm5-900/share/tm_moveit_config_tm5-900/models
-- Up-to-date: /home/isci/ros2_ws/install/tm_moveit_config_tm5-900/share/tm_moveit_config_tm5-900/models/table
-- Up-to-date: /home/isci/ros2_ws/install/tm_moveit_config_tm5-900/share/tm_moveit_config_tm5-900/models/table/model-1_2.sdf
-- Up-to-date: /home/isci/ros2_ws/install/tm_moveit_config_tm5-900/share/tm_moveit_config_tm5-900/models/table/model-1_4.sdf
-- Up-to-date: /home/isci/ros2_ws/install/tm_moveit_config_tm5-900/share/tm_moveit_config_tm5-900/models/table/selfObject.sdf
-- Up-to-date: /home/isci/ros2_ws/install/tm_moveit_config_tm5-900/share/tm_moveit_config_tm5-900/models/table/model.sdf
-- Up-to-date: /home/isci/ros2_ws/install/tm_moveit_config_tm5-900/share/tm_moveit_config_tm5-900/models/table/model-1_3.sdf
-- Up-to-date: /home/isci/ros2_ws/install/tm_moveit_config_tm5-900/share/tm_moveit_config_tm5-900/models/table/model.config
-- Up-to-date: /home/isci/ros2_ws/install/tm_moveit_config_tm5-900/share/tm_moveit_config_tm5-900/worlds
-- Up-to-date: /home/isci/ros2_ws/install/tm_moveit_config_tm5-900/share/tm_moveit_config_tm5-900/worlds/arm_with_table.world
-- Up-to-date: /home/isci/ros2_ws/install/tm_moveit_config_tm5-900/share/tm_moveit_config_tm5-900/launch
-- Up-to-date: /home/isci/ros2_ws/install/tm_moveit_config_tm5-900/share/tm_moveit_config_tm5-900/launch/spawn.launch.py
-- Up-to-date: /home/isci/ros2_ws/install/tm_moveit_config_tm5-900/share/tm_moveit_config_tm5-900/launch/load_world_into_gazebo.launch.py
-- Up-to-date: /home/isci/ros2_ws/install/tm_moveit_config_tm5-900/share/tm_moveit_config_tm5-900/launch/gazebo.launch.py
-- Up-to-date: /home/isci/ros2_ws/install/tm_moveit_config_tm5-900/share/tm_moveit_config_tm5-900/launch/tm_bringup.launch.py
-- Up-to-date: /home/isci/ros2_ws/install/tm_moveit_config_tm5-900/share/tm_moveit_config_tm5-900/config
-- Up-to-date: /home/isci/ros2_ws/install/tm_moveit_config_tm5-900/share/tm_moveit_config_tm5-900/config/kinematics.yaml
-- Up-to-date: /home/isci/ros2_ws/install/tm_moveit_config_tm5-900/share/tm_moveit_config_tm5-900/config/stomp_planning.yaml
-- Up-to-date: /home/isci/ros2_ws/install/tm_moveit_config_tm5-900/share/tm_moveit_config_tm5-900/config/tm5-900.srdf
-- Up-to-date: /home/isci/ros2_ws/install/tm_moveit_config_tm5-900/share/tm_moveit_config_tm5-900/config/ompl_planning.yaml
-- Up-to-date: /home/isci/ros2_ws/install/tm_moveit_config_tm5-900/share/tm_moveit_config_tm5-900/config/joint_limits.yaml
-- Up-to-date: /home/isci/ros2_ws/install/tm_moveit_config_tm5-900/share/tm_moveit_config_tm5-900/config/arm_controller_vel.yaml
-- Up-to-date: /home/isci/ros2_ws/install/tm_moveit_config_tm5-900/share/tm_moveit_config_tm5-900/config/sensors_3d.yaml
-- Up-to-date: /home/isci/ros2_ws/install/tm_moveit_config_tm5-900/share/tm_moveit_config_tm5-900/config/chomp_planning.yaml
-- Up-to-date: /home/isci/ros2_ws/install/tm_moveit_config_tm5-900/share/tm_moveit_config_tm5-900/config/arm_controller_pos.yaml
-- Up-to-date: /home/isci/ros2_ws/install/tm_moveit_config_tm5-900/share/tm_moveit_config_tm5-900/config/fake_controllers.yaml
-- Up-to-date: /home/isci/ros2_ws/install/tm_moveit_config_tm5-900/share/tm_moveit_config_tm5-900/config/ros_controllers.yaml
-- Up-to-date: /home/isci/ros2_ws/install/tm_moveit_config_tm5-900/share/tm_moveit_config_tm5-900/rviz
-- Up-to-date: /home/isci/ros2_ws/install/tm_moveit_config_tm5-900/share/tm_moveit_config_tm5-900/rviz/tm5_gazebo.rviz
