[0.501s] Invoking command in '/home/isci/ros2_ws/build/tm_moveit_cpp_demo': CMAKE_PREFIX_PATH=${CMAKE_PREFIX_PATH}:/home/isci/ros2_ws/install/tm_mod_urdf:/home/isci/ros2_ws/install/tm_get_status:/opt/ros/foxy /usr/bin/cmake --build /home/isci/ros2_ws/build/tm_moveit_cpp_demo -- -j12 -l12
[0.544s] Invoked command in '/home/isci/ros2_ws/build/tm_moveit_cpp_demo' returned '0': CMAKE_PREFIX_PATH=${CMAKE_PREFIX_PATH}:/home/isci/ros2_ws/install/tm_mod_urdf:/home/isci/ros2_ws/install/tm_get_status:/opt/ros/foxy /usr/bin/cmake --build /home/isci/ros2_ws/build/tm_moveit_cpp_demo -- -j12 -l12
[0.622s] Invoking command in '/home/isci/ros2_ws/build/tm_moveit_cpp_demo': CMAKE_PREFIX_PATH=${CMAKE_PREFIX_PATH}:/home/isci/ros2_ws/install/tm_mod_urdf:/home/isci/ros2_ws/install/tm_get_status:/opt/ros/foxy /usr/bin/cmake --install /home/isci/ros2_ws/build/tm_moveit_cpp_demo
[0.625s] -- Install configuration: ""
[0.625s] -- Up-to-date: /home/isci/ros2_ws/install/tm_moveit_cpp_demo/share/tm_moveit_cpp_demo/launch
[0.625s] -- Up-to-date: /home/isci/ros2_ws/install/tm_moveit_cpp_demo/share/tm_moveit_cpp_demo/launch/tm5x-900_run_moveit_cpp.launch.py
[0.625s] -- Up-to-date: /home/isci/ros2_ws/install/tm_moveit_cpp_demo/share/tm_moveit_cpp_demo/launch/tm5x-700_run_moveit_cpp.launch.py
[0.625s] -- Up-to-date: /home/isci/ros2_ws/install/tm_moveit_cpp_demo/share/tm_moveit_cpp_demo/launch/tm12x_run_moveit_cpp.launch.py
[0.626s] -- Up-to-date: /home/isci/ros2_ws/install/tm_moveit_cpp_demo/share/tm_moveit_cpp_demo/launch/tm14_run_moveit_cpp.launch.py
[0.626s] -- Up-to-date: /home/isci/ros2_ws/install/tm_moveit_cpp_demo/share/tm_moveit_cpp_demo/launch/tm12_run_moveit_cpp.launch.py
[0.626s] -- Up-to-date: /home/isci/ros2_ws/install/tm_moveit_cpp_demo/share/tm_moveit_cpp_demo/launch/run_moveit_cpp.rviz
[0.626s] -- Up-to-date: /home/isci/ros2_ws/install/tm_moveit_cpp_demo/share/tm_moveit_cpp_demo/launch/tm5-900_run_moveit_cpp.launch.py
[0.626s] -- Up-to-date: /home/isci/ros2_ws/install/tm_moveit_cpp_demo/share/tm_moveit_cpp_demo/launch/run_moveit_cpp.launch.py
[0.626s] -- Up-to-date: /home/isci/ros2_ws/install/tm_moveit_cpp_demo/share/tm_moveit_cpp_demo/launch/tm5-700_run_moveit_cpp.launch.py
[0.626s] -- Up-to-date: /home/isci/ros2_ws/install/tm_moveit_cpp_demo/share/tm_moveit_cpp_demo/launch/tm14x_run_moveit_cpp.launch.py
[0.626s] -- Up-to-date: /home/isci/ros2_ws/install/tm_moveit_cpp_demo/share/tm_moveit_cpp_demo/config
[0.627s] -- Up-to-date: /home/isci/ros2_ws/install/tm_moveit_cpp_demo/share/tm_moveit_cpp_demo/config/controllers.yaml
[0.627s] -- Up-to-date: /home/isci/ros2_ws/install/tm_moveit_cpp_demo/share/tm_moveit_cpp_demo/config/moveit_cpp.yaml
[0.627s] -- Up-to-date: /home/isci/ros2_ws/install/tm_moveit_cpp_demo/share/ament_index/resource_index/package_run_dependencies/tm_moveit_cpp_demo
[0.627s] -- Up-to-date: /home/isci/ros2_ws/install/tm_moveit_cpp_demo/share/ament_index/resource_index/parent_prefix_path/tm_moveit_cpp_demo
[0.627s] -- Up-to-date: /home/isci/ros2_ws/install/tm_moveit_cpp_demo/share/tm_moveit_cpp_demo/environment/ament_prefix_path.sh
[0.627s] -- Up-to-date: /home/isci/ros2_ws/install/tm_moveit_cpp_demo/share/tm_moveit_cpp_demo/environment/ament_prefix_path.dsv
[0.627s] -- Up-to-date: /home/isci/ros2_ws/install/tm_moveit_cpp_demo/share/tm_moveit_cpp_demo/environment/path.sh
[0.627s] -- Up-to-date: /home/isci/ros2_ws/install/tm_moveit_cpp_demo/share/tm_moveit_cpp_demo/environment/path.dsv
[0.627s] -- Up-to-date: /home/isci/ros2_ws/install/tm_moveit_cpp_demo/share/tm_moveit_cpp_demo/local_setup.bash
[0.627s] -- Up-to-date: /home/isci/ros2_ws/install/tm_moveit_cpp_demo/share/tm_moveit_cpp_demo/local_setup.sh
[0.627s] -- Up-to-date: /home/isci/ros2_ws/install/tm_moveit_cpp_demo/share/tm_moveit_cpp_demo/local_setup.zsh
[0.628s] -- Up-to-date: /home/isci/ros2_ws/install/tm_moveit_cpp_demo/share/tm_moveit_cpp_demo/local_setup.dsv
[0.628s] -- Installing: /home/isci/ros2_ws/install/tm_moveit_cpp_demo/share/tm_moveit_cpp_demo/package.dsv
[0.628s] -- Up-to-date: /home/isci/ros2_ws/install/tm_moveit_cpp_demo/share/ament_index/resource_index/packages/tm_moveit_cpp_demo
[0.628s] -- Up-to-date: /home/isci/ros2_ws/install/tm_moveit_cpp_demo/share/tm_moveit_cpp_demo/cmake/tm_moveit_cpp_demoConfig.cmake
[0.628s] -- Up-to-date: /home/isci/ros2_ws/install/tm_moveit_cpp_demo/share/tm_moveit_cpp_demo/cmake/tm_moveit_cpp_demoConfig-version.cmake
[0.628s] -- Up-to-date: /home/isci/ros2_ws/install/tm_moveit_cpp_demo/share/tm_moveit_cpp_demo/package.xml
[0.663s] Invoked command in '/home/isci/ros2_ws/build/tm_moveit_cpp_demo' returned '0': CMAKE_PREFIX_PATH=${CMAKE_PREFIX_PATH}:/home/isci/ros2_ws/install/tm_mod_urdf:/home/isci/ros2_ws/install/tm_get_status:/opt/ros/foxy /usr/bin/cmake --install /home/isci/ros2_ws/build/tm_moveit_cpp_demo
