[0.939s] Invoking command in '/home/isci/ros2_ws/src/tmr_ros2/tm_mod_urdf': PYTHONPATH=/home/isci/ros2_ws/build/tm_mod_urdf/prefix_override:/home/isci/ros2_ws/install/tm_mod_urdf/lib/python3.8/site-packages:${PYTHONPATH} /usr/bin/python3 -W ignore:setup.py install is deprecated setup.py egg_info --egg-base ../../../build/tm_mod_urdf build --build-base /home/isci/ros2_ws/build/tm_mod_urdf/build install --record /home/isci/ros2_ws/build/tm_mod_urdf/install.log --single-version-externally-managed install_data
[1.160s] running egg_info
[1.161s] creating ../../../build/tm_mod_urdf/tm_mod_urdf.egg-info
[1.161s] writing ../../../build/tm_mod_urdf/tm_mod_urdf.egg-info/PKG-INFO
[1.161s] writing dependency_links to ../../../build/tm_mod_urdf/tm_mod_urdf.egg-info/dependency_links.txt
[1.161s] writing entry points to ../../../build/tm_mod_urdf/tm_mod_urdf.egg-info/entry_points.txt
[1.161s] writing requirements to ../../../build/tm_mod_urdf/tm_mod_urdf.egg-info/requires.txt
[1.161s] writing top-level names to ../../../build/tm_mod_urdf/tm_mod_urdf.egg-info/top_level.txt
[1.162s] writing manifest file '../../../build/tm_mod_urdf/tm_mod_urdf.egg-info/SOURCES.txt'
[1.189s] reading manifest file '../../../build/tm_mod_urdf/tm_mod_urdf.egg-info/SOURCES.txt'
[1.190s] writing manifest file '../../../build/tm_mod_urdf/tm_mod_urdf.egg-info/SOURCES.txt'
[1.190s] running build
[1.190s] running build_py
[1.190s] creating /home/isci/ros2_ws/build/tm_mod_urdf/build
[1.190s] creating /home/isci/ros2_ws/build/tm_mod_urdf/build/lib
[1.190s] creating /home/isci/ros2_ws/build/tm_mod_urdf/build/lib/tm_mod_urdf
[1.190s] copying tm_mod_urdf/modify_xacro.py -> /home/isci/ros2_ws/build/tm_mod_urdf/build/lib/tm_mod_urdf
[1.191s] copying tm_mod_urdf/__init__.py -> /home/isci/ros2_ws/build/tm_mod_urdf/build/lib/tm_mod_urdf
[1.191s] copying tm_mod_urdf/_modify_urdf.py -> /home/isci/ros2_ws/build/tm_mod_urdf/build/lib/tm_mod_urdf
[1.191s] copying tm_mod_urdf/modify_urdf.py -> /home/isci/ros2_ws/build/tm_mod_urdf/build/lib/tm_mod_urdf
[1.191s] running install
[1.191s] running install_lib
[1.192s] creating /home/isci/ros2_ws/install/tm_mod_urdf/lib/python3.8/site-packages/tm_mod_urdf
[1.192s] copying /home/isci/ros2_ws/build/tm_mod_urdf/build/lib/tm_mod_urdf/modify_xacro.py -> /home/isci/ros2_ws/install/tm_mod_urdf/lib/python3.8/site-packages/tm_mod_urdf
[1.192s] copying /home/isci/ros2_ws/build/tm_mod_urdf/build/lib/tm_mod_urdf/__init__.py -> /home/isci/ros2_ws/install/tm_mod_urdf/lib/python3.8/site-packages/tm_mod_urdf
[1.192s] copying /home/isci/ros2_ws/build/tm_mod_urdf/build/lib/tm_mod_urdf/_modify_urdf.py -> /home/isci/ros2_ws/install/tm_mod_urdf/lib/python3.8/site-packages/tm_mod_urdf
[1.192s] copying /home/isci/ros2_ws/build/tm_mod_urdf/build/lib/tm_mod_urdf/modify_urdf.py -> /home/isci/ros2_ws/install/tm_mod_urdf/lib/python3.8/site-packages/tm_mod_urdf
[1.192s] byte-compiling /home/isci/ros2_ws/install/tm_mod_urdf/lib/python3.8/site-packages/tm_mod_urdf/modify_xacro.py to modify_xacro.cpython-38.pyc
[1.194s] byte-compiling /home/isci/ros2_ws/install/tm_mod_urdf/lib/python3.8/site-packages/tm_mod_urdf/__init__.py to __init__.cpython-38.pyc
[1.195s] byte-compiling /home/isci/ros2_ws/install/tm_mod_urdf/lib/python3.8/site-packages/tm_mod_urdf/_modify_urdf.py to _modify_urdf.cpython-38.pyc
[1.196s] byte-compiling /home/isci/ros2_ws/install/tm_mod_urdf/lib/python3.8/site-packages/tm_mod_urdf/modify_urdf.py to modify_urdf.cpython-38.pyc
[1.197s] running install_data
[1.197s] creating /home/isci/ros2_ws/install/tm_mod_urdf/share/ament_index
[1.197s] creating /home/isci/ros2_ws/install/tm_mod_urdf/share/ament_index/resource_index
[1.198s] creating /home/isci/ros2_ws/install/tm_mod_urdf/share/ament_index/resource_index/packages
[1.198s] copying resource/tm_mod_urdf -> /home/isci/ros2_ws/install/tm_mod_urdf/share/ament_index/resource_index/packages
[1.198s] copying package.xml -> /home/isci/ros2_ws/install/tm_mod_urdf/share/tm_mod_urdf
[1.198s] running install_egg_info
[1.199s] Copying ../../../build/tm_mod_urdf/tm_mod_urdf.egg-info to /home/isci/ros2_ws/install/tm_mod_urdf/lib/python3.8/site-packages/tm_mod_urdf-1.0.0-py3.8.egg-info
[1.200s] running install_scripts
[1.222s] Installing modify_urdf script to /home/isci/ros2_ws/install/tm_mod_urdf/lib/tm_mod_urdf
[1.223s] Installing modify_xacro script to /home/isci/ros2_ws/install/tm_mod_urdf/lib/tm_mod_urdf
[1.223s] writing list of installed files to '/home/isci/ros2_ws/build/tm_mod_urdf/install.log'
[1.256s] Invoked command in '/home/isci/ros2_ws/src/tmr_ros2/tm_mod_urdf' returned '0': PYTHONPATH=/home/isci/ros2_ws/build/tm_mod_urdf/prefix_override:/home/isci/ros2_ws/install/tm_mod_urdf/lib/python3.8/site-packages:${PYTHONPATH} /usr/bin/python3 -W ignore:setup.py install is deprecated setup.py egg_info --egg-base ../../../build/tm_mod_urdf build --build-base /home/isci/ros2_ws/build/tm_mod_urdf/build install --record /home/isci/ros2_ws/build/tm_mod_urdf/install.log --single-version-externally-managed install_data
