[0.052s] Invoking command in '/home/isci/ros2_ws/build/tm_msgs': CMAKE_PREFIX_PATH=${CMAKE_PREFIX_PATH}:/home/isci/ros2_ws/install/tm_mod_urdf:/home/isci/ros2_ws/install/tm_get_status:/opt/ros/foxy /usr/bin/cmake --build /home/isci/ros2_ws/build/tm_msgs -- -j12 -l12
[0.485s] [  0%] Built target tm_msgs__cpp
[0.486s] [ 12%] Built target tm_msgs__rosidl_generator_c
[0.486s] [ 24%] Built target tm_msgs__rosidl_typesupport_cpp
[0.487s] [ 36%] Built target tm_msgs__rosidl_typesupport_introspection_cpp
[0.488s] [ 60%] Built target tm_msgs__rosidl_typesupport_c
[0.488s] [ 60%] Built target tm_msgs__rosidl_typesupport_introspection_c
[0.488s] [ 72%] Built target tm_msgs__rosidl_typesupport_fastrtps_cpp
[0.488s] [ 84%] Built target tm_msgs__rosidl_typesupport_fastrtps_c
[0.489s] [ 84%] Built target tm_msgs
[0.491s] [ 85%] Built target tm_msgs__py
[0.491s] [ 96%] Built target tm_msgs__python
[0.492s] [ 99%] Built target tm_msgs__rosidl_typesupport_fastrtps_c__pyext
[0.492s] [ 99%] Built target tm_msgs__rosidl_typesupport_introspection_c__pyext
[0.494s] [100%] Built target tm_msgs__rosidl_typesupport_c__pyext
[0.508s] Invoked command in '/home/isci/ros2_ws/build/tm_msgs' returned '0': CMAKE_PREFIX_PATH=${CMAKE_PREFIX_PATH}:/home/isci/ros2_ws/install/tm_mod_urdf:/home/isci/ros2_ws/install/tm_get_status:/opt/ros/foxy /usr/bin/cmake --build /home/isci/ros2_ws/build/tm_msgs -- -j12 -l12
[0.697s] Invoking command in '/home/isci/ros2_ws/build/tm_msgs': CMAKE_PREFIX_PATH=${CMAKE_PREFIX_PATH}:/home/isci/ros2_ws/install/tm_mod_urdf:/home/isci/ros2_ws/install/tm_get_status:/opt/ros/foxy /usr/bin/cmake --install /home/isci/ros2_ws/build/tm_msgs
[0.708s] -- Install configuration: ""
[0.708s] -- Up-to-date: /home/isci/ros2_ws/install/tm_msgs/share/ament_index/resource_index/rosidl_interfaces/tm_msgs
[0.708s] -- Up-to-date: /home/isci/ros2_ws/install/tm_msgs/include/tm_msgs
[0.708s] -- Up-to-date: /home/isci/ros2_ws/install/tm_msgs/include/tm_msgs/msg
[0.708s] -- Up-to-date: /home/isci/ros2_ws/install/tm_msgs/include/tm_msgs/msg/feedback_state.h
[0.708s] -- Up-to-date: /home/isci/ros2_ws/install/tm_msgs/include/tm_msgs/msg/detail
[0.708s] -- Up-to-date: /home/isci/ros2_ws/install/tm_msgs/include/tm_msgs/msg/detail/feedback_state__functions.c
[0.709s] -- Up-to-date: /home/isci/ros2_ws/install/tm_msgs/include/tm_msgs/msg/detail/sta_response__struct.h
[0.709s] -- Up-to-date: /home/isci/ros2_ws/install/tm_msgs/include/tm_msgs/msg/detail/feedback_state__functions.h
[0.709s] -- Up-to-date: /home/isci/ros2_ws/install/tm_msgs/include/tm_msgs/msg/detail/feedback_state__struct.h
[0.709s] -- Up-to-date: /home/isci/ros2_ws/install/tm_msgs/include/tm_msgs/msg/detail/sct_response__functions.h
[0.709s] -- Up-to-date: /home/isci/ros2_ws/install/tm_msgs/include/tm_msgs/msg/detail/svr_response__functions.h
[0.709s] -- Up-to-date: /home/isci/ros2_ws/install/tm_msgs/include/tm_msgs/msg/detail/svr_response__struct.h
[0.709s] -- Up-to-date: /home/isci/ros2_ws/install/tm_msgs/include/tm_msgs/msg/detail/sta_response__functions.h
[0.710s] -- Up-to-date: /home/isci/ros2_ws/install/tm_msgs/include/tm_msgs/msg/detail/svr_response__type_support.h
[0.710s] -- Up-to-date: /home/isci/ros2_ws/install/tm_msgs/include/tm_msgs/msg/detail/sct_response__functions.c
[0.710s] -- Up-to-date: /home/isci/ros2_ws/install/tm_msgs/include/tm_msgs/msg/detail/sta_response__type_support.h
[0.710s] -- Up-to-date: /home/isci/ros2_ws/install/tm_msgs/include/tm_msgs/msg/detail/svr_response__functions.c
[0.710s] -- Up-to-date: /home/isci/ros2_ws/install/tm_msgs/include/tm_msgs/msg/detail/sct_response__struct.h
[0.710s] -- Up-to-date: /home/isci/ros2_ws/install/tm_msgs/include/tm_msgs/msg/detail/sct_response__type_support.h
[0.711s] -- Up-to-date: /home/isci/ros2_ws/install/tm_msgs/include/tm_msgs/msg/detail/sta_response__functions.c
[0.711s] -- Up-to-date: /home/isci/ros2_ws/install/tm_msgs/include/tm_msgs/msg/detail/feedback_state__type_support.h
[0.711s] -- Up-to-date: /home/isci/ros2_ws/install/tm_msgs/include/tm_msgs/msg/svr_response.h
[0.711s] -- Up-to-date: /home/isci/ros2_ws/install/tm_msgs/include/tm_msgs/msg/sct_response.h
[0.711s] -- Up-to-date: /home/isci/ros2_ws/install/tm_msgs/include/tm_msgs/msg/rosidl_generator_c__visibility_control.h
[0.711s] -- Up-to-date: /home/isci/ros2_ws/install/tm_msgs/include/tm_msgs/msg/sta_response.h
[0.712s] -- Up-to-date: /home/isci/ros2_ws/install/tm_msgs/include/tm_msgs/srv
[0.712s] -- Up-to-date: /home/isci/ros2_ws/install/tm_msgs/include/tm_msgs/srv/detail
[0.712s] -- Up-to-date: /home/isci/ros2_ws/install/tm_msgs/include/tm_msgs/srv/detail/set_io__functions.h
[0.712s] -- Up-to-date: /home/isci/ros2_ws/install/tm_msgs/include/tm_msgs/srv/detail/ask_item__struct.h
[0.712s] -- Up-to-date: /home/isci/ros2_ws/install/tm_msgs/include/tm_msgs/srv/detail/ask_item__functions.c
[0.713s] -- Up-to-date: /home/isci/ros2_ws/install/tm_msgs/include/tm_msgs/srv/detail/set_io__struct.h
[0.713s] -- Up-to-date: /home/isci/ros2_ws/install/tm_msgs/include/tm_msgs/srv/detail/write_item__functions.c
[0.713s] -- Up-to-date: /home/isci/ros2_ws/install/tm_msgs/include/tm_msgs/srv/detail/set_positions__type_support.h
[0.713s] -- Up-to-date: /home/isci/ros2_ws/install/tm_msgs/include/tm_msgs/srv/detail/connect_tm__functions.h
[0.714s] -- Up-to-date: /home/isci/ros2_ws/install/tm_msgs/include/tm_msgs/srv/detail/send_script__functions.c
[0.714s] -- Up-to-date: /home/isci/ros2_ws/install/tm_msgs/include/tm_msgs/srv/detail/set_positions__functions.c
[0.714s] -- Up-to-date: /home/isci/ros2_ws/install/tm_msgs/include/tm_msgs/srv/detail/set_event__type_support.h
[0.714s] -- Up-to-date: /home/isci/ros2_ws/install/tm_msgs/include/tm_msgs/srv/detail/ask_item__type_support.h
[0.714s] -- Up-to-date: /home/isci/ros2_ws/install/tm_msgs/include/tm_msgs/srv/detail/set_velocity__struct.h
[0.714s] -- Up-to-date: /home/isci/ros2_ws/install/tm_msgs/include/tm_msgs/srv/detail/set_event__functions.c
[0.714s] -- Up-to-date: /home/isci/ros2_ws/install/tm_msgs/include/tm_msgs/srv/detail/send_script__functions.h
[0.715s] -- Up-to-date: /home/isci/ros2_ws/install/tm_msgs/include/tm_msgs/srv/detail/write_item__type_support.h
[0.715s] -- Up-to-date: /home/isci/ros2_ws/install/tm_msgs/include/tm_msgs/srv/detail/set_velocity__functions.c
[0.715s] -- Up-to-date: /home/isci/ros2_ws/install/tm_msgs/include/tm_msgs/srv/detail/connect_tm__struct.h
[0.715s] -- Up-to-date: /home/isci/ros2_ws/install/tm_msgs/include/tm_msgs/srv/detail/ask_sta__type_support.h
[0.715s] -- Up-to-date: /home/isci/ros2_ws/install/tm_msgs/include/tm_msgs/srv/detail/set_positions__functions.h
[0.715s] -- Up-to-date: /home/isci/ros2_ws/install/tm_msgs/include/tm_msgs/srv/detail/set_io__type_support.h
[0.715s] -- Up-to-date: /home/isci/ros2_ws/install/tm_msgs/include/tm_msgs/srv/detail/ask_item__functions.h
[0.715s] -- Up-to-date: /home/isci/ros2_ws/install/tm_msgs/include/tm_msgs/srv/detail/send_script__struct.h
[0.716s] -- Up-to-date: /home/isci/ros2_ws/install/tm_msgs/include/tm_msgs/srv/detail/ask_sta__functions.c
[0.716s] -- Up-to-date: /home/isci/ros2_ws/install/tm_msgs/include/tm_msgs/srv/detail/write_item__functions.h
[0.716s] -- Up-to-date: /home/isci/ros2_ws/install/tm_msgs/include/tm_msgs/srv/detail/connect_tm__functions.c
[0.716s] -- Up-to-date: /home/isci/ros2_ws/install/tm_msgs/include/tm_msgs/srv/detail/connect_tm__type_support.h
[0.716s] -- Up-to-date: /home/isci/ros2_ws/install/tm_msgs/include/tm_msgs/srv/detail/write_item__struct.h
[0.716s] -- Up-to-date: /home/isci/ros2_ws/install/tm_msgs/include/tm_msgs/srv/detail/set_io__functions.c
[0.716s] -- Up-to-date: /home/isci/ros2_ws/install/tm_msgs/include/tm_msgs/srv/detail/set_velocity__type_support.h
[0.716s] -- Up-to-date: /home/isci/ros2_ws/install/tm_msgs/include/tm_msgs/srv/detail/set_event__struct.h
[0.716s] -- Up-to-date: /home/isci/ros2_ws/install/tm_msgs/include/tm_msgs/srv/detail/set_event__functions.h
[0.717s] -- Up-to-date: /home/isci/ros2_ws/install/tm_msgs/include/tm_msgs/srv/detail/set_positions__struct.h
[0.717s] -- Up-to-date: /home/isci/ros2_ws/install/tm_msgs/include/tm_msgs/srv/detail/ask_sta__struct.h
[0.717s] -- Up-to-date: /home/isci/ros2_ws/install/tm_msgs/include/tm_msgs/srv/detail/ask_sta__functions.h
[0.717s] -- Up-to-date: /home/isci/ros2_ws/install/tm_msgs/include/tm_msgs/srv/detail/send_script__type_support.h
[0.717s] -- Up-to-date: /home/isci/ros2_ws/install/tm_msgs/include/tm_msgs/srv/detail/set_velocity__functions.h
[0.717s] -- Up-to-date: /home/isci/ros2_ws/install/tm_msgs/include/tm_msgs/srv/ask_sta.h
[0.717s] -- Up-to-date: /home/isci/ros2_ws/install/tm_msgs/include/tm_msgs/srv/set_event.h
[0.717s] -- Up-to-date: /home/isci/ros2_ws/install/tm_msgs/include/tm_msgs/srv/set_io.h
[0.718s] -- Up-to-date: /home/isci/ros2_ws/install/tm_msgs/include/tm_msgs/srv/write_item.h
[0.718s] -- Up-to-date: /home/isci/ros2_ws/install/tm_msgs/include/tm_msgs/srv/ask_item.h
[0.718s] -- Up-to-date: /home/isci/ros2_ws/install/tm_msgs/include/tm_msgs/srv/set_positions.h
[0.720s] -- Up-to-date: /home/isci/ros2_ws/install/tm_msgs/include/tm_msgs/srv/connect_tm.h
[0.721s] -- Up-to-date: /home/isci/ros2_ws/install/tm_msgs/include/tm_msgs/srv/send_script.h
[0.721s] -- Up-to-date: /home/isci/ros2_ws/install/tm_msgs/include/tm_msgs/srv/set_velocity.h
[0.722s] -- Up-to-date: /home/isci/ros2_ws/install/tm_msgs/share/tm_msgs/environment/library_path.sh
[0.722s] -- Up-to-date: /home/isci/ros2_ws/install/tm_msgs/share/tm_msgs/environment/library_path.dsv
[0.722s] -- Up-to-date: /home/isci/ros2_ws/install/tm_msgs/lib/libtm_msgs__rosidl_generator_c.so
[0.722s] -- Up-to-date: /home/isci/ros2_ws/install/tm_msgs/include/tm_msgs
[0.722s] -- Up-to-date: /home/isci/ros2_ws/install/tm_msgs/include/tm_msgs/msg
[0.722s] -- Up-to-date: /home/isci/ros2_ws/install/tm_msgs/include/tm_msgs/msg/detail
[0.722s] -- Up-to-date: /home/isci/ros2_ws/install/tm_msgs/include/tm_msgs/msg/detail/sct_response__rosidl_typesupport_fastrtps_c.h
[0.722s] -- Up-to-date: /home/isci/ros2_ws/install/tm_msgs/include/tm_msgs/msg/detail/feedback_state__rosidl_typesupport_fastrtps_c.h
[0.723s] -- Up-to-date: /home/isci/ros2_ws/install/tm_msgs/include/tm_msgs/msg/detail/svr_response__rosidl_typesupport_fastrtps_c.h
[0.723s] -- Up-to-date: /home/isci/ros2_ws/install/tm_msgs/include/tm_msgs/msg/detail/sta_response__rosidl_typesupport_fastrtps_c.h
[0.723s] -- Up-to-date: /home/isci/ros2_ws/install/tm_msgs/include/tm_msgs/msg/rosidl_typesupport_fastrtps_c__visibility_control.h
[0.723s] -- Up-to-date: /home/isci/ros2_ws/install/tm_msgs/include/tm_msgs/srv
[0.723s] -- Up-to-date: /home/isci/ros2_ws/install/tm_msgs/include/tm_msgs/srv/detail
[0.723s] -- Up-to-date: /home/isci/ros2_ws/install/tm_msgs/include/tm_msgs/srv/detail/ask_sta__rosidl_typesupport_fastrtps_c.h
[0.723s] -- Up-to-date: /home/isci/ros2_ws/install/tm_msgs/include/tm_msgs/srv/detail/send_script__rosidl_typesupport_fastrtps_c.h
[0.723s] -- Up-to-date: /home/isci/ros2_ws/install/tm_msgs/include/tm_msgs/srv/detail/set_positions__rosidl_typesupport_fastrtps_c.h
[0.723s] -- Up-to-date: /home/isci/ros2_ws/install/tm_msgs/include/tm_msgs/srv/detail/set_event__rosidl_typesupport_fastrtps_c.h
[0.723s] -- Up-to-date: /home/isci/ros2_ws/install/tm_msgs/include/tm_msgs/srv/detail/set_io__rosidl_typesupport_fastrtps_c.h
[0.724s] -- Up-to-date: /home/isci/ros2_ws/install/tm_msgs/include/tm_msgs/srv/detail/ask_item__rosidl_typesupport_fastrtps_c.h
[0.724s] -- Up-to-date: /home/isci/ros2_ws/install/tm_msgs/include/tm_msgs/srv/detail/connect_tm__rosidl_typesupport_fastrtps_c.h
[0.724s] -- Up-to-date: /home/isci/ros2_ws/install/tm_msgs/include/tm_msgs/srv/detail/set_velocity__rosidl_typesupport_fastrtps_c.h
[0.724s] -- Up-to-date: /home/isci/ros2_ws/install/tm_msgs/include/tm_msgs/srv/detail/write_item__rosidl_typesupport_fastrtps_c.h
[0.724s] -- Up-to-date: /home/isci/ros2_ws/install/tm_msgs/lib/libtm_msgs__rosidl_typesupport_fastrtps_c.so
[0.724s] -- Up-to-date: /home/isci/ros2_ws/install/tm_msgs/include/tm_msgs
[0.724s] -- Up-to-date: /home/isci/ros2_ws/install/tm_msgs/include/tm_msgs/msg
[0.724s] -- Up-to-date: /home/isci/ros2_ws/install/tm_msgs/include/tm_msgs/msg/detail
[0.724s] -- Up-to-date: /home/isci/ros2_ws/install/tm_msgs/include/tm_msgs/msg/detail/feedback_state__rosidl_typesupport_fastrtps_cpp.hpp
[0.724s] -- Up-to-date: /home/isci/ros2_ws/install/tm_msgs/include/tm_msgs/msg/detail/svr_response__rosidl_typesupport_fastrtps_cpp.hpp
[0.725s] -- Up-to-date: /home/isci/ros2_ws/install/tm_msgs/include/tm_msgs/msg/detail/sta_response__rosidl_typesupport_fastrtps_cpp.hpp
[0.725s] -- Up-to-date: /home/isci/ros2_ws/install/tm_msgs/include/tm_msgs/msg/detail/dds_fastrtps
[0.725s] -- Up-to-date: /home/isci/ros2_ws/install/tm_msgs/include/tm_msgs/msg/detail/sct_response__rosidl_typesupport_fastrtps_cpp.hpp
[0.725s] -- Up-to-date: /home/isci/ros2_ws/install/tm_msgs/include/tm_msgs/msg/rosidl_typesupport_fastrtps_cpp__visibility_control.h
[0.725s] -- Up-to-date: /home/isci/ros2_ws/install/tm_msgs/include/tm_msgs/srv
[0.725s] -- Up-to-date: /home/isci/ros2_ws/install/tm_msgs/include/tm_msgs/srv/detail
[0.725s] -- Up-to-date: /home/isci/ros2_ws/install/tm_msgs/include/tm_msgs/srv/detail/set_io__rosidl_typesupport_fastrtps_cpp.hpp
[0.725s] -- Up-to-date: /home/isci/ros2_ws/install/tm_msgs/include/tm_msgs/srv/detail/connect_tm__rosidl_typesupport_fastrtps_cpp.hpp
[0.725s] -- Up-to-date: /home/isci/ros2_ws/install/tm_msgs/include/tm_msgs/srv/detail/set_event__rosidl_typesupport_fastrtps_cpp.hpp
[0.725s] -- Up-to-date: /home/isci/ros2_ws/install/tm_msgs/include/tm_msgs/srv/detail/ask_sta__rosidl_typesupport_fastrtps_cpp.hpp
[0.726s] -- Up-to-date: /home/isci/ros2_ws/install/tm_msgs/include/tm_msgs/srv/detail/set_positions__rosidl_typesupport_fastrtps_cpp.hpp
[0.726s] -- Up-to-date: /home/isci/ros2_ws/install/tm_msgs/include/tm_msgs/srv/detail/send_script__rosidl_typesupport_fastrtps_cpp.hpp
[0.726s] -- Up-to-date: /home/isci/ros2_ws/install/tm_msgs/include/tm_msgs/srv/detail/write_item__rosidl_typesupport_fastrtps_cpp.hpp
[0.726s] -- Up-to-date: /home/isci/ros2_ws/install/tm_msgs/include/tm_msgs/srv/detail/dds_fastrtps
[0.726s] -- Up-to-date: /home/isci/ros2_ws/install/tm_msgs/include/tm_msgs/srv/detail/ask_item__rosidl_typesupport_fastrtps_cpp.hpp
[0.726s] -- Up-to-date: /home/isci/ros2_ws/install/tm_msgs/include/tm_msgs/srv/detail/set_velocity__rosidl_typesupport_fastrtps_cpp.hpp
[0.726s] -- Up-to-date: /home/isci/ros2_ws/install/tm_msgs/lib/libtm_msgs__rosidl_typesupport_fastrtps_cpp.so
[0.726s] -- Up-to-date: /home/isci/ros2_ws/install/tm_msgs/include/tm_msgs
[0.726s] -- Up-to-date: /home/isci/ros2_ws/install/tm_msgs/include/tm_msgs/msg
[0.727s] -- Up-to-date: /home/isci/ros2_ws/install/tm_msgs/include/tm_msgs/msg/detail
[0.727s] -- Up-to-date: /home/isci/ros2_ws/install/tm_msgs/include/tm_msgs/msg/detail/sta_response__type_support.c
[0.727s] -- Up-to-date: /home/isci/ros2_ws/install/tm_msgs/include/tm_msgs/msg/detail/sta_response__rosidl_typesupport_introspection_c.h
[0.727s] -- Up-to-date: /home/isci/ros2_ws/install/tm_msgs/include/tm_msgs/msg/detail/svr_response__type_support.c
[0.727s] -- Up-to-date: /home/isci/ros2_ws/install/tm_msgs/include/tm_msgs/msg/detail/feedback_state__type_support.c
[0.727s] -- Up-to-date: /home/isci/ros2_ws/install/tm_msgs/include/tm_msgs/msg/detail/feedback_state__rosidl_typesupport_introspection_c.h
[0.727s] -- Up-to-date: /home/isci/ros2_ws/install/tm_msgs/include/tm_msgs/msg/detail/sct_response__rosidl_typesupport_introspection_c.h
[0.727s] -- Up-to-date: /home/isci/ros2_ws/install/tm_msgs/include/tm_msgs/msg/detail/svr_response__rosidl_typesupport_introspection_c.h
[0.727s] -- Up-to-date: /home/isci/ros2_ws/install/tm_msgs/include/tm_msgs/msg/detail/sct_response__type_support.c
[0.727s] -- Up-to-date: /home/isci/ros2_ws/install/tm_msgs/include/tm_msgs/msg/rosidl_typesupport_introspection_c__visibility_control.h
[0.727s] -- Up-to-date: /home/isci/ros2_ws/install/tm_msgs/include/tm_msgs/srv
[0.728s] -- Up-to-date: /home/isci/ros2_ws/install/tm_msgs/include/tm_msgs/srv/detail
[0.728s] -- Up-to-date: /home/isci/ros2_ws/install/tm_msgs/include/tm_msgs/srv/detail/set_io__rosidl_typesupport_introspection_c.h
[0.728s] -- Up-to-date: /home/isci/ros2_ws/install/tm_msgs/include/tm_msgs/srv/detail/set_positions__type_support.c
[0.728s] -- Up-to-date: /home/isci/ros2_ws/install/tm_msgs/include/tm_msgs/srv/detail/set_velocity__type_support.c
[0.728s] -- Up-to-date: /home/isci/ros2_ws/install/tm_msgs/include/tm_msgs/srv/detail/write_item__type_support.c
[0.728s] -- Up-to-date: /home/isci/ros2_ws/install/tm_msgs/include/tm_msgs/srv/detail/connect_tm__type_support.c
[0.728s] -- Up-to-date: /home/isci/ros2_ws/install/tm_msgs/include/tm_msgs/srv/detail/send_script__type_support.c
[0.728s] -- Up-to-date: /home/isci/ros2_ws/install/tm_msgs/include/tm_msgs/srv/detail/write_item__rosidl_typesupport_introspection_c.h
[0.729s] -- Up-to-date: /home/isci/ros2_ws/install/tm_msgs/include/tm_msgs/srv/detail/set_velocity__rosidl_typesupport_introspection_c.h
[0.729s] -- Up-to-date: /home/isci/ros2_ws/install/tm_msgs/include/tm_msgs/srv/detail/set_positions__rosidl_typesupport_introspection_c.h
[0.729s] -- Up-to-date: /home/isci/ros2_ws/install/tm_msgs/include/tm_msgs/srv/detail/ask_sta__type_support.c
[0.729s] -- Up-to-date: /home/isci/ros2_ws/install/tm_msgs/include/tm_msgs/srv/detail/set_event__type_support.c
[0.729s] -- Up-to-date: /home/isci/ros2_ws/install/tm_msgs/include/tm_msgs/srv/detail/send_script__rosidl_typesupport_introspection_c.h
[0.729s] -- Up-to-date: /home/isci/ros2_ws/install/tm_msgs/include/tm_msgs/srv/detail/set_io__type_support.c
[0.729s] -- Up-to-date: /home/isci/ros2_ws/install/tm_msgs/include/tm_msgs/srv/detail/set_event__rosidl_typesupport_introspection_c.h
[0.730s] -- Up-to-date: /home/isci/ros2_ws/install/tm_msgs/include/tm_msgs/srv/detail/ask_item__rosidl_typesupport_introspection_c.h
[0.730s] -- Up-to-date: /home/isci/ros2_ws/install/tm_msgs/include/tm_msgs/srv/detail/ask_sta__rosidl_typesupport_introspection_c.h
[0.730s] -- Up-to-date: /home/isci/ros2_ws/install/tm_msgs/include/tm_msgs/srv/detail/ask_item__type_support.c
[0.730s] -- Up-to-date: /home/isci/ros2_ws/install/tm_msgs/include/tm_msgs/srv/detail/connect_tm__rosidl_typesupport_introspection_c.h
[0.730s] -- Up-to-date: /home/isci/ros2_ws/install/tm_msgs/lib/libtm_msgs__rosidl_typesupport_introspection_c.so
[0.730s] -- Up-to-date: /home/isci/ros2_ws/install/tm_msgs/lib/libtm_msgs__rosidl_typesupport_c.so
[0.731s] -- Up-to-date: /home/isci/ros2_ws/install/tm_msgs/include/tm_msgs
[0.732s] -- Up-to-date: /home/isci/ros2_ws/install/tm_msgs/include/tm_msgs/msg
[0.732s] -- Up-to-date: /home/isci/ros2_ws/install/tm_msgs/include/tm_msgs/msg/svr_response.hpp
[0.732s] -- Up-to-date: /home/isci/ros2_ws/install/tm_msgs/include/tm_msgs/msg/feedback_state.hpp
[0.733s] -- Up-to-date: /home/isci/ros2_ws/install/tm_msgs/include/tm_msgs/msg/detail
[0.733s] -- Up-to-date: /home/isci/ros2_ws/install/tm_msgs/include/tm_msgs/msg/detail/svr_response__builder.hpp
[0.733s] -- Up-to-date: /home/isci/ros2_ws/install/tm_msgs/include/tm_msgs/msg/detail/sct_response__traits.hpp
[0.733s] -- Up-to-date: /home/isci/ros2_ws/install/tm_msgs/include/tm_msgs/msg/detail/svr_response__struct.hpp
[0.733s] -- Up-to-date: /home/isci/ros2_ws/install/tm_msgs/include/tm_msgs/msg/detail/sta_response__type_support.hpp
[0.733s] -- Up-to-date: /home/isci/ros2_ws/install/tm_msgs/include/tm_msgs/msg/detail/sta_response__struct.hpp
[0.733s] -- Up-to-date: /home/isci/ros2_ws/install/tm_msgs/include/tm_msgs/msg/detail/svr_response__type_support.hpp
[0.734s] -- Up-to-date: /home/isci/ros2_ws/install/tm_msgs/include/tm_msgs/msg/detail/svr_response__traits.hpp
[0.734s] -- Up-to-date: /home/isci/ros2_ws/install/tm_msgs/include/tm_msgs/msg/detail/sct_response__struct.hpp
[0.734s] -- Up-to-date: /home/isci/ros2_ws/install/tm_msgs/include/tm_msgs/msg/detail/sct_response__builder.hpp
[0.734s] -- Up-to-date: /home/isci/ros2_ws/install/tm_msgs/include/tm_msgs/msg/detail/feedback_state__builder.hpp
[0.734s] -- Up-to-date: /home/isci/ros2_ws/install/tm_msgs/include/tm_msgs/msg/detail/feedback_state__struct.hpp
[0.734s] -- Up-to-date: /home/isci/ros2_ws/install/tm_msgs/include/tm_msgs/msg/detail/sct_response__type_support.hpp
[0.734s] -- Up-to-date: /home/isci/ros2_ws/install/tm_msgs/include/tm_msgs/msg/detail/feedback_state__traits.hpp
[0.734s] -- Up-to-date: /home/isci/ros2_ws/install/tm_msgs/include/tm_msgs/msg/detail/feedback_state__type_support.hpp
[0.735s] -- Up-to-date: /home/isci/ros2_ws/install/tm_msgs/include/tm_msgs/msg/detail/sta_response__traits.hpp
[0.735s] -- Up-to-date: /home/isci/ros2_ws/install/tm_msgs/include/tm_msgs/msg/detail/sta_response__builder.hpp
[0.735s] -- Up-to-date: /home/isci/ros2_ws/install/tm_msgs/include/tm_msgs/msg/sct_response.hpp
[0.735s] -- Up-to-date: /home/isci/ros2_ws/install/tm_msgs/include/tm_msgs/msg/rosidl_generator_cpp__visibility_control.hpp
[0.735s] -- Up-to-date: /home/isci/ros2_ws/install/tm_msgs/include/tm_msgs/msg/sta_response.hpp
[0.735s] -- Up-to-date: /home/isci/ros2_ws/install/tm_msgs/include/tm_msgs/srv
[0.735s] -- Up-to-date: /home/isci/ros2_ws/install/tm_msgs/include/tm_msgs/srv/detail
[0.735s] -- Up-to-date: /home/isci/ros2_ws/install/tm_msgs/include/tm_msgs/srv/detail/write_item__builder.hpp
[0.735s] -- Up-to-date: /home/isci/ros2_ws/install/tm_msgs/include/tm_msgs/srv/detail/connect_tm__type_support.hpp
[0.735s] -- Up-to-date: /home/isci/ros2_ws/install/tm_msgs/include/tm_msgs/srv/detail/set_io__type_support.hpp
[0.735s] -- Up-to-date: /home/isci/ros2_ws/install/tm_msgs/include/tm_msgs/srv/detail/connect_tm__traits.hpp
[0.736s] -- Up-to-date: /home/isci/ros2_ws/install/tm_msgs/include/tm_msgs/srv/detail/set_io__struct.hpp
[0.736s] -- Up-to-date: /home/isci/ros2_ws/install/tm_msgs/include/tm_msgs/srv/detail/ask_sta__builder.hpp
[0.736s] -- Up-to-date: /home/isci/ros2_ws/install/tm_msgs/include/tm_msgs/srv/detail/connect_tm__builder.hpp
[0.737s] -- Up-to-date: /home/isci/ros2_ws/install/tm_msgs/include/tm_msgs/srv/detail/set_event__type_support.hpp
[0.737s] -- Up-to-date: /home/isci/ros2_ws/install/tm_msgs/include/tm_msgs/srv/detail/set_event__traits.hpp
[0.737s] -- Up-to-date: /home/isci/ros2_ws/install/tm_msgs/include/tm_msgs/srv/detail/ask_item__struct.hpp
[0.738s] -- Up-to-date: /home/isci/ros2_ws/install/tm_msgs/include/tm_msgs/srv/detail/ask_sta__struct.hpp
[0.738s] -- Up-to-date: /home/isci/ros2_ws/install/tm_msgs/include/tm_msgs/srv/detail/send_script__struct.hpp
[0.738s] -- Up-to-date: /home/isci/ros2_ws/install/tm_msgs/include/tm_msgs/srv/detail/write_item__struct.hpp
[0.739s] -- Up-to-date: /home/isci/ros2_ws/install/tm_msgs/include/tm_msgs/srv/detail/set_io__builder.hpp
[0.740s] -- Up-to-date: /home/isci/ros2_ws/install/tm_msgs/include/tm_msgs/srv/detail/set_positions__builder.hpp
[0.740s] -- Up-to-date: /home/isci/ros2_ws/install/tm_msgs/include/tm_msgs/srv/detail/write_item__traits.hpp
[0.741s] -- Up-to-date: /home/isci/ros2_ws/install/tm_msgs/include/tm_msgs/srv/detail/set_velocity__type_support.hpp
[0.741s] -- Up-to-date: /home/isci/ros2_ws/install/tm_msgs/include/tm_msgs/srv/detail/ask_sta__type_support.hpp
[0.741s] -- Up-to-date: /home/isci/ros2_ws/install/tm_msgs/include/tm_msgs/srv/detail/set_event__struct.hpp
[0.741s] -- Up-to-date: /home/isci/ros2_ws/install/tm_msgs/include/tm_msgs/srv/detail/set_velocity__traits.hpp
[0.742s] -- Up-to-date: /home/isci/ros2_ws/install/tm_msgs/include/tm_msgs/srv/detail/ask_item__builder.hpp
[0.742s] -- Up-to-date: /home/isci/ros2_ws/install/tm_msgs/include/tm_msgs/srv/detail/set_velocity__builder.hpp
[0.742s] -- Up-to-date: /home/isci/ros2_ws/install/tm_msgs/include/tm_msgs/srv/detail/write_item__type_support.hpp
[0.743s] -- Up-to-date: /home/isci/ros2_ws/install/tm_msgs/include/tm_msgs/srv/detail/connect_tm__struct.hpp
[0.743s] -- Up-to-date: /home/isci/ros2_ws/install/tm_msgs/include/tm_msgs/srv/detail/set_positions__struct.hpp
[0.743s] -- Up-to-date: /home/isci/ros2_ws/install/tm_msgs/include/tm_msgs/srv/detail/set_positions__type_support.hpp
[0.743s] -- Up-to-date: /home/isci/ros2_ws/install/tm_msgs/include/tm_msgs/srv/detail/set_event__builder.hpp
[0.744s] -- Up-to-date: /home/isci/ros2_ws/install/tm_msgs/include/tm_msgs/srv/detail/send_script__type_support.hpp
[0.745s] -- Up-to-date: /home/isci/ros2_ws/install/tm_msgs/include/tm_msgs/srv/detail/set_positions__traits.hpp
[0.746s] -- Up-to-date: /home/isci/ros2_ws/install/tm_msgs/include/tm_msgs/srv/detail/send_script__builder.hpp
[0.746s] -- Up-to-date: /home/isci/ros2_ws/install/tm_msgs/include/tm_msgs/srv/detail/ask_item__traits.hpp
[0.747s] -- Up-to-date: /home/isci/ros2_ws/install/tm_msgs/include/tm_msgs/srv/detail/ask_sta__traits.hpp
[0.748s] -- Up-to-date: /home/isci/ros2_ws/install/tm_msgs/include/tm_msgs/srv/detail/send_script__traits.hpp
[0.748s] -- Up-to-date: /home/isci/ros2_ws/install/tm_msgs/include/tm_msgs/srv/detail/ask_item__type_support.hpp
[0.748s] -- Up-to-date: /home/isci/ros2_ws/install/tm_msgs/include/tm_msgs/srv/detail/set_velocity__struct.hpp
[0.749s] -- Up-to-date: /home/isci/ros2_ws/install/tm_msgs/include/tm_msgs/srv/detail/set_io__traits.hpp
[0.749s] -- Up-to-date: /home/isci/ros2_ws/install/tm_msgs/include/tm_msgs/srv/set_io.hpp
[0.749s] -- Up-to-date: /home/isci/ros2_ws/install/tm_msgs/include/tm_msgs/srv/set_event.hpp
[0.749s] -- Up-to-date: /home/isci/ros2_ws/install/tm_msgs/include/tm_msgs/srv/set_positions.hpp
[0.749s] -- Up-to-date: /home/isci/ros2_ws/install/tm_msgs/include/tm_msgs/srv/ask_item.hpp
[0.749s] -- Up-to-date: /home/isci/ros2_ws/install/tm_msgs/include/tm_msgs/srv/send_script.hpp
[0.749s] -- Up-to-date: /home/isci/ros2_ws/install/tm_msgs/include/tm_msgs/srv/connect_tm.hpp
[0.749s] -- Up-to-date: /home/isci/ros2_ws/install/tm_msgs/include/tm_msgs/srv/ask_sta.hpp
[0.749s] -- Up-to-date: /home/isci/ros2_ws/install/tm_msgs/include/tm_msgs/srv/set_velocity.hpp
[0.750s] -- Up-to-date: /home/isci/ros2_ws/install/tm_msgs/include/tm_msgs/srv/write_item.hpp
[0.750s] -- Up-to-date: /home/isci/ros2_ws/install/tm_msgs/include/tm_msgs
[0.750s] -- Up-to-date: /home/isci/ros2_ws/install/tm_msgs/include/tm_msgs/msg
[0.750s] -- Up-to-date: /home/isci/ros2_ws/install/tm_msgs/include/tm_msgs/msg/detail
[0.750s] -- Up-to-date: /home/isci/ros2_ws/install/tm_msgs/include/tm_msgs/msg/detail/svr_response__rosidl_typesupport_introspection_cpp.hpp
[0.750s] -- Up-to-date: /home/isci/ros2_ws/install/tm_msgs/include/tm_msgs/msg/detail/sct_response__type_support.cpp
[0.750s] -- Up-to-date: /home/isci/ros2_ws/install/tm_msgs/include/tm_msgs/msg/detail/sta_response__rosidl_typesupport_introspection_cpp.hpp
[0.751s] -- Up-to-date: /home/isci/ros2_ws/install/tm_msgs/include/tm_msgs/msg/detail/feedback_state__type_support.cpp
[0.751s] -- Up-to-date: /home/isci/ros2_ws/install/tm_msgs/include/tm_msgs/msg/detail/svr_response__type_support.cpp
[0.751s] -- Up-to-date: /home/isci/ros2_ws/install/tm_msgs/include/tm_msgs/msg/detail/sta_response__type_support.cpp
[0.751s] -- Up-to-date: /home/isci/ros2_ws/install/tm_msgs/include/tm_msgs/msg/detail/feedback_state__rosidl_typesupport_introspection_cpp.hpp
[0.751s] -- Up-to-date: /home/isci/ros2_ws/install/tm_msgs/include/tm_msgs/msg/detail/sct_response__rosidl_typesupport_introspection_cpp.hpp
[0.751s] -- Up-to-date: /home/isci/ros2_ws/install/tm_msgs/include/tm_msgs/srv
[0.751s] -- Up-to-date: /home/isci/ros2_ws/install/tm_msgs/include/tm_msgs/srv/detail
[0.752s] -- Up-to-date: /home/isci/ros2_ws/install/tm_msgs/include/tm_msgs/srv/detail/set_io__type_support.cpp
[0.752s] -- Up-to-date: /home/isci/ros2_ws/install/tm_msgs/include/tm_msgs/srv/detail/write_item__type_support.cpp
[0.752s] -- Up-to-date: /home/isci/ros2_ws/install/tm_msgs/include/tm_msgs/srv/detail/send_script__rosidl_typesupport_introspection_cpp.hpp
[0.752s] -- Up-to-date: /home/isci/ros2_ws/install/tm_msgs/include/tm_msgs/srv/detail/ask_sta__rosidl_typesupport_introspection_cpp.hpp
[0.752s] -- Up-to-date: /home/isci/ros2_ws/install/tm_msgs/include/tm_msgs/srv/detail/set_velocity__rosidl_typesupport_introspection_cpp.hpp
[0.752s] -- Up-to-date: /home/isci/ros2_ws/install/tm_msgs/include/tm_msgs/srv/detail/ask_sta__type_support.cpp
[0.752s] -- Up-to-date: /home/isci/ros2_ws/install/tm_msgs/include/tm_msgs/srv/detail/set_positions__type_support.cpp
[0.753s] -- Up-to-date: /home/isci/ros2_ws/install/tm_msgs/include/tm_msgs/srv/detail/set_velocity__type_support.cpp
[0.753s] -- Up-to-date: /home/isci/ros2_ws/install/tm_msgs/include/tm_msgs/srv/detail/connect_tm__type_support.cpp
[0.753s] -- Up-to-date: /home/isci/ros2_ws/install/tm_msgs/include/tm_msgs/srv/detail/connect_tm__rosidl_typesupport_introspection_cpp.hpp
[0.753s] -- Up-to-date: /home/isci/ros2_ws/install/tm_msgs/include/tm_msgs/srv/detail/set_event__type_support.cpp
[0.753s] -- Up-to-date: /home/isci/ros2_ws/install/tm_msgs/include/tm_msgs/srv/detail/set_positions__rosidl_typesupport_introspection_cpp.hpp
[0.753s] -- Up-to-date: /home/isci/ros2_ws/install/tm_msgs/include/tm_msgs/srv/detail/set_event__rosidl_typesupport_introspection_cpp.hpp
[0.753s] -- Up-to-date: /home/isci/ros2_ws/install/tm_msgs/include/tm_msgs/srv/detail/write_item__rosidl_typesupport_introspection_cpp.hpp
[0.753s] -- Up-to-date: /home/isci/ros2_ws/install/tm_msgs/include/tm_msgs/srv/detail/ask_item__rosidl_typesupport_introspection_cpp.hpp
[0.753s] -- Up-to-date: /home/isci/ros2_ws/install/tm_msgs/include/tm_msgs/srv/detail/set_io__rosidl_typesupport_introspection_cpp.hpp
[0.754s] -- Up-to-date: /home/isci/ros2_ws/install/tm_msgs/include/tm_msgs/srv/detail/send_script__type_support.cpp
[0.754s] -- Up-to-date: /home/isci/ros2_ws/install/tm_msgs/include/tm_msgs/srv/detail/ask_item__type_support.cpp
[0.754s] -- Up-to-date: /home/isci/ros2_ws/install/tm_msgs/lib/libtm_msgs__rosidl_typesupport_introspection_cpp.so
[0.754s] -- Up-to-date: /home/isci/ros2_ws/install/tm_msgs/lib/libtm_msgs__rosidl_typesupport_cpp.so
[0.754s] -- Up-to-date: /home/isci/ros2_ws/install/tm_msgs/share/tm_msgs/environment/pythonpath.sh
[0.754s] -- Up-to-date: /home/isci/ros2_ws/install/tm_msgs/share/tm_msgs/environment/pythonpath.dsv
[0.754s] -- Up-to-date: /home/isci/ros2_ws/install/tm_msgs/lib/python3.8/site-packages/tm_msgs/__init__.py
[0.766s] -- Up-to-date: /home/isci/ros2_ws/install/tm_msgs/lib/python3.8/site-packages/tm_msgs/msg
[0.766s] -- Up-to-date: /home/isci/ros2_ws/install/tm_msgs/lib/python3.8/site-packages/tm_msgs/msg/_svr_response.py
[0.766s] -- Up-to-date: /home/isci/ros2_ws/install/tm_msgs/lib/python3.8/site-packages/tm_msgs/msg/_sct_response.py
[0.767s] -- Up-to-date: /home/isci/ros2_ws/install/tm_msgs/lib/python3.8/site-packages/tm_msgs/msg/_sta_response_s.c
[0.767s] -- Up-to-date: /home/isci/ros2_ws/install/tm_msgs/lib/python3.8/site-packages/tm_msgs/msg/_sct_response_s.c
[0.767s] -- Up-to-date: /home/isci/ros2_ws/install/tm_msgs/lib/python3.8/site-packages/tm_msgs/msg/_svr_response_s.c
[0.767s] -- Up-to-date: /home/isci/ros2_ws/install/tm_msgs/lib/python3.8/site-packages/tm_msgs/msg/_feedback_state_s.c
[0.768s] -- Up-to-date: /home/isci/ros2_ws/install/tm_msgs/lib/python3.8/site-packages/tm_msgs/msg/_feedback_state.py
[0.768s] -- Up-to-date: /home/isci/ros2_ws/install/tm_msgs/lib/python3.8/site-packages/tm_msgs/msg/__init__.py
[0.768s] -- Up-to-date: /home/isci/ros2_ws/install/tm_msgs/lib/python3.8/site-packages/tm_msgs/msg/_sta_response.py
[0.769s] -- Up-to-date: /home/isci/ros2_ws/install/tm_msgs/lib/python3.8/site-packages/tm_msgs/srv
[0.769s] -- Up-to-date: /home/isci/ros2_ws/install/tm_msgs/lib/python3.8/site-packages/tm_msgs/srv/_connect_tm_s.c
[0.769s] -- Up-to-date: /home/isci/ros2_ws/install/tm_msgs/lib/python3.8/site-packages/tm_msgs/srv/_set_io_s.c
[0.769s] -- Up-to-date: /home/isci/ros2_ws/install/tm_msgs/lib/python3.8/site-packages/tm_msgs/srv/_set_velocity.py
[0.769s] -- Up-to-date: /home/isci/ros2_ws/install/tm_msgs/lib/python3.8/site-packages/tm_msgs/srv/_set_positions.py
[0.770s] -- Up-to-date: /home/isci/ros2_ws/install/tm_msgs/lib/python3.8/site-packages/tm_msgs/srv/_write_item.py
[0.770s] -- Up-to-date: /home/isci/ros2_ws/install/tm_msgs/lib/python3.8/site-packages/tm_msgs/srv/_write_item_s.c
[0.770s] -- Up-to-date: /home/isci/ros2_ws/install/tm_msgs/lib/python3.8/site-packages/tm_msgs/srv/_set_positions_s.c
[0.771s] -- Up-to-date: /home/isci/ros2_ws/install/tm_msgs/lib/python3.8/site-packages/tm_msgs/srv/_set_event.py
[0.771s] -- Up-to-date: /home/isci/ros2_ws/install/tm_msgs/lib/python3.8/site-packages/tm_msgs/srv/_set_event_s.c
[0.771s] -- Up-to-date: /home/isci/ros2_ws/install/tm_msgs/lib/python3.8/site-packages/tm_msgs/srv/_ask_sta.py
[0.771s] -- Up-to-date: /home/isci/ros2_ws/install/tm_msgs/lib/python3.8/site-packages/tm_msgs/srv/_send_script.py
[0.771s] -- Up-to-date: /home/isci/ros2_ws/install/tm_msgs/lib/python3.8/site-packages/tm_msgs/srv/_ask_sta_s.c
[0.772s] -- Up-to-date: /home/isci/ros2_ws/install/tm_msgs/lib/python3.8/site-packages/tm_msgs/srv/__init__.py
[0.773s] -- Up-to-date: /home/isci/ros2_ws/install/tm_msgs/lib/python3.8/site-packages/tm_msgs/srv/_ask_item_s.c
[0.773s] -- Up-to-date: /home/isci/ros2_ws/install/tm_msgs/lib/python3.8/site-packages/tm_msgs/srv/_connect_tm.py
[0.773s] -- Up-to-date: /home/isci/ros2_ws/install/tm_msgs/lib/python3.8/site-packages/tm_msgs/srv/_set_velocity_s.c
[0.773s] -- Up-to-date: /home/isci/ros2_ws/install/tm_msgs/lib/python3.8/site-packages/tm_msgs/srv/_set_io.py
[0.774s] -- Up-to-date: /home/isci/ros2_ws/install/tm_msgs/lib/python3.8/site-packages/tm_msgs/srv/_ask_item.py
[0.774s] -- Up-to-date: /home/isci/ros2_ws/install/tm_msgs/lib/python3.8/site-packages/tm_msgs/srv/_send_script_s.c
[0.774s] -- Up-to-date: /home/isci/ros2_ws/install/tm_msgs/lib/python3.8/site-packages/tm_msgs/tm_msgs_s__rosidl_typesupport_fastrtps_c.cpython-38-x86_64-linux-gnu.so
[0.774s] -- Up-to-date: /home/isci/ros2_ws/install/tm_msgs/lib/python3.8/site-packages/tm_msgs/tm_msgs_s__rosidl_typesupport_introspection_c.cpython-38-x86_64-linux-gnu.so
[0.775s] -- Up-to-date: /home/isci/ros2_ws/install/tm_msgs/lib/python3.8/site-packages/tm_msgs/tm_msgs_s__rosidl_typesupport_c.cpython-38-x86_64-linux-gnu.so
[0.775s] -- Up-to-date: /home/isci/ros2_ws/install/tm_msgs/lib/libtm_msgs__python.so
[0.775s] -- Up-to-date: /home/isci/ros2_ws/install/tm_msgs/share/tm_msgs/msg/FeedbackState.idl
[0.775s] -- Up-to-date: /home/isci/ros2_ws/install/tm_msgs/share/tm_msgs/msg/SvrResponse.idl
[0.777s] -- Up-to-date: /home/isci/ros2_ws/install/tm_msgs/share/tm_msgs/msg/SctResponse.idl
[0.777s] -- Up-to-date: /home/isci/ros2_ws/install/tm_msgs/share/tm_msgs/msg/StaResponse.idl
[0.778s] -- Up-to-date: /home/isci/ros2_ws/install/tm_msgs/share/tm_msgs/srv/ConnectTM.idl
[0.778s] -- Up-to-date: /home/isci/ros2_ws/install/tm_msgs/share/tm_msgs/srv/WriteItem.idl
[0.780s] -- Up-to-date: /home/isci/ros2_ws/install/tm_msgs/share/tm_msgs/srv/AskItem.idl
[0.780s] -- Up-to-date: /home/isci/ros2_ws/install/tm_msgs/share/tm_msgs/srv/SendScript.idl
[0.780s] -- Up-to-date: /home/isci/ros2_ws/install/tm_msgs/share/tm_msgs/srv/SetEvent.idl
[0.780s] -- Up-to-date: /home/isci/ros2_ws/install/tm_msgs/share/tm_msgs/srv/SetIO.idl
[0.780s] -- Up-to-date: /home/isci/ros2_ws/install/tm_msgs/share/tm_msgs/srv/SetPositions.idl
[0.781s] -- Up-to-date: /home/isci/ros2_ws/install/tm_msgs/share/tm_msgs/srv/SetVelocity.idl
[0.781s] -- Up-to-date: /home/isci/ros2_ws/install/tm_msgs/share/tm_msgs/srv/AskSta.idl
[0.781s] -- Up-to-date: /home/isci/ros2_ws/install/tm_msgs/share/tm_msgs/msg/FeedbackState.msg
[0.781s] -- Up-to-date: /home/isci/ros2_ws/install/tm_msgs/share/tm_msgs/msg/SvrResponse.msg
[0.781s] -- Up-to-date: /home/isci/ros2_ws/install/tm_msgs/share/tm_msgs/msg/SctResponse.msg
[0.781s] -- Up-to-date: /home/isci/ros2_ws/install/tm_msgs/share/tm_msgs/msg/StaResponse.msg
[0.781s] -- Up-to-date: /home/isci/ros2_ws/install/tm_msgs/share/tm_msgs/srv/ConnectTM.srv
[0.782s] -- Up-to-date: /home/isci/ros2_ws/install/tm_msgs/share/tm_msgs/srv/ConnectTM_Request.msg
[0.782s] -- Up-to-date: /home/isci/ros2_ws/install/tm_msgs/share/tm_msgs/srv/ConnectTM_Response.msg
[0.782s] -- Up-to-date: /home/isci/ros2_ws/install/tm_msgs/share/tm_msgs/srv/WriteItem.srv
[0.782s] -- Up-to-date: /home/isci/ros2_ws/install/tm_msgs/share/tm_msgs/srv/WriteItem_Request.msg
[0.782s] -- Up-to-date: /home/isci/ros2_ws/install/tm_msgs/share/tm_msgs/srv/WriteItem_Response.msg
[0.782s] -- Up-to-date: /home/isci/ros2_ws/install/tm_msgs/share/tm_msgs/srv/AskItem.srv
[0.782s] -- Up-to-date: /home/isci/ros2_ws/install/tm_msgs/share/tm_msgs/srv/AskItem_Request.msg
[0.783s] -- Up-to-date: /home/isci/ros2_ws/install/tm_msgs/share/tm_msgs/srv/AskItem_Response.msg
[0.783s] -- Up-to-date: /home/isci/ros2_ws/install/tm_msgs/share/tm_msgs/srv/SendScript.srv
[0.783s] -- Up-to-date: /home/isci/ros2_ws/install/tm_msgs/share/tm_msgs/srv/SendScript_Request.msg
[0.784s] -- Up-to-date: /home/isci/ros2_ws/install/tm_msgs/share/tm_msgs/srv/SendScript_Response.msg
[0.784s] -- Up-to-date: /home/isci/ros2_ws/install/tm_msgs/share/tm_msgs/srv/SetEvent.srv
[0.784s] -- Up-to-date: /home/isci/ros2_ws/install/tm_msgs/share/tm_msgs/srv/SetEvent_Request.msg
[0.784s] -- Up-to-date: /home/isci/ros2_ws/install/tm_msgs/share/tm_msgs/srv/SetEvent_Response.msg
[0.785s] -- Up-to-date: /home/isci/ros2_ws/install/tm_msgs/share/tm_msgs/srv/SetIO.srv
[0.785s] -- Up-to-date: /home/isci/ros2_ws/install/tm_msgs/share/tm_msgs/srv/SetIO_Request.msg
[0.786s] -- Up-to-date: /home/isci/ros2_ws/install/tm_msgs/share/tm_msgs/srv/SetIO_Response.msg
[0.786s] -- Up-to-date: /home/isci/ros2_ws/install/tm_msgs/share/tm_msgs/srv/SetPositions.srv
[0.786s] -- Up-to-date: /home/isci/ros2_ws/install/tm_msgs/share/tm_msgs/srv/SetPositions_Request.msg
[0.786s] -- Up-to-date: /home/isci/ros2_ws/install/tm_msgs/share/tm_msgs/srv/SetPositions_Response.msg
[0.787s] -- Up-to-date: /home/isci/ros2_ws/install/tm_msgs/share/tm_msgs/srv/SetVelocity.srv
[0.787s] -- Up-to-date: /home/isci/ros2_ws/install/tm_msgs/share/tm_msgs/srv/SetVelocity_Request.msg
[0.787s] -- Up-to-date: /home/isci/ros2_ws/install/tm_msgs/share/tm_msgs/srv/SetVelocity_Response.msg
[0.787s] -- Up-to-date: /home/isci/ros2_ws/install/tm_msgs/share/tm_msgs/srv/AskSta.srv
[0.788s] -- Up-to-date: /home/isci/ros2_ws/install/tm_msgs/share/tm_msgs/srv/AskSta_Request.msg
[0.788s] -- Up-to-date: /home/isci/ros2_ws/install/tm_msgs/share/tm_msgs/srv/AskSta_Response.msg
[0.788s] -- Up-to-date: /home/isci/ros2_ws/install/tm_msgs/share/ament_index/resource_index/package_run_dependencies/tm_msgs
[0.788s] -- Up-to-date: /home/isci/ros2_ws/install/tm_msgs/share/ament_index/resource_index/parent_prefix_path/tm_msgs
[0.789s] -- Up-to-date: /home/isci/ros2_ws/install/tm_msgs/share/tm_msgs/environment/ament_prefix_path.sh
[0.789s] -- Up-to-date: /home/isci/ros2_ws/install/tm_msgs/share/tm_msgs/environment/ament_prefix_path.dsv
[0.789s] -- Up-to-date: /home/isci/ros2_ws/install/tm_msgs/share/tm_msgs/environment/path.sh
[0.791s] -- Up-to-date: /home/isci/ros2_ws/install/tm_msgs/share/tm_msgs/environment/path.dsv
[0.791s] -- Up-to-date: /home/isci/ros2_ws/install/tm_msgs/share/tm_msgs/local_setup.bash
[0.792s] -- Up-to-date: /home/isci/ros2_ws/install/tm_msgs/share/tm_msgs/local_setup.sh
[0.792s] -- Up-to-date: /home/isci/ros2_ws/install/tm_msgs/share/tm_msgs/local_setup.zsh
[0.792s] -- Up-to-date: /home/isci/ros2_ws/install/tm_msgs/share/tm_msgs/local_setup.dsv
[0.792s] -- Installing: /home/isci/ros2_ws/install/tm_msgs/share/tm_msgs/package.dsv
[0.792s] -- Up-to-date: /home/isci/ros2_ws/install/tm_msgs/share/ament_index/resource_index/packages/tm_msgs
[0.793s] -- Up-to-date: /home/isci/ros2_ws/install/tm_msgs/share/tm_msgs/cmake/tm_msgs__rosidl_generator_cExport.cmake
[0.793s] -- Up-to-date: /home/isci/ros2_ws/install/tm_msgs/share/tm_msgs/cmake/tm_msgs__rosidl_generator_cExport-noconfig.cmake
[0.793s] -- Up-to-date: /home/isci/ros2_ws/install/tm_msgs/share/tm_msgs/cmake/tm_msgs__rosidl_typesupport_introspection_cExport.cmake
[0.793s] -- Up-to-date: /home/isci/ros2_ws/install/tm_msgs/share/tm_msgs/cmake/tm_msgs__rosidl_typesupport_introspection_cExport-noconfig.cmake
[0.793s] -- Up-to-date: /home/isci/ros2_ws/install/tm_msgs/share/tm_msgs/cmake/tm_msgs__rosidl_typesupport_cExport.cmake
[0.793s] -- Up-to-date: /home/isci/ros2_ws/install/tm_msgs/share/tm_msgs/cmake/tm_msgs__rosidl_typesupport_cExport-noconfig.cmake
[0.793s] -- Up-to-date: /home/isci/ros2_ws/install/tm_msgs/share/tm_msgs/cmake/tm_msgs__rosidl_generator_cppExport.cmake
[0.793s] -- Up-to-date: /home/isci/ros2_ws/install/tm_msgs/share/tm_msgs/cmake/tm_msgs__rosidl_typesupport_introspection_cppExport.cmake
[0.793s] -- Up-to-date: /home/isci/ros2_ws/install/tm_msgs/share/tm_msgs/cmake/tm_msgs__rosidl_typesupport_introspection_cppExport-noconfig.cmake
[0.794s] -- Up-to-date: /home/isci/ros2_ws/install/tm_msgs/share/tm_msgs/cmake/tm_msgs__rosidl_typesupport_cppExport.cmake
[0.794s] -- Up-to-date: /home/isci/ros2_ws/install/tm_msgs/share/tm_msgs/cmake/tm_msgs__rosidl_typesupport_cppExport-noconfig.cmake
[0.794s] -- Up-to-date: /home/isci/ros2_ws/install/tm_msgs/share/tm_msgs/cmake/rosidl_cmake-extras.cmake
[0.794s] -- Up-to-date: /home/isci/ros2_ws/install/tm_msgs/share/tm_msgs/cmake/ament_cmake_export_dependencies-extras.cmake
[0.794s] -- Up-to-date: /home/isci/ros2_ws/install/tm_msgs/share/tm_msgs/cmake/ament_cmake_export_libraries-extras.cmake
[0.794s] -- Up-to-date: /home/isci/ros2_ws/install/tm_msgs/share/tm_msgs/cmake/ament_cmake_export_targets-extras.cmake
[0.794s] -- Up-to-date: /home/isci/ros2_ws/install/tm_msgs/share/tm_msgs/cmake/ament_cmake_export_include_directories-extras.cmake
[0.794s] -- Up-to-date: /home/isci/ros2_ws/install/tm_msgs/share/tm_msgs/cmake/rosidl_cmake_export_typesupport_libraries-extras.cmake
[0.794s] -- Up-to-date: /home/isci/ros2_ws/install/tm_msgs/share/tm_msgs/cmake/rosidl_cmake_export_typesupport_targets-extras.cmake
[0.795s] -- Up-to-date: /home/isci/ros2_ws/install/tm_msgs/share/tm_msgs/cmake/tm_msgsConfig.cmake
[0.795s] -- Up-to-date: /home/isci/ros2_ws/install/tm_msgs/share/tm_msgs/cmake/tm_msgsConfig-version.cmake
[0.795s] -- Up-to-date: /home/isci/ros2_ws/install/tm_msgs/share/tm_msgs/package.xml
[0.795s] Invoked command in '/home/isci/ros2_ws/build/tm_msgs' returned '0': CMAKE_PREFIX_PATH=${CMAKE_PREFIX_PATH}:/home/isci/ros2_ws/install/tm_mod_urdf:/home/isci/ros2_ws/install/tm_get_status:/opt/ros/foxy /usr/bin/cmake --install /home/isci/ros2_ws/build/tm_msgs
