[0.059s] Invoking command in '/home/isci/ros2_ws/build/tm_msgs': CMAKE_PREFIX_PATH=${CMAKE_PREFIX_PATH}:/home/isci/ros2_ws/install/tm_mod_urdf:/home/isci/ros2_ws/install/tm_get_status:/opt/ros/foxy /usr/bin/cmake --build /home/isci/ros2_ws/build/tm_msgs -- -j12 -l12
[0.587s] [  0%] Built target tm_msgs__cpp
[0.588s] [ 12%] Built target tm_msgs__rosidl_generator_c
[0.588s] [ 24%] Built target tm_msgs__rosidl_typesupport_introspection_cpp
[0.589s] [ 36%] Built target tm_msgs__rosidl_typesupport_cpp
[0.589s] [ 48%] Built target tm_msgs__rosidl_typesupport_fastrtps_cpp
[0.589s] [ 60%] Built target tm_msgs__rosidl_typesupport_c
[0.590s] [ 72%] Built target tm_msgs__rosidl_typesupport_introspection_c
[0.590s] [ 84%] Built target tm_msgs__rosidl_typesupport_fastrtps_c
[0.591s] [ 84%] Built target tm_msgs
[0.592s] [ 85%] Built target tm_msgs__py
[0.592s] [ 96%] Built target tm_msgs__python
[0.592s] [ 98%] Built target tm_msgs__rosidl_typesupport_c__pyext
[0.592s] [ 99%] Built target tm_msgs__rosidl_typesupport_introspection_c__pyext
[0.592s] [100%] Built target tm_msgs__rosidl_typesupport_fastrtps_c__pyext
[0.599s] Invoked command in '/home/isci/ros2_ws/build/tm_msgs' returned '0': CMAKE_PREFIX_PATH=${CMAKE_PREFIX_PATH}:/home/isci/ros2_ws/install/tm_mod_urdf:/home/isci/ros2_ws/install/tm_get_status:/opt/ros/foxy /usr/bin/cmake --build /home/isci/ros2_ws/build/tm_msgs -- -j12 -l12
[0.868s] Invoking command in '/home/isci/ros2_ws/build/tm_msgs': CMAKE_PREFIX_PATH=${CMAKE_PREFIX_PATH}:/home/isci/ros2_ws/install/tm_mod_urdf:/home/isci/ros2_ws/install/tm_get_status:/opt/ros/foxy /usr/bin/cmake --install /home/isci/ros2_ws/build/tm_msgs
[0.883s] -- Install configuration: ""
[0.883s] -- Up-to-date: /home/isci/ros2_ws/install/tm_msgs/share/ament_index/resource_index/rosidl_interfaces/tm_msgs
[0.884s] -- Up-to-date: /home/isci/ros2_ws/install/tm_msgs/include/tm_msgs
[0.884s] -- Up-to-date: /home/isci/ros2_ws/install/tm_msgs/include/tm_msgs/msg
[0.884s] -- Up-to-date: /home/isci/ros2_ws/install/tm_msgs/include/tm_msgs/msg/feedback_state.h
[0.884s] -- Up-to-date: /home/isci/ros2_ws/install/tm_msgs/include/tm_msgs/msg/detail
[0.885s] -- Up-to-date: /home/isci/ros2_ws/install/tm_msgs/include/tm_msgs/msg/detail/feedback_state__functions.c
[0.885s] -- Up-to-date: /home/isci/ros2_ws/install/tm_msgs/include/tm_msgs/msg/detail/sta_response__struct.h
[0.885s] -- Up-to-date: /home/isci/ros2_ws/install/tm_msgs/include/tm_msgs/msg/detail/feedback_state__functions.h
[0.885s] -- Up-to-date: /home/isci/ros2_ws/install/tm_msgs/include/tm_msgs/msg/detail/feedback_state__struct.h
[0.885s] -- Up-to-date: /home/isci/ros2_ws/install/tm_msgs/include/tm_msgs/msg/detail/sct_response__functions.h
[0.885s] -- Up-to-date: /home/isci/ros2_ws/install/tm_msgs/include/tm_msgs/msg/detail/svr_response__functions.h
[0.885s] -- Up-to-date: /home/isci/ros2_ws/install/tm_msgs/include/tm_msgs/msg/detail/svr_response__struct.h
[0.886s] -- Up-to-date: /home/isci/ros2_ws/install/tm_msgs/include/tm_msgs/msg/detail/sta_response__functions.h
[0.886s] -- Up-to-date: /home/isci/ros2_ws/install/tm_msgs/include/tm_msgs/msg/detail/svr_response__type_support.h
[0.886s] -- Up-to-date: /home/isci/ros2_ws/install/tm_msgs/include/tm_msgs/msg/detail/sct_response__functions.c
[0.886s] -- Up-to-date: /home/isci/ros2_ws/install/tm_msgs/include/tm_msgs/msg/detail/sta_response__type_support.h
[0.886s] -- Up-to-date: /home/isci/ros2_ws/install/tm_msgs/include/tm_msgs/msg/detail/svr_response__functions.c
[0.886s] -- Up-to-date: /home/isci/ros2_ws/install/tm_msgs/include/tm_msgs/msg/detail/sct_response__struct.h
[0.886s] -- Up-to-date: /home/isci/ros2_ws/install/tm_msgs/include/tm_msgs/msg/detail/sct_response__type_support.h
[0.886s] -- Up-to-date: /home/isci/ros2_ws/install/tm_msgs/include/tm_msgs/msg/detail/sta_response__functions.c
[0.887s] -- Up-to-date: /home/isci/ros2_ws/install/tm_msgs/include/tm_msgs/msg/detail/feedback_state__type_support.h
[0.887s] -- Up-to-date: /home/isci/ros2_ws/install/tm_msgs/include/tm_msgs/msg/svr_response.h
[0.887s] -- Up-to-date: /home/isci/ros2_ws/install/tm_msgs/include/tm_msgs/msg/sct_response.h
[0.887s] -- Up-to-date: /home/isci/ros2_ws/install/tm_msgs/include/tm_msgs/msg/rosidl_generator_c__visibility_control.h
[0.887s] -- Up-to-date: /home/isci/ros2_ws/install/tm_msgs/include/tm_msgs/msg/sta_response.h
[0.887s] -- Up-to-date: /home/isci/ros2_ws/install/tm_msgs/include/tm_msgs/srv
[0.888s] -- Up-to-date: /home/isci/ros2_ws/install/tm_msgs/include/tm_msgs/srv/detail
[0.888s] -- Up-to-date: /home/isci/ros2_ws/install/tm_msgs/include/tm_msgs/srv/detail/set_io__functions.h
[0.888s] -- Up-to-date: /home/isci/ros2_ws/install/tm_msgs/include/tm_msgs/srv/detail/ask_item__struct.h
[0.888s] -- Up-to-date: /home/isci/ros2_ws/install/tm_msgs/include/tm_msgs/srv/detail/ask_item__functions.c
[0.888s] -- Up-to-date: /home/isci/ros2_ws/install/tm_msgs/include/tm_msgs/srv/detail/set_io__struct.h
[0.889s] -- Up-to-date: /home/isci/ros2_ws/install/tm_msgs/include/tm_msgs/srv/detail/write_item__functions.c
[0.889s] -- Up-to-date: /home/isci/ros2_ws/install/tm_msgs/include/tm_msgs/srv/detail/set_positions__type_support.h
[0.889s] -- Up-to-date: /home/isci/ros2_ws/install/tm_msgs/include/tm_msgs/srv/detail/connect_tm__functions.h
[0.889s] -- Up-to-date: /home/isci/ros2_ws/install/tm_msgs/include/tm_msgs/srv/detail/send_script__functions.c
[0.889s] -- Up-to-date: /home/isci/ros2_ws/install/tm_msgs/include/tm_msgs/srv/detail/set_positions__functions.c
[0.890s] -- Up-to-date: /home/isci/ros2_ws/install/tm_msgs/include/tm_msgs/srv/detail/set_event__type_support.h
[0.890s] -- Up-to-date: /home/isci/ros2_ws/install/tm_msgs/include/tm_msgs/srv/detail/ask_item__type_support.h
[0.890s] -- Up-to-date: /home/isci/ros2_ws/install/tm_msgs/include/tm_msgs/srv/detail/set_velocity__struct.h
[0.890s] -- Up-to-date: /home/isci/ros2_ws/install/tm_msgs/include/tm_msgs/srv/detail/set_event__functions.c
[0.890s] -- Up-to-date: /home/isci/ros2_ws/install/tm_msgs/include/tm_msgs/srv/detail/send_script__functions.h
[0.890s] -- Up-to-date: /home/isci/ros2_ws/install/tm_msgs/include/tm_msgs/srv/detail/write_item__type_support.h
[0.891s] -- Up-to-date: /home/isci/ros2_ws/install/tm_msgs/include/tm_msgs/srv/detail/set_velocity__functions.c
[0.891s] -- Up-to-date: /home/isci/ros2_ws/install/tm_msgs/include/tm_msgs/srv/detail/connect_tm__struct.h
[0.891s] -- Up-to-date: /home/isci/ros2_ws/install/tm_msgs/include/tm_msgs/srv/detail/ask_sta__type_support.h
[0.891s] -- Up-to-date: /home/isci/ros2_ws/install/tm_msgs/include/tm_msgs/srv/detail/set_positions__functions.h
[0.891s] -- Up-to-date: /home/isci/ros2_ws/install/tm_msgs/include/tm_msgs/srv/detail/set_io__type_support.h
[0.891s] -- Up-to-date: /home/isci/ros2_ws/install/tm_msgs/include/tm_msgs/srv/detail/ask_item__functions.h
[0.891s] -- Up-to-date: /home/isci/ros2_ws/install/tm_msgs/include/tm_msgs/srv/detail/send_script__struct.h
[0.892s] -- Up-to-date: /home/isci/ros2_ws/install/tm_msgs/include/tm_msgs/srv/detail/ask_sta__functions.c
[0.892s] -- Up-to-date: /home/isci/ros2_ws/install/tm_msgs/include/tm_msgs/srv/detail/write_item__functions.h
[0.892s] -- Up-to-date: /home/isci/ros2_ws/install/tm_msgs/include/tm_msgs/srv/detail/connect_tm__functions.c
[0.892s] -- Up-to-date: /home/isci/ros2_ws/install/tm_msgs/include/tm_msgs/srv/detail/connect_tm__type_support.h
[0.892s] -- Up-to-date: /home/isci/ros2_ws/install/tm_msgs/include/tm_msgs/srv/detail/write_item__struct.h
[0.892s] -- Up-to-date: /home/isci/ros2_ws/install/tm_msgs/include/tm_msgs/srv/detail/set_io__functions.c
[0.892s] -- Up-to-date: /home/isci/ros2_ws/install/tm_msgs/include/tm_msgs/srv/detail/set_velocity__type_support.h
[0.892s] -- Up-to-date: /home/isci/ros2_ws/install/tm_msgs/include/tm_msgs/srv/detail/set_event__struct.h
[0.892s] -- Up-to-date: /home/isci/ros2_ws/install/tm_msgs/include/tm_msgs/srv/detail/set_event__functions.h
[0.893s] -- Up-to-date: /home/isci/ros2_ws/install/tm_msgs/include/tm_msgs/srv/detail/set_positions__struct.h
[0.893s] -- Up-to-date: /home/isci/ros2_ws/install/tm_msgs/include/tm_msgs/srv/detail/ask_sta__struct.h
[0.893s] -- Up-to-date: /home/isci/ros2_ws/install/tm_msgs/include/tm_msgs/srv/detail/ask_sta__functions.h
[0.893s] -- Up-to-date: /home/isci/ros2_ws/install/tm_msgs/include/tm_msgs/srv/detail/send_script__type_support.h
[0.893s] -- Up-to-date: /home/isci/ros2_ws/install/tm_msgs/include/tm_msgs/srv/detail/set_velocity__functions.h
[0.893s] -- Up-to-date: /home/isci/ros2_ws/install/tm_msgs/include/tm_msgs/srv/ask_sta.h
[0.893s] -- Up-to-date: /home/isci/ros2_ws/install/tm_msgs/include/tm_msgs/srv/set_event.h
[0.894s] -- Up-to-date: /home/isci/ros2_ws/install/tm_msgs/include/tm_msgs/srv/set_io.h
[0.894s] -- Up-to-date: /home/isci/ros2_ws/install/tm_msgs/include/tm_msgs/srv/write_item.h
[0.894s] -- Up-to-date: /home/isci/ros2_ws/install/tm_msgs/include/tm_msgs/srv/ask_item.h
[0.894s] -- Up-to-date: /home/isci/ros2_ws/install/tm_msgs/include/tm_msgs/srv/set_positions.h
[0.894s] -- Up-to-date: /home/isci/ros2_ws/install/tm_msgs/include/tm_msgs/srv/connect_tm.h
[0.894s] -- Up-to-date: /home/isci/ros2_ws/install/tm_msgs/include/tm_msgs/srv/send_script.h
[0.894s] -- Up-to-date: /home/isci/ros2_ws/install/tm_msgs/include/tm_msgs/srv/set_velocity.h
[0.894s] -- Up-to-date: /home/isci/ros2_ws/install/tm_msgs/share/tm_msgs/environment/library_path.sh
[0.895s] -- Up-to-date: /home/isci/ros2_ws/install/tm_msgs/share/tm_msgs/environment/library_path.dsv
[0.895s] -- Up-to-date: /home/isci/ros2_ws/install/tm_msgs/lib/libtm_msgs__rosidl_generator_c.so
[0.895s] -- Up-to-date: /home/isci/ros2_ws/install/tm_msgs/include/tm_msgs
[0.895s] -- Up-to-date: /home/isci/ros2_ws/install/tm_msgs/include/tm_msgs/msg
[0.895s] -- Up-to-date: /home/isci/ros2_ws/install/tm_msgs/include/tm_msgs/msg/detail
[0.895s] -- Up-to-date: /home/isci/ros2_ws/install/tm_msgs/include/tm_msgs/msg/detail/sct_response__rosidl_typesupport_fastrtps_c.h
[0.896s] -- Up-to-date: /home/isci/ros2_ws/install/tm_msgs/include/tm_msgs/msg/detail/feedback_state__rosidl_typesupport_fastrtps_c.h
[0.896s] -- Up-to-date: /home/isci/ros2_ws/install/tm_msgs/include/tm_msgs/msg/detail/svr_response__rosidl_typesupport_fastrtps_c.h
[0.896s] -- Up-to-date: /home/isci/ros2_ws/install/tm_msgs/include/tm_msgs/msg/detail/sta_response__rosidl_typesupport_fastrtps_c.h
[0.896s] -- Up-to-date: /home/isci/ros2_ws/install/tm_msgs/include/tm_msgs/msg/rosidl_typesupport_fastrtps_c__visibility_control.h
[0.896s] -- Up-to-date: /home/isci/ros2_ws/install/tm_msgs/include/tm_msgs/srv
[0.896s] -- Up-to-date: /home/isci/ros2_ws/install/tm_msgs/include/tm_msgs/srv/detail
[0.896s] -- Up-to-date: /home/isci/ros2_ws/install/tm_msgs/include/tm_msgs/srv/detail/ask_sta__rosidl_typesupport_fastrtps_c.h
[0.896s] -- Up-to-date: /home/isci/ros2_ws/install/tm_msgs/include/tm_msgs/srv/detail/send_script__rosidl_typesupport_fastrtps_c.h
[0.896s] -- Up-to-date: /home/isci/ros2_ws/install/tm_msgs/include/tm_msgs/srv/detail/set_positions__rosidl_typesupport_fastrtps_c.h
[0.896s] -- Up-to-date: /home/isci/ros2_ws/install/tm_msgs/include/tm_msgs/srv/detail/set_event__rosidl_typesupport_fastrtps_c.h
[0.896s] -- Up-to-date: /home/isci/ros2_ws/install/tm_msgs/include/tm_msgs/srv/detail/set_io__rosidl_typesupport_fastrtps_c.h
[0.897s] -- Up-to-date: /home/isci/ros2_ws/install/tm_msgs/include/tm_msgs/srv/detail/ask_item__rosidl_typesupport_fastrtps_c.h
[0.897s] -- Up-to-date: /home/isci/ros2_ws/install/tm_msgs/include/tm_msgs/srv/detail/connect_tm__rosidl_typesupport_fastrtps_c.h
[0.897s] -- Up-to-date: /home/isci/ros2_ws/install/tm_msgs/include/tm_msgs/srv/detail/set_velocity__rosidl_typesupport_fastrtps_c.h
[0.897s] -- Up-to-date: /home/isci/ros2_ws/install/tm_msgs/include/tm_msgs/srv/detail/write_item__rosidl_typesupport_fastrtps_c.h
[0.897s] -- Up-to-date: /home/isci/ros2_ws/install/tm_msgs/lib/libtm_msgs__rosidl_typesupport_fastrtps_c.so
[0.898s] -- Up-to-date: /home/isci/ros2_ws/install/tm_msgs/include/tm_msgs
[0.898s] -- Up-to-date: /home/isci/ros2_ws/install/tm_msgs/include/tm_msgs/msg
[0.899s] -- Up-to-date: /home/isci/ros2_ws/install/tm_msgs/include/tm_msgs/msg/detail
[0.900s] -- Up-to-date: /home/isci/ros2_ws/install/tm_msgs/include/tm_msgs/msg/detail/feedback_state__rosidl_typesupport_fastrtps_cpp.hpp
[0.900s] -- Up-to-date: /home/isci/ros2_ws/install/tm_msgs/include/tm_msgs/msg/detail/svr_response__rosidl_typesupport_fastrtps_cpp.hpp
[0.900s] -- Up-to-date: /home/isci/ros2_ws/install/tm_msgs/include/tm_msgs/msg/detail/sta_response__rosidl_typesupport_fastrtps_cpp.hpp
[0.900s] -- Up-to-date: /home/isci/ros2_ws/install/tm_msgs/include/tm_msgs/msg/detail/dds_fastrtps
[0.900s] -- Up-to-date: /home/isci/ros2_ws/install/tm_msgs/include/tm_msgs/msg/detail/sct_response__rosidl_typesupport_fastrtps_cpp.hpp
[0.901s] -- Up-to-date: /home/isci/ros2_ws/install/tm_msgs/include/tm_msgs/msg/rosidl_typesupport_fastrtps_cpp__visibility_control.h
[0.901s] -- Up-to-date: /home/isci/ros2_ws/install/tm_msgs/include/tm_msgs/srv
[0.901s] -- Up-to-date: /home/isci/ros2_ws/install/tm_msgs/include/tm_msgs/srv/detail
[0.901s] -- Up-to-date: /home/isci/ros2_ws/install/tm_msgs/include/tm_msgs/srv/detail/set_io__rosidl_typesupport_fastrtps_cpp.hpp
[0.902s] -- Up-to-date: /home/isci/ros2_ws/install/tm_msgs/include/tm_msgs/srv/detail/connect_tm__rosidl_typesupport_fastrtps_cpp.hpp
[0.902s] -- Up-to-date: /home/isci/ros2_ws/install/tm_msgs/include/tm_msgs/srv/detail/set_event__rosidl_typesupport_fastrtps_cpp.hpp
[0.902s] -- Up-to-date: /home/isci/ros2_ws/install/tm_msgs/include/tm_msgs/srv/detail/ask_sta__rosidl_typesupport_fastrtps_cpp.hpp
[0.902s] -- Up-to-date: /home/isci/ros2_ws/install/tm_msgs/include/tm_msgs/srv/detail/set_positions__rosidl_typesupport_fastrtps_cpp.hpp
[0.902s] -- Up-to-date: /home/isci/ros2_ws/install/tm_msgs/include/tm_msgs/srv/detail/send_script__rosidl_typesupport_fastrtps_cpp.hpp
[0.902s] -- Up-to-date: /home/isci/ros2_ws/install/tm_msgs/include/tm_msgs/srv/detail/write_item__rosidl_typesupport_fastrtps_cpp.hpp
[0.902s] -- Up-to-date: /home/isci/ros2_ws/install/tm_msgs/include/tm_msgs/srv/detail/dds_fastrtps
[0.903s] -- Up-to-date: /home/isci/ros2_ws/install/tm_msgs/include/tm_msgs/srv/detail/ask_item__rosidl_typesupport_fastrtps_cpp.hpp
[0.903s] -- Up-to-date: /home/isci/ros2_ws/install/tm_msgs/include/tm_msgs/srv/detail/set_velocity__rosidl_typesupport_fastrtps_cpp.hpp
[0.903s] -- Up-to-date: /home/isci/ros2_ws/install/tm_msgs/lib/libtm_msgs__rosidl_typesupport_fastrtps_cpp.so
[0.903s] -- Up-to-date: /home/isci/ros2_ws/install/tm_msgs/include/tm_msgs
[0.903s] -- Up-to-date: /home/isci/ros2_ws/install/tm_msgs/include/tm_msgs/msg
[0.903s] -- Up-to-date: /home/isci/ros2_ws/install/tm_msgs/include/tm_msgs/msg/detail
[0.903s] -- Up-to-date: /home/isci/ros2_ws/install/tm_msgs/include/tm_msgs/msg/detail/sta_response__type_support.c
[0.904s] -- Up-to-date: /home/isci/ros2_ws/install/tm_msgs/include/tm_msgs/msg/detail/sta_response__rosidl_typesupport_introspection_c.h
[0.904s] -- Up-to-date: /home/isci/ros2_ws/install/tm_msgs/include/tm_msgs/msg/detail/svr_response__type_support.c
[0.904s] -- Up-to-date: /home/isci/ros2_ws/install/tm_msgs/include/tm_msgs/msg/detail/feedback_state__type_support.c
[0.904s] -- Up-to-date: /home/isci/ros2_ws/install/tm_msgs/include/tm_msgs/msg/detail/feedback_state__rosidl_typesupport_introspection_c.h
[0.904s] -- Up-to-date: /home/isci/ros2_ws/install/tm_msgs/include/tm_msgs/msg/detail/sct_response__rosidl_typesupport_introspection_c.h
[0.904s] -- Up-to-date: /home/isci/ros2_ws/install/tm_msgs/include/tm_msgs/msg/detail/svr_response__rosidl_typesupport_introspection_c.h
[0.904s] -- Up-to-date: /home/isci/ros2_ws/install/tm_msgs/include/tm_msgs/msg/detail/sct_response__type_support.c
[0.904s] -- Up-to-date: /home/isci/ros2_ws/install/tm_msgs/include/tm_msgs/msg/rosidl_typesupport_introspection_c__visibility_control.h
[0.904s] -- Up-to-date: /home/isci/ros2_ws/install/tm_msgs/include/tm_msgs/srv
[0.904s] -- Up-to-date: /home/isci/ros2_ws/install/tm_msgs/include/tm_msgs/srv/detail
[0.904s] -- Up-to-date: /home/isci/ros2_ws/install/tm_msgs/include/tm_msgs/srv/detail/set_io__rosidl_typesupport_introspection_c.h
[0.905s] -- Up-to-date: /home/isci/ros2_ws/install/tm_msgs/include/tm_msgs/srv/detail/set_positions__type_support.c
[0.905s] -- Up-to-date: /home/isci/ros2_ws/install/tm_msgs/include/tm_msgs/srv/detail/set_velocity__type_support.c
[0.905s] -- Up-to-date: /home/isci/ros2_ws/install/tm_msgs/include/tm_msgs/srv/detail/write_item__type_support.c
[0.905s] -- Up-to-date: /home/isci/ros2_ws/install/tm_msgs/include/tm_msgs/srv/detail/connect_tm__type_support.c
[0.905s] -- Up-to-date: /home/isci/ros2_ws/install/tm_msgs/include/tm_msgs/srv/detail/send_script__type_support.c
[0.905s] -- Up-to-date: /home/isci/ros2_ws/install/tm_msgs/include/tm_msgs/srv/detail/write_item__rosidl_typesupport_introspection_c.h
[0.906s] -- Up-to-date: /home/isci/ros2_ws/install/tm_msgs/include/tm_msgs/srv/detail/set_velocity__rosidl_typesupport_introspection_c.h
[0.906s] -- Up-to-date: /home/isci/ros2_ws/install/tm_msgs/include/tm_msgs/srv/detail/set_positions__rosidl_typesupport_introspection_c.h
[0.906s] -- Up-to-date: /home/isci/ros2_ws/install/tm_msgs/include/tm_msgs/srv/detail/ask_sta__type_support.c
[0.906s] -- Up-to-date: /home/isci/ros2_ws/install/tm_msgs/include/tm_msgs/srv/detail/set_event__type_support.c
[0.906s] -- Up-to-date: /home/isci/ros2_ws/install/tm_msgs/include/tm_msgs/srv/detail/send_script__rosidl_typesupport_introspection_c.h
[0.906s] -- Up-to-date: /home/isci/ros2_ws/install/tm_msgs/include/tm_msgs/srv/detail/set_io__type_support.c
[0.906s] -- Up-to-date: /home/isci/ros2_ws/install/tm_msgs/include/tm_msgs/srv/detail/set_event__rosidl_typesupport_introspection_c.h
[0.906s] -- Up-to-date: /home/isci/ros2_ws/install/tm_msgs/include/tm_msgs/srv/detail/ask_item__rosidl_typesupport_introspection_c.h
[0.907s] -- Up-to-date: /home/isci/ros2_ws/install/tm_msgs/include/tm_msgs/srv/detail/ask_sta__rosidl_typesupport_introspection_c.h
[0.907s] -- Up-to-date: /home/isci/ros2_ws/install/tm_msgs/include/tm_msgs/srv/detail/ask_item__type_support.c
[0.907s] -- Up-to-date: /home/isci/ros2_ws/install/tm_msgs/include/tm_msgs/srv/detail/connect_tm__rosidl_typesupport_introspection_c.h
[0.907s] -- Up-to-date: /home/isci/ros2_ws/install/tm_msgs/lib/libtm_msgs__rosidl_typesupport_introspection_c.so
[0.907s] -- Up-to-date: /home/isci/ros2_ws/install/tm_msgs/lib/libtm_msgs__rosidl_typesupport_c.so
[0.907s] -- Up-to-date: /home/isci/ros2_ws/install/tm_msgs/include/tm_msgs
[0.907s] -- Up-to-date: /home/isci/ros2_ws/install/tm_msgs/include/tm_msgs/msg
[0.907s] -- Up-to-date: /home/isci/ros2_ws/install/tm_msgs/include/tm_msgs/msg/svr_response.hpp
[0.908s] -- Up-to-date: /home/isci/ros2_ws/install/tm_msgs/include/tm_msgs/msg/feedback_state.hpp
[0.908s] -- Up-to-date: /home/isci/ros2_ws/install/tm_msgs/include/tm_msgs/msg/detail
[0.908s] -- Up-to-date: /home/isci/ros2_ws/install/tm_msgs/include/tm_msgs/msg/detail/svr_response__builder.hpp
[0.908s] -- Up-to-date: /home/isci/ros2_ws/install/tm_msgs/include/tm_msgs/msg/detail/sct_response__traits.hpp
[0.908s] -- Up-to-date: /home/isci/ros2_ws/install/tm_msgs/include/tm_msgs/msg/detail/svr_response__struct.hpp
[0.908s] -- Up-to-date: /home/isci/ros2_ws/install/tm_msgs/include/tm_msgs/msg/detail/sta_response__type_support.hpp
[0.909s] -- Up-to-date: /home/isci/ros2_ws/install/tm_msgs/include/tm_msgs/msg/detail/sta_response__struct.hpp
[0.909s] -- Up-to-date: /home/isci/ros2_ws/install/tm_msgs/include/tm_msgs/msg/detail/svr_response__type_support.hpp
[0.909s] -- Up-to-date: /home/isci/ros2_ws/install/tm_msgs/include/tm_msgs/msg/detail/svr_response__traits.hpp
[0.909s] -- Up-to-date: /home/isci/ros2_ws/install/tm_msgs/include/tm_msgs/msg/detail/sct_response__struct.hpp
[0.909s] -- Up-to-date: /home/isci/ros2_ws/install/tm_msgs/include/tm_msgs/msg/detail/sct_response__builder.hpp
[0.910s] -- Up-to-date: /home/isci/ros2_ws/install/tm_msgs/include/tm_msgs/msg/detail/feedback_state__builder.hpp
[0.910s] -- Up-to-date: /home/isci/ros2_ws/install/tm_msgs/include/tm_msgs/msg/detail/feedback_state__struct.hpp
[0.910s] -- Up-to-date: /home/isci/ros2_ws/install/tm_msgs/include/tm_msgs/msg/detail/sct_response__type_support.hpp
[0.910s] -- Up-to-date: /home/isci/ros2_ws/install/tm_msgs/include/tm_msgs/msg/detail/feedback_state__traits.hpp
[0.910s] -- Up-to-date: /home/isci/ros2_ws/install/tm_msgs/include/tm_msgs/msg/detail/feedback_state__type_support.hpp
[0.910s] -- Up-to-date: /home/isci/ros2_ws/install/tm_msgs/include/tm_msgs/msg/detail/sta_response__traits.hpp
[0.911s] -- Up-to-date: /home/isci/ros2_ws/install/tm_msgs/include/tm_msgs/msg/detail/sta_response__builder.hpp
[0.911s] -- Up-to-date: /home/isci/ros2_ws/install/tm_msgs/include/tm_msgs/msg/sct_response.hpp
[0.911s] -- Up-to-date: /home/isci/ros2_ws/install/tm_msgs/include/tm_msgs/msg/rosidl_generator_cpp__visibility_control.hpp
[0.911s] -- Up-to-date: /home/isci/ros2_ws/install/tm_msgs/include/tm_msgs/msg/sta_response.hpp
[0.911s] -- Up-to-date: /home/isci/ros2_ws/install/tm_msgs/include/tm_msgs/srv
[0.912s] -- Up-to-date: /home/isci/ros2_ws/install/tm_msgs/include/tm_msgs/srv/detail
[0.913s] -- Up-to-date: /home/isci/ros2_ws/install/tm_msgs/include/tm_msgs/srv/detail/write_item__builder.hpp
[0.913s] -- Up-to-date: /home/isci/ros2_ws/install/tm_msgs/include/tm_msgs/srv/detail/connect_tm__type_support.hpp
[0.913s] -- Up-to-date: /home/isci/ros2_ws/install/tm_msgs/include/tm_msgs/srv/detail/set_io__type_support.hpp
[0.913s] -- Up-to-date: /home/isci/ros2_ws/install/tm_msgs/include/tm_msgs/srv/detail/connect_tm__traits.hpp
[0.914s] -- Up-to-date: /home/isci/ros2_ws/install/tm_msgs/include/tm_msgs/srv/detail/set_io__struct.hpp
[0.914s] -- Up-to-date: /home/isci/ros2_ws/install/tm_msgs/include/tm_msgs/srv/detail/ask_sta__builder.hpp
[0.914s] -- Up-to-date: /home/isci/ros2_ws/install/tm_msgs/include/tm_msgs/srv/detail/connect_tm__builder.hpp
[0.914s] -- Up-to-date: /home/isci/ros2_ws/install/tm_msgs/include/tm_msgs/srv/detail/set_event__type_support.hpp
[0.914s] -- Up-to-date: /home/isci/ros2_ws/install/tm_msgs/include/tm_msgs/srv/detail/set_event__traits.hpp
[0.914s] -- Up-to-date: /home/isci/ros2_ws/install/tm_msgs/include/tm_msgs/srv/detail/ask_item__struct.hpp
[0.915s] -- Up-to-date: /home/isci/ros2_ws/install/tm_msgs/include/tm_msgs/srv/detail/ask_sta__struct.hpp
[0.915s] -- Up-to-date: /home/isci/ros2_ws/install/tm_msgs/include/tm_msgs/srv/detail/send_script__struct.hpp
[0.915s] -- Up-to-date: /home/isci/ros2_ws/install/tm_msgs/include/tm_msgs/srv/detail/write_item__struct.hpp
[0.915s] -- Up-to-date: /home/isci/ros2_ws/install/tm_msgs/include/tm_msgs/srv/detail/set_io__builder.hpp
[0.916s] -- Up-to-date: /home/isci/ros2_ws/install/tm_msgs/include/tm_msgs/srv/detail/set_positions__builder.hpp
[0.916s] -- Up-to-date: /home/isci/ros2_ws/install/tm_msgs/include/tm_msgs/srv/detail/write_item__traits.hpp
[0.916s] -- Up-to-date: /home/isci/ros2_ws/install/tm_msgs/include/tm_msgs/srv/detail/set_velocity__type_support.hpp
[0.917s] -- Up-to-date: /home/isci/ros2_ws/install/tm_msgs/include/tm_msgs/srv/detail/ask_sta__type_support.hpp
[0.917s] -- Up-to-date: /home/isci/ros2_ws/install/tm_msgs/include/tm_msgs/srv/detail/set_event__struct.hpp
[0.917s] -- Up-to-date: /home/isci/ros2_ws/install/tm_msgs/include/tm_msgs/srv/detail/set_velocity__traits.hpp
[0.917s] -- Up-to-date: /home/isci/ros2_ws/install/tm_msgs/include/tm_msgs/srv/detail/ask_item__builder.hpp
[0.917s] -- Up-to-date: /home/isci/ros2_ws/install/tm_msgs/include/tm_msgs/srv/detail/set_velocity__builder.hpp
[0.917s] -- Up-to-date: /home/isci/ros2_ws/install/tm_msgs/include/tm_msgs/srv/detail/write_item__type_support.hpp
[0.918s] -- Up-to-date: /home/isci/ros2_ws/install/tm_msgs/include/tm_msgs/srv/detail/connect_tm__struct.hpp
[0.918s] -- Up-to-date: /home/isci/ros2_ws/install/tm_msgs/include/tm_msgs/srv/detail/set_positions__struct.hpp
[0.918s] -- Up-to-date: /home/isci/ros2_ws/install/tm_msgs/include/tm_msgs/srv/detail/set_positions__type_support.hpp
[0.918s] -- Up-to-date: /home/isci/ros2_ws/install/tm_msgs/include/tm_msgs/srv/detail/set_event__builder.hpp
[0.918s] -- Up-to-date: /home/isci/ros2_ws/install/tm_msgs/include/tm_msgs/srv/detail/send_script__type_support.hpp
[0.918s] -- Up-to-date: /home/isci/ros2_ws/install/tm_msgs/include/tm_msgs/srv/detail/set_positions__traits.hpp
[0.919s] -- Up-to-date: /home/isci/ros2_ws/install/tm_msgs/include/tm_msgs/srv/detail/send_script__builder.hpp
[0.919s] -- Up-to-date: /home/isci/ros2_ws/install/tm_msgs/include/tm_msgs/srv/detail/ask_item__traits.hpp
[0.919s] -- Up-to-date: /home/isci/ros2_ws/install/tm_msgs/include/tm_msgs/srv/detail/ask_sta__traits.hpp
[0.921s] -- Up-to-date: /home/isci/ros2_ws/install/tm_msgs/include/tm_msgs/srv/detail/send_script__traits.hpp
[0.922s] -- Up-to-date: /home/isci/ros2_ws/install/tm_msgs/include/tm_msgs/srv/detail/ask_item__type_support.hpp
[0.922s] -- Up-to-date: /home/isci/ros2_ws/install/tm_msgs/include/tm_msgs/srv/detail/set_velocity__struct.hpp
[0.922s] -- Up-to-date: /home/isci/ros2_ws/install/tm_msgs/include/tm_msgs/srv/detail/set_io__traits.hpp
[0.923s] -- Up-to-date: /home/isci/ros2_ws/install/tm_msgs/include/tm_msgs/srv/set_io.hpp
[0.924s] -- Up-to-date: /home/isci/ros2_ws/install/tm_msgs/include/tm_msgs/srv/set_event.hpp
[0.924s] -- Up-to-date: /home/isci/ros2_ws/install/tm_msgs/include/tm_msgs/srv/set_positions.hpp
[0.924s] -- Up-to-date: /home/isci/ros2_ws/install/tm_msgs/include/tm_msgs/srv/ask_item.hpp
[0.924s] -- Up-to-date: /home/isci/ros2_ws/install/tm_msgs/include/tm_msgs/srv/send_script.hpp
[0.924s] -- Up-to-date: /home/isci/ros2_ws/install/tm_msgs/include/tm_msgs/srv/connect_tm.hpp
[0.924s] -- Up-to-date: /home/isci/ros2_ws/install/tm_msgs/include/tm_msgs/srv/ask_sta.hpp
[0.925s] -- Up-to-date: /home/isci/ros2_ws/install/tm_msgs/include/tm_msgs/srv/set_velocity.hpp
[0.925s] -- Up-to-date: /home/isci/ros2_ws/install/tm_msgs/include/tm_msgs/srv/write_item.hpp
[0.925s] -- Up-to-date: /home/isci/ros2_ws/install/tm_msgs/include/tm_msgs
[0.925s] -- Up-to-date: /home/isci/ros2_ws/install/tm_msgs/include/tm_msgs/msg
[0.925s] -- Up-to-date: /home/isci/ros2_ws/install/tm_msgs/include/tm_msgs/msg/detail
[0.925s] -- Up-to-date: /home/isci/ros2_ws/install/tm_msgs/include/tm_msgs/msg/detail/svr_response__rosidl_typesupport_introspection_cpp.hpp
[0.926s] -- Up-to-date: /home/isci/ros2_ws/install/tm_msgs/include/tm_msgs/msg/detail/sct_response__type_support.cpp
[0.926s] -- Up-to-date: /home/isci/ros2_ws/install/tm_msgs/include/tm_msgs/msg/detail/sta_response__rosidl_typesupport_introspection_cpp.hpp
[0.926s] -- Up-to-date: /home/isci/ros2_ws/install/tm_msgs/include/tm_msgs/msg/detail/feedback_state__type_support.cpp
[0.926s] -- Up-to-date: /home/isci/ros2_ws/install/tm_msgs/include/tm_msgs/msg/detail/svr_response__type_support.cpp
[0.926s] -- Up-to-date: /home/isci/ros2_ws/install/tm_msgs/include/tm_msgs/msg/detail/sta_response__type_support.cpp
[0.926s] -- Up-to-date: /home/isci/ros2_ws/install/tm_msgs/include/tm_msgs/msg/detail/feedback_state__rosidl_typesupport_introspection_cpp.hpp
[0.926s] -- Up-to-date: /home/isci/ros2_ws/install/tm_msgs/include/tm_msgs/msg/detail/sct_response__rosidl_typesupport_introspection_cpp.hpp
[0.926s] -- Up-to-date: /home/isci/ros2_ws/install/tm_msgs/include/tm_msgs/srv
[0.927s] -- Up-to-date: /home/isci/ros2_ws/install/tm_msgs/include/tm_msgs/srv/detail
[0.927s] -- Up-to-date: /home/isci/ros2_ws/install/tm_msgs/include/tm_msgs/srv/detail/set_io__type_support.cpp
[0.927s] -- Up-to-date: /home/isci/ros2_ws/install/tm_msgs/include/tm_msgs/srv/detail/write_item__type_support.cpp
[0.927s] -- Up-to-date: /home/isci/ros2_ws/install/tm_msgs/include/tm_msgs/srv/detail/send_script__rosidl_typesupport_introspection_cpp.hpp
[0.927s] -- Up-to-date: /home/isci/ros2_ws/install/tm_msgs/include/tm_msgs/srv/detail/ask_sta__rosidl_typesupport_introspection_cpp.hpp
[0.927s] -- Up-to-date: /home/isci/ros2_ws/install/tm_msgs/include/tm_msgs/srv/detail/set_velocity__rosidl_typesupport_introspection_cpp.hpp
[0.927s] -- Up-to-date: /home/isci/ros2_ws/install/tm_msgs/include/tm_msgs/srv/detail/ask_sta__type_support.cpp
[0.927s] -- Up-to-date: /home/isci/ros2_ws/install/tm_msgs/include/tm_msgs/srv/detail/set_positions__type_support.cpp
[0.927s] -- Up-to-date: /home/isci/ros2_ws/install/tm_msgs/include/tm_msgs/srv/detail/set_velocity__type_support.cpp
[0.928s] -- Up-to-date: /home/isci/ros2_ws/install/tm_msgs/include/tm_msgs/srv/detail/connect_tm__type_support.cpp
[0.928s] -- Up-to-date: /home/isci/ros2_ws/install/tm_msgs/include/tm_msgs/srv/detail/connect_tm__rosidl_typesupport_introspection_cpp.hpp
[0.928s] -- Up-to-date: /home/isci/ros2_ws/install/tm_msgs/include/tm_msgs/srv/detail/set_event__type_support.cpp
[0.928s] -- Up-to-date: /home/isci/ros2_ws/install/tm_msgs/include/tm_msgs/srv/detail/set_positions__rosidl_typesupport_introspection_cpp.hpp
[0.928s] -- Up-to-date: /home/isci/ros2_ws/install/tm_msgs/include/tm_msgs/srv/detail/set_event__rosidl_typesupport_introspection_cpp.hpp
[0.928s] -- Up-to-date: /home/isci/ros2_ws/install/tm_msgs/include/tm_msgs/srv/detail/write_item__rosidl_typesupport_introspection_cpp.hpp
[0.928s] -- Up-to-date: /home/isci/ros2_ws/install/tm_msgs/include/tm_msgs/srv/detail/ask_item__rosidl_typesupport_introspection_cpp.hpp
[0.928s] -- Up-to-date: /home/isci/ros2_ws/install/tm_msgs/include/tm_msgs/srv/detail/set_io__rosidl_typesupport_introspection_cpp.hpp
[0.929s] -- Up-to-date: /home/isci/ros2_ws/install/tm_msgs/include/tm_msgs/srv/detail/send_script__type_support.cpp
[0.929s] -- Up-to-date: /home/isci/ros2_ws/install/tm_msgs/include/tm_msgs/srv/detail/ask_item__type_support.cpp
[0.929s] -- Up-to-date: /home/isci/ros2_ws/install/tm_msgs/lib/libtm_msgs__rosidl_typesupport_introspection_cpp.so
[0.929s] -- Up-to-date: /home/isci/ros2_ws/install/tm_msgs/lib/libtm_msgs__rosidl_typesupport_cpp.so
[0.929s] -- Up-to-date: /home/isci/ros2_ws/install/tm_msgs/share/tm_msgs/environment/pythonpath.sh
[0.929s] -- Up-to-date: /home/isci/ros2_ws/install/tm_msgs/share/tm_msgs/environment/pythonpath.dsv
[0.929s] -- Up-to-date: /home/isci/ros2_ws/install/tm_msgs/lib/python3.8/site-packages/tm_msgs/__init__.py
[0.938s] -- Up-to-date: /home/isci/ros2_ws/install/tm_msgs/lib/python3.8/site-packages/tm_msgs/msg
[0.938s] -- Up-to-date: /home/isci/ros2_ws/install/tm_msgs/lib/python3.8/site-packages/tm_msgs/msg/_svr_response.py
[0.938s] -- Up-to-date: /home/isci/ros2_ws/install/tm_msgs/lib/python3.8/site-packages/tm_msgs/msg/_sct_response.py
[0.939s] -- Up-to-date: /home/isci/ros2_ws/install/tm_msgs/lib/python3.8/site-packages/tm_msgs/msg/_sta_response_s.c
[0.939s] -- Up-to-date: /home/isci/ros2_ws/install/tm_msgs/lib/python3.8/site-packages/tm_msgs/msg/_sct_response_s.c
[0.939s] -- Up-to-date: /home/isci/ros2_ws/install/tm_msgs/lib/python3.8/site-packages/tm_msgs/msg/_svr_response_s.c
[0.939s] -- Up-to-date: /home/isci/ros2_ws/install/tm_msgs/lib/python3.8/site-packages/tm_msgs/msg/_feedback_state_s.c
[0.939s] -- Up-to-date: /home/isci/ros2_ws/install/tm_msgs/lib/python3.8/site-packages/tm_msgs/msg/_feedback_state.py
[0.939s] -- Up-to-date: /home/isci/ros2_ws/install/tm_msgs/lib/python3.8/site-packages/tm_msgs/msg/__init__.py
[0.940s] -- Up-to-date: /home/isci/ros2_ws/install/tm_msgs/lib/python3.8/site-packages/tm_msgs/msg/_sta_response.py
[0.940s] -- Up-to-date: /home/isci/ros2_ws/install/tm_msgs/lib/python3.8/site-packages/tm_msgs/srv
[0.940s] -- Up-to-date: /home/isci/ros2_ws/install/tm_msgs/lib/python3.8/site-packages/tm_msgs/srv/_connect_tm_s.c
[0.940s] -- Up-to-date: /home/isci/ros2_ws/install/tm_msgs/lib/python3.8/site-packages/tm_msgs/srv/_set_io_s.c
[0.940s] -- Up-to-date: /home/isci/ros2_ws/install/tm_msgs/lib/python3.8/site-packages/tm_msgs/srv/_set_velocity.py
[0.940s] -- Up-to-date: /home/isci/ros2_ws/install/tm_msgs/lib/python3.8/site-packages/tm_msgs/srv/_set_positions.py
[0.941s] -- Up-to-date: /home/isci/ros2_ws/install/tm_msgs/lib/python3.8/site-packages/tm_msgs/srv/_write_item.py
[0.941s] -- Up-to-date: /home/isci/ros2_ws/install/tm_msgs/lib/python3.8/site-packages/tm_msgs/srv/_write_item_s.c
[0.941s] -- Up-to-date: /home/isci/ros2_ws/install/tm_msgs/lib/python3.8/site-packages/tm_msgs/srv/_set_positions_s.c
[0.941s] -- Up-to-date: /home/isci/ros2_ws/install/tm_msgs/lib/python3.8/site-packages/tm_msgs/srv/_set_event.py
[0.941s] -- Up-to-date: /home/isci/ros2_ws/install/tm_msgs/lib/python3.8/site-packages/tm_msgs/srv/_set_event_s.c
[0.941s] -- Up-to-date: /home/isci/ros2_ws/install/tm_msgs/lib/python3.8/site-packages/tm_msgs/srv/_ask_sta.py
[0.941s] -- Up-to-date: /home/isci/ros2_ws/install/tm_msgs/lib/python3.8/site-packages/tm_msgs/srv/_send_script.py
[0.941s] -- Up-to-date: /home/isci/ros2_ws/install/tm_msgs/lib/python3.8/site-packages/tm_msgs/srv/_ask_sta_s.c
[0.942s] -- Up-to-date: /home/isci/ros2_ws/install/tm_msgs/lib/python3.8/site-packages/tm_msgs/srv/__init__.py
[0.942s] -- Up-to-date: /home/isci/ros2_ws/install/tm_msgs/lib/python3.8/site-packages/tm_msgs/srv/_ask_item_s.c
[0.942s] -- Up-to-date: /home/isci/ros2_ws/install/tm_msgs/lib/python3.8/site-packages/tm_msgs/srv/_connect_tm.py
[0.942s] -- Up-to-date: /home/isci/ros2_ws/install/tm_msgs/lib/python3.8/site-packages/tm_msgs/srv/_set_velocity_s.c
[0.942s] -- Up-to-date: /home/isci/ros2_ws/install/tm_msgs/lib/python3.8/site-packages/tm_msgs/srv/_set_io.py
[0.942s] -- Up-to-date: /home/isci/ros2_ws/install/tm_msgs/lib/python3.8/site-packages/tm_msgs/srv/_ask_item.py
[0.942s] -- Up-to-date: /home/isci/ros2_ws/install/tm_msgs/lib/python3.8/site-packages/tm_msgs/srv/_send_script_s.c
[0.943s] -- Up-to-date: /home/isci/ros2_ws/install/tm_msgs/lib/python3.8/site-packages/tm_msgs/tm_msgs_s__rosidl_typesupport_fastrtps_c.cpython-38-x86_64-linux-gnu.so
[0.943s] -- Up-to-date: /home/isci/ros2_ws/install/tm_msgs/lib/python3.8/site-packages/tm_msgs/tm_msgs_s__rosidl_typesupport_introspection_c.cpython-38-x86_64-linux-gnu.so
[0.943s] -- Up-to-date: /home/isci/ros2_ws/install/tm_msgs/lib/python3.8/site-packages/tm_msgs/tm_msgs_s__rosidl_typesupport_c.cpython-38-x86_64-linux-gnu.so
[0.944s] -- Up-to-date: /home/isci/ros2_ws/install/tm_msgs/lib/libtm_msgs__python.so
[0.945s] -- Up-to-date: /home/isci/ros2_ws/install/tm_msgs/share/tm_msgs/msg/FeedbackState.idl
[0.945s] -- Up-to-date: /home/isci/ros2_ws/install/tm_msgs/share/tm_msgs/msg/SvrResponse.idl
[0.945s] -- Up-to-date: /home/isci/ros2_ws/install/tm_msgs/share/tm_msgs/msg/SctResponse.idl
[0.946s] -- Up-to-date: /home/isci/ros2_ws/install/tm_msgs/share/tm_msgs/msg/StaResponse.idl
[0.946s] -- Up-to-date: /home/isci/ros2_ws/install/tm_msgs/share/tm_msgs/srv/ConnectTM.idl
[0.946s] -- Up-to-date: /home/isci/ros2_ws/install/tm_msgs/share/tm_msgs/srv/WriteItem.idl
[0.947s] -- Up-to-date: /home/isci/ros2_ws/install/tm_msgs/share/tm_msgs/srv/AskItem.idl
[0.947s] -- Up-to-date: /home/isci/ros2_ws/install/tm_msgs/share/tm_msgs/srv/SendScript.idl
[0.947s] -- Up-to-date: /home/isci/ros2_ws/install/tm_msgs/share/tm_msgs/srv/SetEvent.idl
[0.947s] -- Up-to-date: /home/isci/ros2_ws/install/tm_msgs/share/tm_msgs/srv/SetIO.idl
[0.947s] -- Up-to-date: /home/isci/ros2_ws/install/tm_msgs/share/tm_msgs/srv/SetPositions.idl
[0.947s] -- Up-to-date: /home/isci/ros2_ws/install/tm_msgs/share/tm_msgs/srv/SetVelocity.idl
[0.947s] -- Up-to-date: /home/isci/ros2_ws/install/tm_msgs/share/tm_msgs/srv/AskSta.idl
[0.948s] -- Up-to-date: /home/isci/ros2_ws/install/tm_msgs/share/tm_msgs/msg/FeedbackState.msg
[0.948s] -- Up-to-date: /home/isci/ros2_ws/install/tm_msgs/share/tm_msgs/msg/SvrResponse.msg
[0.948s] -- Up-to-date: /home/isci/ros2_ws/install/tm_msgs/share/tm_msgs/msg/SctResponse.msg
[0.948s] -- Up-to-date: /home/isci/ros2_ws/install/tm_msgs/share/tm_msgs/msg/StaResponse.msg
[0.948s] -- Up-to-date: /home/isci/ros2_ws/install/tm_msgs/share/tm_msgs/srv/ConnectTM.srv
[0.948s] -- Up-to-date: /home/isci/ros2_ws/install/tm_msgs/share/tm_msgs/srv/ConnectTM_Request.msg
[0.948s] -- Up-to-date: /home/isci/ros2_ws/install/tm_msgs/share/tm_msgs/srv/ConnectTM_Response.msg
[0.948s] -- Up-to-date: /home/isci/ros2_ws/install/tm_msgs/share/tm_msgs/srv/WriteItem.srv
[0.948s] -- Up-to-date: /home/isci/ros2_ws/install/tm_msgs/share/tm_msgs/srv/WriteItem_Request.msg
[0.949s] -- Up-to-date: /home/isci/ros2_ws/install/tm_msgs/share/tm_msgs/srv/WriteItem_Response.msg
[0.949s] -- Up-to-date: /home/isci/ros2_ws/install/tm_msgs/share/tm_msgs/srv/AskItem.srv
[0.949s] -- Up-to-date: /home/isci/ros2_ws/install/tm_msgs/share/tm_msgs/srv/AskItem_Request.msg
[0.949s] -- Up-to-date: /home/isci/ros2_ws/install/tm_msgs/share/tm_msgs/srv/AskItem_Response.msg
[0.949s] -- Up-to-date: /home/isci/ros2_ws/install/tm_msgs/share/tm_msgs/srv/SendScript.srv
[0.949s] -- Up-to-date: /home/isci/ros2_ws/install/tm_msgs/share/tm_msgs/srv/SendScript_Request.msg
[0.950s] -- Up-to-date: /home/isci/ros2_ws/install/tm_msgs/share/tm_msgs/srv/SendScript_Response.msg
[0.951s] -- Up-to-date: /home/isci/ros2_ws/install/tm_msgs/share/tm_msgs/srv/SetEvent.srv
[0.952s] -- Up-to-date: /home/isci/ros2_ws/install/tm_msgs/share/tm_msgs/srv/SetEvent_Request.msg
[0.952s] -- Up-to-date: /home/isci/ros2_ws/install/tm_msgs/share/tm_msgs/srv/SetEvent_Response.msg
[0.953s] -- Up-to-date: /home/isci/ros2_ws/install/tm_msgs/share/tm_msgs/srv/SetIO.srv
[0.953s] -- Up-to-date: /home/isci/ros2_ws/install/tm_msgs/share/tm_msgs/srv/SetIO_Request.msg
[0.953s] -- Up-to-date: /home/isci/ros2_ws/install/tm_msgs/share/tm_msgs/srv/SetIO_Response.msg
[0.954s] -- Up-to-date: /home/isci/ros2_ws/install/tm_msgs/share/tm_msgs/srv/SetPositions.srv
[0.954s] -- Up-to-date: /home/isci/ros2_ws/install/tm_msgs/share/tm_msgs/srv/SetPositions_Request.msg
[0.954s] -- Up-to-date: /home/isci/ros2_ws/install/tm_msgs/share/tm_msgs/srv/SetPositions_Response.msg
[0.954s] -- Up-to-date: /home/isci/ros2_ws/install/tm_msgs/share/tm_msgs/srv/SetVelocity.srv
[0.954s] -- Up-to-date: /home/isci/ros2_ws/install/tm_msgs/share/tm_msgs/srv/SetVelocity_Request.msg
[0.955s] -- Up-to-date: /home/isci/ros2_ws/install/tm_msgs/share/tm_msgs/srv/SetVelocity_Response.msg
[0.955s] -- Up-to-date: /home/isci/ros2_ws/install/tm_msgs/share/tm_msgs/srv/AskSta.srv
[0.955s] -- Up-to-date: /home/isci/ros2_ws/install/tm_msgs/share/tm_msgs/srv/AskSta_Request.msg
[0.955s] -- Up-to-date: /home/isci/ros2_ws/install/tm_msgs/share/tm_msgs/srv/AskSta_Response.msg
[0.955s] -- Up-to-date: /home/isci/ros2_ws/install/tm_msgs/share/ament_index/resource_index/package_run_dependencies/tm_msgs
[0.956s] -- Up-to-date: /home/isci/ros2_ws/install/tm_msgs/share/ament_index/resource_index/parent_prefix_path/tm_msgs
[0.956s] -- Up-to-date: /home/isci/ros2_ws/install/tm_msgs/share/tm_msgs/environment/ament_prefix_path.sh
[0.956s] -- Up-to-date: /home/isci/ros2_ws/install/tm_msgs/share/tm_msgs/environment/ament_prefix_path.dsv
[0.956s] -- Up-to-date: /home/isci/ros2_ws/install/tm_msgs/share/tm_msgs/environment/path.sh
[0.956s] -- Up-to-date: /home/isci/ros2_ws/install/tm_msgs/share/tm_msgs/environment/path.dsv
[0.956s] -- Up-to-date: /home/isci/ros2_ws/install/tm_msgs/share/tm_msgs/local_setup.bash
[0.957s] -- Up-to-date: /home/isci/ros2_ws/install/tm_msgs/share/tm_msgs/local_setup.sh
[0.957s] -- Up-to-date: /home/isci/ros2_ws/install/tm_msgs/share/tm_msgs/local_setup.zsh
[0.958s] -- Up-to-date: /home/isci/ros2_ws/install/tm_msgs/share/tm_msgs/local_setup.dsv
[0.958s] -- Installing: /home/isci/ros2_ws/install/tm_msgs/share/tm_msgs/package.dsv
[0.958s] -- Up-to-date: /home/isci/ros2_ws/install/tm_msgs/share/ament_index/resource_index/packages/tm_msgs
[0.959s] -- Up-to-date: /home/isci/ros2_ws/install/tm_msgs/share/tm_msgs/cmake/tm_msgs__rosidl_generator_cExport.cmake
[0.959s] -- Up-to-date: /home/isci/ros2_ws/install/tm_msgs/share/tm_msgs/cmake/tm_msgs__rosidl_generator_cExport-noconfig.cmake
[0.959s] -- Up-to-date: /home/isci/ros2_ws/install/tm_msgs/share/tm_msgs/cmake/tm_msgs__rosidl_typesupport_introspection_cExport.cmake
[0.960s] -- Up-to-date: /home/isci/ros2_ws/install/tm_msgs/share/tm_msgs/cmake/tm_msgs__rosidl_typesupport_introspection_cExport-noconfig.cmake
[0.961s] -- Up-to-date: /home/isci/ros2_ws/install/tm_msgs/share/tm_msgs/cmake/tm_msgs__rosidl_typesupport_cExport.cmake
[0.961s] -- Up-to-date: /home/isci/ros2_ws/install/tm_msgs/share/tm_msgs/cmake/tm_msgs__rosidl_typesupport_cExport-noconfig.cmake
[0.962s] -- Up-to-date: /home/isci/ros2_ws/install/tm_msgs/share/tm_msgs/cmake/tm_msgs__rosidl_generator_cppExport.cmake
[0.962s] -- Up-to-date: /home/isci/ros2_ws/install/tm_msgs/share/tm_msgs/cmake/tm_msgs__rosidl_typesupport_introspection_cppExport.cmake
[0.963s] -- Up-to-date: /home/isci/ros2_ws/install/tm_msgs/share/tm_msgs/cmake/tm_msgs__rosidl_typesupport_introspection_cppExport-noconfig.cmake
[0.963s] -- Up-to-date: /home/isci/ros2_ws/install/tm_msgs/share/tm_msgs/cmake/tm_msgs__rosidl_typesupport_cppExport.cmake
[0.963s] -- Up-to-date: /home/isci/ros2_ws/install/tm_msgs/share/tm_msgs/cmake/tm_msgs__rosidl_typesupport_cppExport-noconfig.cmake
[0.963s] -- Up-to-date: /home/isci/ros2_ws/install/tm_msgs/share/tm_msgs/cmake/rosidl_cmake-extras.cmake
[0.964s] -- Up-to-date: /home/isci/ros2_ws/install/tm_msgs/share/tm_msgs/cmake/ament_cmake_export_dependencies-extras.cmake
[0.964s] -- Up-to-date: /home/isci/ros2_ws/install/tm_msgs/share/tm_msgs/cmake/ament_cmake_export_libraries-extras.cmake
[0.964s] -- Up-to-date: /home/isci/ros2_ws/install/tm_msgs/share/tm_msgs/cmake/ament_cmake_export_targets-extras.cmake
[0.965s] -- Up-to-date: /home/isci/ros2_ws/install/tm_msgs/share/tm_msgs/cmake/ament_cmake_export_include_directories-extras.cmake
[0.965s] -- Up-to-date: /home/isci/ros2_ws/install/tm_msgs/share/tm_msgs/cmake/rosidl_cmake_export_typesupport_libraries-extras.cmake
[0.965s] -- Up-to-date: /home/isci/ros2_ws/install/tm_msgs/share/tm_msgs/cmake/rosidl_cmake_export_typesupport_targets-extras.cmake
[0.966s] -- Up-to-date: /home/isci/ros2_ws/install/tm_msgs/share/tm_msgs/cmake/tm_msgsConfig.cmake
[0.966s] -- Up-to-date: /home/isci/ros2_ws/install/tm_msgs/share/tm_msgs/cmake/tm_msgsConfig-version.cmake
[0.967s] -- Up-to-date: /home/isci/ros2_ws/install/tm_msgs/share/tm_msgs/package.xml
[0.968s] Invoked command in '/home/isci/ros2_ws/build/tm_msgs' returned '0': CMAKE_PREFIX_PATH=${CMAKE_PREFIX_PATH}:/home/isci/ros2_ws/install/tm_mod_urdf:/home/isci/ros2_ws/install/tm_get_status:/opt/ros/foxy /usr/bin/cmake --install /home/isci/ros2_ws/build/tm_msgs
