[0.037s] Invoking command in '/home/isci/ros2_ws/build/tm_msgs': CMAKE_PREFIX_PATH=/opt/ros/foxy /usr/bin/cmake /home/isci/ros2_ws/src/tmr_ros2/tm_msgs -DCMAKE_INSTALL_PREFIX=/home/isci/ros2_ws/install/tm_msgs
[0.452s] -- The C compiler identification is GNU 9.4.0
[0.453s] -- The CXX compiler identification is GNU 9.4.0
[0.453s] -- Check for working C compiler: /usr/bin/cc
[0.454s] -- Check for working C compiler: /usr/bin/cc -- works
[0.454s] -- Detecting C compiler ABI info
[0.455s] -- Detecting C compiler ABI info - done
[0.455s] -- Detecting C compile features
[0.457s] -- Detecting C compile features - done
[0.457s] -- Check for working CXX compiler: /usr/bin/c++
[0.457s] -- Check for working CXX compiler: /usr/bin/c++ -- works
[0.458s] -- Detecting CXX compiler ABI info
[0.458s] -- Detecting CXX compiler ABI info - done
[0.458s] -- Detecting CXX compile features
[0.459s] -- Detecting CXX compile features - done
[0.460s] -- Found ament_cmake: 0.9.12 (/opt/ros/foxy/share/ament_cmake/cmake)
[0.461s] -- Found PythonInterp: /usr/bin/python3 (found suitable version "3.8.10", minimum required is "3") 
[0.461s] -- Using PYTHON_EXECUTABLE: /usr/bin/python3
[0.635s] -- Found std_msgs: 2.0.5 (/opt/ros/foxy/share/std_msgs/cmake)
[0.662s] -- Using all available rosidl_typesupport_c: rosidl_typesupport_fastrtps_c;rosidl_typesupport_introspection_c
[0.668s] -- Found rosidl_adapter: 1.3.1 (/opt/ros/foxy/share/rosidl_adapter/cmake)
[0.746s] -- Found OpenSSL: /usr/lib/x86_64-linux-gnu/libcrypto.so (found version "1.1.1f")  
[0.786s] -- Found FastRTPS: /opt/ros/foxy/include  
[0.893s] -- Using all available rosidl_typesupport_cpp: rosidl_typesupport_fastrtps_cpp;rosidl_typesupport_introspection_cpp
[0.956s] -- Found rosidl_default_generators: 1.0.1 (/opt/ros/foxy/share/rosidl_default_generators/cmake)
[0.986s] -- Found PythonInterp: /usr/bin/python3 (found version "3.8.10") 
[1.215s] -- Found ament_cmake_ros: 0.9.2 (/opt/ros/foxy/share/ament_cmake_ros/cmake)
[1.405s] -- Using all available rosidl_typesupport_c: rosidl_typesupport_fastrtps_c;rosidl_typesupport_introspection_c
[1.461s] -- Using all available rosidl_typesupport_cpp: rosidl_typesupport_fastrtps_cpp;rosidl_typesupport_introspection_cpp
[1.482s] -- Found PythonInterp: /usr/bin/python3 (found suitable version "3.8.10", minimum required is "3.5") 
[1.483s] -- Found python_cmake_module: 0.8.1 (/opt/ros/foxy/share/python_cmake_module/cmake)
[1.506s] -- Found PythonLibs: /usr/lib/x86_64-linux-gnu/libpython3.8.so (found suitable version "3.8.10", minimum required is "3.5") 
[1.506s] -- Using PYTHON_EXECUTABLE: /usr/bin/python3
[1.507s] -- Using PYTHON_INCLUDE_DIRS: /usr/include/python3.8
[1.507s] -- Using PYTHON_LIBRARIES: /usr/lib/x86_64-linux-gnu/libpython3.8.so
[1.524s] -- Found PythonExtra: .so  
[1.613s] -- Configuring done
[1.718s] -- Generating done
[1.722s] -- Build files have been written to: /home/isci/ros2_ws/build/tm_msgs
[1.731s] Invoked command in '/home/isci/ros2_ws/build/tm_msgs' returned '0': CMAKE_PREFIX_PATH=/opt/ros/foxy /usr/bin/cmake /home/isci/ros2_ws/src/tmr_ros2/tm_msgs -DCMAKE_INSTALL_PREFIX=/home/isci/ros2_ws/install/tm_msgs
[1.734s] Invoking command in '/home/isci/ros2_ws/build/tm_msgs': CMAKE_PREFIX_PATH=/opt/ros/foxy /usr/bin/cmake --build /home/isci/ros2_ws/build/tm_msgs -- -j12 -l12
[1.773s] [  1%] [34m[1mGenerating C code for ROS interfaces[0m
[1.777s] [35m[1mScanning dependencies of target tm_msgs__cpp[0m
[1.791s] [  1%] [34m[1mGenerating C++ code for ROS interfaces[0m
[3.338s] [35m[1mScanning dependencies of target tm_msgs__rosidl_generator_c[0m
[3.357s] [  3%] [32mBuilding C object CMakeFiles/tm_msgs__rosidl_generator_c.dir/rosidl_generator_c/tm_msgs/msg/detail/sct_response__functions.c.o[0m
[3.357s] [  3%] [32mBuilding C object CMakeFiles/tm_msgs__rosidl_generator_c.dir/rosidl_generator_c/tm_msgs/msg/detail/feedback_state__functions.c.o[0m
[3.357s] [  3%] [32mBuilding C object CMakeFiles/tm_msgs__rosidl_generator_c.dir/rosidl_generator_c/tm_msgs/msg/detail/svr_response__functions.c.o[0m
[3.357s] [  4%] [32mBuilding C object CMakeFiles/tm_msgs__rosidl_generator_c.dir/rosidl_generator_c/tm_msgs/msg/detail/sta_response__functions.c.o[0m
[3.357s] [  5%] [32mBuilding C object CMakeFiles/tm_msgs__rosidl_generator_c.dir/rosidl_generator_c/tm_msgs/srv/detail/connect_tm__functions.c.o[0m
[3.357s] [  5%] [32mBuilding C object CMakeFiles/tm_msgs__rosidl_generator_c.dir/rosidl_generator_c/tm_msgs/srv/detail/ask_item__functions.c.o[0m
[3.358s] [  6%] [32mBuilding C object CMakeFiles/tm_msgs__rosidl_generator_c.dir/rosidl_generator_c/tm_msgs/srv/detail/write_item__functions.c.o[0m
[3.360s] [  7%] [32mBuilding C object CMakeFiles/tm_msgs__rosidl_generator_c.dir/rosidl_generator_c/tm_msgs/srv/detail/send_script__functions.c.o[0m
[3.368s] [  8%] [32mBuilding C object CMakeFiles/tm_msgs__rosidl_generator_c.dir/rosidl_generator_c/tm_msgs/srv/detail/set_event__functions.c.o[0m
[3.368s] [  9%] [32mBuilding C object CMakeFiles/tm_msgs__rosidl_generator_c.dir/rosidl_generator_c/tm_msgs/srv/detail/set_io__functions.c.o[0m
[3.369s] [ 10%] [32mBuilding C object CMakeFiles/tm_msgs__rosidl_generator_c.dir/rosidl_generator_c/tm_msgs/srv/detail/set_positions__functions.c.o[0m
[3.443s] [ 10%] [32mBuilding C object CMakeFiles/tm_msgs__rosidl_generator_c.dir/rosidl_generator_c/tm_msgs/srv/detail/set_velocity__functions.c.o[0m
[3.457s] [ 11%] [32mBuilding C object CMakeFiles/tm_msgs__rosidl_generator_c.dir/rosidl_generator_c/tm_msgs/srv/detail/ask_sta__functions.c.o[0m
[3.547s] [ 12%] [32m[1mLinking C shared library libtm_msgs__rosidl_generator_c.so[0m
[3.560s] [ 12%] Built target tm_msgs__cpp
[3.573s] [ 12%] [34m[1mGenerating C++ introspection for ROS interfaces[0m
[3.573s] [ 13%] [34m[1mGenerating C++ type support for eProsima Fast-RTPS[0m
[3.573s] [ 14%] [34m[1mGenerating C++ type support dispatch for ROS interfaces[0m
[3.593s] [ 14%] Built target tm_msgs__rosidl_generator_c
[3.608s] [ 15%] [34m[1mGenerating C type support dispatch for ROS interfaces[0m
[3.608s] [ 16%] [34m[1mGenerating C introspection for ROS interfaces[0m
[4.864s] [35m[1mScanning dependencies of target tm_msgs__rosidl_typesupport_c[0m
[4.882s] [ 19%] [32mBuilding CXX object CMakeFiles/tm_msgs__rosidl_typesupport_c.dir/rosidl_typesupport_c/tm_msgs/msg/sta_response__type_support.cpp.o[0m
[4.883s] [ 19%] [32mBuilding CXX object CMakeFiles/tm_msgs__rosidl_typesupport_c.dir/rosidl_typesupport_c/tm_msgs/msg/svr_response__type_support.cpp.o[0m
[4.883s] [ 19%] [32mBuilding CXX object CMakeFiles/tm_msgs__rosidl_typesupport_c.dir/rosidl_typesupport_c/tm_msgs/srv/write_item__type_support.cpp.o[0m
[4.883s] [ 19%] [32mBuilding CXX object CMakeFiles/tm_msgs__rosidl_typesupport_c.dir/rosidl_typesupport_c/tm_msgs/msg/sct_response__type_support.cpp.o[0m
[4.883s] [ 19%] [32mBuilding CXX object CMakeFiles/tm_msgs__rosidl_typesupport_c.dir/rosidl_typesupport_c/tm_msgs/msg/feedback_state__type_support.cpp.o[0m
[4.885s] [ 20%] [32mBuilding CXX object CMakeFiles/tm_msgs__rosidl_typesupport_c.dir/rosidl_typesupport_c/tm_msgs/srv/ask_item__type_support.cpp.o[0m
[4.894s] [ 22%] [32mBuilding CXX object CMakeFiles/tm_msgs__rosidl_typesupport_c.dir/rosidl_typesupport_c/tm_msgs/srv/connect_tm__type_support.cpp.o[0m
[4.906s] [ 22%] [32mBuilding CXX object CMakeFiles/tm_msgs__rosidl_typesupport_c.dir/rosidl_typesupport_c/tm_msgs/srv/send_script__type_support.cpp.o[0m
[4.928s] [ 23%] [32mBuilding CXX object CMakeFiles/tm_msgs__rosidl_typesupport_c.dir/rosidl_typesupport_c/tm_msgs/srv/set_io__type_support.cpp.o[0m
[4.931s] [ 24%] [32mBuilding CXX object CMakeFiles/tm_msgs__rosidl_typesupport_c.dir/rosidl_typesupport_c/tm_msgs/srv/set_event__type_support.cpp.o[0m
[4.937s] [ 24%] [32mBuilding CXX object CMakeFiles/tm_msgs__rosidl_typesupport_c.dir/rosidl_typesupport_c/tm_msgs/srv/set_positions__type_support.cpp.o[0m
[4.946s] [ 25%] [32mBuilding CXX object CMakeFiles/tm_msgs__rosidl_typesupport_c.dir/rosidl_typesupport_c/tm_msgs/srv/set_velocity__type_support.cpp.o[0m
[4.951s] [ 26%] [32mBuilding CXX object CMakeFiles/tm_msgs__rosidl_typesupport_c.dir/rosidl_typesupport_c/tm_msgs/srv/ask_sta__type_support.cpp.o[0m
[4.996s] [ 27%] [32m[1mLinking CXX shared library libtm_msgs__rosidl_typesupport_c.so[0m
[5.004s] [35m[1mScanning dependencies of target tm_msgs__rosidl_typesupport_cpp[0m
[5.024s] [ 29%] [32mBuilding CXX object CMakeFiles/tm_msgs__rosidl_typesupport_cpp.dir/rosidl_typesupport_cpp/tm_msgs/msg/sct_response__type_support.cpp.o[0m
[5.024s] [ 29%] [32mBuilding CXX object CMakeFiles/tm_msgs__rosidl_typesupport_cpp.dir/rosidl_typesupport_cpp/tm_msgs/msg/feedback_state__type_support.cpp.o[0m
[5.024s] [ 30%] [32mBuilding CXX object CMakeFiles/tm_msgs__rosidl_typesupport_cpp.dir/rosidl_typesupport_cpp/tm_msgs/msg/sta_response__type_support.cpp.o[0m
[5.024s] [ 30%] [32mBuilding CXX object CMakeFiles/tm_msgs__rosidl_typesupport_cpp.dir/rosidl_typesupport_cpp/tm_msgs/msg/svr_response__type_support.cpp.o[0m
[5.025s] [ 31%] [32mBuilding CXX object CMakeFiles/tm_msgs__rosidl_typesupport_cpp.dir/rosidl_typesupport_cpp/tm_msgs/srv/write_item__type_support.cpp.o[0m
[5.025s] [ 32%] [32mBuilding CXX object CMakeFiles/tm_msgs__rosidl_typesupport_cpp.dir/rosidl_typesupport_cpp/tm_msgs/srv/connect_tm__type_support.cpp.o[0m
[5.037s] [ 32%] [32mBuilding CXX object CMakeFiles/tm_msgs__rosidl_typesupport_cpp.dir/rosidl_typesupport_cpp/tm_msgs/srv/send_script__type_support.cpp.o[0m
[5.038s] [ 33%] [32mBuilding CXX object CMakeFiles/tm_msgs__rosidl_typesupport_cpp.dir/rosidl_typesupport_cpp/tm_msgs/srv/ask_item__type_support.cpp.o[0m
[5.067s] [ 33%] Built target tm_msgs__rosidl_typesupport_c
[5.105s] [ 34%] [32mBuilding CXX object CMakeFiles/tm_msgs__rosidl_typesupport_cpp.dir/rosidl_typesupport_cpp/tm_msgs/srv/set_event__type_support.cpp.o[0m
[5.452s] [ 35%] [32mBuilding CXX object CMakeFiles/tm_msgs__rosidl_typesupport_cpp.dir/rosidl_typesupport_cpp/tm_msgs/srv/set_io__type_support.cpp.o[0m
[5.456s] [ 36%] [32mBuilding CXX object CMakeFiles/tm_msgs__rosidl_typesupport_cpp.dir/rosidl_typesupport_cpp/tm_msgs/srv/set_positions__type_support.cpp.o[0m
[5.459s] [ 37%] [32mBuilding CXX object CMakeFiles/tm_msgs__rosidl_typesupport_cpp.dir/rosidl_typesupport_cpp/tm_msgs/srv/set_velocity__type_support.cpp.o[0m
[5.472s] [ 37%] [32mBuilding CXX object CMakeFiles/tm_msgs__rosidl_typesupport_cpp.dir/rosidl_typesupport_cpp/tm_msgs/srv/ask_sta__type_support.cpp.o[0m
[5.533s] [35m[1mScanning dependencies of target tm_msgs__rosidl_typesupport_introspection_cpp[0m
[5.555s] [35m[1mScanning dependencies of target tm_msgs__rosidl_typesupport_introspection_c[0m
[5.556s] [35m[1mScanning dependencies of target tm_msgs__rosidl_typesupport_fastrtps_cpp[0m
[5.561s] [ 38%] [32mBuilding CXX object CMakeFiles/tm_msgs__rosidl_typesupport_introspection_cpp.dir/rosidl_typesupport_introspection_cpp/tm_msgs/msg/detail/feedback_state__type_support.cpp.o[0m
[5.565s] [ 39%] [32mBuilding CXX object CMakeFiles/tm_msgs__rosidl_typesupport_introspection_cpp.dir/rosidl_typesupport_introspection_cpp/tm_msgs/msg/detail/svr_response__type_support.cpp.o[0m
[5.568s] [ 40%] [32mBuilding CXX object CMakeFiles/tm_msgs__rosidl_typesupport_introspection_cpp.dir/rosidl_typesupport_introspection_cpp/tm_msgs/msg/detail/sct_response__type_support.cpp.o[0m
[5.568s] [ 41%] [32mBuilding CXX object CMakeFiles/tm_msgs__rosidl_typesupport_introspection_cpp.dir/rosidl_typesupport_introspection_cpp/tm_msgs/msg/detail/sta_response__type_support.cpp.o[0m
[5.570s] [ 41%] [32mBuilding CXX object CMakeFiles/tm_msgs__rosidl_typesupport_introspection_cpp.dir/rosidl_typesupport_introspection_cpp/tm_msgs/srv/detail/connect_tm__type_support.cpp.o[0m
[5.580s] [ 42%] [32mBuilding CXX object CMakeFiles/tm_msgs__rosidl_typesupport_introspection_cpp.dir/rosidl_typesupport_introspection_cpp/tm_msgs/srv/detail/write_item__type_support.cpp.o[0m
[5.593s] [ 43%] [32mBuilding C object CMakeFiles/tm_msgs__rosidl_typesupport_introspection_c.dir/rosidl_typesupport_introspection_c/tm_msgs/msg/detail/feedback_state__type_support.c.o[0m
[5.626s] [ 44%] [32mBuilding CXX object CMakeFiles/tm_msgs__rosidl_typesupport_fastrtps_cpp.dir/rosidl_typesupport_fastrtps_cpp/tm_msgs/msg/detail/dds_fastrtps/feedback_state__type_support.cpp.o[0m
[5.706s] [ 45%] [32mBuilding C object CMakeFiles/tm_msgs__rosidl_typesupport_introspection_c.dir/rosidl_typesupport_introspection_c/tm_msgs/msg/detail/svr_response__type_support.c.o[0m
[5.846s] [ 45%] [32mBuilding C object CMakeFiles/tm_msgs__rosidl_typesupport_introspection_c.dir/rosidl_typesupport_introspection_c/tm_msgs/msg/detail/sct_response__type_support.c.o[0m
[5.906s] [ 46%] [32mBuilding C object CMakeFiles/tm_msgs__rosidl_typesupport_introspection_c.dir/rosidl_typesupport_introspection_c/tm_msgs/msg/detail/sta_response__type_support.c.o[0m
[5.925s] [ 47%] [32mBuilding CXX object CMakeFiles/tm_msgs__rosidl_typesupport_introspection_cpp.dir/rosidl_typesupport_introspection_cpp/tm_msgs/srv/detail/ask_item__type_support.cpp.o[0m
[5.940s] [ 48%] [32mBuilding CXX object CMakeFiles/tm_msgs__rosidl_typesupport_introspection_cpp.dir/rosidl_typesupport_introspection_cpp/tm_msgs/srv/detail/send_script__type_support.cpp.o[0m
[5.966s] [ 49%] [32m[1mLinking CXX shared library libtm_msgs__rosidl_typesupport_cpp.so[0m
[5.968s] [ 50%] [32mBuilding C object CMakeFiles/tm_msgs__rosidl_typesupport_introspection_c.dir/rosidl_typesupport_introspection_c/tm_msgs/srv/detail/connect_tm__type_support.c.o[0m
[6.003s] [ 51%] [32mBuilding CXX object CMakeFiles/tm_msgs__rosidl_typesupport_introspection_cpp.dir/rosidl_typesupport_introspection_cpp/tm_msgs/srv/detail/set_event__type_support.cpp.o[0m
[6.049s] [ 52%] [32mBuilding C object CMakeFiles/tm_msgs__rosidl_typesupport_introspection_c.dir/rosidl_typesupport_introspection_c/tm_msgs/srv/detail/write_item__type_support.c.o[0m
[6.050s] [ 52%] [32mBuilding CXX object CMakeFiles/tm_msgs__rosidl_typesupport_introspection_cpp.dir/rosidl_typesupport_introspection_cpp/tm_msgs/srv/detail/set_io__type_support.cpp.o[0m
[6.056s] [ 53%] [32mBuilding CXX object CMakeFiles/tm_msgs__rosidl_typesupport_fastrtps_cpp.dir/rosidl_typesupport_fastrtps_cpp/tm_msgs/msg/detail/dds_fastrtps/svr_response__type_support.cpp.o[0m
[6.058s] [ 54%] [32mBuilding C object CMakeFiles/tm_msgs__rosidl_typesupport_introspection_c.dir/rosidl_typesupport_introspection_c/tm_msgs/srv/detail/ask_item__type_support.c.o[0m
[6.071s] [ 55%] [32mBuilding CXX object CMakeFiles/tm_msgs__rosidl_typesupport_fastrtps_cpp.dir/rosidl_typesupport_fastrtps_cpp/tm_msgs/msg/detail/dds_fastrtps/sct_response__type_support.cpp.o[0m
[6.074s] [ 55%] Built target tm_msgs__rosidl_typesupport_cpp
[6.088s] [ 55%] [32mBuilding C object CMakeFiles/tm_msgs__rosidl_typesupport_introspection_c.dir/rosidl_typesupport_introspection_c/tm_msgs/srv/detail/send_script__type_support.c.o[0m
[6.092s] [ 56%] [32mBuilding CXX object CMakeFiles/tm_msgs__rosidl_typesupport_introspection_cpp.dir/rosidl_typesupport_introspection_cpp/tm_msgs/srv/detail/set_positions__type_support.cpp.o[0m
[6.105s] [ 57%] [32mBuilding CXX object CMakeFiles/tm_msgs__rosidl_typesupport_introspection_cpp.dir/rosidl_typesupport_introspection_cpp/tm_msgs/srv/detail/set_velocity__type_support.cpp.o[0m
[6.146s] [ 58%] [32mBuilding CXX object CMakeFiles/tm_msgs__rosidl_typesupport_introspection_cpp.dir/rosidl_typesupport_introspection_cpp/tm_msgs/srv/detail/ask_sta__type_support.cpp.o[0m
[6.222s] [ 59%] [32mBuilding C object CMakeFiles/tm_msgs__rosidl_typesupport_introspection_c.dir/rosidl_typesupport_introspection_c/tm_msgs/srv/detail/set_event__type_support.c.o[0m
[6.263s] [ 60%] [32mBuilding C object CMakeFiles/tm_msgs__rosidl_typesupport_introspection_c.dir/rosidl_typesupport_introspection_c/tm_msgs/srv/detail/set_io__type_support.c.o[0m
[6.336s] [ 61%] [32mBuilding C object CMakeFiles/tm_msgs__rosidl_typesupport_introspection_c.dir/rosidl_typesupport_introspection_c/tm_msgs/srv/detail/set_positions__type_support.c.o[0m
[6.346s] [ 62%] [32mBuilding C object CMakeFiles/tm_msgs__rosidl_typesupport_introspection_c.dir/rosidl_typesupport_introspection_c/tm_msgs/srv/detail/set_velocity__type_support.c.o[0m
[6.422s] [ 62%] [32mBuilding C object CMakeFiles/tm_msgs__rosidl_typesupport_introspection_c.dir/rosidl_typesupport_introspection_c/tm_msgs/srv/detail/ask_sta__type_support.c.o[0m
[6.438s] [ 62%] [32mBuilding CXX object CMakeFiles/tm_msgs__rosidl_typesupport_fastrtps_cpp.dir/rosidl_typesupport_fastrtps_cpp/tm_msgs/msg/detail/dds_fastrtps/sta_response__type_support.cpp.o[0m
[6.460s] [ 63%] [32mBuilding CXX object CMakeFiles/tm_msgs__rosidl_typesupport_fastrtps_cpp.dir/rosidl_typesupport_fastrtps_cpp/tm_msgs/srv/detail/dds_fastrtps/connect_tm__type_support.cpp.o[0m
[6.472s] [ 64%] [32mBuilding CXX object CMakeFiles/tm_msgs__rosidl_typesupport_fastrtps_cpp.dir/rosidl_typesupport_fastrtps_cpp/tm_msgs/srv/detail/dds_fastrtps/write_item__type_support.cpp.o[0m
[6.498s] [ 65%] [32mBuilding CXX object CMakeFiles/tm_msgs__rosidl_typesupport_fastrtps_cpp.dir/rosidl_typesupport_fastrtps_cpp/tm_msgs/srv/detail/dds_fastrtps/ask_item__type_support.cpp.o[0m
[6.505s] [ 66%] [32m[1mLinking C shared library libtm_msgs__rosidl_typesupport_introspection_c.so[0m
[6.524s] [ 67%] [32mBuilding CXX object CMakeFiles/tm_msgs__rosidl_typesupport_fastrtps_cpp.dir/rosidl_typesupport_fastrtps_cpp/tm_msgs/srv/detail/dds_fastrtps/send_script__type_support.cpp.o[0m
[6.609s] [ 67%] [32mBuilding CXX object CMakeFiles/tm_msgs__rosidl_typesupport_fastrtps_cpp.dir/rosidl_typesupport_fastrtps_cpp/tm_msgs/srv/detail/dds_fastrtps/set_event__type_support.cpp.o[0m
[6.629s] [ 67%] Built target tm_msgs__rosidl_typesupport_introspection_c
[6.640s] [ 68%] [32mBuilding CXX object CMakeFiles/tm_msgs__rosidl_typesupport_fastrtps_cpp.dir/rosidl_typesupport_fastrtps_cpp/tm_msgs/srv/detail/dds_fastrtps/set_io__type_support.cpp.o[0m
[6.653s] [ 69%] [32mBuilding CXX object CMakeFiles/tm_msgs__rosidl_typesupport_fastrtps_cpp.dir/rosidl_typesupport_fastrtps_cpp/tm_msgs/srv/detail/dds_fastrtps/set_velocity__type_support.cpp.o[0m
[6.679s] [ 70%] [32mBuilding CXX object CMakeFiles/tm_msgs__rosidl_typesupport_fastrtps_cpp.dir/rosidl_typesupport_fastrtps_cpp/tm_msgs/srv/detail/dds_fastrtps/set_positions__type_support.cpp.o[0m
[6.694s] [ 71%] [32m[1mLinking CXX shared library libtm_msgs__rosidl_typesupport_introspection_cpp.so[0m
[6.722s] [ 72%] [32mBuilding CXX object CMakeFiles/tm_msgs__rosidl_typesupport_fastrtps_cpp.dir/rosidl_typesupport_fastrtps_cpp/tm_msgs/srv/detail/dds_fastrtps/ask_sta__type_support.cpp.o[0m
[6.962s] [ 72%] Built target tm_msgs__rosidl_typesupport_introspection_cpp
[7.401s] [ 72%] [32m[1mLinking CXX shared library libtm_msgs__rosidl_typesupport_fastrtps_cpp.so[0m
[7.492s] [ 72%] Built target tm_msgs__rosidl_typesupport_fastrtps_cpp
[7.503s] [ 73%] [34m[1mGenerating C type support for eProsima Fast-RTPS[0m
[8.865s] [35m[1mScanning dependencies of target tm_msgs__rosidl_typesupport_fastrtps_c[0m
[8.904s] [ 76%] [32mBuilding CXX object CMakeFiles/tm_msgs__rosidl_typesupport_fastrtps_c.dir/rosidl_typesupport_fastrtps_c/tm_msgs/msg/detail/sta_response__type_support_c.cpp.o[0m
[8.904s] [ 76%] [32mBuilding CXX object CMakeFiles/tm_msgs__rosidl_typesupport_fastrtps_c.dir/rosidl_typesupport_fastrtps_c/tm_msgs/msg/detail/sct_response__type_support_c.cpp.o[0m
[8.904s] [ 76%] [32mBuilding CXX object CMakeFiles/tm_msgs__rosidl_typesupport_fastrtps_c.dir/rosidl_typesupport_fastrtps_c/tm_msgs/msg/detail/feedback_state__type_support_c.cpp.o[0m
[8.904s] [ 76%] [32mBuilding CXX object CMakeFiles/tm_msgs__rosidl_typesupport_fastrtps_c.dir/rosidl_typesupport_fastrtps_c/tm_msgs/msg/detail/svr_response__type_support_c.cpp.o[0m
[8.905s] [ 77%] [32mBuilding CXX object CMakeFiles/tm_msgs__rosidl_typesupport_fastrtps_c.dir/rosidl_typesupport_fastrtps_c/tm_msgs/srv/detail/connect_tm__type_support_c.cpp.o[0m
[8.905s] [ 77%] [32mBuilding CXX object CMakeFiles/tm_msgs__rosidl_typesupport_fastrtps_c.dir/rosidl_typesupport_fastrtps_c/tm_msgs/srv/detail/ask_item__type_support_c.cpp.o[0m
[8.905s] [ 78%] [32mBuilding CXX object CMakeFiles/tm_msgs__rosidl_typesupport_fastrtps_c.dir/rosidl_typesupport_fastrtps_c/tm_msgs/srv/detail/write_item__type_support_c.cpp.o[0m
[8.908s] [ 79%] [32mBuilding CXX object CMakeFiles/tm_msgs__rosidl_typesupport_fastrtps_c.dir/rosidl_typesupport_fastrtps_c/tm_msgs/srv/detail/set_positions__type_support_c.cpp.o[0m
[8.908s] [ 79%] [32mBuilding CXX object CMakeFiles/tm_msgs__rosidl_typesupport_fastrtps_c.dir/rosidl_typesupport_fastrtps_c/tm_msgs/srv/detail/set_velocity__type_support_c.cpp.o[0m
[8.916s] [ 82%] [32mBuilding CXX object CMakeFiles/tm_msgs__rosidl_typesupport_fastrtps_c.dir/rosidl_typesupport_fastrtps_c/tm_msgs/srv/detail/send_script__type_support_c.cpp.o[0m
[8.916s] [ 82%] [32mBuilding CXX object CMakeFiles/tm_msgs__rosidl_typesupport_fastrtps_c.dir/rosidl_typesupport_fastrtps_c/tm_msgs/srv/detail/set_event__type_support_c.cpp.o[0m
[8.917s] [ 82%] [32mBuilding CXX object CMakeFiles/tm_msgs__rosidl_typesupport_fastrtps_c.dir/rosidl_typesupport_fastrtps_c/tm_msgs/srv/detail/set_io__type_support_c.cpp.o[0m
[9.523s] [ 83%] [32mBuilding CXX object CMakeFiles/tm_msgs__rosidl_typesupport_fastrtps_c.dir/rosidl_typesupport_fastrtps_c/tm_msgs/srv/detail/ask_sta__type_support_c.cpp.o[0m
[9.942s] [ 84%] [32m[1mLinking CXX shared library libtm_msgs__rosidl_typesupport_fastrtps_c.so[0m
[10.050s] [ 84%] Built target tm_msgs__rosidl_typesupport_fastrtps_c
[10.061s] [35m[1mScanning dependencies of target tm_msgs[0m
[10.072s] [ 84%] Built target tm_msgs
[10.083s] [35m[1mScanning dependencies of target tm_msgs__py[0m
[10.094s] [ 85%] [34m[1mGenerating Python code for ROS interfaces[0m
[13.421s] [ 85%] Built target tm_msgs__py
[13.431s] [35m[1mScanning dependencies of target tm_msgs__python[0m
[13.475s] [ 86%] [32mBuilding C object CMakeFiles/tm_msgs__python.dir/rosidl_generator_py/tm_msgs/msg/_sct_response_s.c.o[0m
[13.475s] [ 87%] [32mBuilding C object CMakeFiles/tm_msgs__python.dir/rosidl_generator_py/tm_msgs/msg/_svr_response_s.c.o[0m
[13.475s] [ 89%] [32mBuilding C object CMakeFiles/tm_msgs__python.dir/rosidl_generator_py/tm_msgs/msg/_feedback_state_s.c.o[0m
[13.476s] [ 89%] [32mBuilding C object CMakeFiles/tm_msgs__python.dir/rosidl_generator_py/tm_msgs/srv/_connect_tm_s.c.o[0m
[13.476s] [ 89%] [32mBuilding C object CMakeFiles/tm_msgs__python.dir/rosidl_generator_py/tm_msgs/msg/_sta_response_s.c.o[0m
[13.476s] [ 90%] [32mBuilding C object CMakeFiles/tm_msgs__python.dir/rosidl_generator_py/tm_msgs/srv/_write_item_s.c.o[0m
[13.476s] [ 91%] [32mBuilding C object CMakeFiles/tm_msgs__python.dir/rosidl_generator_py/tm_msgs/srv/_ask_item_s.c.o[0m
[13.476s] [ 89%] [32mBuilding C object CMakeFiles/tm_msgs__python.dir/rosidl_generator_py/tm_msgs/srv/_send_script_s.c.o[0m
[13.476s] [ 92%] [32mBuilding C object CMakeFiles/tm_msgs__python.dir/rosidl_generator_py/tm_msgs/srv/_set_event_s.c.o[0m
[13.477s] [ 93%] [32mBuilding C object CMakeFiles/tm_msgs__python.dir/rosidl_generator_py/tm_msgs/srv/_set_io_s.c.o[0m
[13.482s] [ 94%] [32mBuilding C object CMakeFiles/tm_msgs__python.dir/rosidl_generator_py/tm_msgs/srv/_set_velocity_s.c.o[0m
[13.503s] [ 95%] [32mBuilding C object CMakeFiles/tm_msgs__python.dir/rosidl_generator_py/tm_msgs/srv/_set_positions_s.c.o[0m
[13.651s] [ 95%] [32mBuilding C object CMakeFiles/tm_msgs__python.dir/rosidl_generator_py/tm_msgs/srv/_ask_sta_s.c.o[0m
[13.779s] [ 96%] [32m[1mLinking C shared library rosidl_generator_py/tm_msgs/libtm_msgs__python.so[0m
[13.829s] [ 96%] Built target tm_msgs__python
[13.841s] [35m[1mScanning dependencies of target tm_msgs__rosidl_typesupport_c__pyext[0m
[13.841s] [35m[1mScanning dependencies of target tm_msgs__rosidl_typesupport_introspection_c__pyext[0m
[13.841s] [35m[1mScanning dependencies of target tm_msgs__rosidl_typesupport_fastrtps_c__pyext[0m
[13.864s] [ 98%] [32mBuilding C object CMakeFiles/tm_msgs__rosidl_typesupport_c__pyext.dir/rosidl_generator_py/tm_msgs/_tm_msgs_s.ep.rosidl_typesupport_c.c.o[0m
[13.864s] [ 98%] [32mBuilding C object CMakeFiles/tm_msgs__rosidl_typesupport_introspection_c__pyext.dir/rosidl_generator_py/tm_msgs/_tm_msgs_s.ep.rosidl_typesupport_introspection_c.c.o[0m
[13.866s] [ 99%] [32mBuilding C object CMakeFiles/tm_msgs__rosidl_typesupport_fastrtps_c__pyext.dir/rosidl_generator_py/tm_msgs/_tm_msgs_s.ep.rosidl_typesupport_fastrtps_c.c.o[0m
[14.018s] [ 99%] [32m[1mLinking C shared library rosidl_generator_py/tm_msgs/tm_msgs_s__rosidl_typesupport_c.cpython-38-x86_64-linux-gnu.so[0m
[14.019s] [100%] [32m[1mLinking C shared library rosidl_generator_py/tm_msgs/tm_msgs_s__rosidl_typesupport_introspection_c.cpython-38-x86_64-linux-gnu.so[0m
[14.022s] [100%] [32m[1mLinking CXX shared library rosidl_generator_py/tm_msgs/tm_msgs_s__rosidl_typesupport_fastrtps_c.cpython-38-x86_64-linux-gnu.so[0m
[14.062s] [100%] Built target tm_msgs__rosidl_typesupport_c__pyext
[14.062s] [100%] Built target tm_msgs__rosidl_typesupport_introspection_c__pyext
[14.097s] [100%] Built target tm_msgs__rosidl_typesupport_fastrtps_c__pyext
[14.111s] Invoked command in '/home/isci/ros2_ws/build/tm_msgs' returned '0': CMAKE_PREFIX_PATH=/opt/ros/foxy /usr/bin/cmake --build /home/isci/ros2_ws/build/tm_msgs -- -j12 -l12
[14.319s] Invoking command in '/home/isci/ros2_ws/build/tm_msgs': CMAKE_PREFIX_PATH=/opt/ros/foxy /usr/bin/cmake --install /home/isci/ros2_ws/build/tm_msgs
[14.327s] -- Install configuration: ""
[14.327s] -- Installing: /home/isci/ros2_ws/install/tm_msgs/share/ament_index/resource_index/rosidl_interfaces/tm_msgs
[14.327s] -- Installing: /home/isci/ros2_ws/install/tm_msgs/include/tm_msgs
[14.328s] -- Installing: /home/isci/ros2_ws/install/tm_msgs/include/tm_msgs/msg
[14.328s] -- Installing: /home/isci/ros2_ws/install/tm_msgs/include/tm_msgs/msg/feedback_state.h
[14.328s] -- Installing: /home/isci/ros2_ws/install/tm_msgs/include/tm_msgs/msg/detail
[14.328s] -- Installing: /home/isci/ros2_ws/install/tm_msgs/include/tm_msgs/msg/detail/feedback_state__functions.c
[14.328s] -- Installing: /home/isci/ros2_ws/install/tm_msgs/include/tm_msgs/msg/detail/sta_response__struct.h
[14.328s] -- Installing: /home/isci/ros2_ws/install/tm_msgs/include/tm_msgs/msg/detail/feedback_state__functions.h
[14.328s] -- Installing: /home/isci/ros2_ws/install/tm_msgs/include/tm_msgs/msg/detail/feedback_state__struct.h
[14.328s] -- Installing: /home/isci/ros2_ws/install/tm_msgs/include/tm_msgs/msg/detail/sct_response__functions.h
[14.328s] -- Installing: /home/isci/ros2_ws/install/tm_msgs/include/tm_msgs/msg/detail/svr_response__functions.h
[14.328s] -- Installing: /home/isci/ros2_ws/install/tm_msgs/include/tm_msgs/msg/detail/svr_response__struct.h
[14.329s] -- Installing: /home/isci/ros2_ws/install/tm_msgs/include/tm_msgs/msg/detail/sta_response__functions.h
[14.329s] -- Installing: /home/isci/ros2_ws/install/tm_msgs/include/tm_msgs/msg/detail/svr_response__type_support.h
[14.329s] -- Installing: /home/isci/ros2_ws/install/tm_msgs/include/tm_msgs/msg/detail/sct_response__functions.c
[14.329s] -- Installing: /home/isci/ros2_ws/install/tm_msgs/include/tm_msgs/msg/detail/sta_response__type_support.h
[14.329s] -- Installing: /home/isci/ros2_ws/install/tm_msgs/include/tm_msgs/msg/detail/svr_response__functions.c
[14.329s] -- Installing: /home/isci/ros2_ws/install/tm_msgs/include/tm_msgs/msg/detail/sct_response__struct.h
[14.329s] -- Installing: /home/isci/ros2_ws/install/tm_msgs/include/tm_msgs/msg/detail/sct_response__type_support.h
[14.329s] -- Installing: /home/isci/ros2_ws/install/tm_msgs/include/tm_msgs/msg/detail/sta_response__functions.c
[14.329s] -- Installing: /home/isci/ros2_ws/install/tm_msgs/include/tm_msgs/msg/detail/feedback_state__type_support.h
[14.329s] -- Installing: /home/isci/ros2_ws/install/tm_msgs/include/tm_msgs/msg/svr_response.h
[14.330s] -- Installing: /home/isci/ros2_ws/install/tm_msgs/include/tm_msgs/msg/sct_response.h
[14.330s] -- Installing: /home/isci/ros2_ws/install/tm_msgs/include/tm_msgs/msg/rosidl_generator_c__visibility_control.h
[14.330s] -- Installing: /home/isci/ros2_ws/install/tm_msgs/include/tm_msgs/msg/sta_response.h
[14.330s] -- Installing: /home/isci/ros2_ws/install/tm_msgs/include/tm_msgs/srv
[14.330s] -- Installing: /home/isci/ros2_ws/install/tm_msgs/include/tm_msgs/srv/detail
[14.330s] -- Installing: /home/isci/ros2_ws/install/tm_msgs/include/tm_msgs/srv/detail/set_io__functions.h
[14.330s] -- Installing: /home/isci/ros2_ws/install/tm_msgs/include/tm_msgs/srv/detail/ask_item__struct.h
[14.330s] -- Installing: /home/isci/ros2_ws/install/tm_msgs/include/tm_msgs/srv/detail/ask_item__functions.c
[14.330s] -- Installing: /home/isci/ros2_ws/install/tm_msgs/include/tm_msgs/srv/detail/set_io__struct.h
[14.331s] -- Installing: /home/isci/ros2_ws/install/tm_msgs/include/tm_msgs/srv/detail/write_item__functions.c
[14.331s] -- Installing: /home/isci/ros2_ws/install/tm_msgs/include/tm_msgs/srv/detail/set_positions__type_support.h
[14.331s] -- Installing: /home/isci/ros2_ws/install/tm_msgs/include/tm_msgs/srv/detail/connect_tm__functions.h
[14.331s] -- Installing: /home/isci/ros2_ws/install/tm_msgs/include/tm_msgs/srv/detail/send_script__functions.c
[14.331s] -- Installing: /home/isci/ros2_ws/install/tm_msgs/include/tm_msgs/srv/detail/set_positions__functions.c
[14.331s] -- Installing: /home/isci/ros2_ws/install/tm_msgs/include/tm_msgs/srv/detail/set_event__type_support.h
[14.331s] -- Installing: /home/isci/ros2_ws/install/tm_msgs/include/tm_msgs/srv/detail/ask_item__type_support.h
[14.331s] -- Installing: /home/isci/ros2_ws/install/tm_msgs/include/tm_msgs/srv/detail/set_velocity__struct.h
[14.331s] -- Installing: /home/isci/ros2_ws/install/tm_msgs/include/tm_msgs/srv/detail/set_event__functions.c
[14.332s] -- Installing: /home/isci/ros2_ws/install/tm_msgs/include/tm_msgs/srv/detail/send_script__functions.h
[14.332s] -- Installing: /home/isci/ros2_ws/install/tm_msgs/include/tm_msgs/srv/detail/write_item__type_support.h
[14.332s] -- Installing: /home/isci/ros2_ws/install/tm_msgs/include/tm_msgs/srv/detail/set_velocity__functions.c
[14.332s] -- Installing: /home/isci/ros2_ws/install/tm_msgs/include/tm_msgs/srv/detail/connect_tm__struct.h
[14.332s] -- Installing: /home/isci/ros2_ws/install/tm_msgs/include/tm_msgs/srv/detail/ask_sta__type_support.h
[14.332s] -- Installing: /home/isci/ros2_ws/install/tm_msgs/include/tm_msgs/srv/detail/set_positions__functions.h
[14.332s] -- Installing: /home/isci/ros2_ws/install/tm_msgs/include/tm_msgs/srv/detail/set_io__type_support.h
[14.332s] -- Installing: /home/isci/ros2_ws/install/tm_msgs/include/tm_msgs/srv/detail/ask_item__functions.h
[14.332s] -- Installing: /home/isci/ros2_ws/install/tm_msgs/include/tm_msgs/srv/detail/send_script__struct.h
[14.333s] -- Installing: /home/isci/ros2_ws/install/tm_msgs/include/tm_msgs/srv/detail/ask_sta__functions.c
[14.333s] -- Installing: /home/isci/ros2_ws/install/tm_msgs/include/tm_msgs/srv/detail/write_item__functions.h
[14.333s] -- Installing: /home/isci/ros2_ws/install/tm_msgs/include/tm_msgs/srv/detail/connect_tm__functions.c
[14.333s] -- Installing: /home/isci/ros2_ws/install/tm_msgs/include/tm_msgs/srv/detail/connect_tm__type_support.h
[14.333s] -- Installing: /home/isci/ros2_ws/install/tm_msgs/include/tm_msgs/srv/detail/write_item__struct.h
[14.333s] -- Installing: /home/isci/ros2_ws/install/tm_msgs/include/tm_msgs/srv/detail/set_io__functions.c
[14.333s] -- Installing: /home/isci/ros2_ws/install/tm_msgs/include/tm_msgs/srv/detail/set_velocity__type_support.h
[14.333s] -- Installing: /home/isci/ros2_ws/install/tm_msgs/include/tm_msgs/srv/detail/set_event__struct.h
[14.333s] -- Installing: /home/isci/ros2_ws/install/tm_msgs/include/tm_msgs/srv/detail/set_event__functions.h
[14.333s] -- Installing: /home/isci/ros2_ws/install/tm_msgs/include/tm_msgs/srv/detail/set_positions__struct.h
[14.334s] -- Installing: /home/isci/ros2_ws/install/tm_msgs/include/tm_msgs/srv/detail/ask_sta__struct.h
[14.334s] -- Installing: /home/isci/ros2_ws/install/tm_msgs/include/tm_msgs/srv/detail/ask_sta__functions.h
[14.334s] -- Installing: /home/isci/ros2_ws/install/tm_msgs/include/tm_msgs/srv/detail/send_script__type_support.h
[14.334s] -- Installing: /home/isci/ros2_ws/install/tm_msgs/include/tm_msgs/srv/detail/set_velocity__functions.h
[14.334s] -- Installing: /home/isci/ros2_ws/install/tm_msgs/include/tm_msgs/srv/ask_sta.h
[14.334s] -- Installing: /home/isci/ros2_ws/install/tm_msgs/include/tm_msgs/srv/set_event.h
[14.334s] -- Installing: /home/isci/ros2_ws/install/tm_msgs/include/tm_msgs/srv/set_io.h
[14.334s] -- Installing: /home/isci/ros2_ws/install/tm_msgs/include/tm_msgs/srv/write_item.h
[14.334s] -- Installing: /home/isci/ros2_ws/install/tm_msgs/include/tm_msgs/srv/ask_item.h
[14.334s] -- Installing: /home/isci/ros2_ws/install/tm_msgs/include/tm_msgs/srv/set_positions.h
[14.334s] -- Installing: /home/isci/ros2_ws/install/tm_msgs/include/tm_msgs/srv/connect_tm.h
[14.335s] -- Installing: /home/isci/ros2_ws/install/tm_msgs/include/tm_msgs/srv/send_script.h
[14.335s] -- Installing: /home/isci/ros2_ws/install/tm_msgs/include/tm_msgs/srv/set_velocity.h
[14.335s] -- Installing: /home/isci/ros2_ws/install/tm_msgs/share/tm_msgs/environment/library_path.sh
[14.335s] -- Installing: /home/isci/ros2_ws/install/tm_msgs/share/tm_msgs/environment/library_path.dsv
[14.335s] -- Installing: /home/isci/ros2_ws/install/tm_msgs/lib/libtm_msgs__rosidl_generator_c.so
[14.335s] -- Set runtime path of "/home/isci/ros2_ws/install/tm_msgs/lib/libtm_msgs__rosidl_generator_c.so" to ""
[14.335s] -- Up-to-date: /home/isci/ros2_ws/install/tm_msgs/include/tm_msgs
[14.335s] -- Up-to-date: /home/isci/ros2_ws/install/tm_msgs/include/tm_msgs/msg
[14.335s] -- Up-to-date: /home/isci/ros2_ws/install/tm_msgs/include/tm_msgs/msg/detail
[14.335s] -- Installing: /home/isci/ros2_ws/install/tm_msgs/include/tm_msgs/msg/detail/sct_response__rosidl_typesupport_fastrtps_c.h
[14.335s] -- Installing: /home/isci/ros2_ws/install/tm_msgs/include/tm_msgs/msg/detail/feedback_state__rosidl_typesupport_fastrtps_c.h
[14.336s] -- Installing: /home/isci/ros2_ws/install/tm_msgs/include/tm_msgs/msg/detail/svr_response__rosidl_typesupport_fastrtps_c.h
[14.336s] -- Installing: /home/isci/ros2_ws/install/tm_msgs/include/tm_msgs/msg/detail/sta_response__rosidl_typesupport_fastrtps_c.h
[14.336s] -- Installing: /home/isci/ros2_ws/install/tm_msgs/include/tm_msgs/msg/rosidl_typesupport_fastrtps_c__visibility_control.h
[14.336s] -- Up-to-date: /home/isci/ros2_ws/install/tm_msgs/include/tm_msgs/srv
[14.336s] -- Up-to-date: /home/isci/ros2_ws/install/tm_msgs/include/tm_msgs/srv/detail
[14.336s] -- Installing: /home/isci/ros2_ws/install/tm_msgs/include/tm_msgs/srv/detail/ask_sta__rosidl_typesupport_fastrtps_c.h
[14.336s] -- Installing: /home/isci/ros2_ws/install/tm_msgs/include/tm_msgs/srv/detail/send_script__rosidl_typesupport_fastrtps_c.h
[14.336s] -- Installing: /home/isci/ros2_ws/install/tm_msgs/include/tm_msgs/srv/detail/set_positions__rosidl_typesupport_fastrtps_c.h
[14.336s] -- Installing: /home/isci/ros2_ws/install/tm_msgs/include/tm_msgs/srv/detail/set_event__rosidl_typesupport_fastrtps_c.h
[14.336s] -- Installing: /home/isci/ros2_ws/install/tm_msgs/include/tm_msgs/srv/detail/set_io__rosidl_typesupport_fastrtps_c.h
[14.336s] -- Installing: /home/isci/ros2_ws/install/tm_msgs/include/tm_msgs/srv/detail/ask_item__rosidl_typesupport_fastrtps_c.h
[14.337s] -- Installing: /home/isci/ros2_ws/install/tm_msgs/include/tm_msgs/srv/detail/connect_tm__rosidl_typesupport_fastrtps_c.h
[14.337s] -- Installing: /home/isci/ros2_ws/install/tm_msgs/include/tm_msgs/srv/detail/set_velocity__rosidl_typesupport_fastrtps_c.h
[14.337s] -- Installing: /home/isci/ros2_ws/install/tm_msgs/include/tm_msgs/srv/detail/write_item__rosidl_typesupport_fastrtps_c.h
[14.337s] -- Installing: /home/isci/ros2_ws/install/tm_msgs/lib/libtm_msgs__rosidl_typesupport_fastrtps_c.so
[14.337s] -- Set runtime path of "/home/isci/ros2_ws/install/tm_msgs/lib/libtm_msgs__rosidl_typesupport_fastrtps_c.so" to ""
[14.337s] -- Up-to-date: /home/isci/ros2_ws/install/tm_msgs/include/tm_msgs
[14.337s] -- Up-to-date: /home/isci/ros2_ws/install/tm_msgs/include/tm_msgs/msg
[14.337s] -- Up-to-date: /home/isci/ros2_ws/install/tm_msgs/include/tm_msgs/msg/detail
[14.337s] -- Installing: /home/isci/ros2_ws/install/tm_msgs/include/tm_msgs/msg/detail/feedback_state__rosidl_typesupport_fastrtps_cpp.hpp
[14.337s] -- Installing: /home/isci/ros2_ws/install/tm_msgs/include/tm_msgs/msg/detail/svr_response__rosidl_typesupport_fastrtps_cpp.hpp
[14.337s] -- Installing: /home/isci/ros2_ws/install/tm_msgs/include/tm_msgs/msg/detail/sta_response__rosidl_typesupport_fastrtps_cpp.hpp
[14.338s] -- Installing: /home/isci/ros2_ws/install/tm_msgs/include/tm_msgs/msg/detail/dds_fastrtps
[14.338s] -- Installing: /home/isci/ros2_ws/install/tm_msgs/include/tm_msgs/msg/detail/sct_response__rosidl_typesupport_fastrtps_cpp.hpp
[14.338s] -- Installing: /home/isci/ros2_ws/install/tm_msgs/include/tm_msgs/msg/rosidl_typesupport_fastrtps_cpp__visibility_control.h
[14.338s] -- Up-to-date: /home/isci/ros2_ws/install/tm_msgs/include/tm_msgs/srv
[14.338s] -- Up-to-date: /home/isci/ros2_ws/install/tm_msgs/include/tm_msgs/srv/detail
[14.338s] -- Installing: /home/isci/ros2_ws/install/tm_msgs/include/tm_msgs/srv/detail/set_io__rosidl_typesupport_fastrtps_cpp.hpp
[14.338s] -- Installing: /home/isci/ros2_ws/install/tm_msgs/include/tm_msgs/srv/detail/connect_tm__rosidl_typesupport_fastrtps_cpp.hpp
[14.338s] -- Installing: /home/isci/ros2_ws/install/tm_msgs/include/tm_msgs/srv/detail/set_event__rosidl_typesupport_fastrtps_cpp.hpp
[14.338s] -- Installing: /home/isci/ros2_ws/install/tm_msgs/include/tm_msgs/srv/detail/ask_sta__rosidl_typesupport_fastrtps_cpp.hpp
[14.338s] -- Installing: /home/isci/ros2_ws/install/tm_msgs/include/tm_msgs/srv/detail/set_positions__rosidl_typesupport_fastrtps_cpp.hpp
[14.339s] -- Installing: /home/isci/ros2_ws/install/tm_msgs/include/tm_msgs/srv/detail/send_script__rosidl_typesupport_fastrtps_cpp.hpp
[14.339s] -- Installing: /home/isci/ros2_ws/install/tm_msgs/include/tm_msgs/srv/detail/write_item__rosidl_typesupport_fastrtps_cpp.hpp
[14.339s] -- Installing: /home/isci/ros2_ws/install/tm_msgs/include/tm_msgs/srv/detail/dds_fastrtps
[14.339s] -- Installing: /home/isci/ros2_ws/install/tm_msgs/include/tm_msgs/srv/detail/ask_item__rosidl_typesupport_fastrtps_cpp.hpp
[14.339s] -- Installing: /home/isci/ros2_ws/install/tm_msgs/include/tm_msgs/srv/detail/set_velocity__rosidl_typesupport_fastrtps_cpp.hpp
[14.339s] -- Installing: /home/isci/ros2_ws/install/tm_msgs/lib/libtm_msgs__rosidl_typesupport_fastrtps_cpp.so
[14.339s] -- Set runtime path of "/home/isci/ros2_ws/install/tm_msgs/lib/libtm_msgs__rosidl_typesupport_fastrtps_cpp.so" to ""
[14.339s] -- Up-to-date: /home/isci/ros2_ws/install/tm_msgs/include/tm_msgs
[14.339s] -- Up-to-date: /home/isci/ros2_ws/install/tm_msgs/include/tm_msgs/msg
[14.339s] -- Up-to-date: /home/isci/ros2_ws/install/tm_msgs/include/tm_msgs/msg/detail
[14.339s] -- Installing: /home/isci/ros2_ws/install/tm_msgs/include/tm_msgs/msg/detail/sta_response__type_support.c
[14.340s] -- Installing: /home/isci/ros2_ws/install/tm_msgs/include/tm_msgs/msg/detail/sta_response__rosidl_typesupport_introspection_c.h
[14.340s] -- Installing: /home/isci/ros2_ws/install/tm_msgs/include/tm_msgs/msg/detail/svr_response__type_support.c
[14.340s] -- Installing: /home/isci/ros2_ws/install/tm_msgs/include/tm_msgs/msg/detail/feedback_state__type_support.c
[14.340s] -- Installing: /home/isci/ros2_ws/install/tm_msgs/include/tm_msgs/msg/detail/feedback_state__rosidl_typesupport_introspection_c.h
[14.340s] -- Installing: /home/isci/ros2_ws/install/tm_msgs/include/tm_msgs/msg/detail/sct_response__rosidl_typesupport_introspection_c.h
[14.340s] -- Installing: /home/isci/ros2_ws/install/tm_msgs/include/tm_msgs/msg/detail/svr_response__rosidl_typesupport_introspection_c.h
[14.340s] -- Installing: /home/isci/ros2_ws/install/tm_msgs/include/tm_msgs/msg/detail/sct_response__type_support.c
[14.340s] -- Installing: /home/isci/ros2_ws/install/tm_msgs/include/tm_msgs/msg/rosidl_typesupport_introspection_c__visibility_control.h
[14.340s] -- Up-to-date: /home/isci/ros2_ws/install/tm_msgs/include/tm_msgs/srv
[14.340s] -- Up-to-date: /home/isci/ros2_ws/install/tm_msgs/include/tm_msgs/srv/detail
[14.340s] -- Installing: /home/isci/ros2_ws/install/tm_msgs/include/tm_msgs/srv/detail/set_io__rosidl_typesupport_introspection_c.h
[14.341s] -- Installing: /home/isci/ros2_ws/install/tm_msgs/include/tm_msgs/srv/detail/set_positions__type_support.c
[14.341s] -- Installing: /home/isci/ros2_ws/install/tm_msgs/include/tm_msgs/srv/detail/set_velocity__type_support.c
[14.341s] -- Installing: /home/isci/ros2_ws/install/tm_msgs/include/tm_msgs/srv/detail/write_item__type_support.c
[14.341s] -- Installing: /home/isci/ros2_ws/install/tm_msgs/include/tm_msgs/srv/detail/connect_tm__type_support.c
[14.341s] -- Installing: /home/isci/ros2_ws/install/tm_msgs/include/tm_msgs/srv/detail/send_script__type_support.c
[14.341s] -- Installing: /home/isci/ros2_ws/install/tm_msgs/include/tm_msgs/srv/detail/write_item__rosidl_typesupport_introspection_c.h
[14.341s] -- Installing: /home/isci/ros2_ws/install/tm_msgs/include/tm_msgs/srv/detail/set_velocity__rosidl_typesupport_introspection_c.h
[14.341s] -- Installing: /home/isci/ros2_ws/install/tm_msgs/include/tm_msgs/srv/detail/set_positions__rosidl_typesupport_introspection_c.h
[14.341s] -- Installing: /home/isci/ros2_ws/install/tm_msgs/include/tm_msgs/srv/detail/ask_sta__type_support.c
[14.341s] -- Installing: /home/isci/ros2_ws/install/tm_msgs/include/tm_msgs/srv/detail/set_event__type_support.c
[14.342s] -- Installing: /home/isci/ros2_ws/install/tm_msgs/include/tm_msgs/srv/detail/send_script__rosidl_typesupport_introspection_c.h
[14.342s] -- Installing: /home/isci/ros2_ws/install/tm_msgs/include/tm_msgs/srv/detail/set_io__type_support.c
[14.342s] -- Installing: /home/isci/ros2_ws/install/tm_msgs/include/tm_msgs/srv/detail/set_event__rosidl_typesupport_introspection_c.h
[14.342s] -- Installing: /home/isci/ros2_ws/install/tm_msgs/include/tm_msgs/srv/detail/ask_item__rosidl_typesupport_introspection_c.h
[14.342s] -- Installing: /home/isci/ros2_ws/install/tm_msgs/include/tm_msgs/srv/detail/ask_sta__rosidl_typesupport_introspection_c.h
[14.342s] -- Installing: /home/isci/ros2_ws/install/tm_msgs/include/tm_msgs/srv/detail/ask_item__type_support.c
[14.342s] -- Installing: /home/isci/ros2_ws/install/tm_msgs/include/tm_msgs/srv/detail/connect_tm__rosidl_typesupport_introspection_c.h
[14.342s] -- Installing: /home/isci/ros2_ws/install/tm_msgs/lib/libtm_msgs__rosidl_typesupport_introspection_c.so
[14.342s] -- Set runtime path of "/home/isci/ros2_ws/install/tm_msgs/lib/libtm_msgs__rosidl_typesupport_introspection_c.so" to ""
[14.342s] -- Installing: /home/isci/ros2_ws/install/tm_msgs/lib/libtm_msgs__rosidl_typesupport_c.so
[14.342s] -- Set runtime path of "/home/isci/ros2_ws/install/tm_msgs/lib/libtm_msgs__rosidl_typesupport_c.so" to ""
[14.343s] -- Up-to-date: /home/isci/ros2_ws/install/tm_msgs/include/tm_msgs
[14.343s] -- Up-to-date: /home/isci/ros2_ws/install/tm_msgs/include/tm_msgs/msg
[14.343s] -- Installing: /home/isci/ros2_ws/install/tm_msgs/include/tm_msgs/msg/svr_response.hpp
[14.343s] -- Installing: /home/isci/ros2_ws/install/tm_msgs/include/tm_msgs/msg/feedback_state.hpp
[14.343s] -- Up-to-date: /home/isci/ros2_ws/install/tm_msgs/include/tm_msgs/msg/detail
[14.343s] -- Installing: /home/isci/ros2_ws/install/tm_msgs/include/tm_msgs/msg/detail/svr_response__builder.hpp
[14.343s] -- Installing: /home/isci/ros2_ws/install/tm_msgs/include/tm_msgs/msg/detail/sct_response__traits.hpp
[14.343s] -- Installing: /home/isci/ros2_ws/install/tm_msgs/include/tm_msgs/msg/detail/svr_response__struct.hpp
[14.343s] -- Installing: /home/isci/ros2_ws/install/tm_msgs/include/tm_msgs/msg/detail/sta_response__type_support.hpp
[14.343s] -- Installing: /home/isci/ros2_ws/install/tm_msgs/include/tm_msgs/msg/detail/sta_response__struct.hpp
[14.344s] -- Installing: /home/isci/ros2_ws/install/tm_msgs/include/tm_msgs/msg/detail/svr_response__type_support.hpp
[14.344s] -- Installing: /home/isci/ros2_ws/install/tm_msgs/include/tm_msgs/msg/detail/svr_response__traits.hpp
[14.344s] -- Installing: /home/isci/ros2_ws/install/tm_msgs/include/tm_msgs/msg/detail/sct_response__struct.hpp
[14.344s] -- Installing: /home/isci/ros2_ws/install/tm_msgs/include/tm_msgs/msg/detail/sct_response__builder.hpp
[14.344s] -- Installing: /home/isci/ros2_ws/install/tm_msgs/include/tm_msgs/msg/detail/feedback_state__builder.hpp
[14.344s] -- Installing: /home/isci/ros2_ws/install/tm_msgs/include/tm_msgs/msg/detail/feedback_state__struct.hpp
[14.344s] -- Installing: /home/isci/ros2_ws/install/tm_msgs/include/tm_msgs/msg/detail/sct_response__type_support.hpp
[14.344s] -- Installing: /home/isci/ros2_ws/install/tm_msgs/include/tm_msgs/msg/detail/feedback_state__traits.hpp
[14.344s] -- Installing: /home/isci/ros2_ws/install/tm_msgs/include/tm_msgs/msg/detail/feedback_state__type_support.hpp
[14.344s] -- Installing: /home/isci/ros2_ws/install/tm_msgs/include/tm_msgs/msg/detail/sta_response__traits.hpp
[14.345s] -- Installing: /home/isci/ros2_ws/install/tm_msgs/include/tm_msgs/msg/detail/sta_response__builder.hpp
[14.345s] -- Installing: /home/isci/ros2_ws/install/tm_msgs/include/tm_msgs/msg/sct_response.hpp
[14.345s] -- Installing: /home/isci/ros2_ws/install/tm_msgs/include/tm_msgs/msg/rosidl_generator_cpp__visibility_control.hpp
[14.345s] -- Installing: /home/isci/ros2_ws/install/tm_msgs/include/tm_msgs/msg/sta_response.hpp
[14.345s] -- Up-to-date: /home/isci/ros2_ws/install/tm_msgs/include/tm_msgs/srv
[14.345s] -- Up-to-date: /home/isci/ros2_ws/install/tm_msgs/include/tm_msgs/srv/detail
[14.345s] -- Installing: /home/isci/ros2_ws/install/tm_msgs/include/tm_msgs/srv/detail/write_item__builder.hpp
[14.345s] -- Installing: /home/isci/ros2_ws/install/tm_msgs/include/tm_msgs/srv/detail/connect_tm__type_support.hpp
[14.345s] -- Installing: /home/isci/ros2_ws/install/tm_msgs/include/tm_msgs/srv/detail/set_io__type_support.hpp
[14.345s] -- Installing: /home/isci/ros2_ws/install/tm_msgs/include/tm_msgs/srv/detail/connect_tm__traits.hpp
[14.346s] -- Installing: /home/isci/ros2_ws/install/tm_msgs/include/tm_msgs/srv/detail/set_io__struct.hpp
[14.346s] -- Installing: /home/isci/ros2_ws/install/tm_msgs/include/tm_msgs/srv/detail/ask_sta__builder.hpp
[14.346s] -- Installing: /home/isci/ros2_ws/install/tm_msgs/include/tm_msgs/srv/detail/connect_tm__builder.hpp
[14.346s] -- Installing: /home/isci/ros2_ws/install/tm_msgs/include/tm_msgs/srv/detail/set_event__type_support.hpp
[14.346s] -- Installing: /home/isci/ros2_ws/install/tm_msgs/include/tm_msgs/srv/detail/set_event__traits.hpp
[14.346s] -- Installing: /home/isci/ros2_ws/install/tm_msgs/include/tm_msgs/srv/detail/ask_item__struct.hpp
[14.346s] -- Installing: /home/isci/ros2_ws/install/tm_msgs/include/tm_msgs/srv/detail/ask_sta__struct.hpp
[14.346s] -- Installing: /home/isci/ros2_ws/install/tm_msgs/include/tm_msgs/srv/detail/send_script__struct.hpp
[14.346s] -- Installing: /home/isci/ros2_ws/install/tm_msgs/include/tm_msgs/srv/detail/write_item__struct.hpp
[14.346s] -- Installing: /home/isci/ros2_ws/install/tm_msgs/include/tm_msgs/srv/detail/set_io__builder.hpp
[14.347s] -- Installing: /home/isci/ros2_ws/install/tm_msgs/include/tm_msgs/srv/detail/set_positions__builder.hpp
[14.347s] -- Installing: /home/isci/ros2_ws/install/tm_msgs/include/tm_msgs/srv/detail/write_item__traits.hpp
[14.347s] -- Installing: /home/isci/ros2_ws/install/tm_msgs/include/tm_msgs/srv/detail/set_velocity__type_support.hpp
[14.347s] -- Installing: /home/isci/ros2_ws/install/tm_msgs/include/tm_msgs/srv/detail/ask_sta__type_support.hpp
[14.347s] -- Installing: /home/isci/ros2_ws/install/tm_msgs/include/tm_msgs/srv/detail/set_event__struct.hpp
[14.347s] -- Installing: /home/isci/ros2_ws/install/tm_msgs/include/tm_msgs/srv/detail/set_velocity__traits.hpp
[14.347s] -- Installing: /home/isci/ros2_ws/install/tm_msgs/include/tm_msgs/srv/detail/ask_item__builder.hpp
[14.347s] -- Installing: /home/isci/ros2_ws/install/tm_msgs/include/tm_msgs/srv/detail/set_velocity__builder.hpp
[14.347s] -- Installing: /home/isci/ros2_ws/install/tm_msgs/include/tm_msgs/srv/detail/write_item__type_support.hpp
[14.347s] -- Installing: /home/isci/ros2_ws/install/tm_msgs/include/tm_msgs/srv/detail/connect_tm__struct.hpp
[14.348s] -- Installing: /home/isci/ros2_ws/install/tm_msgs/include/tm_msgs/srv/detail/set_positions__struct.hpp
[14.348s] -- Installing: /home/isci/ros2_ws/install/tm_msgs/include/tm_msgs/srv/detail/set_positions__type_support.hpp
[14.348s] -- Installing: /home/isci/ros2_ws/install/tm_msgs/include/tm_msgs/srv/detail/set_event__builder.hpp
[14.348s] -- Installing: /home/isci/ros2_ws/install/tm_msgs/include/tm_msgs/srv/detail/send_script__type_support.hpp
[14.348s] -- Installing: /home/isci/ros2_ws/install/tm_msgs/include/tm_msgs/srv/detail/set_positions__traits.hpp
[14.348s] -- Installing: /home/isci/ros2_ws/install/tm_msgs/include/tm_msgs/srv/detail/send_script__builder.hpp
[14.348s] -- Installing: /home/isci/ros2_ws/install/tm_msgs/include/tm_msgs/srv/detail/ask_item__traits.hpp
[14.348s] -- Installing: /home/isci/ros2_ws/install/tm_msgs/include/tm_msgs/srv/detail/ask_sta__traits.hpp
[14.348s] -- Installing: /home/isci/ros2_ws/install/tm_msgs/include/tm_msgs/srv/detail/send_script__traits.hpp
[14.348s] -- Installing: /home/isci/ros2_ws/install/tm_msgs/include/tm_msgs/srv/detail/ask_item__type_support.hpp
[14.349s] -- Installing: /home/isci/ros2_ws/install/tm_msgs/include/tm_msgs/srv/detail/set_velocity__struct.hpp
[14.349s] -- Installing: /home/isci/ros2_ws/install/tm_msgs/include/tm_msgs/srv/detail/set_io__traits.hpp
[14.349s] -- Installing: /home/isci/ros2_ws/install/tm_msgs/include/tm_msgs/srv/set_io.hpp
[14.349s] -- Installing: /home/isci/ros2_ws/install/tm_msgs/include/tm_msgs/srv/set_event.hpp
[14.349s] -- Installing: /home/isci/ros2_ws/install/tm_msgs/include/tm_msgs/srv/set_positions.hpp
[14.349s] -- Installing: /home/isci/ros2_ws/install/tm_msgs/include/tm_msgs/srv/ask_item.hpp
[14.349s] -- Installing: /home/isci/ros2_ws/install/tm_msgs/include/tm_msgs/srv/send_script.hpp
[14.349s] -- Installing: /home/isci/ros2_ws/install/tm_msgs/include/tm_msgs/srv/connect_tm.hpp
[14.349s] -- Installing: /home/isci/ros2_ws/install/tm_msgs/include/tm_msgs/srv/ask_sta.hpp
[14.349s] -- Installing: /home/isci/ros2_ws/install/tm_msgs/include/tm_msgs/srv/set_velocity.hpp
[14.349s] -- Installing: /home/isci/ros2_ws/install/tm_msgs/include/tm_msgs/srv/write_item.hpp
[14.350s] -- Up-to-date: /home/isci/ros2_ws/install/tm_msgs/include/tm_msgs
[14.350s] -- Up-to-date: /home/isci/ros2_ws/install/tm_msgs/include/tm_msgs/msg
[14.350s] -- Up-to-date: /home/isci/ros2_ws/install/tm_msgs/include/tm_msgs/msg/detail
[14.350s] -- Installing: /home/isci/ros2_ws/install/tm_msgs/include/tm_msgs/msg/detail/svr_response__rosidl_typesupport_introspection_cpp.hpp
[14.350s] -- Installing: /home/isci/ros2_ws/install/tm_msgs/include/tm_msgs/msg/detail/sct_response__type_support.cpp
[14.350s] -- Installing: /home/isci/ros2_ws/install/tm_msgs/include/tm_msgs/msg/detail/sta_response__rosidl_typesupport_introspection_cpp.hpp
[14.350s] -- Installing: /home/isci/ros2_ws/install/tm_msgs/include/tm_msgs/msg/detail/feedback_state__type_support.cpp
[14.350s] -- Installing: /home/isci/ros2_ws/install/tm_msgs/include/tm_msgs/msg/detail/svr_response__type_support.cpp
[14.350s] -- Installing: /home/isci/ros2_ws/install/tm_msgs/include/tm_msgs/msg/detail/sta_response__type_support.cpp
[14.350s] -- Installing: /home/isci/ros2_ws/install/tm_msgs/include/tm_msgs/msg/detail/feedback_state__rosidl_typesupport_introspection_cpp.hpp
[14.351s] -- Installing: /home/isci/ros2_ws/install/tm_msgs/include/tm_msgs/msg/detail/sct_response__rosidl_typesupport_introspection_cpp.hpp
[14.351s] -- Up-to-date: /home/isci/ros2_ws/install/tm_msgs/include/tm_msgs/srv
[14.351s] -- Up-to-date: /home/isci/ros2_ws/install/tm_msgs/include/tm_msgs/srv/detail
[14.351s] -- Installing: /home/isci/ros2_ws/install/tm_msgs/include/tm_msgs/srv/detail/set_io__type_support.cpp
[14.351s] -- Installing: /home/isci/ros2_ws/install/tm_msgs/include/tm_msgs/srv/detail/write_item__type_support.cpp
[14.351s] -- Installing: /home/isci/ros2_ws/install/tm_msgs/include/tm_msgs/srv/detail/send_script__rosidl_typesupport_introspection_cpp.hpp
[14.351s] -- Installing: /home/isci/ros2_ws/install/tm_msgs/include/tm_msgs/srv/detail/ask_sta__rosidl_typesupport_introspection_cpp.hpp
[14.351s] -- Installing: /home/isci/ros2_ws/install/tm_msgs/include/tm_msgs/srv/detail/set_velocity__rosidl_typesupport_introspection_cpp.hpp
[14.351s] -- Installing: /home/isci/ros2_ws/install/tm_msgs/include/tm_msgs/srv/detail/ask_sta__type_support.cpp
[14.351s] -- Installing: /home/isci/ros2_ws/install/tm_msgs/include/tm_msgs/srv/detail/set_positions__type_support.cpp
[14.351s] -- Installing: /home/isci/ros2_ws/install/tm_msgs/include/tm_msgs/srv/detail/set_velocity__type_support.cpp
[14.351s] -- Installing: /home/isci/ros2_ws/install/tm_msgs/include/tm_msgs/srv/detail/connect_tm__type_support.cpp
[14.352s] -- Installing: /home/isci/ros2_ws/install/tm_msgs/include/tm_msgs/srv/detail/connect_tm__rosidl_typesupport_introspection_cpp.hpp
[14.352s] -- Installing: /home/isci/ros2_ws/install/tm_msgs/include/tm_msgs/srv/detail/set_event__type_support.cpp
[14.352s] -- Installing: /home/isci/ros2_ws/install/tm_msgs/include/tm_msgs/srv/detail/set_positions__rosidl_typesupport_introspection_cpp.hpp
[14.352s] -- Installing: /home/isci/ros2_ws/install/tm_msgs/include/tm_msgs/srv/detail/set_event__rosidl_typesupport_introspection_cpp.hpp
[14.352s] -- Installing: /home/isci/ros2_ws/install/tm_msgs/include/tm_msgs/srv/detail/write_item__rosidl_typesupport_introspection_cpp.hpp
[14.352s] -- Installing: /home/isci/ros2_ws/install/tm_msgs/include/tm_msgs/srv/detail/ask_item__rosidl_typesupport_introspection_cpp.hpp
[14.352s] -- Installing: /home/isci/ros2_ws/install/tm_msgs/include/tm_msgs/srv/detail/set_io__rosidl_typesupport_introspection_cpp.hpp
[14.352s] -- Installing: /home/isci/ros2_ws/install/tm_msgs/include/tm_msgs/srv/detail/send_script__type_support.cpp
[14.352s] -- Installing: /home/isci/ros2_ws/install/tm_msgs/include/tm_msgs/srv/detail/ask_item__type_support.cpp
[14.352s] -- Installing: /home/isci/ros2_ws/install/tm_msgs/lib/libtm_msgs__rosidl_typesupport_introspection_cpp.so
[14.352s] -- Set runtime path of "/home/isci/ros2_ws/install/tm_msgs/lib/libtm_msgs__rosidl_typesupport_introspection_cpp.so" to ""
[14.352s] -- Installing: /home/isci/ros2_ws/install/tm_msgs/lib/libtm_msgs__rosidl_typesupport_cpp.so
[14.352s] -- Set runtime path of "/home/isci/ros2_ws/install/tm_msgs/lib/libtm_msgs__rosidl_typesupport_cpp.so" to ""
[14.352s] -- Installing: /home/isci/ros2_ws/install/tm_msgs/share/tm_msgs/environment/pythonpath.sh
[14.352s] -- Installing: /home/isci/ros2_ws/install/tm_msgs/share/tm_msgs/environment/pythonpath.dsv
[14.352s] -- Installing: /home/isci/ros2_ws/install/tm_msgs/lib/python3.8/site-packages/tm_msgs/__init__.py
[14.377s] Compiling '/home/isci/ros2_ws/install/tm_msgs/lib/python3.8/site-packages/tm_msgs/__init__.py'...
[14.380s] -- Installing: /home/isci/ros2_ws/install/tm_msgs/lib/python3.8/site-packages/tm_msgs/msg
[14.380s] -- Installing: /home/isci/ros2_ws/install/tm_msgs/lib/python3.8/site-packages/tm_msgs/msg/_svr_response.py
[14.381s] -- Installing: /home/isci/ros2_ws/install/tm_msgs/lib/python3.8/site-packages/tm_msgs/msg/_sct_response.py
[14.381s] -- Installing: /home/isci/ros2_ws/install/tm_msgs/lib/python3.8/site-packages/tm_msgs/msg/_sta_response_s.c
[14.381s] -- Installing: /home/isci/ros2_ws/install/tm_msgs/lib/python3.8/site-packages/tm_msgs/msg/_sct_response_s.c
[14.381s] -- Installing: /home/isci/ros2_ws/install/tm_msgs/lib/python3.8/site-packages/tm_msgs/msg/_svr_response_s.c
[14.381s] -- Installing: /home/isci/ros2_ws/install/tm_msgs/lib/python3.8/site-packages/tm_msgs/msg/_feedback_state_s.c
[14.381s] -- Installing: /home/isci/ros2_ws/install/tm_msgs/lib/python3.8/site-packages/tm_msgs/msg/_feedback_state.py
[14.381s] -- Installing: /home/isci/ros2_ws/install/tm_msgs/lib/python3.8/site-packages/tm_msgs/msg/__init__.py
[14.381s] -- Installing: /home/isci/ros2_ws/install/tm_msgs/lib/python3.8/site-packages/tm_msgs/msg/_sta_response.py
[14.381s] -- Installing: /home/isci/ros2_ws/install/tm_msgs/lib/python3.8/site-packages/tm_msgs/srv
[14.381s] -- Installing: /home/isci/ros2_ws/install/tm_msgs/lib/python3.8/site-packages/tm_msgs/srv/_connect_tm_s.c
[14.382s] -- Installing: /home/isci/ros2_ws/install/tm_msgs/lib/python3.8/site-packages/tm_msgs/srv/_set_io_s.c
[14.382s] -- Installing: /home/isci/ros2_ws/install/tm_msgs/lib/python3.8/site-packages/tm_msgs/srv/_set_velocity.py
[14.382s] -- Installing: /home/isci/ros2_ws/install/tm_msgs/lib/python3.8/site-packages/tm_msgs/srv/_set_positions.py
[14.382s] -- Installing: /home/isci/ros2_ws/install/tm_msgs/lib/python3.8/site-packages/tm_msgs/srv/_write_item.py
[14.382s] -- Installing: /home/isci/ros2_ws/install/tm_msgs/lib/python3.8/site-packages/tm_msgs/srv/_write_item_s.c
[14.382s] -- Installing: /home/isci/ros2_ws/install/tm_msgs/lib/python3.8/site-packages/tm_msgs/srv/_set_positions_s.c
[14.382s] -- Installing: /home/isci/ros2_ws/install/tm_msgs/lib/python3.8/site-packages/tm_msgs/srv/_set_event.py
[14.383s] -- Installing: /home/isci/ros2_ws/install/tm_msgs/lib/python3.8/site-packages/tm_msgs/srv/_set_event_s.c
[14.383s] -- Installing: /home/isci/ros2_ws/install/tm_msgs/lib/python3.8/site-packages/tm_msgs/srv/_ask_sta.py
[14.383s] -- Installing: /home/isci/ros2_ws/install/tm_msgs/lib/python3.8/site-packages/tm_msgs/srv/_send_script.py
[14.383s] -- Installing: /home/isci/ros2_ws/install/tm_msgs/lib/python3.8/site-packages/tm_msgs/srv/_ask_sta_s.c
[14.383s] -- Installing: /home/isci/ros2_ws/install/tm_msgs/lib/python3.8/site-packages/tm_msgs/srv/__init__.py
[14.383s] -- Installing: /home/isci/ros2_ws/install/tm_msgs/lib/python3.8/site-packages/tm_msgs/srv/_ask_item_s.c
[14.383s] -- Installing: /home/isci/ros2_ws/install/tm_msgs/lib/python3.8/site-packages/tm_msgs/srv/_connect_tm.py
[14.383s] -- Installing: /home/isci/ros2_ws/install/tm_msgs/lib/python3.8/site-packages/tm_msgs/srv/_set_velocity_s.c
[14.383s] -- Installing: /home/isci/ros2_ws/install/tm_msgs/lib/python3.8/site-packages/tm_msgs/srv/_set_io.py
[14.383s] -- Installing: /home/isci/ros2_ws/install/tm_msgs/lib/python3.8/site-packages/tm_msgs/srv/_ask_item.py
[14.383s] -- Installing: /home/isci/ros2_ws/install/tm_msgs/lib/python3.8/site-packages/tm_msgs/srv/_send_script_s.c
[14.384s] -- Installing: /home/isci/ros2_ws/install/tm_msgs/lib/python3.8/site-packages/tm_msgs/tm_msgs_s__rosidl_typesupport_fastrtps_c.cpython-38-x86_64-linux-gnu.so
[14.384s] -- Set runtime path of "/home/isci/ros2_ws/install/tm_msgs/lib/python3.8/site-packages/tm_msgs/tm_msgs_s__rosidl_typesupport_fastrtps_c.cpython-38-x86_64-linux-gnu.so" to ""
[14.384s] -- Installing: /home/isci/ros2_ws/install/tm_msgs/lib/python3.8/site-packages/tm_msgs/tm_msgs_s__rosidl_typesupport_introspection_c.cpython-38-x86_64-linux-gnu.so
[14.385s] -- Set runtime path of "/home/isci/ros2_ws/install/tm_msgs/lib/python3.8/site-packages/tm_msgs/tm_msgs_s__rosidl_typesupport_introspection_c.cpython-38-x86_64-linux-gnu.so" to ""
[14.385s] -- Installing: /home/isci/ros2_ws/install/tm_msgs/lib/python3.8/site-packages/tm_msgs/tm_msgs_s__rosidl_typesupport_c.cpython-38-x86_64-linux-gnu.so
[14.386s] -- Set runtime path of "/home/isci/ros2_ws/install/tm_msgs/lib/python3.8/site-packages/tm_msgs/tm_msgs_s__rosidl_typesupport_c.cpython-38-x86_64-linux-gnu.so" to ""
[14.386s] -- Installing: /home/isci/ros2_ws/install/tm_msgs/lib/libtm_msgs__python.so
[14.386s] -- Set runtime path of "/home/isci/ros2_ws/install/tm_msgs/lib/libtm_msgs__python.so" to ""
[14.387s] -- Installing: /home/isci/ros2_ws/install/tm_msgs/share/tm_msgs/msg/FeedbackState.idl
[14.387s] -- Installing: /home/isci/ros2_ws/install/tm_msgs/share/tm_msgs/msg/SvrResponse.idl
[14.387s] -- Installing: /home/isci/ros2_ws/install/tm_msgs/share/tm_msgs/msg/SctResponse.idl
[14.387s] -- Installing: /home/isci/ros2_ws/install/tm_msgs/share/tm_msgs/msg/StaResponse.idl
[14.387s] -- Installing: /home/isci/ros2_ws/install/tm_msgs/share/tm_msgs/srv/ConnectTM.idl
[14.387s] -- Installing: /home/isci/ros2_ws/install/tm_msgs/share/tm_msgs/srv/WriteItem.idl
[14.387s] -- Installing: /home/isci/ros2_ws/install/tm_msgs/share/tm_msgs/srv/AskItem.idl
[14.387s] -- Installing: /home/isci/ros2_ws/install/tm_msgs/share/tm_msgs/srv/SendScript.idl
[14.388s] -- Installing: /home/isci/ros2_ws/install/tm_msgs/share/tm_msgs/srv/SetEvent.idl
[14.388s] -- Installing: /home/isci/ros2_ws/install/tm_msgs/share/tm_msgs/srv/SetIO.idl
[14.388s] -- Installing: /home/isci/ros2_ws/install/tm_msgs/share/tm_msgs/srv/SetPositions.idl
[14.388s] -- Installing: /home/isci/ros2_ws/install/tm_msgs/share/tm_msgs/srv/SetVelocity.idl
[14.388s] -- Installing: /home/isci/ros2_ws/install/tm_msgs/share/tm_msgs/srv/AskSta.idl
[14.388s] -- Installing: /home/isci/ros2_ws/install/tm_msgs/share/tm_msgs/msg/FeedbackState.msg
[14.388s] -- Installing: /home/isci/ros2_ws/install/tm_msgs/share/tm_msgs/msg/SvrResponse.msg
[14.388s] -- Installing: /home/isci/ros2_ws/install/tm_msgs/share/tm_msgs/msg/SctResponse.msg
[14.388s] -- Installing: /home/isci/ros2_ws/install/tm_msgs/share/tm_msgs/msg/StaResponse.msg
[14.389s] -- Installing: /home/isci/ros2_ws/install/tm_msgs/share/tm_msgs/srv/ConnectTM.srv
[14.389s] -- Installing: /home/isci/ros2_ws/install/tm_msgs/share/tm_msgs/srv/ConnectTM_Request.msg
[14.389s] -- Installing: /home/isci/ros2_ws/install/tm_msgs/share/tm_msgs/srv/ConnectTM_Response.msg
[14.389s] -- Installing: /home/isci/ros2_ws/install/tm_msgs/share/tm_msgs/srv/WriteItem.srv
[14.389s] -- Installing: /home/isci/ros2_ws/install/tm_msgs/share/tm_msgs/srv/WriteItem_Request.msg
[14.389s] -- Installing: /home/isci/ros2_ws/install/tm_msgs/share/tm_msgs/srv/WriteItem_Response.msg
[14.389s] -- Installing: /home/isci/ros2_ws/install/tm_msgs/share/tm_msgs/srv/AskItem.srv
[14.389s] -- Installing: /home/isci/ros2_ws/install/tm_msgs/share/tm_msgs/srv/AskItem_Request.msg
[14.390s] -- Installing: /home/isci/ros2_ws/install/tm_msgs/share/tm_msgs/srv/AskItem_Response.msg
[14.390s] -- Installing: /home/isci/ros2_ws/install/tm_msgs/share/tm_msgs/srv/SendScript.srv
[14.390s] -- Installing: /home/isci/ros2_ws/install/tm_msgs/share/tm_msgs/srv/SendScript_Request.msg
[14.390s] -- Installing: /home/isci/ros2_ws/install/tm_msgs/share/tm_msgs/srv/SendScript_Response.msg
[14.390s] -- Installing: /home/isci/ros2_ws/install/tm_msgs/share/tm_msgs/srv/SetEvent.srv
[14.390s] -- Installing: /home/isci/ros2_ws/install/tm_msgs/share/tm_msgs/srv/SetEvent_Request.msg
[14.390s] -- Installing: /home/isci/ros2_ws/install/tm_msgs/share/tm_msgs/srv/SetEvent_Response.msg
[14.391s] -- Installing: /home/isci/ros2_ws/install/tm_msgs/share/tm_msgs/srv/SetIO.srv
[14.391s] -- Installing: /home/isci/ros2_ws/install/tm_msgs/share/tm_msgs/srv/SetIO_Request.msg
[14.391s] -- Installing: /home/isci/ros2_ws/install/tm_msgs/share/tm_msgs/srv/SetIO_Response.msg
[14.391s] -- Installing: /home/isci/ros2_ws/install/tm_msgs/share/tm_msgs/srv/SetPositions.srv
[14.391s] -- Installing: /home/isci/ros2_ws/install/tm_msgs/share/tm_msgs/srv/SetPositions_Request.msg
[14.391s] -- Installing: /home/isci/ros2_ws/install/tm_msgs/share/tm_msgs/srv/SetPositions_Response.msg
[14.391s] -- Installing: /home/isci/ros2_ws/install/tm_msgs/share/tm_msgs/srv/SetVelocity.srv
[14.391s] -- Installing: /home/isci/ros2_ws/install/tm_msgs/share/tm_msgs/srv/SetVelocity_Request.msg
[14.392s] -- Installing: /home/isci/ros2_ws/install/tm_msgs/share/tm_msgs/srv/SetVelocity_Response.msg
[14.392s] -- Installing: /home/isci/ros2_ws/install/tm_msgs/share/tm_msgs/srv/AskSta.srv
[14.392s] -- Installing: /home/isci/ros2_ws/install/tm_msgs/share/tm_msgs/srv/AskSta_Request.msg
[14.392s] -- Installing: /home/isci/ros2_ws/install/tm_msgs/share/tm_msgs/srv/AskSta_Response.msg
[14.392s] -- Installing: /home/isci/ros2_ws/install/tm_msgs/share/ament_index/resource_index/package_run_dependencies/tm_msgs
[14.392s] -- Installing: /home/isci/ros2_ws/install/tm_msgs/share/ament_index/resource_index/parent_prefix_path/tm_msgs
[14.393s] -- Installing: /home/isci/ros2_ws/install/tm_msgs/share/tm_msgs/environment/ament_prefix_path.sh
[14.393s] -- Installing: /home/isci/ros2_ws/install/tm_msgs/share/tm_msgs/environment/ament_prefix_path.dsv
[14.393s] -- Installing: /home/isci/ros2_ws/install/tm_msgs/share/tm_msgs/environment/path.sh
[14.393s] -- Installing: /home/isci/ros2_ws/install/tm_msgs/share/tm_msgs/environment/path.dsv
[14.393s] -- Installing: /home/isci/ros2_ws/install/tm_msgs/share/tm_msgs/local_setup.bash
[14.393s] -- Installing: /home/isci/ros2_ws/install/tm_msgs/share/tm_msgs/local_setup.sh
[14.393s] -- Installing: /home/isci/ros2_ws/install/tm_msgs/share/tm_msgs/local_setup.zsh
[14.393s] -- Installing: /home/isci/ros2_ws/install/tm_msgs/share/tm_msgs/local_setup.dsv
[14.393s] -- Installing: /home/isci/ros2_ws/install/tm_msgs/share/tm_msgs/package.dsv
[14.394s] -- Installing: /home/isci/ros2_ws/install/tm_msgs/share/ament_index/resource_index/packages/tm_msgs
[14.394s] -- Installing: /home/isci/ros2_ws/install/tm_msgs/share/tm_msgs/cmake/tm_msgs__rosidl_generator_cExport.cmake
[14.394s] -- Installing: /home/isci/ros2_ws/install/tm_msgs/share/tm_msgs/cmake/tm_msgs__rosidl_generator_cExport-noconfig.cmake
[14.394s] -- Installing: /home/isci/ros2_ws/install/tm_msgs/share/tm_msgs/cmake/tm_msgs__rosidl_typesupport_introspection_cExport.cmake
[14.394s] -- Installing: /home/isci/ros2_ws/install/tm_msgs/share/tm_msgs/cmake/tm_msgs__rosidl_typesupport_introspection_cExport-noconfig.cmake
[14.394s] -- Installing: /home/isci/ros2_ws/install/tm_msgs/share/tm_msgs/cmake/tm_msgs__rosidl_typesupport_cExport.cmake
[14.395s] -- Installing: /home/isci/ros2_ws/install/tm_msgs/share/tm_msgs/cmake/tm_msgs__rosidl_typesupport_cExport-noconfig.cmake
[14.395s] -- Installing: /home/isci/ros2_ws/install/tm_msgs/share/tm_msgs/cmake/tm_msgs__rosidl_generator_cppExport.cmake
[14.395s] -- Installing: /home/isci/ros2_ws/install/tm_msgs/share/tm_msgs/cmake/tm_msgs__rosidl_typesupport_introspection_cppExport.cmake
[14.395s] -- Installing: /home/isci/ros2_ws/install/tm_msgs/share/tm_msgs/cmake/tm_msgs__rosidl_typesupport_introspection_cppExport-noconfig.cmake
[14.395s] -- Installing: /home/isci/ros2_ws/install/tm_msgs/share/tm_msgs/cmake/tm_msgs__rosidl_typesupport_cppExport.cmake
[14.395s] -- Installing: /home/isci/ros2_ws/install/tm_msgs/share/tm_msgs/cmake/tm_msgs__rosidl_typesupport_cppExport-noconfig.cmake
[14.395s] -- Installing: /home/isci/ros2_ws/install/tm_msgs/share/tm_msgs/cmake/rosidl_cmake-extras.cmake
[14.395s] -- Installing: /home/isci/ros2_ws/install/tm_msgs/share/tm_msgs/cmake/ament_cmake_export_dependencies-extras.cmake
[14.396s] -- Installing: /home/isci/ros2_ws/install/tm_msgs/share/tm_msgs/cmake/ament_cmake_export_libraries-extras.cmake
[14.396s] -- Installing: /home/isci/ros2_ws/install/tm_msgs/share/tm_msgs/cmake/ament_cmake_export_targets-extras.cmake
[14.396s] -- Installing: /home/isci/ros2_ws/install/tm_msgs/share/tm_msgs/cmake/ament_cmake_export_include_directories-extras.cmake
[14.396s] -- Installing: /home/isci/ros2_ws/install/tm_msgs/share/tm_msgs/cmake/rosidl_cmake_export_typesupport_libraries-extras.cmake
[14.396s] -- Installing: /home/isci/ros2_ws/install/tm_msgs/share/tm_msgs/cmake/rosidl_cmake_export_typesupport_targets-extras.cmake
[14.396s] -- Installing: /home/isci/ros2_ws/install/tm_msgs/share/tm_msgs/cmake/tm_msgsConfig.cmake
[14.396s] -- Installing: /home/isci/ros2_ws/install/tm_msgs/share/tm_msgs/cmake/tm_msgsConfig-version.cmake
[14.396s] -- Installing: /home/isci/ros2_ws/install/tm_msgs/share/tm_msgs/package.xml
[14.399s] Invoked command in '/home/isci/ros2_ws/build/tm_msgs' returned '0': CMAKE_PREFIX_PATH=/opt/ros/foxy /usr/bin/cmake --install /home/isci/ros2_ws/build/tm_msgs
