[5.561s] Invoking command in '/home/isci/ros2_ws/src/tmr_ros2/techman_robot_get_status': PYTHONPATH=/home/isci/ros2_ws/build/tm_get_status/prefix_override:/home/isci/ros2_ws/install/tm_get_status/lib/python3.8/site-packages:${PYTHONPATH} /usr/bin/python3 -W ignore:setup.py install is deprecated setup.py egg_info --egg-base ../../../build/tm_get_status build --build-base /home/isci/ros2_ws/build/tm_get_status/build install --record /home/isci/ros2_ws/build/tm_get_status/install.log --single-version-externally-managed install_data
[7.251s] running egg_info
[7.256s] writing ../../../build/tm_get_status/tm_get_status.egg-info/PKG-INFO
[7.257s] writing dependency_links to ../../../build/tm_get_status/tm_get_status.egg-info/dependency_links.txt
[7.258s] writing entry points to ../../../build/tm_get_status/tm_get_status.egg-info/entry_points.txt
[7.258s] writing requirements to ../../../build/tm_get_status/tm_get_status.egg-info/requires.txt
[7.260s] writing top-level names to ../../../build/tm_get_status/tm_get_status.egg-info/top_level.txt
[7.511s] reading manifest file '../../../build/tm_get_status/tm_get_status.egg-info/SOURCES.txt'
[7.516s] writing manifest file '../../../build/tm_get_status/tm_get_status.egg-info/SOURCES.txt'
[7.530s] running build
[7.531s] running build_py
[7.550s] running install
[7.551s] running install_lib
[7.552s] running install_data
[7.552s] running install_egg_info
[7.554s] removing '/home/isci/ros2_ws/install/tm_get_status/lib/python3.8/site-packages/tm_get_status-1.0.0-py3.8.egg-info' (and everything under it)
[7.555s] Copying ../../../build/tm_get_status/tm_get_status.egg-info to /home/isci/ros2_ws/install/tm_get_status/lib/python3.8/site-packages/tm_get_status-1.0.0-py3.8.egg-info
[7.557s] running install_scripts
[7.662s] Installing image_talker script to /home/isci/ros2_ws/install/tm_get_status/lib/tm_get_status
[7.664s] Installing status_talker script to /home/isci/ros2_ws/install/tm_get_status/lib/tm_get_status
[7.665s] writing list of installed files to '/home/isci/ros2_ws/build/tm_get_status/install.log'
[7.831s] Invoked command in '/home/isci/ros2_ws/src/tmr_ros2/techman_robot_get_status' returned '0': PYTHONPATH=/home/isci/ros2_ws/build/tm_get_status/prefix_override:/home/isci/ros2_ws/install/tm_get_status/lib/python3.8/site-packages:${PYTHONPATH} /usr/bin/python3 -W ignore:setup.py install is deprecated setup.py egg_info --egg-base ../../../build/tm_get_status build --build-base /home/isci/ros2_ws/build/tm_get_status/build install --record /home/isci/ros2_ws/build/tm_get_status/install.log --single-version-externally-managed install_data
