[0.050s] Invoking command in '/home/isci/ros2_ws/build/techman_robot_msgs': CMAKE_PREFIX_PATH=${CMAKE_PREFIX_PATH}:/home/isci/ros2_ws/install/tm_mod_urdf:/home/isci/ros2_ws/install/tm_get_status:/opt/ros/foxy /usr/bin/cmake --build /home/isci/ros2_ws/build/techman_robot_msgs -- -j12 -l12
[0.477s] [  3%] Built target techman_robot_msgs__cpp
[0.477s] [ 12%] Built target techman_robot_msgs__rosidl_generator_c
[0.478s] [ 32%] Built target techman_robot_msgs__rosidl_typesupport_cpp
[0.478s] [ 32%] Built target techman_robot_msgs__rosidl_typesupport_introspection_cpp
[0.479s] [ 51%] Built target techman_robot_msgs__rosidl_typesupport_fastrtps_cpp
[0.480s] [ 51%] Built target techman_robot_msgs__rosidl_typesupport_c
[0.480s] [ 61%] Built target techman_robot_msgs__rosidl_typesupport_introspection_c
[0.480s] [ 70%] Built target techman_robot_msgs__rosidl_typesupport_fastrtps_c
[0.481s] [ 70%] Built target techman_robot_msgs
[0.482s] [ 74%] Built target techman_robot_msgs__py
[0.482s] [ 80%] Built target techman_robot_msgs__python
[0.482s] [100%] Built target techman_robot_msgs__rosidl_typesupport_c__pyext
[0.483s] [100%] Built target techman_robot_msgs__rosidl_typesupport_fastrtps_c__pyext
[0.484s] [100%] Built target techman_robot_msgs__rosidl_typesupport_introspection_c__pyext
[0.488s] Invoked command in '/home/isci/ros2_ws/build/techman_robot_msgs' returned '0': CMAKE_PREFIX_PATH=${CMAKE_PREFIX_PATH}:/home/isci/ros2_ws/install/tm_mod_urdf:/home/isci/ros2_ws/install/tm_get_status:/opt/ros/foxy /usr/bin/cmake --build /home/isci/ros2_ws/build/techman_robot_msgs -- -j12 -l12
[0.550s] Invoking command in '/home/isci/ros2_ws/build/techman_robot_msgs': CMAKE_PREFIX_PATH=${CMAKE_PREFIX_PATH}:/home/isci/ros2_ws/install/tm_mod_urdf:/home/isci/ros2_ws/install/tm_get_status:/opt/ros/foxy /usr/bin/cmake --install /home/isci/ros2_ws/build/techman_robot_msgs
[0.566s] -- Install configuration: ""
[0.566s] -- Up-to-date: /home/isci/ros2_ws/install/techman_robot_msgs/share/ament_index/resource_index/rosidl_interfaces/techman_robot_msgs
[0.566s] -- Up-to-date: /home/isci/ros2_ws/install/techman_robot_msgs/include/techman_robot_msgs
[0.566s] -- Up-to-date: /home/isci/ros2_ws/install/techman_robot_msgs/include/techman_robot_msgs/msg
[0.566s] -- Up-to-date: /home/isci/ros2_ws/install/techman_robot_msgs/include/techman_robot_msgs/msg/rosidl_generator_c__visibility_control.h
[0.566s] -- Up-to-date: /home/isci/ros2_ws/install/techman_robot_msgs/include/techman_robot_msgs/srv
[0.566s] -- Up-to-date: /home/isci/ros2_ws/install/techman_robot_msgs/include/techman_robot_msgs/srv/detail
[0.567s] -- Up-to-date: /home/isci/ros2_ws/install/techman_robot_msgs/include/techman_robot_msgs/srv/detail/techman_robot_command__type_support.h
[0.567s] -- Up-to-date: /home/isci/ros2_ws/install/techman_robot_msgs/include/techman_robot_msgs/srv/detail/techman_robot_command__functions.h
[0.567s] -- Up-to-date: /home/isci/ros2_ws/install/techman_robot_msgs/include/techman_robot_msgs/srv/detail/techman_robot_command__struct.h
[0.567s] -- Up-to-date: /home/isci/ros2_ws/install/techman_robot_msgs/include/techman_robot_msgs/srv/detail/techman_robot_command__functions.c
[0.567s] -- Up-to-date: /home/isci/ros2_ws/install/techman_robot_msgs/include/techman_robot_msgs/srv/techman_robot_command.h
[0.568s] -- Up-to-date: /home/isci/ros2_ws/install/techman_robot_msgs/share/techman_robot_msgs/environment/library_path.sh
[0.568s] -- Up-to-date: /home/isci/ros2_ws/install/techman_robot_msgs/share/techman_robot_msgs/environment/library_path.dsv
[0.569s] -- Up-to-date: /home/isci/ros2_ws/install/techman_robot_msgs/lib/libtechman_robot_msgs__rosidl_generator_c.so
[0.569s] -- Up-to-date: /home/isci/ros2_ws/install/techman_robot_msgs/include/techman_robot_msgs
[0.569s] -- Up-to-date: /home/isci/ros2_ws/install/techman_robot_msgs/include/techman_robot_msgs/msg
[0.570s] -- Up-to-date: /home/isci/ros2_ws/install/techman_robot_msgs/include/techman_robot_msgs/msg/rosidl_typesupport_fastrtps_c__visibility_control.h
[0.570s] -- Up-to-date: /home/isci/ros2_ws/install/techman_robot_msgs/include/techman_robot_msgs/srv
[0.570s] -- Up-to-date: /home/isci/ros2_ws/install/techman_robot_msgs/include/techman_robot_msgs/srv/detail
[0.570s] -- Up-to-date: /home/isci/ros2_ws/install/techman_robot_msgs/include/techman_robot_msgs/srv/detail/techman_robot_command__rosidl_typesupport_fastrtps_c.h
[0.571s] -- Up-to-date: /home/isci/ros2_ws/install/techman_robot_msgs/lib/libtechman_robot_msgs__rosidl_typesupport_fastrtps_c.so
[0.571s] -- Up-to-date: /home/isci/ros2_ws/install/techman_robot_msgs/include/techman_robot_msgs
[0.571s] -- Up-to-date: /home/isci/ros2_ws/install/techman_robot_msgs/include/techman_robot_msgs/msg
[0.572s] -- Up-to-date: /home/isci/ros2_ws/install/techman_robot_msgs/include/techman_robot_msgs/msg/rosidl_typesupport_fastrtps_cpp__visibility_control.h
[0.572s] -- Up-to-date: /home/isci/ros2_ws/install/techman_robot_msgs/include/techman_robot_msgs/srv
[0.573s] -- Up-to-date: /home/isci/ros2_ws/install/techman_robot_msgs/include/techman_robot_msgs/srv/detail
[0.573s] -- Up-to-date: /home/isci/ros2_ws/install/techman_robot_msgs/include/techman_robot_msgs/srv/detail/techman_robot_command__rosidl_typesupport_fastrtps_cpp.hpp
[0.573s] -- Up-to-date: /home/isci/ros2_ws/install/techman_robot_msgs/include/techman_robot_msgs/srv/detail/dds_fastrtps
[0.573s] -- Up-to-date: /home/isci/ros2_ws/install/techman_robot_msgs/lib/libtechman_robot_msgs__rosidl_typesupport_fastrtps_cpp.so
[0.574s] -- Up-to-date: /home/isci/ros2_ws/install/techman_robot_msgs/include/techman_robot_msgs
[0.574s] -- Up-to-date: /home/isci/ros2_ws/install/techman_robot_msgs/include/techman_robot_msgs/msg
[0.574s] -- Up-to-date: /home/isci/ros2_ws/install/techman_robot_msgs/include/techman_robot_msgs/msg/rosidl_typesupport_introspection_c__visibility_control.h
[0.576s] -- Up-to-date: /home/isci/ros2_ws/install/techman_robot_msgs/include/techman_robot_msgs/srv
[0.576s] -- Up-to-date: /home/isci/ros2_ws/install/techman_robot_msgs/include/techman_robot_msgs/srv/detail
[0.576s] -- Up-to-date: /home/isci/ros2_ws/install/techman_robot_msgs/include/techman_robot_msgs/srv/detail/techman_robot_command__type_support.c
[0.576s] -- Up-to-date: /home/isci/ros2_ws/install/techman_robot_msgs/include/techman_robot_msgs/srv/detail/techman_robot_command__rosidl_typesupport_introspection_c.h
[0.577s] -- Up-to-date: /home/isci/ros2_ws/install/techman_robot_msgs/lib/libtechman_robot_msgs__rosidl_typesupport_introspection_c.so
[0.577s] -- Up-to-date: /home/isci/ros2_ws/install/techman_robot_msgs/lib/libtechman_robot_msgs__rosidl_typesupport_c.so
[0.577s] -- Up-to-date: /home/isci/ros2_ws/install/techman_robot_msgs/include/techman_robot_msgs
[0.578s] -- Up-to-date: /home/isci/ros2_ws/install/techman_robot_msgs/include/techman_robot_msgs/msg
[0.578s] -- Up-to-date: /home/isci/ros2_ws/install/techman_robot_msgs/include/techman_robot_msgs/msg/rosidl_generator_cpp__visibility_control.hpp
[0.578s] -- Up-to-date: /home/isci/ros2_ws/install/techman_robot_msgs/include/techman_robot_msgs/srv
[0.578s] -- Up-to-date: /home/isci/ros2_ws/install/techman_robot_msgs/include/techman_robot_msgs/srv/detail
[0.579s] -- Up-to-date: /home/isci/ros2_ws/install/techman_robot_msgs/include/techman_robot_msgs/srv/detail/techman_robot_command__type_support.hpp
[0.579s] -- Up-to-date: /home/isci/ros2_ws/install/techman_robot_msgs/include/techman_robot_msgs/srv/detail/techman_robot_command__struct.hpp
[0.579s] -- Up-to-date: /home/isci/ros2_ws/install/techman_robot_msgs/include/techman_robot_msgs/srv/detail/techman_robot_command__traits.hpp
[0.579s] -- Up-to-date: /home/isci/ros2_ws/install/techman_robot_msgs/include/techman_robot_msgs/srv/detail/techman_robot_command__builder.hpp
[0.581s] -- Up-to-date: /home/isci/ros2_ws/install/techman_robot_msgs/include/techman_robot_msgs/srv/techman_robot_command.hpp
[0.581s] -- Up-to-date: /home/isci/ros2_ws/install/techman_robot_msgs/include/techman_robot_msgs
[0.582s] -- Up-to-date: /home/isci/ros2_ws/install/techman_robot_msgs/include/techman_robot_msgs/srv
[0.582s] -- Up-to-date: /home/isci/ros2_ws/install/techman_robot_msgs/include/techman_robot_msgs/srv/detail
[0.584s] -- Up-to-date: /home/isci/ros2_ws/install/techman_robot_msgs/include/techman_robot_msgs/srv/detail/techman_robot_command__type_support.cpp
[0.584s] -- Up-to-date: /home/isci/ros2_ws/install/techman_robot_msgs/include/techman_robot_msgs/srv/detail/techman_robot_command__rosidl_typesupport_introspection_cpp.hpp
[0.584s] -- Up-to-date: /home/isci/ros2_ws/install/techman_robot_msgs/lib/libtechman_robot_msgs__rosidl_typesupport_introspection_cpp.so
[0.584s] -- Up-to-date: /home/isci/ros2_ws/install/techman_robot_msgs/lib/libtechman_robot_msgs__rosidl_typesupport_cpp.so
[0.584s] -- Up-to-date: /home/isci/ros2_ws/install/techman_robot_msgs/share/techman_robot_msgs/environment/pythonpath.sh
[0.585s] -- Up-to-date: /home/isci/ros2_ws/install/techman_robot_msgs/share/techman_robot_msgs/environment/pythonpath.dsv
[0.585s] -- Up-to-date: /home/isci/ros2_ws/install/techman_robot_msgs/lib/python3.8/site-packages/techman_robot_msgs/__init__.py
[0.586s] -- Up-to-date: /home/isci/ros2_ws/install/techman_robot_msgs/lib/python3.8/site-packages/techman_robot_msgs/srv
[0.586s] -- Up-to-date: /home/isci/ros2_ws/install/techman_robot_msgs/lib/python3.8/site-packages/techman_robot_msgs/srv/_techman_robot_command.py
[0.586s] -- Up-to-date: /home/isci/ros2_ws/install/techman_robot_msgs/lib/python3.8/site-packages/techman_robot_msgs/srv/__init__.py
[0.586s] -- Up-to-date: /home/isci/ros2_ws/install/techman_robot_msgs/lib/python3.8/site-packages/techman_robot_msgs/srv/_techman_robot_command_s.c
[0.586s] -- Up-to-date: /home/isci/ros2_ws/install/techman_robot_msgs/lib/python3.8/site-packages/techman_robot_msgs/techman_robot_msgs_s__rosidl_typesupport_fastrtps_c.cpython-38-x86_64-linux-gnu.so
[0.587s] -- Up-to-date: /home/isci/ros2_ws/install/techman_robot_msgs/lib/python3.8/site-packages/techman_robot_msgs/techman_robot_msgs_s__rosidl_typesupport_introspection_c.cpython-38-x86_64-linux-gnu.so
[0.587s] -- Up-to-date: /home/isci/ros2_ws/install/techman_robot_msgs/lib/python3.8/site-packages/techman_robot_msgs/techman_robot_msgs_s__rosidl_typesupport_c.cpython-38-x86_64-linux-gnu.so
[0.590s] -- Up-to-date: /home/isci/ros2_ws/install/techman_robot_msgs/lib/libtechman_robot_msgs__python.so
[0.592s] -- Up-to-date: /home/isci/ros2_ws/install/techman_robot_msgs/share/techman_robot_msgs/srv/TechmanRobotCommand.idl
[0.593s] -- Up-to-date: /home/isci/ros2_ws/install/techman_robot_msgs/share/techman_robot_msgs/srv/TechmanRobotCommand.srv
[0.593s] -- Up-to-date: /home/isci/ros2_ws/install/techman_robot_msgs/share/techman_robot_msgs/srv/TechmanRobotCommand_Request.msg
[0.594s] -- Up-to-date: /home/isci/ros2_ws/install/techman_robot_msgs/share/techman_robot_msgs/srv/TechmanRobotCommand_Response.msg
[0.594s] -- Up-to-date: /home/isci/ros2_ws/install/techman_robot_msgs/share/ament_index/resource_index/package_run_dependencies/techman_robot_msgs
[0.594s] -- Up-to-date: /home/isci/ros2_ws/install/techman_robot_msgs/share/ament_index/resource_index/parent_prefix_path/techman_robot_msgs
[0.594s] -- Up-to-date: /home/isci/ros2_ws/install/techman_robot_msgs/share/techman_robot_msgs/environment/ament_prefix_path.sh
[0.594s] -- Up-to-date: /home/isci/ros2_ws/install/techman_robot_msgs/share/techman_robot_msgs/environment/ament_prefix_path.dsv
[0.596s] -- Up-to-date: /home/isci/ros2_ws/install/techman_robot_msgs/share/techman_robot_msgs/environment/path.sh
[0.597s] -- Up-to-date: /home/isci/ros2_ws/install/techman_robot_msgs/share/techman_robot_msgs/environment/path.dsv
[0.597s] -- Up-to-date: /home/isci/ros2_ws/install/techman_robot_msgs/share/techman_robot_msgs/local_setup.bash
[0.597s] -- Up-to-date: /home/isci/ros2_ws/install/techman_robot_msgs/share/techman_robot_msgs/local_setup.sh
[0.597s] -- Up-to-date: /home/isci/ros2_ws/install/techman_robot_msgs/share/techman_robot_msgs/local_setup.zsh
[0.597s] -- Up-to-date: /home/isci/ros2_ws/install/techman_robot_msgs/share/techman_robot_msgs/local_setup.dsv
[0.597s] -- Installing: /home/isci/ros2_ws/install/techman_robot_msgs/share/techman_robot_msgs/package.dsv
[0.597s] -- Up-to-date: /home/isci/ros2_ws/install/techman_robot_msgs/share/ament_index/resource_index/packages/techman_robot_msgs
[0.598s] -- Up-to-date: /home/isci/ros2_ws/install/techman_robot_msgs/share/techman_robot_msgs/cmake/techman_robot_msgs__rosidl_generator_cExport.cmake
[0.598s] -- Up-to-date: /home/isci/ros2_ws/install/techman_robot_msgs/share/techman_robot_msgs/cmake/techman_robot_msgs__rosidl_generator_cExport-noconfig.cmake
[0.598s] -- Up-to-date: /home/isci/ros2_ws/install/techman_robot_msgs/share/techman_robot_msgs/cmake/techman_robot_msgs__rosidl_typesupport_introspection_cExport.cmake
[0.598s] -- Up-to-date: /home/isci/ros2_ws/install/techman_robot_msgs/share/techman_robot_msgs/cmake/techman_robot_msgs__rosidl_typesupport_introspection_cExport-noconfig.cmake
[0.598s] -- Up-to-date: /home/isci/ros2_ws/install/techman_robot_msgs/share/techman_robot_msgs/cmake/techman_robot_msgs__rosidl_typesupport_cExport.cmake
[0.598s] -- Up-to-date: /home/isci/ros2_ws/install/techman_robot_msgs/share/techman_robot_msgs/cmake/techman_robot_msgs__rosidl_typesupport_cExport-noconfig.cmake
[0.598s] -- Up-to-date: /home/isci/ros2_ws/install/techman_robot_msgs/share/techman_robot_msgs/cmake/techman_robot_msgs__rosidl_generator_cppExport.cmake
[0.598s] -- Up-to-date: /home/isci/ros2_ws/install/techman_robot_msgs/share/techman_robot_msgs/cmake/techman_robot_msgs__rosidl_typesupport_introspection_cppExport.cmake
[0.599s] -- Up-to-date: /home/isci/ros2_ws/install/techman_robot_msgs/share/techman_robot_msgs/cmake/techman_robot_msgs__rosidl_typesupport_introspection_cppExport-noconfig.cmake
[0.599s] -- Up-to-date: /home/isci/ros2_ws/install/techman_robot_msgs/share/techman_robot_msgs/cmake/techman_robot_msgs__rosidl_typesupport_cppExport.cmake
[0.599s] -- Up-to-date: /home/isci/ros2_ws/install/techman_robot_msgs/share/techman_robot_msgs/cmake/techman_robot_msgs__rosidl_typesupport_cppExport-noconfig.cmake
[0.599s] -- Up-to-date: /home/isci/ros2_ws/install/techman_robot_msgs/share/techman_robot_msgs/cmake/rosidl_cmake-extras.cmake
[0.599s] -- Up-to-date: /home/isci/ros2_ws/install/techman_robot_msgs/share/techman_robot_msgs/cmake/ament_cmake_export_dependencies-extras.cmake
[0.599s] -- Up-to-date: /home/isci/ros2_ws/install/techman_robot_msgs/share/techman_robot_msgs/cmake/ament_cmake_export_libraries-extras.cmake
[0.599s] -- Up-to-date: /home/isci/ros2_ws/install/techman_robot_msgs/share/techman_robot_msgs/cmake/ament_cmake_export_targets-extras.cmake
[0.600s] -- Up-to-date: /home/isci/ros2_ws/install/techman_robot_msgs/share/techman_robot_msgs/cmake/ament_cmake_export_include_directories-extras.cmake
[0.600s] -- Up-to-date: /home/isci/ros2_ws/install/techman_robot_msgs/share/techman_robot_msgs/cmake/rosidl_cmake_export_typesupport_libraries-extras.cmake
[0.600s] -- Up-to-date: /home/isci/ros2_ws/install/techman_robot_msgs/share/techman_robot_msgs/cmake/rosidl_cmake_export_typesupport_targets-extras.cmake
[0.600s] -- Up-to-date: /home/isci/ros2_ws/install/techman_robot_msgs/share/techman_robot_msgs/cmake/techman_robot_msgsConfig.cmake
[0.601s] -- Up-to-date: /home/isci/ros2_ws/install/techman_robot_msgs/share/techman_robot_msgs/cmake/techman_robot_msgsConfig-version.cmake
[0.601s] -- Up-to-date: /home/isci/ros2_ws/install/techman_robot_msgs/share/techman_robot_msgs/package.xml
[0.616s] Invoked command in '/home/isci/ros2_ws/build/techman_robot_msgs' returned '0': CMAKE_PREFIX_PATH=${CMAKE_PREFIX_PATH}:/home/isci/ros2_ws/install/tm_mod_urdf:/home/isci/ros2_ws/install/tm_get_status:/opt/ros/foxy /usr/bin/cmake --install /home/isci/ros2_ws/build/techman_robot_msgs
