[0.858s] Invoking command in '/home/isci/ros2_ws/src/tmr_ros2/techman_robot_get_status': PYTHONPATH=/home/isci/ros2_ws/build/tm_get_status/prefix_override:/home/isci/ros2_ws/install/tm_get_status/lib/python3.8/site-packages:${PYTHONPATH} /usr/bin/python3 -W ignore:setup.py install is deprecated setup.py egg_info --egg-base ../../../build/tm_get_status build --build-base /home/isci/ros2_ws/build/tm_get_status/build install --record /home/isci/ros2_ws/build/tm_get_status/install.log --single-version-externally-managed install_data
[1.079s] running egg_info
[1.080s] writing ../../../build/tm_get_status/tm_get_status.egg-info/PKG-INFO
[1.080s] writing dependency_links to ../../../build/tm_get_status/tm_get_status.egg-info/dependency_links.txt
[1.080s] writing entry points to ../../../build/tm_get_status/tm_get_status.egg-info/entry_points.txt
[1.081s] writing requirements to ../../../build/tm_get_status/tm_get_status.egg-info/requires.txt
[1.081s] writing top-level names to ../../../build/tm_get_status/tm_get_status.egg-info/top_level.txt
[1.123s] reading manifest file '../../../build/tm_get_status/tm_get_status.egg-info/SOURCES.txt'
[1.124s] writing manifest file '../../../build/tm_get_status/tm_get_status.egg-info/SOURCES.txt'
[1.124s] running build
[1.125s] running build_py
[1.125s] running install
[1.125s] running install_lib
[1.127s] running install_data
[1.127s] running install_egg_info
[1.128s] removing '/home/isci/ros2_ws/install/tm_get_status/lib/python3.8/site-packages/tm_get_status-1.0.0-py3.8.egg-info' (and everything under it)
[1.129s] Copying ../../../build/tm_get_status/tm_get_status.egg-info to /home/isci/ros2_ws/install/tm_get_status/lib/python3.8/site-packages/tm_get_status-1.0.0-py3.8.egg-info
[1.129s] running install_scripts
[1.145s] Installing image_talker script to /home/isci/ros2_ws/install/tm_get_status/lib/tm_get_status
[1.145s] Installing status_talker script to /home/isci/ros2_ws/install/tm_get_status/lib/tm_get_status
[1.145s] writing list of installed files to '/home/isci/ros2_ws/build/tm_get_status/install.log'
[1.168s] Invoked command in '/home/isci/ros2_ws/src/tmr_ros2/techman_robot_get_status' returned '0': PYTHONPATH=/home/isci/ros2_ws/build/tm_get_status/prefix_override:/home/isci/ros2_ws/install/tm_get_status/lib/python3.8/site-packages:${PYTHONPATH} /usr/bin/python3 -W ignore:setup.py install is deprecated setup.py egg_info --egg-base ../../../build/tm_get_status build --build-base /home/isci/ros2_ws/build/tm_get_status/build install --record /home/isci/ros2_ws/build/tm_get_status/install.log --single-version-externally-managed install_data
