[0.048s] Invoking command in '/home/isci/ros2_ws/build/tm_description': CMAKE_PREFIX_PATH=${CMAKE_PREFIX_PATH}:/home/isci/ros2_ws/install/tm_mod_urdf:/home/isci/ros2_ws/install/tm_get_status:/opt/ros/foxy /usr/bin/cmake --build /home/isci/ros2_ws/build/tm_description -- -j12 -l12
[0.483s] Invoked command in '/home/isci/ros2_ws/build/tm_description' returned '0': CMAKE_PREFIX_PATH=${CMAKE_PREFIX_PATH}:/home/isci/ros2_ws/install/tm_mod_urdf:/home/isci/ros2_ws/install/tm_get_status:/opt/ros/foxy /usr/bin/cmake --build /home/isci/ros2_ws/build/tm_description -- -j12 -l12
[0.502s] Invoking command in '/home/isci/ros2_ws/build/tm_description': CMAKE_PREFIX_PATH=${CMAKE_PREFIX_PATH}:/home/isci/ros2_ws/install/tm_mod_urdf:/home/isci/ros2_ws/install/tm_get_status:/opt/ros/foxy /usr/bin/cmake --install /home/isci/ros2_ws/build/tm_description
[0.512s] -- Install configuration: ""
[0.512s] -- Up-to-date: /home/isci/ros2_ws/install/tm_description/share/ament_index/resource_index/package_run_dependencies/tm_description
[0.513s] -- Up-to-date: /home/isci/ros2_ws/install/tm_description/share/ament_index/resource_index/parent_prefix_path/tm_description
[0.514s] -- Up-to-date: /home/isci/ros2_ws/install/tm_description/share/tm_description/environment/ament_prefix_path.sh
[0.515s] -- Up-to-date: /home/isci/ros2_ws/install/tm_description/share/tm_description/environment/ament_prefix_path.dsv
[0.515s] -- Up-to-date: /home/isci/ros2_ws/install/tm_description/share/tm_description/environment/path.sh
[0.515s] -- Up-to-date: /home/isci/ros2_ws/install/tm_description/share/tm_description/environment/path.dsv
[0.518s] -- Up-to-date: /home/isci/ros2_ws/install/tm_description/share/tm_description/local_setup.bash
[0.518s] -- Up-to-date: /home/isci/ros2_ws/install/tm_description/share/tm_description/local_setup.sh
[0.518s] -- Up-to-date: /home/isci/ros2_ws/install/tm_description/share/tm_description/local_setup.zsh
[0.520s] -- Up-to-date: /home/isci/ros2_ws/install/tm_description/share/tm_description/local_setup.dsv
[0.520s] -- Installing: /home/isci/ros2_ws/install/tm_description/share/tm_description/package.dsv
[0.521s] -- Up-to-date: /home/isci/ros2_ws/install/tm_description/share/ament_index/resource_index/packages/tm_description
[0.521s] -- Up-to-date: /home/isci/ros2_ws/install/tm_description/share/tm_description/cmake/tm_descriptionConfig.cmake
[0.521s] -- Up-to-date: /home/isci/ros2_ws/install/tm_description/share/tm_description/cmake/tm_descriptionConfig-version.cmake
[0.521s] -- Up-to-date: /home/isci/ros2_ws/install/tm_description/share/tm_description/package.xml
[0.521s] -- Up-to-date: /home/isci/ros2_ws/install/tm_description/share/tm_description/meshes
[0.521s] -- Up-to-date: /home/isci/ros2_ws/install/tm_description/share/tm_description/meshes/tm5-700
[0.521s] -- Up-to-date: /home/isci/ros2_ws/install/tm_description/share/tm_description/meshes/tm5-700/collision
[0.521s] -- Up-to-date: /home/isci/ros2_ws/install/tm_description/share/tm_description/meshes/tm5-700/collision/tm5-700_arm2_c.stl
[0.521s] -- Up-to-date: /home/isci/ros2_ws/install/tm_description/share/tm_description/meshes/tm5-700/collision/tm5-700_arm1_c.stl
[0.521s] -- Up-to-date: /home/isci/ros2_ws/install/tm_description/share/tm_description/meshes/tm5-700/visual
[0.522s] -- Up-to-date: /home/isci/ros2_ws/install/tm_description/share/tm_description/meshes/tm5-700/visual/tm5-700_arm2.stl
[0.522s] -- Up-to-date: /home/isci/ros2_ws/install/tm_description/share/tm_description/meshes/tm5-700/visual/tm5-700_arm2.mtl
[0.522s] -- Up-to-date: /home/isci/ros2_ws/install/tm_description/share/tm_description/meshes/tm5-700/visual/tm5-700_arm1.stl
[0.522s] -- Up-to-date: /home/isci/ros2_ws/install/tm_description/share/tm_description/meshes/tm5-700/visual/tm5-700_arm1.mtl
[0.522s] -- Up-to-date: /home/isci/ros2_ws/install/tm_description/share/tm_description/meshes/tm5-700/visual/tm5-700_arm2.obj
[0.522s] -- Up-to-date: /home/isci/ros2_ws/install/tm_description/share/tm_description/meshes/tm5-700/visual/tm5-700_arm1.obj
[0.522s] -- Up-to-date: /home/isci/ros2_ws/install/tm_description/share/tm_description/meshes/tm5-900
[0.522s] -- Up-to-date: /home/isci/ros2_ws/install/tm_description/share/tm_description/meshes/tm5-900/collision
[0.523s] -- Up-to-date: /home/isci/ros2_ws/install/tm_description/share/tm_description/meshes/tm5-900/collision/tmr_100w_02_c.stl
[0.523s] -- Up-to-date: /home/isci/ros2_ws/install/tm_description/share/tm_description/meshes/tm5-900/collision/tmr_ee_c.stl
[0.523s] -- Up-to-date: /home/isci/ros2_ws/install/tm_description/share/tm_description/meshes/tm5-900/collision/tm5-900_arm1_c.stl
[0.523s] -- Up-to-date: /home/isci/ros2_ws/install/tm_description/share/tm_description/meshes/tm5-900/collision/tm5-900_arm2_c.stl
[0.523s] -- Up-to-date: /home/isci/ros2_ws/install/tm_description/share/tm_description/meshes/tm5-900/collision/tm5-base_c.stl
[0.523s] -- Up-to-date: /home/isci/ros2_ws/install/tm_description/share/tm_description/meshes/tm5-900/collision/tmr_iox_c.stl
[0.524s] -- Up-to-date: /home/isci/ros2_ws/install/tm_description/share/tm_description/meshes/tm5-900/collision/tmr_400w_01_c.stl
[0.524s] -- Up-to-date: /home/isci/ros2_ws/install/tm_description/share/tm_description/meshes/tm5-900/collision/tmr_100w_01_c.stl
[0.524s] -- Up-to-date: /home/isci/ros2_ws/install/tm_description/share/tm_description/meshes/tm5-900/visual
[0.524s] -- Up-to-date: /home/isci/ros2_ws/install/tm_description/share/tm_description/meshes/tm5-900/visual/tmr_100w_01.obj
[0.524s] -- Up-to-date: /home/isci/ros2_ws/install/tm_description/share/tm_description/meshes/tm5-900/visual/tm5-base.mtl
[0.525s] -- Up-to-date: /home/isci/ros2_ws/install/tm_description/share/tm_description/meshes/tm5-900/visual/tmr_iox.stl
[0.525s] -- Up-to-date: /home/isci/ros2_ws/install/tm_description/share/tm_description/meshes/tm5-900/visual/tmr_100w_02.obj
[0.525s] -- Up-to-date: /home/isci/ros2_ws/install/tm_description/share/tm_description/meshes/tm5-900/visual/tmr_ee.mtl
[0.525s] -- Up-to-date: /home/isci/ros2_ws/install/tm_description/share/tm_description/meshes/tm5-900/visual/tm5-base.obj
[0.525s] -- Up-to-date: /home/isci/ros2_ws/install/tm_description/share/tm_description/meshes/tm5-900/visual/tm5-900_arm1.obj
[0.525s] -- Up-to-date: /home/isci/ros2_ws/install/tm_description/share/tm_description/meshes/tm5-900/visual/tmr_100w_02.mtl
[0.526s] -- Up-to-date: /home/isci/ros2_ws/install/tm_description/share/tm_description/meshes/tm5-900/visual/tmr_100w_01.stl
[0.526s] -- Up-to-date: /home/isci/ros2_ws/install/tm_description/share/tm_description/meshes/tm5-900/visual/tmr_iox.mtl
[0.526s] -- Up-to-date: /home/isci/ros2_ws/install/tm_description/share/tm_description/meshes/tm5-900/visual/tmr_400w_01.obj
[0.527s] -- Up-to-date: /home/isci/ros2_ws/install/tm_description/share/tm_description/meshes/tm5-900/visual/tm5-900_arm1.mtl
[0.527s] -- Up-to-date: /home/isci/ros2_ws/install/tm_description/share/tm_description/meshes/tm5-900/visual/tm5-900_arm2.obj
[0.527s] -- Up-to-date: /home/isci/ros2_ws/install/tm_description/share/tm_description/meshes/tm5-900/visual/tmr_400w_01.mtl
[0.527s] -- Up-to-date: /home/isci/ros2_ws/install/tm_description/share/tm_description/meshes/tm5-900/visual/tm5-base.stl
[0.528s] -- Up-to-date: /home/isci/ros2_ws/install/tm_description/share/tm_description/meshes/tm5-900/visual/tm5-900_arm2.stl
[0.528s] -- Up-to-date: /home/isci/ros2_ws/install/tm_description/share/tm_description/meshes/tm5-900/visual/tm5-900_arm1.stl
[0.529s] -- Up-to-date: /home/isci/ros2_ws/install/tm_description/share/tm_description/meshes/tm5-900/visual/tmr_ee.obj
[0.529s] -- Up-to-date: /home/isci/ros2_ws/install/tm_description/share/tm_description/meshes/tm5-900/visual/tmr_iox.obj
[0.529s] -- Up-to-date: /home/isci/ros2_ws/install/tm_description/share/tm_description/meshes/tm5-900/visual/tmr_400w_01.stl
[0.529s] -- Up-to-date: /home/isci/ros2_ws/install/tm_description/share/tm_description/meshes/tm5-900/visual/tmr_100w_01.mtl
[0.529s] -- Up-to-date: /home/isci/ros2_ws/install/tm_description/share/tm_description/meshes/tm5-900/visual/tmr_ee.stl
[0.531s] -- Up-to-date: /home/isci/ros2_ws/install/tm_description/share/tm_description/meshes/tm5-900/visual/tmr_100w_02.stl
[0.531s] -- Up-to-date: /home/isci/ros2_ws/install/tm_description/share/tm_description/meshes/tm5-900/visual/tm5-900_arm2.mtl
[0.531s] -- Up-to-date: /home/isci/ros2_ws/install/tm_description/share/tm_description/meshes/tm12
[0.531s] -- Up-to-date: /home/isci/ros2_ws/install/tm_description/share/tm_description/meshes/tm12/collision
[0.531s] -- Up-to-date: /home/isci/ros2_ws/install/tm_description/share/tm_description/meshes/tm12/collision/tmr_750w_01_c.stl
[0.532s] -- Up-to-date: /home/isci/ros2_ws/install/tm_description/share/tm_description/meshes/tm12/collision/tm12-arm1_c.stl
[0.532s] -- Up-to-date: /home/isci/ros2_ws/install/tm_description/share/tm_description/meshes/tm12/collision/tm12-arm2_c.stl
[0.532s] -- Up-to-date: /home/isci/ros2_ws/install/tm_description/share/tm_description/meshes/tm12/collision/tm12-base_c.stl
[0.532s] -- Up-to-date: /home/isci/ros2_ws/install/tm_description/share/tm_description/meshes/tm12/visual
[0.532s] -- Up-to-date: /home/isci/ros2_ws/install/tm_description/share/tm_description/meshes/tm12/visual/tm12-base.obj
[0.533s] -- Up-to-date: /home/isci/ros2_ws/install/tm_description/share/tm_description/meshes/tm12/visual/tm12-arm2.mtl
[0.533s] -- Up-to-date: /home/isci/ros2_ws/install/tm_description/share/tm_description/meshes/tm12/visual/tm12-arm2.stl
[0.533s] -- Up-to-date: /home/isci/ros2_ws/install/tm_description/share/tm_description/meshes/tm12/visual/tmr_750w_01.stl
[0.533s] -- Up-to-date: /home/isci/ros2_ws/install/tm_description/share/tm_description/meshes/tm12/visual/tm12-arm2.obj
[0.533s] -- Up-to-date: /home/isci/ros2_ws/install/tm_description/share/tm_description/meshes/tm12/visual/tm12-base.mtl
[0.533s] -- Up-to-date: /home/isci/ros2_ws/install/tm_description/share/tm_description/meshes/tm12/visual/tm12-arm1.mtl
[0.533s] -- Up-to-date: /home/isci/ros2_ws/install/tm_description/share/tm_description/meshes/tm12/visual/tm12-arm1.stl
[0.534s] -- Up-to-date: /home/isci/ros2_ws/install/tm_description/share/tm_description/meshes/tm12/visual/tm12-base.stl
[0.534s] -- Up-to-date: /home/isci/ros2_ws/install/tm_description/share/tm_description/meshes/tm12/visual/tmr_750w_01.mtl
[0.534s] -- Up-to-date: /home/isci/ros2_ws/install/tm_description/share/tm_description/meshes/tm12/visual/tmr_750w_01.obj
[0.534s] -- Up-to-date: /home/isci/ros2_ws/install/tm_description/share/tm_description/meshes/tm12/visual/tm12-arm1.obj
[0.534s] -- Up-to-date: /home/isci/ros2_ws/install/tm_description/share/tm_description/meshes/tm14
[0.534s] -- Up-to-date: /home/isci/ros2_ws/install/tm_description/share/tm_description/meshes/tm14/collision
[0.534s] -- Up-to-date: /home/isci/ros2_ws/install/tm_description/share/tm_description/meshes/tm14/collision/tm14_arm2_c.stl
[0.535s] -- Up-to-date: /home/isci/ros2_ws/install/tm_description/share/tm_description/meshes/tm14/collision/tm14_arm1_c.stl
[0.535s] -- Up-to-date: /home/isci/ros2_ws/install/tm_description/share/tm_description/meshes/tm14/visual
[0.535s] -- Up-to-date: /home/isci/ros2_ws/install/tm_description/share/tm_description/meshes/tm14/visual/tm14_arm1.stl
[0.535s] -- Up-to-date: /home/isci/ros2_ws/install/tm_description/share/tm_description/meshes/tm14/visual/tm14_arm2.obj
[0.535s] -- Up-to-date: /home/isci/ros2_ws/install/tm_description/share/tm_description/meshes/tm14/visual/tm14_arm2.mtl
[0.535s] -- Up-to-date: /home/isci/ros2_ws/install/tm_description/share/tm_description/meshes/tm14/visual/tm14_arm2.stl
[0.536s] -- Up-to-date: /home/isci/ros2_ws/install/tm_description/share/tm_description/meshes/tm14/visual/tm14_arm1.mtl
[0.536s] -- Up-to-date: /home/isci/ros2_ws/install/tm_description/share/tm_description/meshes/tm14/visual/tm14_arm1.obj
[0.536s] -- Up-to-date: /home/isci/ros2_ws/install/tm_description/share/tm_description/urdf
[0.536s] -- Up-to-date: /home/isci/ros2_ws/install/tm_description/share/tm_description/urdf/tm5-900-nominal.urdf
[0.537s] -- Up-to-date: /home/isci/ros2_ws/install/tm_description/share/tm_description/urdf/tm12x-nominal.urdf
[0.537s] -- Up-to-date: /home/isci/ros2_ws/install/tm_description/share/tm_description/urdf/tm5x-700-nominal.urdf
[0.537s] -- Up-to-date: /home/isci/ros2_ws/install/tm_description/share/tm_description/urdf/tm12-nominal.urdf
[0.537s] -- Up-to-date: /home/isci/ros2_ws/install/tm_description/share/tm_description/urdf/tm5-900.urdf
[0.538s] -- Up-to-date: /home/isci/ros2_ws/install/tm_description/share/tm_description/urdf/tm5x-900-nominal.urdf
[0.538s] -- Up-to-date: /home/isci/ros2_ws/install/tm_description/share/tm_description/urdf/tm14-nominal.urdf
[0.538s] -- Up-to-date: /home/isci/ros2_ws/install/tm_description/share/tm_description/urdf/tm14x-nominal.urdf
[0.538s] -- Up-to-date: /home/isci/ros2_ws/install/tm_description/share/tm_description/urdf/tm5-700-nominal.urdf
[0.538s] -- Up-to-date: /home/isci/ros2_ws/install/tm_description/share/tm_description/xacro
[0.539s] -- Up-to-date: /home/isci/ros2_ws/install/tm_description/share/tm_description/xacro/macro.internal_config.xacro
[0.539s] -- Up-to-date: /home/isci/ros2_ws/install/tm_description/share/tm_description/xacro/macro.tm5-900-nominal-ros2.urdf.xacro
[0.540s] -- Up-to-date: /home/isci/ros2_ws/install/tm_description/share/tm_description/xacro/macro.materials.xacro
[0.541s] -- Up-to-date: /home/isci/ros2_ws/install/tm_description/share/tm_description/xacro/tm5-900-ros2.urdf.xacro
[0.542s] -- Up-to-date: /home/isci/ros2_ws/install/tm_description/share/tm_description/xacro/macro.gazebo.xacro
[0.542s] -- Up-to-date: /home/isci/ros2_ws/install/tm_description/share/tm_description/xacro/macro.inertial.xacro
[0.542s] -- Up-to-date: /home/isci/ros2_ws/install/tm_description/share/tm_description/xacro/tm5-900.urdf.xacro
[0.543s] -- Up-to-date: /home/isci/ros2_ws/install/tm_description/share/tm_description/xacro/macro.transmission.xacro
[0.543s] -- Up-to-date: /home/isci/ros2_ws/install/tm_description/share/tm_description/xacro/macro.gazebo_config_control.xacro
[0.543s] -- Up-to-date: /home/isci/ros2_ws/install/tm_description/share/tm_description/xacro/macro.tm5-900-nominal.urdf.xacro
[0.560s] Invoked command in '/home/isci/ros2_ws/build/tm_description' returned '0': CMAKE_PREFIX_PATH=${CMAKE_PREFIX_PATH}:/home/isci/ros2_ws/install/tm_mod_urdf:/home/isci/ros2_ws/install/tm_get_status:/opt/ros/foxy /usr/bin/cmake --install /home/isci/ros2_ws/build/tm_description
