[0.148s] Invoking command in '/home/isci/ros2_ws/build/ui_for_debug_and_demo': CMAKE_PREFIX_PATH=/home/isci/ros2_ws/install/tm_msgs:/home/isci/ros2_ws/install/ui_for_debug_and_demo:/home/isci/ros2_ws/install/tm_driver:/home/isci/ros2_ws/install/robot_control:/home/isci/ros2_ws/install/demo:/home/isci/ros2_ws/install/tm_moveit_cpp_demo:/home/isci/ros2_ws/install/tm_moveit_config_tm5-900:/home/isci/ros2_ws/install/tm_kinematics:/home/isci/ros2_ws/install/tm_description:/home/isci/ros2_ws/install/custom_package:/home/isci/ros2_ws/install/techman_robot_msgs:/home/isci/ros2_ws/install/tm_mod_urdf:/home/isci/ros2_ws/install/tm_get_status:/opt/ros/foxy /usr/bin/cmake --build /home/isci/ros2_ws/build/ui_for_debug_and_demo -- -j12 -l12
[0.783s] [ 14%] [34m[1mAutomatic MOC and UIC for target robot_ui[0m
[1.017s] [ 14%] Built target robot_ui_autogen
[1.326s] [100%] Built target robot_ui
[1.389s] Invoked command in '/home/isci/ros2_ws/build/ui_for_debug_and_demo' returned '0': CMAKE_PREFIX_PATH=/home/isci/ros2_ws/install/tm_msgs:/home/isci/ros2_ws/install/ui_for_debug_and_demo:/home/isci/ros2_ws/install/tm_driver:/home/isci/ros2_ws/install/robot_control:/home/isci/ros2_ws/install/demo:/home/isci/ros2_ws/install/tm_moveit_cpp_demo:/home/isci/ros2_ws/install/tm_moveit_config_tm5-900:/home/isci/ros2_ws/install/tm_kinematics:/home/isci/ros2_ws/install/tm_description:/home/isci/ros2_ws/install/custom_package:/home/isci/ros2_ws/install/techman_robot_msgs:/home/isci/ros2_ws/install/tm_mod_urdf:/home/isci/ros2_ws/install/tm_get_status:/opt/ros/foxy /usr/bin/cmake --build /home/isci/ros2_ws/build/ui_for_debug_and_demo -- -j12 -l12
[1.618s] Invoking command in '/home/isci/ros2_ws/build/ui_for_debug_and_demo': CMAKE_PREFIX_PATH=/home/isci/ros2_ws/install/tm_msgs:/home/isci/ros2_ws/install/ui_for_debug_and_demo:/home/isci/ros2_ws/install/tm_driver:/home/isci/ros2_ws/install/robot_control:/home/isci/ros2_ws/install/demo:/home/isci/ros2_ws/install/tm_moveit_cpp_demo:/home/isci/ros2_ws/install/tm_moveit_config_tm5-900:/home/isci/ros2_ws/install/tm_kinematics:/home/isci/ros2_ws/install/tm_description:/home/isci/ros2_ws/install/custom_package:/home/isci/ros2_ws/install/techman_robot_msgs:/home/isci/ros2_ws/install/tm_mod_urdf:/home/isci/ros2_ws/install/tm_get_status:/opt/ros/foxy /usr/bin/cmake --install /home/isci/ros2_ws/build/ui_for_debug_and_demo
[1.682s] -- Install configuration: ""
[1.682s] -- Up-to-date: /home/isci/ros2_ws/install/ui_for_debug_and_demo/lib/ui_for_debug_and_demo/robot_ui
[1.684s] -- Up-to-date: /home/isci/ros2_ws/install/ui_for_debug_and_demo/share/ui_for_debug_and_demo/launch
[1.686s] -- Up-to-date: /home/isci/ros2_ws/install/ui_for_debug_and_demo/share/ui_for_debug_and_demo/launch/tm_gui.launch.py
[1.687s] -- Up-to-date: /home/isci/ros2_ws/install/ui_for_debug_and_demo/share/ament_index/resource_index/package_run_dependencies/ui_for_debug_and_demo
[1.687s] -- Up-to-date: /home/isci/ros2_ws/install/ui_for_debug_and_demo/share/ament_index/resource_index/parent_prefix_path/ui_for_debug_and_demo
[1.689s] -- Up-to-date: /home/isci/ros2_ws/install/ui_for_debug_and_demo/share/ui_for_debug_and_demo/environment/ament_prefix_path.sh
[1.689s] -- Up-to-date: /home/isci/ros2_ws/install/ui_for_debug_and_demo/share/ui_for_debug_and_demo/environment/ament_prefix_path.dsv
[1.690s] -- Up-to-date: /home/isci/ros2_ws/install/ui_for_debug_and_demo/share/ui_for_debug_and_demo/environment/path.sh
[1.690s] -- Up-to-date: /home/isci/ros2_ws/install/ui_for_debug_and_demo/share/ui_for_debug_and_demo/environment/path.dsv
[1.691s] -- Up-to-date: /home/isci/ros2_ws/install/ui_for_debug_and_demo/share/ui_for_debug_and_demo/local_setup.bash
[1.691s] -- Up-to-date: /home/isci/ros2_ws/install/ui_for_debug_and_demo/share/ui_for_debug_and_demo/local_setup.sh
[1.693s] -- Up-to-date: /home/isci/ros2_ws/install/ui_for_debug_and_demo/share/ui_for_debug_and_demo/local_setup.zsh
[1.693s] -- Up-to-date: /home/isci/ros2_ws/install/ui_for_debug_and_demo/share/ui_for_debug_and_demo/local_setup.dsv
[1.694s] -- Installing: /home/isci/ros2_ws/install/ui_for_debug_and_demo/share/ui_for_debug_and_demo/package.dsv
[1.696s] -- Up-to-date: /home/isci/ros2_ws/install/ui_for_debug_and_demo/share/ament_index/resource_index/packages/ui_for_debug_and_demo
[1.696s] -- Up-to-date: /home/isci/ros2_ws/install/ui_for_debug_and_demo/share/ui_for_debug_and_demo/cmake/ui_for_debug_and_demoConfig.cmake
[1.697s] -- Up-to-date: /home/isci/ros2_ws/install/ui_for_debug_and_demo/share/ui_for_debug_and_demo/cmake/ui_for_debug_and_demoConfig-version.cmake
[1.698s] -- Up-to-date: /home/isci/ros2_ws/install/ui_for_debug_and_demo/share/ui_for_debug_and_demo/package.xml
[1.841s] Invoked command in '/home/isci/ros2_ws/build/ui_for_debug_and_demo' returned '0': CMAKE_PREFIX_PATH=/home/isci/ros2_ws/install/tm_msgs:/home/isci/ros2_ws/install/ui_for_debug_and_demo:/home/isci/ros2_ws/install/tm_driver:/home/isci/ros2_ws/install/robot_control:/home/isci/ros2_ws/install/demo:/home/isci/ros2_ws/install/tm_moveit_cpp_demo:/home/isci/ros2_ws/install/tm_moveit_config_tm5-900:/home/isci/ros2_ws/install/tm_kinematics:/home/isci/ros2_ws/install/tm_description:/home/isci/ros2_ws/install/custom_package:/home/isci/ros2_ws/install/techman_robot_msgs:/home/isci/ros2_ws/install/tm_mod_urdf:/home/isci/ros2_ws/install/tm_get_status:/opt/ros/foxy /usr/bin/cmake --install /home/isci/ros2_ws/build/ui_for_debug_and_demo
