[0.038s] Invoking command in '/home/isci/ros2_ws/build/tm_moveit_config_tm5-900': CMAKE_PREFIX_PATH=/home/isci/ros2_ws/install/tm_description:/home/isci/ros2_ws/install/ui_for_debug_and_demo:/home/isci/ros2_ws/install/tm_driver:/home/isci/ros2_ws/install/robot_control:/home/isci/ros2_ws/install/demo:/home/isci/ros2_ws/install/tm_msgs:/home/isci/ros2_ws/install/tm_moveit_cpp_demo:/home/isci/ros2_ws/install/tm_moveit_config_tm5-900:/home/isci/ros2_ws/install/tm_kinematics:/home/isci/ros2_ws/install/custom_package:/home/isci/ros2_ws/install/techman_robot_msgs:/home/isci/ros2_ws/install/tm_mod_urdf:/home/isci/ros2_ws/install/tm_get_status:/opt/ros/foxy /usr/bin/cmake --build /home/isci/ros2_ws/build/tm_moveit_config_tm5-900 -- -j12 -l12
[0.076s] Invoked command in '/home/isci/ros2_ws/build/tm_moveit_config_tm5-900' returned '0': CMAKE_PREFIX_PATH=/home/isci/ros2_ws/install/tm_description:/home/isci/ros2_ws/install/ui_for_debug_and_demo:/home/isci/ros2_ws/install/tm_driver:/home/isci/ros2_ws/install/robot_control:/home/isci/ros2_ws/install/demo:/home/isci/ros2_ws/install/tm_msgs:/home/isci/ros2_ws/install/tm_moveit_cpp_demo:/home/isci/ros2_ws/install/tm_moveit_config_tm5-900:/home/isci/ros2_ws/install/tm_kinematics:/home/isci/ros2_ws/install/custom_package:/home/isci/ros2_ws/install/techman_robot_msgs:/home/isci/ros2_ws/install/tm_mod_urdf:/home/isci/ros2_ws/install/tm_get_status:/opt/ros/foxy /usr/bin/cmake --build /home/isci/ros2_ws/build/tm_moveit_config_tm5-900 -- -j12 -l12
[0.117s] Invoking command in '/home/isci/ros2_ws/build/tm_moveit_config_tm5-900': CMAKE_PREFIX_PATH=/home/isci/ros2_ws/install/tm_description:/home/isci/ros2_ws/install/ui_for_debug_and_demo:/home/isci/ros2_ws/install/tm_driver:/home/isci/ros2_ws/install/robot_control:/home/isci/ros2_ws/install/demo:/home/isci/ros2_ws/install/tm_msgs:/home/isci/ros2_ws/install/tm_moveit_cpp_demo:/home/isci/ros2_ws/install/tm_moveit_config_tm5-900:/home/isci/ros2_ws/install/tm_kinematics:/home/isci/ros2_ws/install/custom_package:/home/isci/ros2_ws/install/techman_robot_msgs:/home/isci/ros2_ws/install/tm_mod_urdf:/home/isci/ros2_ws/install/tm_get_status:/opt/ros/foxy /usr/bin/cmake --install /home/isci/ros2_ws/build/tm_moveit_config_tm5-900
[0.133s] -- Install configuration: ""
[0.134s] -- Up-to-date: /home/isci/ros2_ws/install/tm_moveit_config_tm5-900/share/ament_index/resource_index/package_run_dependencies/tm_moveit_config_tm5-900
[0.134s] -- Up-to-date: /home/isci/ros2_ws/install/tm_moveit_config_tm5-900/share/ament_index/resource_index/parent_prefix_path/tm_moveit_config_tm5-900
[0.134s] -- Up-to-date: /home/isci/ros2_ws/install/tm_moveit_config_tm5-900/share/tm_moveit_config_tm5-900/environment/ament_prefix_path.sh
[0.134s] -- Up-to-date: /home/isci/ros2_ws/install/tm_moveit_config_tm5-900/share/tm_moveit_config_tm5-900/environment/ament_prefix_path.dsv
[0.134s] -- Up-to-date: /home/isci/ros2_ws/install/tm_moveit_config_tm5-900/share/tm_moveit_config_tm5-900/environment/path.sh
[0.134s] -- Up-to-date: /home/isci/ros2_ws/install/tm_moveit_config_tm5-900/share/tm_moveit_config_tm5-900/environment/path.dsv
[0.134s] -- Up-to-date: /home/isci/ros2_ws/install/tm_moveit_config_tm5-900/share/tm_moveit_config_tm5-900/local_setup.bash
[0.134s] -- Up-to-date: /home/isci/ros2_ws/install/tm_moveit_config_tm5-900/share/tm_moveit_config_tm5-900/local_setup.sh
[0.134s] -- Up-to-date: /home/isci/ros2_ws/install/tm_moveit_config_tm5-900/share/tm_moveit_config_tm5-900/local_setup.zsh
[0.134s] -- Up-to-date: /home/isci/ros2_ws/install/tm_moveit_config_tm5-900/share/tm_moveit_config_tm5-900/local_setup.dsv
[0.134s] -- Installing: /home/isci/ros2_ws/install/tm_moveit_config_tm5-900/share/tm_moveit_config_tm5-900/package.dsv
[0.134s] -- Up-to-date: /home/isci/ros2_ws/install/tm_moveit_config_tm5-900/share/ament_index/resource_index/packages/tm_moveit_config_tm5-900
[0.135s] -- Up-to-date: /home/isci/ros2_ws/install/tm_moveit_config_tm5-900/share/tm_moveit_config_tm5-900/cmake/tm_moveit_config_tm5-900Config.cmake
[0.135s] -- Up-to-date: /home/isci/ros2_ws/install/tm_moveit_config_tm5-900/share/tm_moveit_config_tm5-900/cmake/tm_moveit_config_tm5-900Config-version.cmake
[0.135s] -- Up-to-date: /home/isci/ros2_ws/install/tm_moveit_config_tm5-900/share/tm_moveit_config_tm5-900/package.xml
[0.135s] -- Up-to-date: /home/isci/ros2_ws/install/tm_moveit_config_tm5-900/share/tm_moveit_config_tm5-900/src
[0.135s] -- Up-to-date: /home/isci/ros2_ws/install/tm_moveit_config_tm5-900/share/tm_moveit_config_tm5-900/src/joint_points_act_service.py
[0.135s] -- Up-to-date: /home/isci/ros2_ws/install/tm_moveit_config_tm5-900/share/tm_moveit_config_tm5-900/src/joint_points_topic.py
[0.135s] -- Up-to-date: /home/isci/ros2_ws/install/tm_moveit_config_tm5-900/share/tm_moveit_config_tm5-900/src/__init__.py
[0.135s] -- Up-to-date: /home/isci/ros2_ws/install/tm_moveit_config_tm5-900/share/tm_moveit_config_tm5-900/models
[0.135s] -- Up-to-date: /home/isci/ros2_ws/install/tm_moveit_config_tm5-900/share/tm_moveit_config_tm5-900/models/table
[0.135s] -- Up-to-date: /home/isci/ros2_ws/install/tm_moveit_config_tm5-900/share/tm_moveit_config_tm5-900/models/table/model-1_2.sdf
[0.136s] -- Up-to-date: /home/isci/ros2_ws/install/tm_moveit_config_tm5-900/share/tm_moveit_config_tm5-900/models/table/model-1_4.sdf
[0.136s] -- Up-to-date: /home/isci/ros2_ws/install/tm_moveit_config_tm5-900/share/tm_moveit_config_tm5-900/models/table/selfObject.sdf
[0.136s] -- Up-to-date: /home/isci/ros2_ws/install/tm_moveit_config_tm5-900/share/tm_moveit_config_tm5-900/models/table/model.sdf
[0.136s] -- Up-to-date: /home/isci/ros2_ws/install/tm_moveit_config_tm5-900/share/tm_moveit_config_tm5-900/models/table/model-1_3.sdf
[0.136s] -- Up-to-date: /home/isci/ros2_ws/install/tm_moveit_config_tm5-900/share/tm_moveit_config_tm5-900/models/table/model.config
[0.136s] -- Up-to-date: /home/isci/ros2_ws/install/tm_moveit_config_tm5-900/share/tm_moveit_config_tm5-900/worlds
[0.136s] -- Up-to-date: /home/isci/ros2_ws/install/tm_moveit_config_tm5-900/share/tm_moveit_config_tm5-900/worlds/arm_with_table.world
[0.136s] -- Up-to-date: /home/isci/ros2_ws/install/tm_moveit_config_tm5-900/share/tm_moveit_config_tm5-900/launch
[0.136s] -- Up-to-date: /home/isci/ros2_ws/install/tm_moveit_config_tm5-900/share/tm_moveit_config_tm5-900/launch/spawn.launch.py
[0.136s] -- Up-to-date: /home/isci/ros2_ws/install/tm_moveit_config_tm5-900/share/tm_moveit_config_tm5-900/launch/load_world_into_gazebo.launch.py
[0.136s] -- Up-to-date: /home/isci/ros2_ws/install/tm_moveit_config_tm5-900/share/tm_moveit_config_tm5-900/launch/gazebo.launch.py
[0.136s] -- Up-to-date: /home/isci/ros2_ws/install/tm_moveit_config_tm5-900/share/tm_moveit_config_tm5-900/launch/tm_bringup.launch.py
[0.136s] -- Up-to-date: /home/isci/ros2_ws/install/tm_moveit_config_tm5-900/share/tm_moveit_config_tm5-900/config
[0.136s] -- Up-to-date: /home/isci/ros2_ws/install/tm_moveit_config_tm5-900/share/tm_moveit_config_tm5-900/config/kinematics.yaml
[0.136s] -- Up-to-date: /home/isci/ros2_ws/install/tm_moveit_config_tm5-900/share/tm_moveit_config_tm5-900/config/stomp_planning.yaml
[0.136s] -- Up-to-date: /home/isci/ros2_ws/install/tm_moveit_config_tm5-900/share/tm_moveit_config_tm5-900/config/tm5-900.srdf
[0.137s] -- Up-to-date: /home/isci/ros2_ws/install/tm_moveit_config_tm5-900/share/tm_moveit_config_tm5-900/config/ompl_planning.yaml
[0.137s] -- Up-to-date: /home/isci/ros2_ws/install/tm_moveit_config_tm5-900/share/tm_moveit_config_tm5-900/config/joint_limits.yaml
[0.137s] -- Up-to-date: /home/isci/ros2_ws/install/tm_moveit_config_tm5-900/share/tm_moveit_config_tm5-900/config/arm_controller_vel.yaml
[0.137s] -- Up-to-date: /home/isci/ros2_ws/install/tm_moveit_config_tm5-900/share/tm_moveit_config_tm5-900/config/sensors_3d.yaml
[0.137s] -- Up-to-date: /home/isci/ros2_ws/install/tm_moveit_config_tm5-900/share/tm_moveit_config_tm5-900/config/chomp_planning.yaml
[0.137s] -- Up-to-date: /home/isci/ros2_ws/install/tm_moveit_config_tm5-900/share/tm_moveit_config_tm5-900/config/arm_controller_pos.yaml
[0.137s] -- Up-to-date: /home/isci/ros2_ws/install/tm_moveit_config_tm5-900/share/tm_moveit_config_tm5-900/config/fake_controllers.yaml
[0.137s] -- Up-to-date: /home/isci/ros2_ws/install/tm_moveit_config_tm5-900/share/tm_moveit_config_tm5-900/config/ros_controllers.yaml
[0.137s] -- Up-to-date: /home/isci/ros2_ws/install/tm_moveit_config_tm5-900/share/tm_moveit_config_tm5-900/rviz
[0.138s] -- Up-to-date: /home/isci/ros2_ws/install/tm_moveit_config_tm5-900/share/tm_moveit_config_tm5-900/rviz/tm5_gazebo.rviz
[0.148s] Invoked command in '/home/isci/ros2_ws/build/tm_moveit_config_tm5-900' returned '0': CMAKE_PREFIX_PATH=/home/isci/ros2_ws/install/tm_description:/home/isci/ros2_ws/install/ui_for_debug_and_demo:/home/isci/ros2_ws/install/tm_driver:/home/isci/ros2_ws/install/robot_control:/home/isci/ros2_ws/install/demo:/home/isci/ros2_ws/install/tm_msgs:/home/isci/ros2_ws/install/tm_moveit_cpp_demo:/home/isci/ros2_ws/install/tm_moveit_config_tm5-900:/home/isci/ros2_ws/install/tm_kinematics:/home/isci/ros2_ws/install/custom_package:/home/isci/ros2_ws/install/techman_robot_msgs:/home/isci/ros2_ws/install/tm_mod_urdf:/home/isci/ros2_ws/install/tm_get_status:/opt/ros/foxy /usr/bin/cmake --install /home/isci/ros2_ws/build/tm_moveit_config_tm5-900
