[0.248s] Invoking command in '/home/isci/ros2_ws/build/tm_description': CMAKE_PREFIX_PATH=${CMAKE_PREFIX_PATH}:/home/isci/ros2_ws/install/tm_mod_urdf:/home/isci/ros2_ws/install/tm_get_status:/opt/ros/foxy /usr/bin/cmake --build /home/isci/ros2_ws/build/tm_description -- -j12 -l12
[2.928s] Invoked command in '/home/isci/ros2_ws/build/tm_description' returned '0': CMAKE_PREFIX_PATH=${CMAKE_PREFIX_PATH}:/home/isci/ros2_ws/install/tm_mod_urdf:/home/isci/ros2_ws/install/tm_get_status:/opt/ros/foxy /usr/bin/cmake --build /home/isci/ros2_ws/build/tm_description -- -j12 -l12
[3.047s] Invoking command in '/home/isci/ros2_ws/build/tm_description': CMAKE_PREFIX_PATH=${CMAKE_PREFIX_PATH}:/home/isci/ros2_ws/install/tm_mod_urdf:/home/isci/ros2_ws/install/tm_get_status:/opt/ros/foxy /usr/bin/cmake --install /home/isci/ros2_ws/build/tm_description
[3.095s] -- Install configuration: ""
[3.104s] -- Up-to-date: /home/isci/ros2_ws/install/tm_description/share/ament_index/resource_index/package_run_dependencies/tm_description
[3.105s] -- Up-to-date: /home/isci/ros2_ws/install/tm_description/share/ament_index/resource_index/parent_prefix_path/tm_description
[3.106s] -- Up-to-date: /home/isci/ros2_ws/install/tm_description/share/tm_description/environment/ament_prefix_path.sh
[3.107s] -- Up-to-date: /home/isci/ros2_ws/install/tm_description/share/tm_description/environment/ament_prefix_path.dsv
[3.108s] -- Up-to-date: /home/isci/ros2_ws/install/tm_description/share/tm_description/environment/path.sh
[3.109s] -- Up-to-date: /home/isci/ros2_ws/install/tm_description/share/tm_description/environment/path.dsv
[3.110s] -- Up-to-date: /home/isci/ros2_ws/install/tm_description/share/tm_description/local_setup.bash
[3.116s] -- Up-to-date: /home/isci/ros2_ws/install/tm_description/share/tm_description/local_setup.sh
[3.116s] -- Up-to-date: /home/isci/ros2_ws/install/tm_description/share/tm_description/local_setup.zsh
[3.117s] -- Up-to-date: /home/isci/ros2_ws/install/tm_description/share/tm_description/local_setup.dsv
[3.117s] -- Up-to-date: /home/isci/ros2_ws/install/tm_description/share/tm_description/package.dsv
[3.118s] -- Up-to-date: /home/isci/ros2_ws/install/tm_description/share/ament_index/resource_index/packages/tm_description
[3.118s] -- Up-to-date: /home/isci/ros2_ws/install/tm_description/share/tm_description/cmake/tm_descriptionConfig.cmake
[3.119s] -- Up-to-date: /home/isci/ros2_ws/install/tm_description/share/tm_description/cmake/tm_descriptionConfig-version.cmake
[3.119s] -- Up-to-date: /home/isci/ros2_ws/install/tm_description/share/tm_description/package.xml
[3.123s] -- Up-to-date: /home/isci/ros2_ws/install/tm_description/share/tm_description/meshes
[3.124s] -- Up-to-date: /home/isci/ros2_ws/install/tm_description/share/tm_description/meshes/tm5-700
[3.127s] -- Up-to-date: /home/isci/ros2_ws/install/tm_description/share/tm_description/meshes/tm5-700/collision
[3.132s] -- Up-to-date: /home/isci/ros2_ws/install/tm_description/share/tm_description/meshes/tm5-700/collision/tm5-700_arm2_c.stl
[3.133s] -- Up-to-date: /home/isci/ros2_ws/install/tm_description/share/tm_description/meshes/tm5-700/collision/tm5-700_arm1_c.stl
[3.134s] -- Up-to-date: /home/isci/ros2_ws/install/tm_description/share/tm_description/meshes/tm5-700/visual
[3.135s] -- Up-to-date: /home/isci/ros2_ws/install/tm_description/share/tm_description/meshes/tm5-700/visual/tm5-700_arm2.stl
[3.145s] -- Up-to-date: /home/isci/ros2_ws/install/tm_description/share/tm_description/meshes/tm5-700/visual/tm5-700_arm2.mtl
[3.147s] -- Up-to-date: /home/isci/ros2_ws/install/tm_description/share/tm_description/meshes/tm5-700/visual/tm5-700_arm1.stl
[3.148s] -- Up-to-date: /home/isci/ros2_ws/install/tm_description/share/tm_description/meshes/tm5-700/visual/tm5-700_arm1.mtl
[3.150s] -- Up-to-date: /home/isci/ros2_ws/install/tm_description/share/tm_description/meshes/tm5-700/visual/tm5-700_arm2.obj
[3.151s] -- Up-to-date: /home/isci/ros2_ws/install/tm_description/share/tm_description/meshes/tm5-700/visual/tm5-700_arm1.obj
[3.151s] -- Up-to-date: /home/isci/ros2_ws/install/tm_description/share/tm_description/meshes/tm5-900
[3.153s] -- Up-to-date: /home/isci/ros2_ws/install/tm_description/share/tm_description/meshes/tm5-900/collision
[3.154s] -- Up-to-date: /home/isci/ros2_ws/install/tm_description/share/tm_description/meshes/tm5-900/collision/tmr_100w_02_c.stl
[3.155s] -- Up-to-date: /home/isci/ros2_ws/install/tm_description/share/tm_description/meshes/tm5-900/collision/tmr_ee_c.stl
[3.155s] -- Up-to-date: /home/isci/ros2_ws/install/tm_description/share/tm_description/meshes/tm5-900/collision/tm5-900_arm1_c.stl
[3.156s] -- Up-to-date: /home/isci/ros2_ws/install/tm_description/share/tm_description/meshes/tm5-900/collision/tm5-900_arm2_c.stl
[3.156s] -- Up-to-date: /home/isci/ros2_ws/install/tm_description/share/tm_description/meshes/tm5-900/collision/tm5-base_c.stl
[3.157s] -- Up-to-date: /home/isci/ros2_ws/install/tm_description/share/tm_description/meshes/tm5-900/collision/tmr_iox_c.stl
[3.158s] -- Up-to-date: /home/isci/ros2_ws/install/tm_description/share/tm_description/meshes/tm5-900/collision/tmr_400w_01_c.stl
[3.159s] -- Up-to-date: /home/isci/ros2_ws/install/tm_description/share/tm_description/meshes/tm5-900/collision/tmr_100w_01_c.stl
[3.159s] -- Up-to-date: /home/isci/ros2_ws/install/tm_description/share/tm_description/meshes/tm5-900/visual
[3.162s] -- Up-to-date: /home/isci/ros2_ws/install/tm_description/share/tm_description/meshes/tm5-900/visual/tmr_100w_01.obj
[3.163s] -- Up-to-date: /home/isci/ros2_ws/install/tm_description/share/tm_description/meshes/tm5-900/visual/tm5-base.mtl
[3.163s] -- Up-to-date: /home/isci/ros2_ws/install/tm_description/share/tm_description/meshes/tm5-900/visual/tmr_iox.stl
[3.164s] -- Up-to-date: /home/isci/ros2_ws/install/tm_description/share/tm_description/meshes/tm5-900/visual/tmr_100w_02.obj
[3.165s] -- Up-to-date: /home/isci/ros2_ws/install/tm_description/share/tm_description/meshes/tm5-900/visual/tmr_ee.mtl
[3.166s] -- Up-to-date: /home/isci/ros2_ws/install/tm_description/share/tm_description/meshes/tm5-900/visual/tm5-base.obj
[3.167s] -- Up-to-date: /home/isci/ros2_ws/install/tm_description/share/tm_description/meshes/tm5-900/visual/tm5-900_arm1.obj
[3.168s] -- Up-to-date: /home/isci/ros2_ws/install/tm_description/share/tm_description/meshes/tm5-900/visual/tmr_100w_02.mtl
[3.169s] -- Up-to-date: /home/isci/ros2_ws/install/tm_description/share/tm_description/meshes/tm5-900/visual/tmr_100w_01.stl
[3.170s] -- Up-to-date: /home/isci/ros2_ws/install/tm_description/share/tm_description/meshes/tm5-900/visual/tmr_iox.mtl
[3.170s] -- Up-to-date: /home/isci/ros2_ws/install/tm_description/share/tm_description/meshes/tm5-900/visual/tmr_400w_01.obj
[3.171s] -- Up-to-date: /home/isci/ros2_ws/install/tm_description/share/tm_description/meshes/tm5-900/visual/tm5-900_arm1.mtl
[3.173s] -- Up-to-date: /home/isci/ros2_ws/install/tm_description/share/tm_description/meshes/tm5-900/visual/tm5-900_arm2.obj
[3.175s] -- Up-to-date: /home/isci/ros2_ws/install/tm_description/share/tm_description/meshes/tm5-900/visual/tmr_400w_01.mtl
[3.176s] -- Up-to-date: /home/isci/ros2_ws/install/tm_description/share/tm_description/meshes/tm5-900/visual/tm5-base.stl
[3.179s] -- Up-to-date: /home/isci/ros2_ws/install/tm_description/share/tm_description/meshes/tm5-900/visual/tm5-900_arm2.stl
[3.180s] -- Up-to-date: /home/isci/ros2_ws/install/tm_description/share/tm_description/meshes/tm5-900/visual/tm5-900_arm1.stl
[3.181s] -- Up-to-date: /home/isci/ros2_ws/install/tm_description/share/tm_description/meshes/tm5-900/visual/tmr_ee.obj
[3.182s] -- Up-to-date: /home/isci/ros2_ws/install/tm_description/share/tm_description/meshes/tm5-900/visual/tmr_iox.obj
[3.183s] -- Up-to-date: /home/isci/ros2_ws/install/tm_description/share/tm_description/meshes/tm5-900/visual/tmr_400w_01.stl
[3.184s] -- Up-to-date: /home/isci/ros2_ws/install/tm_description/share/tm_description/meshes/tm5-900/visual/tmr_100w_01.mtl
[3.186s] -- Up-to-date: /home/isci/ros2_ws/install/tm_description/share/tm_description/meshes/tm5-900/visual/tmr_ee.stl
[3.187s] -- Up-to-date: /home/isci/ros2_ws/install/tm_description/share/tm_description/meshes/tm5-900/visual/tmr_100w_02.stl
[3.189s] -- Up-to-date: /home/isci/ros2_ws/install/tm_description/share/tm_description/meshes/tm5-900/visual/tm5-900_arm2.mtl
[3.189s] -- Up-to-date: /home/isci/ros2_ws/install/tm_description/share/tm_description/meshes/tm12
[3.194s] -- Up-to-date: /home/isci/ros2_ws/install/tm_description/share/tm_description/meshes/tm12/collision
[3.197s] -- Up-to-date: /home/isci/ros2_ws/install/tm_description/share/tm_description/meshes/tm12/collision/tmr_750w_01_c.stl
[3.198s] -- Up-to-date: /home/isci/ros2_ws/install/tm_description/share/tm_description/meshes/tm12/collision/tm12-arm1_c.stl
[3.198s] -- Up-to-date: /home/isci/ros2_ws/install/tm_description/share/tm_description/meshes/tm12/collision/tm12-arm2_c.stl
[3.199s] -- Up-to-date: /home/isci/ros2_ws/install/tm_description/share/tm_description/meshes/tm12/collision/tm12-base_c.stl
[3.200s] -- Up-to-date: /home/isci/ros2_ws/install/tm_description/share/tm_description/meshes/tm12/visual
[3.203s] -- Up-to-date: /home/isci/ros2_ws/install/tm_description/share/tm_description/meshes/tm12/visual/tm12-base.obj
[3.204s] -- Up-to-date: /home/isci/ros2_ws/install/tm_description/share/tm_description/meshes/tm12/visual/tm12-arm2.mtl
[3.204s] -- Up-to-date: /home/isci/ros2_ws/install/tm_description/share/tm_description/meshes/tm12/visual/tm12-arm2.stl
[3.205s] -- Up-to-date: /home/isci/ros2_ws/install/tm_description/share/tm_description/meshes/tm12/visual/tmr_750w_01.stl
[3.205s] -- Up-to-date: /home/isci/ros2_ws/install/tm_description/share/tm_description/meshes/tm12/visual/tm12-arm2.obj
[3.206s] -- Up-to-date: /home/isci/ros2_ws/install/tm_description/share/tm_description/meshes/tm12/visual/tm12-base.mtl
[3.206s] -- Up-to-date: /home/isci/ros2_ws/install/tm_description/share/tm_description/meshes/tm12/visual/tm12-arm1.mtl
[3.207s] -- Up-to-date: /home/isci/ros2_ws/install/tm_description/share/tm_description/meshes/tm12/visual/tm12-arm1.stl
[3.207s] -- Up-to-date: /home/isci/ros2_ws/install/tm_description/share/tm_description/meshes/tm12/visual/tm12-base.stl
[3.208s] -- Up-to-date: /home/isci/ros2_ws/install/tm_description/share/tm_description/meshes/tm12/visual/tmr_750w_01.mtl
[3.208s] -- Up-to-date: /home/isci/ros2_ws/install/tm_description/share/tm_description/meshes/tm12/visual/tmr_750w_01.obj
[3.209s] -- Up-to-date: /home/isci/ros2_ws/install/tm_description/share/tm_description/meshes/tm12/visual/tm12-arm1.obj
[3.210s] -- Up-to-date: /home/isci/ros2_ws/install/tm_description/share/tm_description/meshes/tm14
[3.210s] -- Up-to-date: /home/isci/ros2_ws/install/tm_description/share/tm_description/meshes/tm14/collision
[3.211s] -- Up-to-date: /home/isci/ros2_ws/install/tm_description/share/tm_description/meshes/tm14/collision/tm14_arm2_c.stl
[3.212s] -- Up-to-date: /home/isci/ros2_ws/install/tm_description/share/tm_description/meshes/tm14/collision/tm14_arm1_c.stl
[3.213s] -- Up-to-date: /home/isci/ros2_ws/install/tm_description/share/tm_description/meshes/tm14/visual
[3.214s] -- Up-to-date: /home/isci/ros2_ws/install/tm_description/share/tm_description/meshes/tm14/visual/tm14_arm1.stl
[3.215s] -- Up-to-date: /home/isci/ros2_ws/install/tm_description/share/tm_description/meshes/tm14/visual/tm14_arm2.obj
[3.215s] -- Up-to-date: /home/isci/ros2_ws/install/tm_description/share/tm_description/meshes/tm14/visual/tm14_arm2.mtl
[3.216s] -- Up-to-date: /home/isci/ros2_ws/install/tm_description/share/tm_description/meshes/tm14/visual/tm14_arm2.stl
[3.217s] -- Up-to-date: /home/isci/ros2_ws/install/tm_description/share/tm_description/meshes/tm14/visual/tm14_arm1.mtl
[3.217s] -- Up-to-date: /home/isci/ros2_ws/install/tm_description/share/tm_description/meshes/tm14/visual/tm14_arm1.obj
[3.218s] -- Up-to-date: /home/isci/ros2_ws/install/tm_description/share/tm_description/urdf
[3.218s] -- Up-to-date: /home/isci/ros2_ws/install/tm_description/share/tm_description/urdf/tm5-900-nominal.urdf
[3.219s] -- Up-to-date: /home/isci/ros2_ws/install/tm_description/share/tm_description/urdf/tm12x-nominal.urdf
[3.219s] -- Up-to-date: /home/isci/ros2_ws/install/tm_description/share/tm_description/urdf/tm5x-700-nominal.urdf
[3.220s] -- Up-to-date: /home/isci/ros2_ws/install/tm_description/share/tm_description/urdf/tm12-nominal.urdf
[3.221s] -- Up-to-date: /home/isci/ros2_ws/install/tm_description/share/tm_description/urdf/tm5-900.urdf
[3.222s] -- Up-to-date: /home/isci/ros2_ws/install/tm_description/share/tm_description/urdf/tm5x-900-nominal.urdf
[3.222s] -- Up-to-date: /home/isci/ros2_ws/install/tm_description/share/tm_description/urdf/tm14-nominal.urdf
[3.223s] -- Up-to-date: /home/isci/ros2_ws/install/tm_description/share/tm_description/urdf/tm14x-nominal.urdf
[3.224s] -- Up-to-date: /home/isci/ros2_ws/install/tm_description/share/tm_description/urdf/tm5-700-nominal.urdf
[3.225s] -- Up-to-date: /home/isci/ros2_ws/install/tm_description/share/tm_description/xacro
[3.225s] -- Up-to-date: /home/isci/ros2_ws/install/tm_description/share/tm_description/xacro/macro.internal_config.xacro
[3.226s] -- Up-to-date: /home/isci/ros2_ws/install/tm_description/share/tm_description/xacro/macro.tm5-900-nominal-ros2.urdf.xacro
[3.226s] -- Up-to-date: /home/isci/ros2_ws/install/tm_description/share/tm_description/xacro/macro.materials.xacro
[3.227s] -- Up-to-date: /home/isci/ros2_ws/install/tm_description/share/tm_description/xacro/tm5-900-ros2.urdf.xacro
[3.227s] -- Up-to-date: /home/isci/ros2_ws/install/tm_description/share/tm_description/xacro/macro.gazebo.xacro
[3.228s] -- Up-to-date: /home/isci/ros2_ws/install/tm_description/share/tm_description/xacro/macro.inertial.xacro
[3.229s] -- Up-to-date: /home/isci/ros2_ws/install/tm_description/share/tm_description/xacro/tm5-900.urdf.xacro
[3.230s] -- Up-to-date: /home/isci/ros2_ws/install/tm_description/share/tm_description/xacro/macro.transmission.xacro
[3.231s] -- Up-to-date: /home/isci/ros2_ws/install/tm_description/share/tm_description/xacro/macro.gazebo_config_control.xacro
[3.231s] -- Up-to-date: /home/isci/ros2_ws/install/tm_description/share/tm_description/xacro/macro.tm5-900-nominal.urdf.xacro
[3.253s] Invoked command in '/home/isci/ros2_ws/build/tm_description' returned '0': CMAKE_PREFIX_PATH=${CMAKE_PREFIX_PATH}:/home/isci/ros2_ws/install/tm_mod_urdf:/home/isci/ros2_ws/install/tm_get_status:/opt/ros/foxy /usr/bin/cmake --install /home/isci/ros2_ws/build/tm_description
